<?xml version="1.0" encoding="UTF-8"?>
<TestRun id="e9af97d4-e6df-4a16-af9d-cfd168bf15d9" name="Adrian@ADRIAN-LAPTOP 2008-09-18 16:14:42" runUser="Adrian-Laptop\Adrian" xmlns="http://microsoft.com/schemas/VisualStudio/TeamTest/2006">
  <TestRunConfiguration name="Local Test Run" id="3e618621-4ae7-42e5-8007-529530b8123e">
    <Description>This is a default test run configuration for a local test run.</Description>
    <Deployment runDeploymentRoot="D:\Dev\GrabbaRide\grabbaride\trunk\TestResults\Adrian_ADRIAN-LAPTOP 2008-09-18 16_14_42">
      <DeploymentItem filename="D:\Dev\GrabbaRide\grabbaride\trunk\GrabbaRide.UserManagement\lib\DotNetOpenId.dll" />
      <DeploymentItem filename="D:\Dev\GrabbaRide\grabbaride\trunk\GrabbaRide.UserManagement\bin\Debug\GrabbaRide.UserManagement.dll" />
      <DeploymentItem filename="D:\Dev\GrabbaRide\grabbaride\trunk\GrabbaRide.Database\bin\Debug\GrabbaRide.Database.dll" />
    </Deployment>
    <TestTypeSpecific />
  </TestRunConfiguration>
  <ResultSummary outcome="Failed">
    <Counters total="74" executed="74" passed="12" error="0" failed="40" timeout="0" aborted="0" inconclusive="22" passedButRunAborted="0" notRunnable="0" notExecuted="0" disconnected="0" warning="0" completed="0" inProgress="0" pending="0" />
  </ResultSummary>
  <Times creation="2008-09-18T16:14:42.1406000+12:00" queuing="2008-09-18T16:14:44.0676000+12:00" start="2008-09-18T16:14:44.5246000+12:00" finish="2008-09-18T16:14:50.3566000+12:00" />
  <TestDefinitions>
    <UnitTest name="GetUserByIDTest" storage="d:\dev\grabbaride\grabbaride\trunk\grabbaride.unittests\bin\debug\grabbaride.unittests.dll" id="b834471f-fb73-4892-4097-7cbe30a65838">
      <Css projectStructure="" iteration="" />
      <Owners>
        <Owner name="" />
      </Owners>
      <Execution id="86db84a6-b432-4538-8c55-0bc2c2a15f3e" />
      <TestMethod codeBase="D:\Dev\GrabbaRide\grabbaride\trunk\GrabbaRide.UnitTests\bin\Debug\GrabbaRide.UnitTests.dll" adapterTypeName="Microsoft.VisualStudio.TestTools.TestTypes.Unit.UnitTestAdapter, Microsoft.VisualStudio.QualityTools.Tips.UnitTest.Adapter, Version=9.0.0.0, Culture=neutral, PublicKeyToken=b03f5f7f11d50a3a" className="GrabbaRide.UnitTests.GrabbaRideDBDataContextTest, GrabbaRide.UnitTests" name="GetUserByIDTest" />
    </UnitTest>
    <UnitTest name="PasswordFormatTest" storage="d:\dev\grabbaride\grabbaride\trunk\grabbaride.unittests\bin\debug\grabbaride.unittests.dll" id="3bf3191c-e563-4ae3-3c95-e61038a6456a">
      <Css projectStructure="" iteration="" />
      <Owners>
        <Owner name="" />
      </Owners>
      <Execution id="13e52295-4528-4509-b4a3-86804c602ca1" />
      <TestMethod codeBase="D:\Dev\GrabbaRide\grabbaride\trunk\GrabbaRide.UnitTests\bin\Debug\GrabbaRide.UnitTests.dll" adapterTypeName="Microsoft.VisualStudio.TestTools.TestTypes.Unit.UnitTestAdapter, Microsoft.VisualStudio.QualityTools.Tips.UnitTest.Adapter, Version=9.0.0.0, Culture=neutral, PublicKeyToken=b03f5f7f11d50a3a" className="GrabbaRide.UnitTests.GrabbaRideMembershipProviderTest, GrabbaRide.UnitTests" name="PasswordFormatTest" />
    </UnitTest>
    <UnitTest name="EnablePasswordResetTest" storage="d:\dev\grabbaride\grabbaride\trunk\grabbaride.unittests\bin\debug\grabbaride.unittests.dll" id="b8530562-0405-7168-8fcd-5511bec549ed">
      <Css projectStructure="" iteration="" />
      <Owners>
        <Owner name="" />
      </Owners>
      <Execution id="9c1d1540-a1d1-4d82-bc0c-2c5835b1f2fa" />
      <TestMethod codeBase="D:\Dev\GrabbaRide\grabbaride\trunk\GrabbaRide.UnitTests\bin\Debug\GrabbaRide.UnitTests.dll" adapterTypeName="Microsoft.VisualStudio.TestTools.TestTypes.Unit.UnitTestAdapter, Microsoft.VisualStudio.QualityTools.Tips.UnitTest.Adapter, Version=9.0.0.0, Culture=neutral, PublicKeyToken=b03f5f7f11d50a3a" className="GrabbaRide.UnitTests.GrabbaRideMembershipProviderTest, GrabbaRide.UnitTests" name="EnablePasswordResetTest" />
    </UnitTest>
    <UnitTest name="DetachOpenIDTest" storage="d:\dev\grabbaride\grabbaride\trunk\grabbaride.unittests\bin\debug\grabbaride.unittests.dll" id="bcb10bfe-a6dc-2e8a-91b4-652684741806">
      <Css projectStructure="" iteration="" />
      <Owners>
        <Owner name="" />
      </Owners>
      <Execution id="e33a8d02-78f7-48a4-8e56-d7fe429212c3" />
      <TestMethod codeBase="D:\Dev\GrabbaRide\grabbaride\trunk\GrabbaRide.UnitTests\bin\Debug\GrabbaRide.UnitTests.dll" adapterTypeName="Microsoft.VisualStudio.TestTools.TestTypes.Unit.UnitTestAdapter, Microsoft.VisualStudio.QualityTools.Tips.UnitTest.Adapter, Version=9.0.0.0, Culture=neutral, PublicKeyToken=b03f5f7f11d50a3a" className="GrabbaRide.UnitTests.GrabbaRideDBDataContextTest, GrabbaRide.UnitTests" name="DetachOpenIDTest" />
    </UnitTest>
    <UnitTest name="GetUserIdTest" storage="d:\dev\grabbaride\grabbaride\trunk\grabbaride.unittests\bin\debug\grabbaride.unittests.dll" id="eb0e03f5-0dae-06eb-aeb9-c0467ffcaa5f">
      <Css projectStructure="" iteration="" />
      <Owners>
        <Owner name="" />
      </Owners>
      <Execution id="a5b3b563-50f6-4063-a519-671496763980" />
      <TestMethod codeBase="D:\Dev\GrabbaRide\grabbaride\trunk\GrabbaRide.UnitTests\bin\Debug\GrabbaRide.UnitTests.dll" adapterTypeName="Microsoft.VisualStudio.TestTools.TestTypes.Unit.UnitTestAdapter, Microsoft.VisualStudio.QualityTools.Tips.UnitTest.Adapter, Version=9.0.0.0, Culture=neutral, PublicKeyToken=b03f5f7f11d50a3a" className="GrabbaRide.UnitTests.GrabbaRideDBDataContextTest, GrabbaRide.UnitTests" name="GetUserIdTest" />
    </UnitTest>
    <UnitTest name="GetAllUsersTest" storage="d:\dev\grabbaride\grabbaride\trunk\grabbaride.unittests\bin\debug\grabbaride.unittests.dll" id="65030bed-1ba2-d923-3acc-a1a5108ed125">
      <Css projectStructure="" iteration="" />
      <Owners>
        <Owner name="" />
      </Owners>
      <Execution id="e7490cf9-faeb-493c-b479-818530933b6f" />
      <TestMethod codeBase="D:\Dev\GrabbaRide\grabbaride\trunk\GrabbaRide.UnitTests\bin\Debug\GrabbaRide.UnitTests.dll" adapterTypeName="Microsoft.VisualStudio.TestTools.TestTypes.Unit.UnitTestAdapter, Microsoft.VisualStudio.QualityTools.Tips.UnitTest.Adapter, Version=9.0.0.0, Culture=neutral, PublicKeyToken=b03f5f7f11d50a3a" className="GrabbaRide.UnitTests.GrabbaRideMembershipProviderTest, GrabbaRide.UnitTests" name="GetAllUsersTest" />
    </UnitTest>
    <UnitTest name="DetachRideTest" storage="d:\dev\grabbaride\grabbaride\trunk\grabbaride.unittests\bin\debug\grabbaride.unittests.dll" id="24d366f8-843e-e643-6069-5fadeb08bd33">
      <Css projectStructure="" iteration="" />
      <Owners>
        <Owner name="" />
      </Owners>
      <Execution id="8321ad1d-387a-4fd0-9069-3709df17fbd7" />
      <TestMethod codeBase="D:\Dev\GrabbaRide\grabbaride\trunk\GrabbaRide.UnitTests\bin\Debug\GrabbaRide.UnitTests.dll" adapterTypeName="Microsoft.VisualStudio.TestTools.TestTypes.Unit.UnitTestAdapter, Microsoft.VisualStudio.QualityTools.Tips.UnitTest.Adapter, Version=9.0.0.0, Culture=neutral, PublicKeyToken=b03f5f7f11d50a3a" className="GrabbaRide.UnitTests.GrabbaRideDBDataContextTest, GrabbaRide.UnitTests" name="DetachRideTest" />
    </UnitTest>
    <UnitTest name="UsersTest" storage="d:\dev\grabbaride\grabbaride\trunk\grabbaride.unittests\bin\debug\grabbaride.unittests.dll" id="54e6c344-a8a0-72e9-3b6b-5776ddb7141a">
      <Css projectStructure="" iteration="" />
      <Owners>
        <Owner name="" />
      </Owners>
      <Execution id="14372575-2089-43b0-a719-b372081e50af" />
      <TestMethod codeBase="D:\Dev\GrabbaRide\grabbaride\trunk\GrabbaRide.UnitTests\bin\Debug\GrabbaRide.UnitTests.dll" adapterTypeName="Microsoft.VisualStudio.TestTools.TestTypes.Unit.UnitTestAdapter, Microsoft.VisualStudio.QualityTools.Tips.UnitTest.Adapter, Version=9.0.0.0, Culture=neutral, PublicKeyToken=b03f5f7f11d50a3a" className="GrabbaRide.UnitTests.GrabbaRideDBDataContextTest, GrabbaRide.UnitTests" name="UsersTest" />
    </UnitTest>
    <UnitTest name="GetUser_SortByUserNameTest" storage="d:\dev\grabbaride\grabbaride\trunk\grabbaride.unittests\bin\debug\grabbaride.unittests.dll" id="502725cc-885c-0248-f5c0-a44fb92b3dd0">
      <Css projectStructure="" iteration="" />
      <Owners>
        <Owner name="" />
      </Owners>
      <Execution id="ef40effa-6528-497c-b2cf-e6fa7f352553" />
      <TestMethod codeBase="D:\Dev\GrabbaRide\grabbaride\trunk\GrabbaRide.UnitTests\bin\Debug\GrabbaRide.UnitTests.dll" adapterTypeName="Microsoft.VisualStudio.TestTools.TestTypes.Unit.UnitTestAdapter, Microsoft.VisualStudio.QualityTools.Tips.UnitTest.Adapter, Version=9.0.0.0, Culture=neutral, PublicKeyToken=b03f5f7f11d50a3a" className="GrabbaRide.UnitTests.GrabbaRideDBDataContextTest, GrabbaRide.UnitTests" name="GetUser_SortByUserNameTest" />
    </UnitTest>
    <UnitTest name="GetUserNameByEmailTest" storage="d:\dev\grabbaride\grabbaride\trunk\grabbaride.unittests\bin\debug\grabbaride.unittests.dll" id="1591563f-d2e9-622d-a731-62c1f3839ade">
      <Css projectStructure="" iteration="" />
      <Owners>
        <Owner name="" />
      </Owners>
      <Execution id="fe1a0951-20a7-4bc1-ad7f-7bae5fb53b17" />
      <TestMethod codeBase="D:\Dev\GrabbaRide\grabbaride\trunk\GrabbaRide.UnitTests\bin\Debug\GrabbaRide.UnitTests.dll" adapterTypeName="Microsoft.VisualStudio.TestTools.TestTypes.Unit.UnitTestAdapter, Microsoft.VisualStudio.QualityTools.Tips.UnitTest.Adapter, Version=9.0.0.0, Culture=neutral, PublicKeyToken=b03f5f7f11d50a3a" className="GrabbaRide.UnitTests.GrabbaRideMembershipProviderTest, GrabbaRide.UnitTests" name="GetUserNameByEmailTest" />
    </UnitTest>
    <UnitTest name="MinRequiredNonAlphanumericCharactersTest" storage="d:\dev\grabbaride\grabbaride\trunk\grabbaride.unittests\bin\debug\grabbaride.unittests.dll" id="86c5885c-7d59-4ed0-80e8-382639614930">
      <Css projectStructure="" iteration="" />
      <Owners>
        <Owner name="" />
      </Owners>
      <Execution id="f2cc954b-ff28-465a-b8d9-434f311e915c" />
      <TestMethod codeBase="D:\Dev\GrabbaRide\grabbaride\trunk\GrabbaRide.UnitTests\bin\Debug\GrabbaRide.UnitTests.dll" adapterTypeName="Microsoft.VisualStudio.TestTools.TestTypes.Unit.UnitTestAdapter, Microsoft.VisualStudio.QualityTools.Tips.UnitTest.Adapter, Version=9.0.0.0, Culture=neutral, PublicKeyToken=b03f5f7f11d50a3a" className="GrabbaRide.UnitTests.GrabbaRideMembershipProviderTest, GrabbaRide.UnitTests" name="MinRequiredNonAlphanumericCharactersTest" />
    </UnitTest>
    <UnitTest name="GetOpenIDsByUserTest" storage="d:\dev\grabbaride\grabbaride\trunk\grabbaride.unittests\bin\debug\grabbaride.unittests.dll" id="5015f960-99dc-5c5b-e393-ff86eb1fbcd2">
      <Css projectStructure="" iteration="" />
      <Owners>
        <Owner name="" />
      </Owners>
      <DeploymentItems>
        <DeploymentItem filename="GrabbaRide.Database.dll" />
      </DeploymentItems>
      <Execution id="4be53a61-d2d1-4c6f-9f00-29288b7a5e83" />
      <TestMethod codeBase="D:\Dev\GrabbaRide\grabbaride\trunk\GrabbaRide.UnitTests\bin\Debug\GrabbaRide.UnitTests.dll" adapterTypeName="Microsoft.VisualStudio.TestTools.TestTypes.Unit.UnitTestAdapter, Microsoft.VisualStudio.QualityTools.Tips.UnitTest.Adapter, Version=9.0.0.0, Culture=neutral, PublicKeyToken=b03f5f7f11d50a3a" className="GrabbaRide.UnitTests.GrabbaRideDBDataContextTest, GrabbaRide.UnitTests" name="GetOpenIDsByUserTest" />
    </UnitTest>
    <UnitTest name="GetUserByUsernameTest" storage="d:\dev\grabbaride\grabbaride\trunk\grabbaride.unittests\bin\debug\grabbaride.unittests.dll" id="2918e603-3c5b-1a9b-30d4-24d9094f0473">
      <Css projectStructure="" iteration="" />
      <Owners>
        <Owner name="" />
      </Owners>
      <Execution id="97fce60e-6e48-4ec9-aa34-c030071ebb84" />
      <TestMethod codeBase="D:\Dev\GrabbaRide\grabbaride\trunk\GrabbaRide.UnitTests\bin\Debug\GrabbaRide.UnitTests.dll" adapterTypeName="Microsoft.VisualStudio.TestTools.TestTypes.Unit.UnitTestAdapter, Microsoft.VisualStudio.QualityTools.Tips.UnitTest.Adapter, Version=9.0.0.0, Culture=neutral, PublicKeyToken=b03f5f7f11d50a3a" className="GrabbaRide.UnitTests.GrabbaRideDBDataContextTest, GrabbaRide.UnitTests" name="GetUserByUsernameTest" />
    </UnitTest>
    <UnitTest name="CreateUserTest" storage="d:\dev\grabbaride\grabbaride\trunk\grabbaride.unittests\bin\debug\grabbaride.unittests.dll" id="253c0ea7-bdf3-73a7-b608-716c64063968">
      <Css projectStructure="" iteration="" />
      <Owners>
        <Owner name="" />
      </Owners>
      <Execution id="fcd1592f-26c9-4454-ade7-4ac4be596ceb" />
      <TestMethod codeBase="D:\Dev\GrabbaRide\grabbaride\trunk\GrabbaRide.UnitTests\bin\Debug\GrabbaRide.UnitTests.dll" adapterTypeName="Microsoft.VisualStudio.TestTools.TestTypes.Unit.UnitTestAdapter, Microsoft.VisualStudio.QualityTools.Tips.UnitTest.Adapter, Version=9.0.0.0, Culture=neutral, PublicKeyToken=b03f5f7f11d50a3a" className="GrabbaRide.UnitTests.GrabbaRideMembershipProviderTest, GrabbaRide.UnitTests" name="CreateUserTest" />
    </UnitTest>
    <UnitTest name="getRidesAfterDateTest" storage="d:\dev\grabbaride\grabbaride\trunk\grabbaride.unittests\bin\debug\grabbaride.unittests.dll" id="352b5c7c-65b0-9c97-7143-b449ffa0cc83">
      <Css projectStructure="" iteration="" />
      <Owners>
        <Owner name="" />
      </Owners>
      <Execution id="5ab402ee-935f-4960-a312-7a2379541abe" />
      <TestMethod codeBase="D:\Dev\GrabbaRide\grabbaride\trunk\GrabbaRide.UnitTests\bin\Debug\GrabbaRide.UnitTests.dll" adapterTypeName="Microsoft.VisualStudio.TestTools.TestTypes.Unit.UnitTestAdapter, Microsoft.VisualStudio.QualityTools.Tips.UnitTest.Adapter, Version=9.0.0.0, Culture=neutral, PublicKeyToken=b03f5f7f11d50a3a" className="GrabbaRide.UnitTests.GrabbaRideDBDataContextTest, GrabbaRide.UnitTests" name="getRidesAfterDateTest" />
    </UnitTest>
    <UnitTest name="DeleteUserTest" storage="d:\dev\grabbaride\grabbaride\trunk\grabbaride.unittests\bin\debug\grabbaride.unittests.dll" id="2474be98-7b56-ae57-91fa-a13c443623e9">
      <Css projectStructure="" iteration="" />
      <Owners>
        <Owner name="" />
      </Owners>
      <Execution id="b981851a-7351-4a10-9d72-084399fd02c6" />
      <TestMethod codeBase="D:\Dev\GrabbaRide\grabbaride\trunk\GrabbaRide.UnitTests\bin\Debug\GrabbaRide.UnitTests.dll" adapterTypeName="Microsoft.VisualStudio.TestTools.TestTypes.Unit.UnitTestAdapter, Microsoft.VisualStudio.QualityTools.Tips.UnitTest.Adapter, Version=9.0.0.0, Culture=neutral, PublicKeyToken=b03f5f7f11d50a3a" className="GrabbaRide.UnitTests.GrabbaRideMembershipProviderTest, GrabbaRide.UnitTests" name="DeleteUserTest" />
    </UnitTest>
    <UnitTest name="RidesTest" storage="d:\dev\grabbaride\grabbaride\trunk\grabbaride.unittests\bin\debug\grabbaride.unittests.dll" id="0304a031-799f-94bf-6b94-cfcbb1da7098">
      <Css projectStructure="" iteration="" />
      <Owners>
        <Owner name="" />
      </Owners>
      <Execution id="4b86bbfb-0e94-43b7-8423-b0d4b975003a" />
      <TestMethod codeBase="D:\Dev\GrabbaRide\grabbaride\trunk\GrabbaRide.UnitTests\bin\Debug\GrabbaRide.UnitTests.dll" adapterTypeName="Microsoft.VisualStudio.TestTools.TestTypes.Unit.UnitTestAdapter, Microsoft.VisualStudio.QualityTools.Tips.UnitTest.Adapter, Version=9.0.0.0, Culture=neutral, PublicKeyToken=b03f5f7f11d50a3a" className="GrabbaRide.UnitTests.GrabbaRideDBDataContextTest, GrabbaRide.UnitTests" name="RidesTest" />
    </UnitTest>
    <UnitTest name="GrabbaRideDBDataContextConstructorTest2" storage="d:\dev\grabbaride\grabbaride\trunk\grabbaride.unittests\bin\debug\grabbaride.unittests.dll" id="877655ed-d7c5-ecbb-69dc-eba292771e0d">
      <Css projectStructure="" iteration="" />
      <Owners>
        <Owner name="" />
      </Owners>
      <Execution id="82bcce24-cc9a-4134-87a1-4a358e898fd8" />
      <TestMethod codeBase="D:\Dev\GrabbaRide\grabbaride\trunk\GrabbaRide.UnitTests\bin\Debug\GrabbaRide.UnitTests.dll" adapterTypeName="Microsoft.VisualStudio.TestTools.TestTypes.Unit.UnitTestAdapter, Microsoft.VisualStudio.QualityTools.Tips.UnitTest.Adapter, Version=9.0.0.0, Culture=neutral, PublicKeyToken=b03f5f7f11d50a3a" className="GrabbaRide.UnitTests.GrabbaRideDBDataContextTest, GrabbaRide.UnitTests" name="GrabbaRideDBDataContextConstructorTest2" />
    </UnitTest>
    <UnitTest name="ResetPasswordTest" storage="d:\dev\grabbaride\grabbaride\trunk\grabbaride.unittests\bin\debug\grabbaride.unittests.dll" id="ce12b165-014e-77a3-5d60-7dfb938464f8">
      <Css projectStructure="" iteration="" />
      <Owners>
        <Owner name="" />
      </Owners>
      <Execution id="04c292d9-4630-4bea-b82b-30113dc12b56" />
      <TestMethod codeBase="D:\Dev\GrabbaRide\grabbaride\trunk\GrabbaRide.UnitTests\bin\Debug\GrabbaRide.UnitTests.dll" adapterTypeName="Microsoft.VisualStudio.TestTools.TestTypes.Unit.UnitTestAdapter, Microsoft.VisualStudio.QualityTools.Tips.UnitTest.Adapter, Version=9.0.0.0, Culture=neutral, PublicKeyToken=b03f5f7f11d50a3a" className="GrabbaRide.UnitTests.GrabbaRideMembershipProviderTest, GrabbaRide.UnitTests" name="ResetPasswordTest" />
    </UnitTest>
    <UnitTest name="GrabbaRideMembershipProviderConstructorTest" storage="d:\dev\grabbaride\grabbaride\trunk\grabbaride.unittests\bin\debug\grabbaride.unittests.dll" id="e86237af-5c13-29a1-a872-5890d41faba6">
      <Css projectStructure="" iteration="" />
      <Owners>
        <Owner name="" />
      </Owners>
      <Execution id="30a6fc0e-e733-4cf2-8c99-b3ad00c986ee" />
      <TestMethod codeBase="D:\Dev\GrabbaRide\grabbaride\trunk\GrabbaRide.UnitTests\bin\Debug\GrabbaRide.UnitTests.dll" adapterTypeName="Microsoft.VisualStudio.TestTools.TestTypes.Unit.UnitTestAdapter, Microsoft.VisualStudio.QualityTools.Tips.UnitTest.Adapter, Version=9.0.0.0, Culture=neutral, PublicKeyToken=b03f5f7f11d50a3a" className="GrabbaRide.UnitTests.GrabbaRideMembershipProviderTest, GrabbaRide.UnitTests" name="GrabbaRideMembershipProviderConstructorTest" />
    </UnitTest>
    <UnitTest name="DetachOpenIDsByUserTest" storage="d:\dev\grabbaride\grabbaride\trunk\grabbaride.unittests\bin\debug\grabbaride.unittests.dll" id="e4b93963-5b1d-f292-0337-cafbec4196e3">
      <Css projectStructure="" iteration="" />
      <Owners>
        <Owner name="" />
      </Owners>
      <Execution id="cb451fe4-9047-4103-9514-7ca9258e31c4" />
      <TestMethod codeBase="D:\Dev\GrabbaRide\grabbaride\trunk\GrabbaRide.UnitTests\bin\Debug\GrabbaRide.UnitTests.dll" adapterTypeName="Microsoft.VisualStudio.TestTools.TestTypes.Unit.UnitTestAdapter, Microsoft.VisualStudio.QualityTools.Tips.UnitTest.Adapter, Version=9.0.0.0, Culture=neutral, PublicKeyToken=b03f5f7f11d50a3a" className="GrabbaRide.UnitTests.GrabbaRideDBDataContextTest, GrabbaRide.UnitTests" name="DetachOpenIDsByUserTest" />
    </UnitTest>
    <UnitTest name="ValidateUserTest" storage="d:\dev\grabbaride\grabbaride\trunk\grabbaride.unittests\bin\debug\grabbaride.unittests.dll" id="ef320c25-9519-a727-36ab-a4e14fc808ab">
      <Css projectStructure="" iteration="" />
      <Owners>
        <Owner name="" />
      </Owners>
      <Execution id="5b5c52e9-f4f4-4842-82da-f9e0040f825f" />
      <TestMethod codeBase="D:\Dev\GrabbaRide\grabbaride\trunk\GrabbaRide.UnitTests\bin\Debug\GrabbaRide.UnitTests.dll" adapterTypeName="Microsoft.VisualStudio.TestTools.TestTypes.Unit.UnitTestAdapter, Microsoft.VisualStudio.QualityTools.Tips.UnitTest.Adapter, Version=9.0.0.0, Culture=neutral, PublicKeyToken=b03f5f7f11d50a3a" className="GrabbaRide.UnitTests.GrabbaRideMembershipProviderTest, GrabbaRide.UnitTests" name="ValidateUserTest" />
    </UnitTest>
    <UnitTest name="InitializeTest" storage="d:\dev\grabbaride\grabbaride\trunk\grabbaride.unittests\bin\debug\grabbaride.unittests.dll" id="91f4da68-007c-3330-d97e-1778a3c86ff6">
      <Css projectStructure="" iteration="" />
      <Owners>
        <Owner name="" />
      </Owners>
      <Execution id="eabcef5c-5049-4bed-a3f7-abc21d6f8671" />
      <TestMethod codeBase="D:\Dev\GrabbaRide\grabbaride\trunk\GrabbaRide.UnitTests\bin\Debug\GrabbaRide.UnitTests.dll" adapterTypeName="Microsoft.VisualStudio.TestTools.TestTypes.Unit.UnitTestAdapter, Microsoft.VisualStudio.QualityTools.Tips.UnitTest.Adapter, Version=9.0.0.0, Culture=neutral, PublicKeyToken=b03f5f7f11d50a3a" className="GrabbaRide.UnitTests.GrabbaRideMembershipProviderTest, GrabbaRide.UnitTests" name="InitializeTest" />
    </UnitTest>
    <UnitTest name="GrabbaRideDBDataContextCreateDatabaseTest" storage="d:\dev\grabbaride\grabbaride\trunk\grabbaride.unittests\bin\debug\grabbaride.unittests.dll" id="84c28ce9-dd57-52e9-afea-69a48c196f24">
      <Css projectStructure="" iteration="" />
      <Owners>
        <Owner name="" />
      </Owners>
      <Execution id="7294dbb7-f531-454f-b298-718759e40919" />
      <TestMethod codeBase="D:\Dev\GrabbaRide\grabbaride\trunk\GrabbaRide.UnitTests\bin\Debug\GrabbaRide.UnitTests.dll" adapterTypeName="Microsoft.VisualStudio.TestTools.TestTypes.Unit.UnitTestAdapter, Microsoft.VisualStudio.QualityTools.Tips.UnitTest.Adapter, Version=9.0.0.0, Culture=neutral, PublicKeyToken=b03f5f7f11d50a3a" className="GrabbaRide.UnitTests.GrabbaRideDBDataContextTest, GrabbaRide.UnitTests" name="GrabbaRideDBDataContextCreateDatabaseTest" />
    </UnitTest>
    <UnitTest name="GetOpenIDsByURLTest" storage="d:\dev\grabbaride\grabbaride\trunk\grabbaride.unittests\bin\debug\grabbaride.unittests.dll" id="92ebb286-87f5-693d-e546-10272f248963">
      <Css projectStructure="" iteration="" />
      <Owners>
        <Owner name="" />
      </Owners>
      <Execution id="492a3100-4296-40db-a55a-9cfd5a080774" />
      <TestMethod codeBase="D:\Dev\GrabbaRide\grabbaride\trunk\GrabbaRide.UnitTests\bin\Debug\GrabbaRide.UnitTests.dll" adapterTypeName="Microsoft.VisualStudio.TestTools.TestTypes.Unit.UnitTestAdapter, Microsoft.VisualStudio.QualityTools.Tips.UnitTest.Adapter, Version=9.0.0.0, Culture=neutral, PublicKeyToken=b03f5f7f11d50a3a" className="GrabbaRide.UnitTests.GrabbaRideDBDataContextTest, GrabbaRide.UnitTests" name="GetOpenIDsByURLTest" />
    </UnitTest>
    <UnitTest name="RideConstructorTest" storage="d:\dev\grabbaride\grabbaride\trunk\grabbaride.unittests\bin\debug\grabbaride.unittests.dll" id="aef425bd-2eab-c6f3-c07a-7e29dd0dce17">
      <Css projectStructure="" iteration="" />
      <Owners>
        <Owner name="" />
      </Owners>
      <Execution id="9d16fc70-5225-43e0-aac5-673d27dec241" />
      <TestMethod codeBase="D:\Dev\GrabbaRide\grabbaride\trunk\GrabbaRide.UnitTests\bin\Debug\GrabbaRide.UnitTests.dll" adapterTypeName="Microsoft.VisualStudio.TestTools.TestTypes.Unit.UnitTestAdapter, Microsoft.VisualStudio.QualityTools.Tips.UnitTest.Adapter, Version=9.0.0.0, Culture=neutral, PublicKeyToken=b03f5f7f11d50a3a" className="GrabbaRide.UnitTests.RideTest, GrabbaRide.UnitTests" name="RideConstructorTest" />
    </UnitTest>
    <UnitTest name="GetOpenIDByUserTest" storage="d:\dev\grabbaride\grabbaride\trunk\grabbaride.unittests\bin\debug\grabbaride.unittests.dll" id="091a103f-e78a-3488-8eef-b0449e3b26ee">
      <Css projectStructure="" iteration="" />
      <Owners>
        <Owner name="" />
      </Owners>
      <Execution id="1a28c48d-6f72-4495-8991-330d6af5e971" />
      <TestMethod codeBase="D:\Dev\GrabbaRide\grabbaride\trunk\GrabbaRide.UnitTests\bin\Debug\GrabbaRide.UnitTests.dll" adapterTypeName="Microsoft.VisualStudio.TestTools.TestTypes.Unit.UnitTestAdapter, Microsoft.VisualStudio.QualityTools.Tips.UnitTest.Adapter, Version=9.0.0.0, Culture=neutral, PublicKeyToken=b03f5f7f11d50a3a" className="GrabbaRide.UnitTests.GrabbaRideDBDataContextTest, GrabbaRide.UnitTests" name="GetOpenIDByUserTest" />
    </UnitTest>
    <UnitTest name="GrabbaRideDBDataContextConstructorTest3" storage="d:\dev\grabbaride\grabbaride\trunk\grabbaride.unittests\bin\debug\grabbaride.unittests.dll" id="b1ba53ed-c63b-e0a2-ed64-cd13ceddfe6e">
      <Css projectStructure="" iteration="" />
      <Owners>
        <Owner name="" />
      </Owners>
      <Execution id="ea82b1a5-6b03-472a-b388-24e3839ef486" />
      <TestMethod codeBase="D:\Dev\GrabbaRide\grabbaride\trunk\GrabbaRide.UnitTests\bin\Debug\GrabbaRide.UnitTests.dll" adapterTypeName="Microsoft.VisualStudio.TestTools.TestTypes.Unit.UnitTestAdapter, Microsoft.VisualStudio.QualityTools.Tips.UnitTest.Adapter, Version=9.0.0.0, Culture=neutral, PublicKeyToken=b03f5f7f11d50a3a" className="GrabbaRide.UnitTests.GrabbaRideDBDataContextTest, GrabbaRide.UnitTests" name="GrabbaRideDBDataContextConstructorTest3" />
    </UnitTest>
    <UnitTest name="JourneyDistanceTest1" storage="d:\dev\grabbaride\grabbaride\trunk\grabbaride.unittests\bin\debug\grabbaride.unittests.dll" id="cae2a875-e749-96da-1b97-c01a83bdd139">
      <Css projectStructure="" iteration="" />
      <Owners>
        <Owner name="" />
      </Owners>
      <Execution id="73104abd-4398-4a08-a65b-6846705907ab" />
      <TestMethod codeBase="D:\Dev\GrabbaRide\grabbaride\trunk\GrabbaRide.UnitTests\bin\Debug\GrabbaRide.UnitTests.dll" adapterTypeName="Microsoft.VisualStudio.TestTools.TestTypes.Unit.UnitTestAdapter, Microsoft.VisualStudio.QualityTools.Tips.UnitTest.Adapter, Version=9.0.0.0, Culture=neutral, PublicKeyToken=b03f5f7f11d50a3a" className="GrabbaRide.UnitTests.RideTest, GrabbaRide.UnitTests" name="JourneyDistanceTest1" />
    </UnitTest>
    <UnitTest name="RequiresUniqueEmailTest" storage="d:\dev\grabbaride\grabbaride\trunk\grabbaride.unittests\bin\debug\grabbaride.unittests.dll" id="d79d029e-c1b2-e0ec-bfed-28e9fe10a24a">
      <Css projectStructure="" iteration="" />
      <Owners>
        <Owner name="" />
      </Owners>
      <Execution id="b4bc1036-2219-4317-b9e6-f4dd96af9aac" />
      <TestMethod codeBase="D:\Dev\GrabbaRide\grabbaride\trunk\GrabbaRide.UnitTests\bin\Debug\GrabbaRide.UnitTests.dll" adapterTypeName="Microsoft.VisualStudio.TestTools.TestTypes.Unit.UnitTestAdapter, Microsoft.VisualStudio.QualityTools.Tips.UnitTest.Adapter, Version=9.0.0.0, Culture=neutral, PublicKeyToken=b03f5f7f11d50a3a" className="GrabbaRide.UnitTests.GrabbaRideMembershipProviderTest, GrabbaRide.UnitTests" name="RequiresUniqueEmailTest" />
    </UnitTest>
    <UnitTest name="GetAllUsersTest" storage="d:\dev\grabbaride\grabbaride\trunk\grabbaride.unittests\bin\debug\grabbaride.unittests.dll" id="f4984bd3-beb6-ed47-005c-91468d9e3496">
      <Css projectStructure="" iteration="" />
      <Owners>
        <Owner name="" />
      </Owners>
      <Execution id="15e54a51-936f-47ac-876f-425d71b08f72" />
      <TestMethod codeBase="D:\Dev\GrabbaRide\grabbaride\trunk\GrabbaRide.UnitTests\bin\Debug\GrabbaRide.UnitTests.dll" adapterTypeName="Microsoft.VisualStudio.TestTools.TestTypes.Unit.UnitTestAdapter, Microsoft.VisualStudio.QualityTools.Tips.UnitTest.Adapter, Version=9.0.0.0, Culture=neutral, PublicKeyToken=b03f5f7f11d50a3a" className="GrabbaRide.UnitTests.GrabbaRideDBDataContextTest, GrabbaRide.UnitTests" name="GetAllUsersTest" />
    </UnitTest>
    <UnitTest name="GetPasswordTest" storage="d:\dev\grabbaride\grabbaride\trunk\grabbaride.unittests\bin\debug\grabbaride.unittests.dll" id="f43f48f2-d820-adb3-6362-e0cc7620e862">
      <Css projectStructure="" iteration="" />
      <Owners>
        <Owner name="" />
      </Owners>
      <Execution id="abe28804-4f5f-46e5-95fb-f715fc3bda8a" />
      <TestMethod codeBase="D:\Dev\GrabbaRide\grabbaride\trunk\GrabbaRide.UnitTests\bin\Debug\GrabbaRide.UnitTests.dll" adapterTypeName="Microsoft.VisualStudio.TestTools.TestTypes.Unit.UnitTestAdapter, Microsoft.VisualStudio.QualityTools.Tips.UnitTest.Adapter, Version=9.0.0.0, Culture=neutral, PublicKeyToken=b03f5f7f11d50a3a" className="GrabbaRide.UnitTests.GrabbaRideMembershipProviderTest, GrabbaRide.UnitTests" name="GetPasswordTest" />
    </UnitTest>
    <UnitTest name="GetNumberOfUsersOnlineTest" storage="d:\dev\grabbaride\grabbaride\trunk\grabbaride.unittests\bin\debug\grabbaride.unittests.dll" id="55321523-1b2f-8b45-81b8-8d9e22ebd4a1">
      <Css projectStructure="" iteration="" />
      <Owners>
        <Owner name="" />
      </Owners>
      <Execution id="0ba6c294-3bc7-4ab1-895a-ed14a02f9934" />
      <TestMethod codeBase="D:\Dev\GrabbaRide\grabbaride\trunk\GrabbaRide.UnitTests\bin\Debug\GrabbaRide.UnitTests.dll" adapterTypeName="Microsoft.VisualStudio.TestTools.TestTypes.Unit.UnitTestAdapter, Microsoft.VisualStudio.QualityTools.Tips.UnitTest.Adapter, Version=9.0.0.0, Culture=neutral, PublicKeyToken=b03f5f7f11d50a3a" className="GrabbaRide.UnitTests.GrabbaRideMembershipProviderTest, GrabbaRide.UnitTests" name="GetNumberOfUsersOnlineTest" />
    </UnitTest>
    <UnitTest name="getAllAvalibleRidesTest" storage="d:\dev\grabbaride\grabbaride\trunk\grabbaride.unittests\bin\debug\grabbaride.unittests.dll" id="579ad665-e5c1-101e-e9d5-ec69e8518024">
      <Css projectStructure="" iteration="" />
      <Owners>
        <Owner name="" />
      </Owners>
      <Execution id="1481de45-efb1-47de-95ac-106491e31529" />
      <TestMethod codeBase="D:\Dev\GrabbaRide\grabbaride\trunk\GrabbaRide.UnitTests\bin\Debug\GrabbaRide.UnitTests.dll" adapterTypeName="Microsoft.VisualStudio.TestTools.TestTypes.Unit.UnitTestAdapter, Microsoft.VisualStudio.QualityTools.Tips.UnitTest.Adapter, Version=9.0.0.0, Culture=neutral, PublicKeyToken=b03f5f7f11d50a3a" className="GrabbaRide.UnitTests.GrabbaRideDBDataContextTest, GrabbaRide.UnitTests" name="getAllAvalibleRidesTest" />
    </UnitTest>
    <UnitTest name="ApplicationNameTest" storage="d:\dev\grabbaride\grabbaride\trunk\grabbaride.unittests\bin\debug\grabbaride.unittests.dll" id="b3a57e4c-b805-a4fc-7df1-a182576f7b06">
      <Css projectStructure="" iteration="" />
      <Owners>
        <Owner name="" />
      </Owners>
      <Execution id="23de7c93-ddc2-4066-9349-f1a4c200535b" />
      <TestMethod codeBase="D:\Dev\GrabbaRide\grabbaride\trunk\GrabbaRide.UnitTests\bin\Debug\GrabbaRide.UnitTests.dll" adapterTypeName="Microsoft.VisualStudio.TestTools.TestTypes.Unit.UnitTestAdapter, Microsoft.VisualStudio.QualityTools.Tips.UnitTest.Adapter, Version=9.0.0.0, Culture=neutral, PublicKeyToken=b03f5f7f11d50a3a" className="GrabbaRide.UnitTests.GrabbaRideMembershipProviderTest, GrabbaRide.UnitTests" name="ApplicationNameTest" />
    </UnitTest>
    <UnitTest name="AttachOpenIDTest" storage="d:\dev\grabbaride\grabbaride\trunk\grabbaride.unittests\bin\debug\grabbaride.unittests.dll" id="57fb32c4-354f-0c30-76d9-e700015b365e">
      <Css projectStructure="" iteration="" />
      <Owners>
        <Owner name="" />
      </Owners>
      <Execution id="a9115b0d-a74b-4444-ab31-c4be95994e66" />
      <TestMethod codeBase="D:\Dev\GrabbaRide\grabbaride\trunk\GrabbaRide.UnitTests\bin\Debug\GrabbaRide.UnitTests.dll" adapterTypeName="Microsoft.VisualStudio.TestTools.TestTypes.Unit.UnitTestAdapter, Microsoft.VisualStudio.QualityTools.Tips.UnitTest.Adapter, Version=9.0.0.0, Culture=neutral, PublicKeyToken=b03f5f7f11d50a3a" className="GrabbaRide.UnitTests.GrabbaRideDBDataContextTest, GrabbaRide.UnitTests" name="AttachOpenIDTest" />
    </UnitTest>
    <UnitTest name="MaxInvalidPasswordAttemptsTest" storage="d:\dev\grabbaride\grabbaride\trunk\grabbaride.unittests\bin\debug\grabbaride.unittests.dll" id="53174b29-3f07-ba25-3da5-a4dd26dd3d3f">
      <Css projectStructure="" iteration="" />
      <Owners>
        <Owner name="" />
      </Owners>
      <Execution id="9caedcfe-52ad-492b-a967-a42e4cf1a0bf" />
      <TestMethod codeBase="D:\Dev\GrabbaRide\grabbaride\trunk\GrabbaRide.UnitTests\bin\Debug\GrabbaRide.UnitTests.dll" adapterTypeName="Microsoft.VisualStudio.TestTools.TestTypes.Unit.UnitTestAdapter, Microsoft.VisualStudio.QualityTools.Tips.UnitTest.Adapter, Version=9.0.0.0, Culture=neutral, PublicKeyToken=b03f5f7f11d50a3a" className="GrabbaRide.UnitTests.GrabbaRideMembershipProviderTest, GrabbaRide.UnitTests" name="MaxInvalidPasswordAttemptsTest" />
    </UnitTest>
    <UnitTest name="OpenIDsTest" storage="d:\dev\grabbaride\grabbaride\trunk\grabbaride.unittests\bin\debug\grabbaride.unittests.dll" id="06c4a995-42a5-4d45-7dd0-6985ade3fa26">
      <Css projectStructure="" iteration="" />
      <Owners>
        <Owner name="" />
      </Owners>
      <Execution id="e3cf1cb3-26ff-42d2-866e-cdd8d50f7706" />
      <TestMethod codeBase="D:\Dev\GrabbaRide\grabbaride\trunk\GrabbaRide.UnitTests\bin\Debug\GrabbaRide.UnitTests.dll" adapterTypeName="Microsoft.VisualStudio.TestTools.TestTypes.Unit.UnitTestAdapter, Microsoft.VisualStudio.QualityTools.Tips.UnitTest.Adapter, Version=9.0.0.0, Culture=neutral, PublicKeyToken=b03f5f7f11d50a3a" className="GrabbaRide.UnitTests.GrabbaRideDBDataContextTest, GrabbaRide.UnitTests" name="OpenIDsTest" />
    </UnitTest>
    <UnitTest name="DetachUserTest" storage="d:\dev\grabbaride\grabbaride\trunk\grabbaride.unittests\bin\debug\grabbaride.unittests.dll" id="dc664076-ce58-7b05-4276-b8c7ad2ac945">
      <Css projectStructure="" iteration="" />
      <Owners>
        <Owner name="" />
      </Owners>
      <Execution id="79f7f94c-064a-4656-9ef6-d2bcd73af78e" />
      <TestMethod codeBase="D:\Dev\GrabbaRide\grabbaride\trunk\GrabbaRide.UnitTests\bin\Debug\GrabbaRide.UnitTests.dll" adapterTypeName="Microsoft.VisualStudio.TestTools.TestTypes.Unit.UnitTestAdapter, Microsoft.VisualStudio.QualityTools.Tips.UnitTest.Adapter, Version=9.0.0.0, Culture=neutral, PublicKeyToken=b03f5f7f11d50a3a" className="GrabbaRide.UnitTests.GrabbaRideDBDataContextTest, GrabbaRide.UnitTests" name="DetachUserTest" />
    </UnitTest>
    <UnitTest name="EnablePasswordRetrievalTest" storage="d:\dev\grabbaride\grabbaride\trunk\grabbaride.unittests\bin\debug\grabbaride.unittests.dll" id="225cb7b4-a287-d1d6-99a4-e6f2902bf00e">
      <Css projectStructure="" iteration="" />
      <Owners>
        <Owner name="" />
      </Owners>
      <Execution id="b2185a93-0e2e-4ec3-b8e0-5c1fda2aa809" />
      <TestMethod codeBase="D:\Dev\GrabbaRide\grabbaride\trunk\GrabbaRide.UnitTests\bin\Debug\GrabbaRide.UnitTests.dll" adapterTypeName="Microsoft.VisualStudio.TestTools.TestTypes.Unit.UnitTestAdapter, Microsoft.VisualStudio.QualityTools.Tips.UnitTest.Adapter, Version=9.0.0.0, Culture=neutral, PublicKeyToken=b03f5f7f11d50a3a" className="GrabbaRide.UnitTests.GrabbaRideMembershipProviderTest, GrabbaRide.UnitTests" name="EnablePasswordRetrievalTest" />
    </UnitTest>
    <UnitTest name="GetUserTest1" storage="d:\dev\grabbaride\grabbaride\trunk\grabbaride.unittests\bin\debug\grabbaride.unittests.dll" id="d80a6679-bda1-f7f0-639c-83286c110bf8">
      <Css projectStructure="" iteration="" />
      <Owners>
        <Owner name="" />
      </Owners>
      <Execution id="22969cf0-498c-4a8d-8a8a-38250dad2d27" />
      <TestMethod codeBase="D:\Dev\GrabbaRide\grabbaride\trunk\GrabbaRide.UnitTests\bin\Debug\GrabbaRide.UnitTests.dll" adapterTypeName="Microsoft.VisualStudio.TestTools.TestTypes.Unit.UnitTestAdapter, Microsoft.VisualStudio.QualityTools.Tips.UnitTest.Adapter, Version=9.0.0.0, Culture=neutral, PublicKeyToken=b03f5f7f11d50a3a" className="GrabbaRide.UnitTests.GrabbaRideMembershipProviderTest, GrabbaRide.UnitTests" name="GetUserTest1" />
    </UnitTest>
    <UnitTest name="RequiresQuestionAndAnswerTest" storage="d:\dev\grabbaride\grabbaride\trunk\grabbaride.unittests\bin\debug\grabbaride.unittests.dll" id="49bb59da-f4b8-9b9f-7e24-cf8c575e9ef8">
      <Css projectStructure="" iteration="" />
      <Owners>
        <Owner name="" />
      </Owners>
      <Execution id="d302f714-f693-4893-9226-e9d8bb02d123" />
      <TestMethod codeBase="D:\Dev\GrabbaRide\grabbaride\trunk\GrabbaRide.UnitTests\bin\Debug\GrabbaRide.UnitTests.dll" adapterTypeName="Microsoft.VisualStudio.TestTools.TestTypes.Unit.UnitTestAdapter, Microsoft.VisualStudio.QualityTools.Tips.UnitTest.Adapter, Version=9.0.0.0, Culture=neutral, PublicKeyToken=b03f5f7f11d50a3a" className="GrabbaRide.UnitTests.GrabbaRideMembershipProviderTest, GrabbaRide.UnitTests" name="RequiresQuestionAndAnswerTest" />
    </UnitTest>
    <UnitTest name="PasswordStrengthRegularExpressionTest" storage="d:\dev\grabbaride\grabbaride\trunk\grabbaride.unittests\bin\debug\grabbaride.unittests.dll" id="8b4f7f68-213a-780b-b30e-1843e1d856e1">
      <Css projectStructure="" iteration="" />
      <Owners>
        <Owner name="" />
      </Owners>
      <Execution id="05081e1c-4c2c-494a-83e0-04f471b0ef71" />
      <TestMethod codeBase="D:\Dev\GrabbaRide\grabbaride\trunk\GrabbaRide.UnitTests\bin\Debug\GrabbaRide.UnitTests.dll" adapterTypeName="Microsoft.VisualStudio.TestTools.TestTypes.Unit.UnitTestAdapter, Microsoft.VisualStudio.QualityTools.Tips.UnitTest.Adapter, Version=9.0.0.0, Culture=neutral, PublicKeyToken=b03f5f7f11d50a3a" className="GrabbaRide.UnitTests.GrabbaRideMembershipProviderTest, GrabbaRide.UnitTests" name="PasswordStrengthRegularExpressionTest" />
    </UnitTest>
    <UnitTest name="GetRideByIDTest" storage="d:\dev\grabbaride\grabbaride\trunk\grabbaride.unittests\bin\debug\grabbaride.unittests.dll" id="267f40f4-d890-2bea-12e4-ab2900de3aed">
      <Css projectStructure="" iteration="" />
      <Owners>
        <Owner name="" />
      </Owners>
      <Execution id="f57dc7a8-6047-40ad-8711-74a6edd76048" />
      <TestMethod codeBase="D:\Dev\GrabbaRide\grabbaride\trunk\GrabbaRide.UnitTests\bin\Debug\GrabbaRide.UnitTests.dll" adapterTypeName="Microsoft.VisualStudio.TestTools.TestTypes.Unit.UnitTestAdapter, Microsoft.VisualStudio.QualityTools.Tips.UnitTest.Adapter, Version=9.0.0.0, Culture=neutral, PublicKeyToken=b03f5f7f11d50a3a" className="GrabbaRide.UnitTests.GrabbaRideDBDataContextTest, GrabbaRide.UnitTests" name="GetRideByIDTest" />
    </UnitTest>
    <UnitTest name="AttachNewUserTest" storage="d:\dev\grabbaride\grabbaride\trunk\grabbaride.unittests\bin\debug\grabbaride.unittests.dll" id="9de01fac-ff5b-844e-ac10-8e278e50aefb">
      <Css projectStructure="" iteration="" />
      <Owners>
        <Owner name="" />
      </Owners>
      <Execution id="b6adf1b6-fc11-48b1-b469-99c0fb6a2203" />
      <TestMethod codeBase="D:\Dev\GrabbaRide\grabbaride\trunk\GrabbaRide.UnitTests\bin\Debug\GrabbaRide.UnitTests.dll" adapterTypeName="Microsoft.VisualStudio.TestTools.TestTypes.Unit.UnitTestAdapter, Microsoft.VisualStudio.QualityTools.Tips.UnitTest.Adapter, Version=9.0.0.0, Culture=neutral, PublicKeyToken=b03f5f7f11d50a3a" className="GrabbaRide.UnitTests.GrabbaRideDBDataContextTest, GrabbaRide.UnitTests" name="AttachNewUserTest" />
    </UnitTest>
    <UnitTest name="GetUser_ByOpenIDTest" storage="d:\dev\grabbaride\grabbaride\trunk\grabbaride.unittests\bin\debug\grabbaride.unittests.dll" id="ffca7e18-f793-e29f-e7a0-ae57a7ab6577">
      <Css projectStructure="" iteration="" />
      <Owners>
        <Owner name="" />
      </Owners>
      <Execution id="19d659c7-d761-4d93-9513-6dffa57040c2" />
      <TestMethod codeBase="D:\Dev\GrabbaRide\grabbaride\trunk\GrabbaRide.UnitTests\bin\Debug\GrabbaRide.UnitTests.dll" adapterTypeName="Microsoft.VisualStudio.TestTools.TestTypes.Unit.UnitTestAdapter, Microsoft.VisualStudio.QualityTools.Tips.UnitTest.Adapter, Version=9.0.0.0, Culture=neutral, PublicKeyToken=b03f5f7f11d50a3a" className="GrabbaRide.UnitTests.GrabbaRideDBDataContextTest, GrabbaRide.UnitTests" name="GetUser_ByOpenIDTest" />
    </UnitTest>
    <UnitTest name="ChangePasswordQuestionAndAnswerTest" storage="d:\dev\grabbaride\grabbaride\trunk\grabbaride.unittests\bin\debug\grabbaride.unittests.dll" id="3b1d2d20-cfdf-9e5d-5b64-835fec20a00a">
      <Css projectStructure="" iteration="" />
      <Owners>
        <Owner name="" />
      </Owners>
      <Execution id="ba51902d-6d52-42fc-9f17-8c8f6c12da24" />
      <TestMethod codeBase="D:\Dev\GrabbaRide\grabbaride\trunk\GrabbaRide.UnitTests\bin\Debug\GrabbaRide.UnitTests.dll" adapterTypeName="Microsoft.VisualStudio.TestTools.TestTypes.Unit.UnitTestAdapter, Microsoft.VisualStudio.QualityTools.Tips.UnitTest.Adapter, Version=9.0.0.0, Culture=neutral, PublicKeyToken=b03f5f7f11d50a3a" className="GrabbaRide.UnitTests.GrabbaRideMembershipProviderTest, GrabbaRide.UnitTests" name="ChangePasswordQuestionAndAnswerTest" />
    </UnitTest>
    <UnitTest name="GetUserTest" storage="d:\dev\grabbaride\grabbaride\trunk\grabbaride.unittests\bin\debug\grabbaride.unittests.dll" id="a74eb90e-9d8b-f22f-e428-3053d131a224">
      <Css projectStructure="" iteration="" />
      <Owners>
        <Owner name="" />
      </Owners>
      <Execution id="d3ab6110-c8b3-4dc4-810f-7e7890fba9bf" />
      <TestMethod codeBase="D:\Dev\GrabbaRide\grabbaride\trunk\GrabbaRide.UnitTests\bin\Debug\GrabbaRide.UnitTests.dll" adapterTypeName="Microsoft.VisualStudio.TestTools.TestTypes.Unit.UnitTestAdapter, Microsoft.VisualStudio.QualityTools.Tips.UnitTest.Adapter, Version=9.0.0.0, Culture=neutral, PublicKeyToken=b03f5f7f11d50a3a" className="GrabbaRide.UnitTests.GrabbaRideMembershipProviderTest, GrabbaRide.UnitTests" name="GetUserTest" />
    </UnitTest>
    <UnitTest name="JourneyDistanceTest2" storage="d:\dev\grabbaride\grabbaride\trunk\grabbaride.unittests\bin\debug\grabbaride.unittests.dll" id="4ba3ca4e-fbe4-8600-252a-6c0b90eed55f">
      <Css projectStructure="" iteration="" />
      <Owners>
        <Owner name="" />
      </Owners>
      <Execution id="ec2b6ab1-86aa-4f94-b51f-bf78a414c1ea" />
      <TestMethod codeBase="D:\Dev\GrabbaRide\grabbaride\trunk\GrabbaRide.UnitTests\bin\Debug\GrabbaRide.UnitTests.dll" adapterTypeName="Microsoft.VisualStudio.TestTools.TestTypes.Unit.UnitTestAdapter, Microsoft.VisualStudio.QualityTools.Tips.UnitTest.Adapter, Version=9.0.0.0, Culture=neutral, PublicKeyToken=b03f5f7f11d50a3a" className="GrabbaRide.UnitTests.RideTest, GrabbaRide.UnitTests" name="JourneyDistanceTest2" />
    </UnitTest>
    <UnitTest name="IsOpenIDRegisteredTest" storage="d:\dev\grabbaride\grabbaride\trunk\grabbaride.unittests\bin\debug\grabbaride.unittests.dll" id="a756099b-5da6-2ddc-9fee-f15682c2d49f">
      <Css projectStructure="" iteration="" />
      <Owners>
        <Owner name="" />
      </Owners>
      <Execution id="1e82858c-fe52-4f3a-aa17-e828b693b6a8" />
      <TestMethod codeBase="D:\Dev\GrabbaRide\grabbaride\trunk\GrabbaRide.UnitTests\bin\Debug\GrabbaRide.UnitTests.dll" adapterTypeName="Microsoft.VisualStudio.TestTools.TestTypes.Unit.UnitTestAdapter, Microsoft.VisualStudio.QualityTools.Tips.UnitTest.Adapter, Version=9.0.0.0, Culture=neutral, PublicKeyToken=b03f5f7f11d50a3a" className="GrabbaRide.UnitTests.GrabbaRideDBDataContextTest, GrabbaRide.UnitTests" name="IsOpenIDRegisteredTest" />
    </UnitTest>
    <UnitTest name="GrabbaRideDBDataContextConstructorTest1" storage="d:\dev\grabbaride\grabbaride\trunk\grabbaride.unittests\bin\debug\grabbaride.unittests.dll" id="d7591f1a-112e-cb18-938f-5277342a0001">
      <Css projectStructure="" iteration="" />
      <Owners>
        <Owner name="" />
      </Owners>
      <Execution id="2ce24d6d-b4e2-40a9-875a-c68369832990" />
      <TestMethod codeBase="D:\Dev\GrabbaRide\grabbaride\trunk\GrabbaRide.UnitTests\bin\Debug\GrabbaRide.UnitTests.dll" adapterTypeName="Microsoft.VisualStudio.TestTools.TestTypes.Unit.UnitTestAdapter, Microsoft.VisualStudio.QualityTools.Tips.UnitTest.Adapter, Version=9.0.0.0, Culture=neutral, PublicKeyToken=b03f5f7f11d50a3a" className="GrabbaRide.UnitTests.GrabbaRideDBDataContextTest, GrabbaRide.UnitTests" name="GrabbaRideDBDataContextConstructorTest1" />
    </UnitTest>
    <UnitTest name="GenerateRandomPasswordTest" storage="d:\dev\grabbaride\grabbaride\trunk\grabbaride.unittests\bin\debug\grabbaride.unittests.dll" id="4016a2fc-de16-87dc-b44a-4bc17035ecd6">
      <Css projectStructure="" iteration="" />
      <Owners>
        <Owner name="" />
      </Owners>
      <Execution id="77e5b680-b1d3-4671-a812-af0c0caf1478" />
      <TestMethod codeBase="D:\Dev\GrabbaRide\grabbaride\trunk\GrabbaRide.UnitTests\bin\Debug\GrabbaRide.UnitTests.dll" adapterTypeName="Microsoft.VisualStudio.TestTools.TestTypes.Unit.UnitTestAdapter, Microsoft.VisualStudio.QualityTools.Tips.UnitTest.Adapter, Version=9.0.0.0, Culture=neutral, PublicKeyToken=b03f5f7f11d50a3a" className="GrabbaRide.UnitTests.UserTest, GrabbaRide.UnitTests" name="GenerateRandomPasswordTest" />
    </UnitTest>
    <UnitTest name="FindUsersByEmailTest" storage="d:\dev\grabbaride\grabbaride\trunk\grabbaride.unittests\bin\debug\grabbaride.unittests.dll" id="b5daef91-9da8-cb3b-d9ac-fd5b12ac8814">
      <Css projectStructure="" iteration="" />
      <Owners>
        <Owner name="" />
      </Owners>
      <Execution id="8f70ec43-8087-4109-a04c-b8d40485d0d5" />
      <TestMethod codeBase="D:\Dev\GrabbaRide\grabbaride\trunk\GrabbaRide.UnitTests\bin\Debug\GrabbaRide.UnitTests.dll" adapterTypeName="Microsoft.VisualStudio.TestTools.TestTypes.Unit.UnitTestAdapter, Microsoft.VisualStudio.QualityTools.Tips.UnitTest.Adapter, Version=9.0.0.0, Culture=neutral, PublicKeyToken=b03f5f7f11d50a3a" className="GrabbaRide.UnitTests.GrabbaRideMembershipProviderTest, GrabbaRide.UnitTests" name="FindUsersByEmailTest" />
    </UnitTest>
    <UnitTest name="GrabbaRideDBDataContextConstructorTest" storage="d:\dev\grabbaride\grabbaride\trunk\grabbaride.unittests\bin\debug\grabbaride.unittests.dll" id="a763b615-df14-2714-8164-f6346b26acba">
      <Css projectStructure="" iteration="" />
      <Owners>
        <Owner name="" />
      </Owners>
      <Execution id="f35b21a3-4638-45e0-8945-e1e6aee5ba50" />
      <TestMethod codeBase="D:\Dev\GrabbaRide\grabbaride\trunk\GrabbaRide.UnitTests\bin\Debug\GrabbaRide.UnitTests.dll" adapterTypeName="Microsoft.VisualStudio.TestTools.TestTypes.Unit.UnitTestAdapter, Microsoft.VisualStudio.QualityTools.Tips.UnitTest.Adapter, Version=9.0.0.0, Culture=neutral, PublicKeyToken=b03f5f7f11d50a3a" className="GrabbaRide.UnitTests.GrabbaRideDBDataContextTest, GrabbaRide.UnitTests" name="GrabbaRideDBDataContextConstructorTest" />
    </UnitTest>
    <UnitTest name="PasswordAttemptWindowTest" storage="d:\dev\grabbaride\grabbaride\trunk\grabbaride.unittests\bin\debug\grabbaride.unittests.dll" id="ad4429b9-9475-889f-2d5d-460e64943a4d">
      <Css projectStructure="" iteration="" />
      <Owners>
        <Owner name="" />
      </Owners>
      <Execution id="fb118cd5-f3c7-4bac-a6c8-d6f39a154ace" />
      <TestMethod codeBase="D:\Dev\GrabbaRide\grabbaride\trunk\GrabbaRide.UnitTests\bin\Debug\GrabbaRide.UnitTests.dll" adapterTypeName="Microsoft.VisualStudio.TestTools.TestTypes.Unit.UnitTestAdapter, Microsoft.VisualStudio.QualityTools.Tips.UnitTest.Adapter, Version=9.0.0.0, Culture=neutral, PublicKeyToken=b03f5f7f11d50a3a" className="GrabbaRide.UnitTests.GrabbaRideMembershipProviderTest, GrabbaRide.UnitTests" name="PasswordAttemptWindowTest" />
    </UnitTest>
    <UnitTest name="GetUser_SortByOccupationTest" storage="d:\dev\grabbaride\grabbaride\trunk\grabbaride.unittests\bin\debug\grabbaride.unittests.dll" id="c3f97a23-5c32-5c87-5c73-4e2d7f0bf981">
      <Css projectStructure="" iteration="" />
      <Owners>
        <Owner name="" />
      </Owners>
      <Execution id="9c63dc66-d98a-4d68-acaa-8357b0cfb583" />
      <TestMethod codeBase="D:\Dev\GrabbaRide\grabbaride\trunk\GrabbaRide.UnitTests\bin\Debug\GrabbaRide.UnitTests.dll" adapterTypeName="Microsoft.VisualStudio.TestTools.TestTypes.Unit.UnitTestAdapter, Microsoft.VisualStudio.QualityTools.Tips.UnitTest.Adapter, Version=9.0.0.0, Culture=neutral, PublicKeyToken=b03f5f7f11d50a3a" className="GrabbaRide.UnitTests.GrabbaRideDBDataContextTest, GrabbaRide.UnitTests" name="GetUser_SortByOccupationTest" />
    </UnitTest>
    <UnitTest name="DepartureTimeTest" storage="d:\dev\grabbaride\grabbaride\trunk\grabbaride.unittests\bin\debug\grabbaride.unittests.dll" id="abf7a480-1a79-81c9-f364-a8f8317d4836">
      <Css projectStructure="" iteration="" />
      <Owners>
        <Owner name="" />
      </Owners>
      <Execution id="c5b1047e-3fe6-4e1a-8639-596b2fb43577" />
      <TestMethod codeBase="D:\Dev\GrabbaRide\grabbaride\trunk\GrabbaRide.UnitTests\bin\Debug\GrabbaRide.UnitTests.dll" adapterTypeName="Microsoft.VisualStudio.TestTools.TestTypes.Unit.UnitTestAdapter, Microsoft.VisualStudio.QualityTools.Tips.UnitTest.Adapter, Version=9.0.0.0, Culture=neutral, PublicKeyToken=b03f5f7f11d50a3a" className="GrabbaRide.UnitTests.RideTest, GrabbaRide.UnitTests" name="DepartureTimeTest" />
    </UnitTest>
    <UnitTest name="FindSimilarRidesTest" storage="d:\dev\grabbaride\grabbaride\trunk\grabbaride.unittests\bin\debug\grabbaride.unittests.dll" id="73900894-df5d-78c4-fbc1-ad3eb8f3672f">
      <Css projectStructure="" iteration="" />
      <Owners>
        <Owner name="" />
      </Owners>
      <Execution id="0663efe6-e881-4662-b33a-f4f13dbf90f2" />
      <TestMethod codeBase="D:\Dev\GrabbaRide\grabbaride\trunk\GrabbaRide.UnitTests\bin\Debug\GrabbaRide.UnitTests.dll" adapterTypeName="Microsoft.VisualStudio.TestTools.TestTypes.Unit.UnitTestAdapter, Microsoft.VisualStudio.QualityTools.Tips.UnitTest.Adapter, Version=9.0.0.0, Culture=neutral, PublicKeyToken=b03f5f7f11d50a3a" className="GrabbaRide.UnitTests.GrabbaRideDBDataContextTest, GrabbaRide.UnitTests" name="FindSimilarRidesTest" />
    </UnitTest>
    <UnitTest name="JourneyLengthTest" storage="d:\dev\grabbaride\grabbaride\trunk\grabbaride.unittests\bin\debug\grabbaride.unittests.dll" id="fe7ddfe1-020e-2c9c-4f33-ef63d1ac0d9d">
      <Css projectStructure="" iteration="" />
      <Owners>
        <Owner name="" />
      </Owners>
      <Execution id="4332f56f-b4b4-4f08-b00e-b67e3865703c" />
      <TestMethod codeBase="D:\Dev\GrabbaRide\grabbaride\trunk\GrabbaRide.UnitTests\bin\Debug\GrabbaRide.UnitTests.dll" adapterTypeName="Microsoft.VisualStudio.TestTools.TestTypes.Unit.UnitTestAdapter, Microsoft.VisualStudio.QualityTools.Tips.UnitTest.Adapter, Version=9.0.0.0, Culture=neutral, PublicKeyToken=b03f5f7f11d50a3a" className="GrabbaRide.UnitTests.RideTest, GrabbaRide.UnitTests" name="JourneyLengthTest" />
    </UnitTest>
    <UnitTest name="ChangePasswordTest" storage="d:\dev\grabbaride\grabbaride\trunk\grabbaride.unittests\bin\debug\grabbaride.unittests.dll" id="d16d58aa-c640-5abe-a688-1a146a203f8b">
      <Css projectStructure="" iteration="" />
      <Owners>
        <Owner name="" />
      </Owners>
      <Execution id="4b8b53e7-b80c-4670-9a62-2724462d0d5c" />
      <TestMethod codeBase="D:\Dev\GrabbaRide\grabbaride\trunk\GrabbaRide.UnitTests\bin\Debug\GrabbaRide.UnitTests.dll" adapterTypeName="Microsoft.VisualStudio.TestTools.TestTypes.Unit.UnitTestAdapter, Microsoft.VisualStudio.QualityTools.Tips.UnitTest.Adapter, Version=9.0.0.0, Culture=neutral, PublicKeyToken=b03f5f7f11d50a3a" className="GrabbaRide.UnitTests.GrabbaRideMembershipProviderTest, GrabbaRide.UnitTests" name="ChangePasswordTest" />
    </UnitTest>
    <UnitTest name="MinRequiredPasswordLengthTest" storage="d:\dev\grabbaride\grabbaride\trunk\grabbaride.unittests\bin\debug\grabbaride.unittests.dll" id="1e223d07-860b-2b0a-9d2b-db51bcc6204c">
      <Css projectStructure="" iteration="" />
      <Owners>
        <Owner name="" />
      </Owners>
      <Execution id="be51a4c4-2c9d-4e7f-90f3-c667b2dfc083" />
      <TestMethod codeBase="D:\Dev\GrabbaRide\grabbaride\trunk\GrabbaRide.UnitTests\bin\Debug\GrabbaRide.UnitTests.dll" adapterTypeName="Microsoft.VisualStudio.TestTools.TestTypes.Unit.UnitTestAdapter, Microsoft.VisualStudio.QualityTools.Tips.UnitTest.Adapter, Version=9.0.0.0, Culture=neutral, PublicKeyToken=b03f5f7f11d50a3a" className="GrabbaRide.UnitTests.GrabbaRideMembershipProviderTest, GrabbaRide.UnitTests" name="MinRequiredPasswordLengthTest" />
    </UnitTest>
    <UnitTest name="getAllRidesRecurTest" storage="d:\dev\grabbaride\grabbaride\trunk\grabbaride.unittests\bin\debug\grabbaride.unittests.dll" id="4e93304a-36c4-b847-c009-097b4bbe01df">
      <Css projectStructure="" iteration="" />
      <Owners>
        <Owner name="" />
      </Owners>
      <Execution id="257d8b54-0fb2-413a-9935-52d43ed4e3bb" />
      <TestMethod codeBase="D:\Dev\GrabbaRide\grabbaride\trunk\GrabbaRide.UnitTests\bin\Debug\GrabbaRide.UnitTests.dll" adapterTypeName="Microsoft.VisualStudio.TestTools.TestTypes.Unit.UnitTestAdapter, Microsoft.VisualStudio.QualityTools.Tips.UnitTest.Adapter, Version=9.0.0.0, Culture=neutral, PublicKeyToken=b03f5f7f11d50a3a" className="GrabbaRide.UnitTests.GrabbaRideDBDataContextTest, GrabbaRide.UnitTests" name="getAllRidesRecurTest" />
    </UnitTest>
    <UnitTest name="FindUsersByNameTest" storage="d:\dev\grabbaride\grabbaride\trunk\grabbaride.unittests\bin\debug\grabbaride.unittests.dll" id="2361c0a5-c424-7bf2-38c0-a8601f6ffee1">
      <Css projectStructure="" iteration="" />
      <Owners>
        <Owner name="" />
      </Owners>
      <Execution id="9dbd0719-7e21-4c04-900c-77bd7d8121e9" />
      <TestMethod codeBase="D:\Dev\GrabbaRide\grabbaride\trunk\GrabbaRide.UnitTests\bin\Debug\GrabbaRide.UnitTests.dll" adapterTypeName="Microsoft.VisualStudio.TestTools.TestTypes.Unit.UnitTestAdapter, Microsoft.VisualStudio.QualityTools.Tips.UnitTest.Adapter, Version=9.0.0.0, Culture=neutral, PublicKeyToken=b03f5f7f11d50a3a" className="GrabbaRide.UnitTests.GrabbaRideMembershipProviderTest, GrabbaRide.UnitTests" name="FindUsersByNameTest" />
    </UnitTest>
    <UnitTest name="getRidesBeforeDateTest" storage="d:\dev\grabbaride\grabbaride\trunk\grabbaride.unittests\bin\debug\grabbaride.unittests.dll" id="b778f592-1820-8982-430c-d4eb1a009cf0">
      <Css projectStructure="" iteration="" />
      <Owners>
        <Owner name="" />
      </Owners>
      <Execution id="4e17accc-fc24-4c05-9edb-14b579ebf367" />
      <TestMethod codeBase="D:\Dev\GrabbaRide\grabbaride\trunk\GrabbaRide.UnitTests\bin\Debug\GrabbaRide.UnitTests.dll" adapterTypeName="Microsoft.VisualStudio.TestTools.TestTypes.Unit.UnitTestAdapter, Microsoft.VisualStudio.QualityTools.Tips.UnitTest.Adapter, Version=9.0.0.0, Culture=neutral, PublicKeyToken=b03f5f7f11d50a3a" className="GrabbaRide.UnitTests.GrabbaRideDBDataContextTest, GrabbaRide.UnitTests" name="getRidesBeforeDateTest" />
    </UnitTest>
    <UnitTest name="getRidesBetweenTest" storage="d:\dev\grabbaride\grabbaride\trunk\grabbaride.unittests\bin\debug\grabbaride.unittests.dll" id="74111dd8-f430-5bfe-b9c0-93aafd03f298">
      <Css projectStructure="" iteration="" />
      <Owners>
        <Owner name="" />
      </Owners>
      <Execution id="495c15f7-b12a-429b-b67e-c593271cf865" />
      <TestMethod codeBase="D:\Dev\GrabbaRide\grabbaride\trunk\GrabbaRide.UnitTests\bin\Debug\GrabbaRide.UnitTests.dll" adapterTypeName="Microsoft.VisualStudio.TestTools.TestTypes.Unit.UnitTestAdapter, Microsoft.VisualStudio.QualityTools.Tips.UnitTest.Adapter, Version=9.0.0.0, Culture=neutral, PublicKeyToken=b03f5f7f11d50a3a" className="GrabbaRide.UnitTests.GrabbaRideDBDataContextTest, GrabbaRide.UnitTests" name="getRidesBetweenTest" />
    </UnitTest>
    <UnitTest name="getUserRidesTest" storage="d:\dev\grabbaride\grabbaride\trunk\grabbaride.unittests\bin\debug\grabbaride.unittests.dll" id="46525f1b-003c-3002-d327-3f366bd9aad0">
      <Css projectStructure="" iteration="" />
      <Owners>
        <Owner name="" />
      </Owners>
      <Execution id="86e9d0a1-94d1-42bf-94a1-4dac72d6f060" />
      <TestMethod codeBase="D:\Dev\GrabbaRide\grabbaride\trunk\GrabbaRide.UnitTests\bin\Debug\GrabbaRide.UnitTests.dll" adapterTypeName="Microsoft.VisualStudio.TestTools.TestTypes.Unit.UnitTestAdapter, Microsoft.VisualStudio.QualityTools.Tips.UnitTest.Adapter, Version=9.0.0.0, Culture=neutral, PublicKeyToken=b03f5f7f11d50a3a" className="GrabbaRide.UnitTests.GrabbaRideDBDataContextTest, GrabbaRide.UnitTests" name="getUserRidesTest" />
    </UnitTest>
    <UnitTest name="GetMembershipUserTest" storage="d:\dev\grabbaride\grabbaride\trunk\grabbaride.unittests\bin\debug\grabbaride.unittests.dll" id="7a875a20-869e-f00b-053e-c70522bed2e4">
      <Css projectStructure="" iteration="" />
      <Owners>
        <Owner name="" />
      </Owners>
      <Execution id="0d8f02a1-85f5-4f06-89cd-c338ee92fd56" />
      <TestMethod codeBase="D:\Dev\GrabbaRide\grabbaride\trunk\GrabbaRide.UnitTests\bin\Debug\GrabbaRide.UnitTests.dll" adapterTypeName="Microsoft.VisualStudio.TestTools.TestTypes.Unit.UnitTestAdapter, Microsoft.VisualStudio.QualityTools.Tips.UnitTest.Adapter, Version=9.0.0.0, Culture=neutral, PublicKeyToken=b03f5f7f11d50a3a" className="GrabbaRide.UnitTests.UserTest, GrabbaRide.UnitTests" name="GetMembershipUserTest" />
    </UnitTest>
    <UnitTest name="GrabbaRideDBDataContextConstructorTest4" storage="d:\dev\grabbaride\grabbaride\trunk\grabbaride.unittests\bin\debug\grabbaride.unittests.dll" id="d5817b55-01eb-bbac-9fe9-d0eef0ad86c3">
      <Css projectStructure="" iteration="" />
      <Owners>
        <Owner name="" />
      </Owners>
      <Execution id="b187a6c9-727b-4876-ad2d-04f8ef478de2" />
      <TestMethod codeBase="D:\Dev\GrabbaRide\grabbaride\trunk\GrabbaRide.UnitTests\bin\Debug\GrabbaRide.UnitTests.dll" adapterTypeName="Microsoft.VisualStudio.TestTools.TestTypes.Unit.UnitTestAdapter, Microsoft.VisualStudio.QualityTools.Tips.UnitTest.Adapter, Version=9.0.0.0, Culture=neutral, PublicKeyToken=b03f5f7f11d50a3a" className="GrabbaRide.UnitTests.GrabbaRideDBDataContextTest, GrabbaRide.UnitTests" name="GrabbaRideDBDataContextConstructorTest4" />
    </UnitTest>
    <UnitTest name="GetUserByEmailTest" storage="d:\dev\grabbaride\grabbaride\trunk\grabbaride.unittests\bin\debug\grabbaride.unittests.dll" id="c5542ec2-4e64-652f-5f44-5c1de6a8c74f">
      <Css projectStructure="" iteration="" />
      <Owners>
        <Owner name="" />
      </Owners>
      <Execution id="5bccb926-9886-42e6-b157-a7eeab44bd6a" />
      <TestMethod codeBase="D:\Dev\GrabbaRide\grabbaride\trunk\GrabbaRide.UnitTests\bin\Debug\GrabbaRide.UnitTests.dll" adapterTypeName="Microsoft.VisualStudio.TestTools.TestTypes.Unit.UnitTestAdapter, Microsoft.VisualStudio.QualityTools.Tips.UnitTest.Adapter, Version=9.0.0.0, Culture=neutral, PublicKeyToken=b03f5f7f11d50a3a" className="GrabbaRide.UnitTests.GrabbaRideDBDataContextTest, GrabbaRide.UnitTests" name="GetUserByEmailTest" />
    </UnitTest>
    <UnitTest name="AttachRideTest" storage="d:\dev\grabbaride\grabbaride\trunk\grabbaride.unittests\bin\debug\grabbaride.unittests.dll" id="b779ddad-d290-bef3-b37b-6b3d1d3119b5">
      <Css projectStructure="" iteration="" />
      <Owners>
        <Owner name="" />
      </Owners>
      <Execution id="7d29d5b4-da37-4308-8bc3-e6a2c11159b4" />
      <TestMethod codeBase="D:\Dev\GrabbaRide\grabbaride\trunk\GrabbaRide.UnitTests\bin\Debug\GrabbaRide.UnitTests.dll" adapterTypeName="Microsoft.VisualStudio.TestTools.TestTypes.Unit.UnitTestAdapter, Microsoft.VisualStudio.QualityTools.Tips.UnitTest.Adapter, Version=9.0.0.0, Culture=neutral, PublicKeyToken=b03f5f7f11d50a3a" className="GrabbaRide.UnitTests.GrabbaRideDBDataContextTest, GrabbaRide.UnitTests" name="AttachRideTest" />
    </UnitTest>
    <UnitTest name="UserConstructorTest" storage="d:\dev\grabbaride\grabbaride\trunk\grabbaride.unittests\bin\debug\grabbaride.unittests.dll" id="d3e583cb-4224-e728-8d18-0d4b0930f13c">
      <Css projectStructure="" iteration="" />
      <Owners>
        <Owner name="" />
      </Owners>
      <Execution id="4c6da02b-efb1-4247-972a-91892b805a10" />
      <TestMethod codeBase="D:\Dev\GrabbaRide\grabbaride\trunk\GrabbaRide.UnitTests\bin\Debug\GrabbaRide.UnitTests.dll" adapterTypeName="Microsoft.VisualStudio.TestTools.TestTypes.Unit.UnitTestAdapter, Microsoft.VisualStudio.QualityTools.Tips.UnitTest.Adapter, Version=9.0.0.0, Culture=neutral, PublicKeyToken=b03f5f7f11d50a3a" className="GrabbaRide.UnitTests.UserTest, GrabbaRide.UnitTests" name="UserConstructorTest" />
    </UnitTest>
    <UnitTest name="UpdateUserTest" storage="d:\dev\grabbaride\grabbaride\trunk\grabbaride.unittests\bin\debug\grabbaride.unittests.dll" id="4170c8ab-61df-00b9-5958-87fb52e53cc5">
      <Css projectStructure="" iteration="" />
      <Owners>
        <Owner name="" />
      </Owners>
      <Execution id="7cd9857d-dc70-46cd-95e4-8d8416dc8ca7" />
      <TestMethod codeBase="D:\Dev\GrabbaRide\grabbaride\trunk\GrabbaRide.UnitTests\bin\Debug\GrabbaRide.UnitTests.dll" adapterTypeName="Microsoft.VisualStudio.TestTools.TestTypes.Unit.UnitTestAdapter, Microsoft.VisualStudio.QualityTools.Tips.UnitTest.Adapter, Version=9.0.0.0, Culture=neutral, PublicKeyToken=b03f5f7f11d50a3a" className="GrabbaRide.UnitTests.GrabbaRideMembershipProviderTest, GrabbaRide.UnitTests" name="UpdateUserTest" />
    </UnitTest>
    <UnitTest name="UnlockUserTest" storage="d:\dev\grabbaride\grabbaride\trunk\grabbaride.unittests\bin\debug\grabbaride.unittests.dll" id="5ac2581e-fe0f-ca65-90c1-87a571bd8332">
      <Css projectStructure="" iteration="" />
      <Owners>
        <Owner name="" />
      </Owners>
      <Execution id="2a688aa9-5850-4c0d-9804-c21e8035cca2" />
      <TestMethod codeBase="D:\Dev\GrabbaRide\grabbaride\trunk\GrabbaRide.UnitTests\bin\Debug\GrabbaRide.UnitTests.dll" adapterTypeName="Microsoft.VisualStudio.TestTools.TestTypes.Unit.UnitTestAdapter, Microsoft.VisualStudio.QualityTools.Tips.UnitTest.Adapter, Version=9.0.0.0, Culture=neutral, PublicKeyToken=b03f5f7f11d50a3a" className="GrabbaRide.UnitTests.GrabbaRideMembershipProviderTest, GrabbaRide.UnitTests" name="UnlockUserTest" />
    </UnitTest>
    <UnitTest name="GetUser_SortByLastActvityDateTest" storage="d:\dev\grabbaride\grabbaride\trunk\grabbaride.unittests\bin\debug\grabbaride.unittests.dll" id="7ece947f-42c5-8500-54c5-b20f3a93eb67">
      <Css projectStructure="" iteration="" />
      <Owners>
        <Owner name="" />
      </Owners>
      <Execution id="b8a02dad-d3cc-416c-b248-f07997801101" />
      <TestMethod codeBase="D:\Dev\GrabbaRide\grabbaride\trunk\GrabbaRide.UnitTests\bin\Debug\GrabbaRide.UnitTests.dll" adapterTypeName="Microsoft.VisualStudio.TestTools.TestTypes.Unit.UnitTestAdapter, Microsoft.VisualStudio.QualityTools.Tips.UnitTest.Adapter, Version=9.0.0.0, Culture=neutral, PublicKeyToken=b03f5f7f11d50a3a" className="GrabbaRide.UnitTests.GrabbaRideDBDataContextTest, GrabbaRide.UnitTests" name="GetUser_SortByLastActvityDateTest" />
    </UnitTest>
  </TestDefinitions>
  <TestLists>
    <TestList name="Results Not in a List" id="8c84fa94-04c1-424b-9868-57a2d4851a1d" />
    <TestList name="All Loaded Results" id="19431567-8539-422a-85d7-44ee4e166bda" />
  </TestLists>
  <TestEntries>
    <TestEntry testId="84c28ce9-dd57-52e9-afea-69a48c196f24" executionId="7294dbb7-f531-454f-b298-718759e40919" testListId="8c84fa94-04c1-424b-9868-57a2d4851a1d" />
    <TestEntry testId="54e6c344-a8a0-72e9-3b6b-5776ddb7141a" executionId="14372575-2089-43b0-a719-b372081e50af" testListId="8c84fa94-04c1-424b-9868-57a2d4851a1d" />
    <TestEntry testId="0304a031-799f-94bf-6b94-cfcbb1da7098" executionId="4b86bbfb-0e94-43b7-8423-b0d4b975003a" testListId="8c84fa94-04c1-424b-9868-57a2d4851a1d" />
    <TestEntry testId="06c4a995-42a5-4d45-7dd0-6985ade3fa26" executionId="e3cf1cb3-26ff-42d2-866e-cdd8d50f7706" testListId="8c84fa94-04c1-424b-9868-57a2d4851a1d" />
    <TestEntry testId="a756099b-5da6-2ddc-9fee-f15682c2d49f" executionId="1e82858c-fe52-4f3a-aa17-e828b693b6a8" testListId="8c84fa94-04c1-424b-9868-57a2d4851a1d" />
    <TestEntry testId="46525f1b-003c-3002-d327-3f366bd9aad0" executionId="86e9d0a1-94d1-42bf-94a1-4dac72d6f060" testListId="8c84fa94-04c1-424b-9868-57a2d4851a1d" />
    <TestEntry testId="eb0e03f5-0dae-06eb-aeb9-c0467ffcaa5f" executionId="a5b3b563-50f6-4063-a519-671496763980" testListId="8c84fa94-04c1-424b-9868-57a2d4851a1d" />
    <TestEntry testId="2918e603-3c5b-1a9b-30d4-24d9094f0473" executionId="97fce60e-6e48-4ec9-aa34-c030071ebb84" testListId="8c84fa94-04c1-424b-9868-57a2d4851a1d" />
    <TestEntry testId="b834471f-fb73-4892-4097-7cbe30a65838" executionId="86db84a6-b432-4538-8c55-0bc2c2a15f3e" testListId="8c84fa94-04c1-424b-9868-57a2d4851a1d" />
    <TestEntry testId="c5542ec2-4e64-652f-5f44-5c1de6a8c74f" executionId="5bccb926-9886-42e6-b157-a7eeab44bd6a" testListId="8c84fa94-04c1-424b-9868-57a2d4851a1d" />
    <TestEntry testId="502725cc-885c-0248-f5c0-a44fb92b3dd0" executionId="ef40effa-6528-497c-b2cf-e6fa7f352553" testListId="8c84fa94-04c1-424b-9868-57a2d4851a1d" />
    <TestEntry testId="c3f97a23-5c32-5c87-5c73-4e2d7f0bf981" executionId="9c63dc66-d98a-4d68-acaa-8357b0cfb583" testListId="8c84fa94-04c1-424b-9868-57a2d4851a1d" />
    <TestEntry testId="7ece947f-42c5-8500-54c5-b20f3a93eb67" executionId="b8a02dad-d3cc-416c-b248-f07997801101" testListId="8c84fa94-04c1-424b-9868-57a2d4851a1d" />
    <TestEntry testId="ffca7e18-f793-e29f-e7a0-ae57a7ab6577" executionId="19d659c7-d761-4d93-9513-6dffa57040c2" testListId="8c84fa94-04c1-424b-9868-57a2d4851a1d" />
    <TestEntry testId="74111dd8-f430-5bfe-b9c0-93aafd03f298" executionId="495c15f7-b12a-429b-b67e-c593271cf865" testListId="8c84fa94-04c1-424b-9868-57a2d4851a1d" />
    <TestEntry testId="b778f592-1820-8982-430c-d4eb1a009cf0" executionId="4e17accc-fc24-4c05-9edb-14b579ebf367" testListId="8c84fa94-04c1-424b-9868-57a2d4851a1d" />
    <TestEntry testId="352b5c7c-65b0-9c97-7143-b449ffa0cc83" executionId="5ab402ee-935f-4960-a312-7a2379541abe" testListId="8c84fa94-04c1-424b-9868-57a2d4851a1d" />
    <TestEntry testId="267f40f4-d890-2bea-12e4-ab2900de3aed" executionId="f57dc7a8-6047-40ad-8711-74a6edd76048" testListId="8c84fa94-04c1-424b-9868-57a2d4851a1d" />
    <TestEntry testId="5015f960-99dc-5c5b-e393-ff86eb1fbcd2" executionId="4be53a61-d2d1-4c6f-9f00-29288b7a5e83" testListId="8c84fa94-04c1-424b-9868-57a2d4851a1d" />
    <TestEntry testId="92ebb286-87f5-693d-e546-10272f248963" executionId="492a3100-4296-40db-a55a-9cfd5a080774" testListId="8c84fa94-04c1-424b-9868-57a2d4851a1d" />
    <TestEntry testId="091a103f-e78a-3488-8eef-b0449e3b26ee" executionId="1a28c48d-6f72-4495-8991-330d6af5e971" testListId="8c84fa94-04c1-424b-9868-57a2d4851a1d" />
    <TestEntry testId="f4984bd3-beb6-ed47-005c-91468d9e3496" executionId="15e54a51-936f-47ac-876f-425d71b08f72" testListId="8c84fa94-04c1-424b-9868-57a2d4851a1d" />
    <TestEntry testId="4e93304a-36c4-b847-c009-097b4bbe01df" executionId="257d8b54-0fb2-413a-9935-52d43ed4e3bb" testListId="8c84fa94-04c1-424b-9868-57a2d4851a1d" />
    <TestEntry testId="579ad665-e5c1-101e-e9d5-ec69e8518024" executionId="1481de45-efb1-47de-95ac-106491e31529" testListId="8c84fa94-04c1-424b-9868-57a2d4851a1d" />
    <TestEntry testId="73900894-df5d-78c4-fbc1-ad3eb8f3672f" executionId="0663efe6-e881-4662-b33a-f4f13dbf90f2" testListId="8c84fa94-04c1-424b-9868-57a2d4851a1d" />
    <TestEntry testId="dc664076-ce58-7b05-4276-b8c7ad2ac945" executionId="79f7f94c-064a-4656-9ef6-d2bcd73af78e" testListId="8c84fa94-04c1-424b-9868-57a2d4851a1d" />
    <TestEntry testId="24d366f8-843e-e643-6069-5fadeb08bd33" executionId="8321ad1d-387a-4fd0-9069-3709df17fbd7" testListId="8c84fa94-04c1-424b-9868-57a2d4851a1d" />
    <TestEntry testId="e4b93963-5b1d-f292-0337-cafbec4196e3" executionId="cb451fe4-9047-4103-9514-7ca9258e31c4" testListId="8c84fa94-04c1-424b-9868-57a2d4851a1d" />
    <TestEntry testId="bcb10bfe-a6dc-2e8a-91b4-652684741806" executionId="e33a8d02-78f7-48a4-8e56-d7fe429212c3" testListId="8c84fa94-04c1-424b-9868-57a2d4851a1d" />
    <TestEntry testId="b779ddad-d290-bef3-b37b-6b3d1d3119b5" executionId="7d29d5b4-da37-4308-8bc3-e6a2c11159b4" testListId="8c84fa94-04c1-424b-9868-57a2d4851a1d" />
    <TestEntry testId="57fb32c4-354f-0c30-76d9-e700015b365e" executionId="a9115b0d-a74b-4444-ab31-c4be95994e66" testListId="8c84fa94-04c1-424b-9868-57a2d4851a1d" />
    <TestEntry testId="9de01fac-ff5b-844e-ac10-8e278e50aefb" executionId="b6adf1b6-fc11-48b1-b469-99c0fb6a2203" testListId="8c84fa94-04c1-424b-9868-57a2d4851a1d" />
    <TestEntry testId="d5817b55-01eb-bbac-9fe9-d0eef0ad86c3" executionId="b187a6c9-727b-4876-ad2d-04f8ef478de2" testListId="8c84fa94-04c1-424b-9868-57a2d4851a1d" />
    <TestEntry testId="b1ba53ed-c63b-e0a2-ed64-cd13ceddfe6e" executionId="ea82b1a5-6b03-472a-b388-24e3839ef486" testListId="8c84fa94-04c1-424b-9868-57a2d4851a1d" />
    <TestEntry testId="877655ed-d7c5-ecbb-69dc-eba292771e0d" executionId="82bcce24-cc9a-4134-87a1-4a358e898fd8" testListId="8c84fa94-04c1-424b-9868-57a2d4851a1d" />
    <TestEntry testId="d7591f1a-112e-cb18-938f-5277342a0001" executionId="2ce24d6d-b4e2-40a9-875a-c68369832990" testListId="8c84fa94-04c1-424b-9868-57a2d4851a1d" />
    <TestEntry testId="a763b615-df14-2714-8164-f6346b26acba" executionId="f35b21a3-4638-45e0-8945-e1e6aee5ba50" testListId="8c84fa94-04c1-424b-9868-57a2d4851a1d" />
    <TestEntry testId="d79d029e-c1b2-e0ec-bfed-28e9fe10a24a" executionId="b4bc1036-2219-4317-b9e6-f4dd96af9aac" testListId="8c84fa94-04c1-424b-9868-57a2d4851a1d" />
    <TestEntry testId="49bb59da-f4b8-9b9f-7e24-cf8c575e9ef8" executionId="d302f714-f693-4893-9226-e9d8bb02d123" testListId="8c84fa94-04c1-424b-9868-57a2d4851a1d" />
    <TestEntry testId="8b4f7f68-213a-780b-b30e-1843e1d856e1" executionId="05081e1c-4c2c-494a-83e0-04f471b0ef71" testListId="8c84fa94-04c1-424b-9868-57a2d4851a1d" />
    <TestEntry testId="3bf3191c-e563-4ae3-3c95-e61038a6456a" executionId="13e52295-4528-4509-b4a3-86804c602ca1" testListId="8c84fa94-04c1-424b-9868-57a2d4851a1d" />
    <TestEntry testId="ad4429b9-9475-889f-2d5d-460e64943a4d" executionId="fb118cd5-f3c7-4bac-a6c8-d6f39a154ace" testListId="8c84fa94-04c1-424b-9868-57a2d4851a1d" />
    <TestEntry testId="1e223d07-860b-2b0a-9d2b-db51bcc6204c" executionId="be51a4c4-2c9d-4e7f-90f3-c667b2dfc083" testListId="8c84fa94-04c1-424b-9868-57a2d4851a1d" />
    <TestEntry testId="86c5885c-7d59-4ed0-80e8-382639614930" executionId="f2cc954b-ff28-465a-b8d9-434f311e915c" testListId="8c84fa94-04c1-424b-9868-57a2d4851a1d" />
    <TestEntry testId="53174b29-3f07-ba25-3da5-a4dd26dd3d3f" executionId="9caedcfe-52ad-492b-a967-a42e4cf1a0bf" testListId="8c84fa94-04c1-424b-9868-57a2d4851a1d" />
    <TestEntry testId="225cb7b4-a287-d1d6-99a4-e6f2902bf00e" executionId="b2185a93-0e2e-4ec3-b8e0-5c1fda2aa809" testListId="8c84fa94-04c1-424b-9868-57a2d4851a1d" />
    <TestEntry testId="b8530562-0405-7168-8fcd-5511bec549ed" executionId="9c1d1540-a1d1-4d82-bc0c-2c5835b1f2fa" testListId="8c84fa94-04c1-424b-9868-57a2d4851a1d" />
    <TestEntry testId="b3a57e4c-b805-a4fc-7df1-a182576f7b06" executionId="23de7c93-ddc2-4066-9349-f1a4c200535b" testListId="8c84fa94-04c1-424b-9868-57a2d4851a1d" />
    <TestEntry testId="ef320c25-9519-a727-36ab-a4e14fc808ab" executionId="5b5c52e9-f4f4-4842-82da-f9e0040f825f" testListId="8c84fa94-04c1-424b-9868-57a2d4851a1d" />
    <TestEntry testId="4170c8ab-61df-00b9-5958-87fb52e53cc5" executionId="7cd9857d-dc70-46cd-95e4-8d8416dc8ca7" testListId="8c84fa94-04c1-424b-9868-57a2d4851a1d" />
    <TestEntry testId="5ac2581e-fe0f-ca65-90c1-87a571bd8332" executionId="2a688aa9-5850-4c0d-9804-c21e8035cca2" testListId="8c84fa94-04c1-424b-9868-57a2d4851a1d" />
    <TestEntry testId="ce12b165-014e-77a3-5d60-7dfb938464f8" executionId="04c292d9-4630-4bea-b82b-30113dc12b56" testListId="8c84fa94-04c1-424b-9868-57a2d4851a1d" />
    <TestEntry testId="91f4da68-007c-3330-d97e-1778a3c86ff6" executionId="eabcef5c-5049-4bed-a3f7-abc21d6f8671" testListId="8c84fa94-04c1-424b-9868-57a2d4851a1d" />
    <TestEntry testId="1591563f-d2e9-622d-a731-62c1f3839ade" executionId="fe1a0951-20a7-4bc1-ad7f-7bae5fb53b17" testListId="8c84fa94-04c1-424b-9868-57a2d4851a1d" />
    <TestEntry testId="d80a6679-bda1-f7f0-639c-83286c110bf8" executionId="22969cf0-498c-4a8d-8a8a-38250dad2d27" testListId="8c84fa94-04c1-424b-9868-57a2d4851a1d" />
    <TestEntry testId="a74eb90e-9d8b-f22f-e428-3053d131a224" executionId="d3ab6110-c8b3-4dc4-810f-7e7890fba9bf" testListId="8c84fa94-04c1-424b-9868-57a2d4851a1d" />
    <TestEntry testId="f43f48f2-d820-adb3-6362-e0cc7620e862" executionId="abe28804-4f5f-46e5-95fb-f715fc3bda8a" testListId="8c84fa94-04c1-424b-9868-57a2d4851a1d" />
    <TestEntry testId="55321523-1b2f-8b45-81b8-8d9e22ebd4a1" executionId="0ba6c294-3bc7-4ab1-895a-ed14a02f9934" testListId="8c84fa94-04c1-424b-9868-57a2d4851a1d" />
    <TestEntry testId="65030bed-1ba2-d923-3acc-a1a5108ed125" executionId="e7490cf9-faeb-493c-b479-818530933b6f" testListId="8c84fa94-04c1-424b-9868-57a2d4851a1d" />
    <TestEntry testId="2361c0a5-c424-7bf2-38c0-a8601f6ffee1" executionId="9dbd0719-7e21-4c04-900c-77bd7d8121e9" testListId="8c84fa94-04c1-424b-9868-57a2d4851a1d" />
    <TestEntry testId="b5daef91-9da8-cb3b-d9ac-fd5b12ac8814" executionId="8f70ec43-8087-4109-a04c-b8d40485d0d5" testListId="8c84fa94-04c1-424b-9868-57a2d4851a1d" />
    <TestEntry testId="2474be98-7b56-ae57-91fa-a13c443623e9" executionId="b981851a-7351-4a10-9d72-084399fd02c6" testListId="8c84fa94-04c1-424b-9868-57a2d4851a1d" />
    <TestEntry testId="253c0ea7-bdf3-73a7-b608-716c64063968" executionId="fcd1592f-26c9-4454-ade7-4ac4be596ceb" testListId="8c84fa94-04c1-424b-9868-57a2d4851a1d" />
    <TestEntry testId="3b1d2d20-cfdf-9e5d-5b64-835fec20a00a" executionId="ba51902d-6d52-42fc-9f17-8c8f6c12da24" testListId="8c84fa94-04c1-424b-9868-57a2d4851a1d" />
    <TestEntry testId="d16d58aa-c640-5abe-a688-1a146a203f8b" executionId="4b8b53e7-b80c-4670-9a62-2724462d0d5c" testListId="8c84fa94-04c1-424b-9868-57a2d4851a1d" />
    <TestEntry testId="e86237af-5c13-29a1-a872-5890d41faba6" executionId="30a6fc0e-e733-4cf2-8c99-b3ad00c986ee" testListId="8c84fa94-04c1-424b-9868-57a2d4851a1d" />
    <TestEntry testId="fe7ddfe1-020e-2c9c-4f33-ef63d1ac0d9d" executionId="4332f56f-b4b4-4f08-b00e-b67e3865703c" testListId="8c84fa94-04c1-424b-9868-57a2d4851a1d" />
    <TestEntry testId="abf7a480-1a79-81c9-f364-a8f8317d4836" executionId="c5b1047e-3fe6-4e1a-8639-596b2fb43577" testListId="8c84fa94-04c1-424b-9868-57a2d4851a1d" />
    <TestEntry testId="cae2a875-e749-96da-1b97-c01a83bdd139" executionId="73104abd-4398-4a08-a65b-6846705907ab" testListId="8c84fa94-04c1-424b-9868-57a2d4851a1d" />
    <TestEntry testId="4ba3ca4e-fbe4-8600-252a-6c0b90eed55f" executionId="ec2b6ab1-86aa-4f94-b51f-bf78a414c1ea" testListId="8c84fa94-04c1-424b-9868-57a2d4851a1d" />
    <TestEntry testId="aef425bd-2eab-c6f3-c07a-7e29dd0dce17" executionId="9d16fc70-5225-43e0-aac5-673d27dec241" testListId="8c84fa94-04c1-424b-9868-57a2d4851a1d" />
    <TestEntry testId="4016a2fc-de16-87dc-b44a-4bc17035ecd6" executionId="77e5b680-b1d3-4671-a812-af0c0caf1478" testListId="8c84fa94-04c1-424b-9868-57a2d4851a1d" />
    <TestEntry testId="7a875a20-869e-f00b-053e-c70522bed2e4" executionId="0d8f02a1-85f5-4f06-89cd-c338ee92fd56" testListId="8c84fa94-04c1-424b-9868-57a2d4851a1d" />
    <TestEntry testId="d3e583cb-4224-e728-8d18-0d4b0930f13c" executionId="4c6da02b-efb1-4247-972a-91892b805a10" testListId="8c84fa94-04c1-424b-9868-57a2d4851a1d" />
  </TestEntries>
  <Results>
    <UnitTestResult executionId="7294dbb7-f531-454f-b298-718759e40919" testId="84c28ce9-dd57-52e9-afea-69a48c196f24" testName="GrabbaRideDBDataContextCreateDatabaseTest" computerName="ADRIAN-LAPTOP" duration="00:00:00.4881236" startTime="2008-09-18T16:14:44.6456000+12:00" endTime="2008-09-18T16:14:45.5386000+12:00" testType="13cdc9d9-ddb5-4fa4-a97d-d965ccfc6d4b" outcome="Inconclusive" testListId="8c84fa94-04c1-424b-9868-57a2d4851a1d">
      <Output>
        <ErrorInfo>
          <Message>Assert.Inconclusive failed. Cannot test database creation if database already exists!</Message>
          <StackTrace>   at GrabbaRide.UnitTests.GrabbaRideDBDataContextTest.GrabbaRideDBDataContextCreateDatabaseTest() in D:\Dev\GrabbaRide\grabbaride\trunk\GrabbaRide.UnitTests\GrabbaRideDBDataContextTest.cs:line 33
</StackTrace>
        </ErrorInfo>
      </Output>
    </UnitTestResult>
    <UnitTestResult executionId="14372575-2089-43b0-a719-b372081e50af" testId="54e6c344-a8a0-72e9-3b6b-5776ddb7141a" testName="UsersTest" computerName="ADRIAN-LAPTOP" duration="00:00:00.1162266" startTime="2008-09-18T16:14:45.5456000+12:00" endTime="2008-09-18T16:14:45.6696000+12:00" testType="13cdc9d9-ddb5-4fa4-a97d-d965ccfc6d4b" outcome="Inconclusive" testListId="8c84fa94-04c1-424b-9868-57a2d4851a1d">
      <Output>
        <ErrorInfo>
          <Message>Assert.Inconclusive failed. Verify the correctness of this test method.</Message>
          <StackTrace>   at GrabbaRide.UnitTests.GrabbaRideDBDataContextTest.UsersTest() in D:\Dev\GrabbaRide\grabbaride\trunk\GrabbaRide.UnitTests\GrabbaRideDBDataContextTest.cs:line 53
</StackTrace>
        </ErrorInfo>
      </Output>
    </UnitTestResult>
    <UnitTestResult executionId="4b86bbfb-0e94-43b7-8423-b0d4b975003a" testId="0304a031-799f-94bf-6b94-cfcbb1da7098" testName="RidesTest" computerName="ADRIAN-LAPTOP" duration="00:00:00.0160319" startTime="2008-09-18T16:14:45.6776000+12:00" endTime="2008-09-18T16:14:45.7006000+12:00" testType="13cdc9d9-ddb5-4fa4-a97d-d965ccfc6d4b" outcome="Inconclusive" testListId="8c84fa94-04c1-424b-9868-57a2d4851a1d">
      <Output>
        <ErrorInfo>
          <Message>Assert.Inconclusive failed. Verify the correctness of this test method.</Message>
          <StackTrace>   at GrabbaRide.UnitTests.GrabbaRideDBDataContextTest.RidesTest() in D:\Dev\GrabbaRide\grabbaride\trunk\GrabbaRide.UnitTests\GrabbaRideDBDataContextTest.cs:line 65
</StackTrace>
        </ErrorInfo>
      </Output>
    </UnitTestResult>
    <UnitTestResult executionId="e3cf1cb3-26ff-42d2-866e-cdd8d50f7706" testId="06c4a995-42a5-4d45-7dd0-6985ade3fa26" testName="OpenIDsTest" computerName="ADRIAN-LAPTOP" duration="00:00:00.0171507" startTime="2008-09-18T16:14:45.7136000+12:00" endTime="2008-09-18T16:14:45.7376000+12:00" testType="13cdc9d9-ddb5-4fa4-a97d-d965ccfc6d4b" outcome="Inconclusive" testListId="8c84fa94-04c1-424b-9868-57a2d4851a1d">
      <Output>
        <ErrorInfo>
          <Message>Assert.Inconclusive failed. Verify the correctness of this test method.</Message>
          <StackTrace>   at GrabbaRide.UnitTests.GrabbaRideDBDataContextTest.OpenIDsTest() in D:\Dev\GrabbaRide\grabbaride\trunk\GrabbaRide.UnitTests\GrabbaRideDBDataContextTest.cs:line 77
</StackTrace>
        </ErrorInfo>
      </Output>
    </UnitTestResult>
    <UnitTestResult executionId="1e82858c-fe52-4f3a-aa17-e828b693b6a8" testId="a756099b-5da6-2ddc-9fee-f15682c2d49f" testName="IsOpenIDRegisteredTest" computerName="ADRIAN-LAPTOP" duration="00:00:00.8486998" startTime="2008-09-18T16:14:45.7516000+12:00" endTime="2008-09-18T16:14:46.6076000+12:00" testType="13cdc9d9-ddb5-4fa4-a97d-d965ccfc6d4b" outcome="Failed" testListId="8c84fa94-04c1-424b-9868-57a2d4851a1d">
      <Output>
        <ErrorInfo>
          <Message>Test method GrabbaRide.UnitTests.GrabbaRideDBDataContextTest.IsOpenIDRegisteredTest threw exception:  System.InvalidOperationException: Sequence contains no elements.</Message>
          <StackTrace>    at System.Data.Linq.SqlClient.SqlProvider.Execute(Expression query, QueryInfo queryInfo, IObjectReaderFactory factory, Object[] parentArgs, Object[] userArgs, ICompiledSubQuery[] subQueries, Object lastResult)
   at System.Data.Linq.SqlClient.SqlProvider.ExecuteAll(Expression query, QueryInfo[] queryInfos, IObjectReaderFactory factory, Object[] userArguments, ICompiledSubQuery[] subQueries)
   at System.Data.Linq.SqlClient.SqlProvider.System.Data.Linq.Provider.IProvider.Execute(Expression query)
   at System.Data.Linq.DataQuery`1.System.Linq.IQueryProvider.Execute[S](Expression expression)
   at System.Linq.Queryable.Single[TSource](IQueryable`1 source)
   at GrabbaRide.Database.GrabbaRideDBDataContext.GetOpenIDsByURL(String openid_url) in D:\Dev\GrabbaRide\grabbaride\trunk\GrabbaRide.Database\GrabbaRideDB.cs:line 373
   at GrabbaRide.Database.GrabbaRideDBDataContext.IsOpenIDRegistered(String url) in D:\Dev\GrabbaRide\grabbaride\trunk\GrabbaRide.Database\GrabbaRideDB.cs:line 292
[...]
          <StackTrace>    at GrabbaRide.UserManagement.GrabbaRideMembershipProvider.GetNumberOfUsersOnline() in D:\Dev\GrabbaRide\grabbaride\trunk\GrabbaRide.UserManagement\GrabbaRideMembershipProvider.cs:line 219
   at GrabbaRide.UnitTests.GrabbaRideMembershipProviderTest.GetNumberOfUsersOnlineTest() in D:\Dev\GrabbaRide\grabbaride\trunk\GrabbaRide.UnitTests\GrabbaRideMembershipProviderTest.cs:line 327
</StackTrace>
        </ErrorInfo>
      </Output>
    </UnitTestResult>
    <UnitTestResult executionId="e7490cf9-faeb-493c-b479-818530933b6f" testId="65030bed-1ba2-d923-3acc-a1a5108ed125" testName="GetAllUsersTest" computerName="ADRIAN-LAPTOP" duration="00:00:00.0955390" startTime="2008-09-18T16:14:49.3216000+12:00" endTime="2008-09-18T16:14:49.4246000+12:00" testType="13cdc9d9-ddb5-4fa4-a97d-d965ccfc6d4b" outcome="Failed" testListId="8c84fa94-04c1-424b-9868-57a2d4851a1d">
      <Output>
        <ErrorInfo>
          <Message>Test method GrabbaRide.UnitTests.GrabbaRideMembershipProviderTest.GetAllUsersTest threw exception:  System.Data.SqlClient.SqlException: Invalid column name 'IsSignedIn'..</Message>
          <StackTrace>    at System.Data.SqlClient.SqlConnection.OnError(SqlException exception, Boolean breakConnection)
   at System.Data.SqlClient.SqlInternalConnection.OnError(SqlException exception, Boolean breakConnection)
   at System.Data.SqlClient.TdsParser.ThrowExceptionAndWarning(TdsParserStateObject stateObj)
   at System.Data.SqlClient.TdsParser.Run(RunBehavior runBehavior, SqlCommand cmdHandler, SqlDataReader dataStream, BulkCopySimpleResultSet bulkCopyHandler, TdsParserStateObject stateObj)
   at System.Data.SqlClient.SqlDataReader.ConsumeMetaData()
   at System.Data.SqlClient.SqlDataReader.get_MetaData()
   at System.Data.SqlClient.SqlCommand.FinishExecuteReader(SqlDataReader ds, RunBehavior runBehavior, String resetOptionsString)
   at System.Data.SqlClient.SqlCommand.RunExecuteReaderTds(CommandBehavior cmdBehavior, RunBehavior runBehavior, Boolean returnStream, Boolean async)
   at System.Data.SqlClient.SqlCommand.RunExecuteReader(CommandBehavior cmdBehavior, RunBehavior runBehavior, Boolean returnStream, String method, DbAsyncResult result)
   at System.Data.SqlClient.SqlCommand.RunExecuteReader(CommandBehavior cmdBehavior, RunBehavior runBehavior, Boolean returnStream, String method)
   at System.Data.SqlClient.SqlCommand.ExecuteReader(CommandBehavior behavior, String method)
   at System.Data.SqlClient.SqlCommand.ExecuteDbDataReader(CommandBehavior behavior)
   at System.Data.Common.DbCommand.ExecuteReader()
   at System.Data.Linq.SqlClient.SqlProvider.Execute(Expression query, QueryInfo queryInfo, IObjectReaderFactory factory, Object[] parentArgs, Object[] userArgs, ICompiledSubQuery[] subQueries, Object lastResult)
   at System.Data.Linq.SqlClient.SqlProvider.ExecuteAll(Expression query, QueryInfo[] queryInfos, IObjectReaderFactory factory, Object[] userArguments, ICompiledSubQuery[] subQueries)
   at System.Data.Linq.SqlClient.SqlProvider.System.Data.Linq.Provider.IProvider.Execute(Expression query)
   at System.Data.Linq.DataQuery`1.System.Collections.Generic.IEnumerable&lt;T&gt;.GetEnumerator()
   at GrabbaRide.UserManagement.GrabbaRideMembershipProvider.GetAllUsers(Int32 pageIndex, Int32 pageSize, Int32&amp; totalRecords) in D:\Dev\GrabbaRide\grabbaride\trunk\GrabbaRide.UserManagement\GrabbaRideMembershipProvider.cs:line 209
   at GrabbaRide.UnitTests.GrabbaRideMembershipProviderTest.GetAllUsersTest() in D:\Dev\GrabbaRide\grabbaride\trunk\GrabbaRide.UnitTests\GrabbaRideMembershipProviderTest.cs:line 345
</StackTrace>
        </ErrorInfo>
      </Output>
    </UnitTestResult>
    <UnitTestResult executionId="9dbd0719-7e21-4c04-900c-77bd7d8121e9" testId="2361c0a5-c424-7bf2-38c0-a8601f6ffee1" testName="FindUsersByNameTest" computerName="ADRIAN-LAPTOP" duration="00:00:00.1543507" startTime="2008-09-18T16:14:49.4376000+12:00" endTime="2008-09-18T16:14:49.6006000+12:00" testType="13cdc9d9-ddb5-4fa4-a97d-d965ccfc6d4b" outcome="Failed" testListId="8c84fa94-04c1-424b-9868-57a2d4851a1d">
      <Output>
        <ErrorInfo>
          <Message>Test method GrabbaRide.UnitTests.GrabbaRideMembershipProviderTest.FindUsersByNameTest threw exception:  System.Data.SqlClient.SqlException: Invalid column name 'IsSignedIn'..</Message>
          <StackTrace>    at System.Data.SqlClient.SqlConnection.OnError(SqlException exception, Boolean breakConnection)
   at System.Data.SqlClient.SqlInternalConnection.OnError(SqlException exception, Boolean breakConnection)
   at System.Data.SqlClient.TdsParser.ThrowExceptionAndWarning(TdsParserStateObject stateObj)
   at System.Data.SqlClient.TdsParser.Run(RunBehavior runBehavior, SqlCommand cmdHandler, SqlDataReader dataStream, BulkCopySimpleResultSet bulkCopyHandler, TdsParserStateObject stateObj)
   at System.Data.SqlClient.SqlDataReader.ConsumeMetaData()
   at System.Data.SqlClient.SqlDataReader.get_MetaData()
   at System.Data.SqlClient.SqlCommand.FinishExecuteReader(SqlDataReader ds, RunBehavior runBehavior, String resetOptionsString)
   at System.Data.SqlClient.SqlCommand.RunExecuteReaderTds(CommandBehavior cmdBehavior, RunBehavior runBehavior, Boolean returnStream, Boolean async)
   at System.Data.SqlClient.SqlCommand.RunExecuteReader(CommandBehavior cmdBehavior, RunBehavior runBehavior, Boolean returnStream, String method, DbAsyncResult result)
   at System.Data.SqlClient.SqlCommand.RunExecuteReader(CommandBehavior cmdBehavior, RunBehavior runBehavior, Boolean returnStream, String method)
   at System.Data.SqlClient.SqlCommand.ExecuteReader(CommandBehavior behavior, String method)
   at System.Data.SqlClient.SqlCommand.ExecuteDbDataReader(CommandBehavior behavior)
   at System.Data.Common.DbCommand.ExecuteReader()
   at System.Data.Linq.SqlClient.SqlProvider.Execute(Expression query, QueryInfo queryInfo, IObjectReaderFactory factory, Object[] parentArgs, Object[] userArgs, ICompiledSubQuery[] subQueries, Object lastResult)
   at System.Data.Linq.SqlClient.SqlProvider.ExecuteAll(Expression query, QueryInfo[] queryInfos, IObjectReaderFactory factory, Object[] userArguments, ICompiledSubQuery[] subQueries)
   at System.Data.Linq.SqlClient.SqlProvider.System.Data.Linq.Provider.IProvider.Execute(Expression query)
   at System.Data.Linq.DataQuery`1.System.Collections.Generic.IEnumerable&lt;T&gt;.GetEnumerator()
   at GrabbaRide.UserManagement.GrabbaRideMembershipProvider.FindUsersByName(String usernameToMatch, Int32 pageIndex, Int32 pageSize, Int32&amp; totalRecords) in D:\Dev\GrabbaRide\grabbaride\trunk\GrabbaRide.UserManagement\GrabbaRideMembershipProvider.cs:line 189
   at GrabbaRide.UnitTests.GrabbaRideMembershipProviderTest.FindUsersByNameTest() in D:\Dev\GrabbaRide\grabbaride\trunk\GrabbaRide.UnitTests\GrabbaRideMembershipProviderTest.cs:line 365
</StackTrace>
        </ErrorInfo>
      </Output>
    </UnitTestResult>
    <UnitTestResult executionId="8f70ec43-8087-4109-a04c-b8d40485d0d5" testId="b5daef91-9da8-cb3b-d9ac-fd5b12ac8814" testName="FindUsersByEmailTest" computerName="ADRIAN-LAPTOP" duration="00:00:00.0833527" startTime="2008-09-18T16:14:49.6186000+12:00" endTime="2008-09-18T16:14:49.7156000+12:00" testType="13cdc9d9-ddb5-4fa4-a97d-d965ccfc6d4b" outcome="Failed" testListId="8c84fa94-04c1-424b-9868-57a2d4851a1d">
      <Output>
        <ErrorInfo>
          <Message>Test method GrabbaRide.UnitTests.GrabbaRideMembershipProviderTest.FindUsersByEmailTest threw exception:  System.Data.SqlClient.SqlException: Invalid column name 'IsSignedIn'..</Message>
          <StackTrace>    at System.Data.SqlClient.SqlConnection.OnError(SqlException exception, Boolean breakConnection)
   at System.Data.SqlClient.SqlInternalConnection.OnError(SqlException exception, Boolean breakConnection)
   at System.Data.SqlClient.TdsParser.ThrowExceptionAndWarning(TdsParserStateObject stateObj)
   at System.Data.SqlClient.TdsParser.Run(RunBehavior runBehavior, SqlCommand cmdHandler, SqlDataReader dataStream, BulkCopySimpleResultSet bulkCopyHandler, TdsParserStateObject stateObj)
   at System.Data.SqlClient.SqlDataReader.ConsumeMetaData()
   at System.Data.SqlClient.SqlDataReader.get_MetaData()
   at System.Data.SqlClient.SqlCommand.FinishExecuteReader(SqlDataReader ds, RunBehavior runBehavior, String resetOptionsString)
   at System.Data.SqlClient.SqlCommand.RunExecuteReaderTds(CommandBehavior cmdBehavior, RunBehavior runBehavior, Boolean returnStream, Boolean async)
   at System.Data.SqlClient.SqlCommand.RunExecuteReader(CommandBehavior cmdBehavior, RunBehavior runBehavior, Boolean returnStream, String method, DbAsyncResult result)
   at System.Data.SqlClient.SqlCommand.RunExecuteReader(CommandBehavior cmdBehavior, RunBehavior runBehavior, Boolean returnStream, String method)
   at System.Data.SqlClient.SqlCommand.ExecuteReader(CommandBehavior behavior, String method)
   at System.Data.SqlClient.SqlCommand.ExecuteDbDataReader(CommandBehavior behavior)
   at System.Data.Common.DbCommand.ExecuteReader()
   at System.Data.Linq.SqlClient.SqlProvider.Execute(Expression query, QueryInfo queryInfo, IObjectReaderFactory factory, Object[] parentArgs, Object[] userArgs, ICompiledSubQuery[] subQueries, Object lastResult)
   at System.Data.Linq.SqlClient.SqlProvider.ExecuteAll(Expression query, QueryInfo[] queryInfos, IObjectReaderFactory factory, Object[] userArguments, ICompiledSubQuery[] subQueries)
   at System.Data.Linq.SqlClient.SqlProvider.System.Data.Linq.Provider.IProvider.Execute(Expression query)
   at System.Data.Linq.DataQuery`1.System.Collections.Generic.IEnumerable&lt;T&gt;.GetEnumerator()
   at GrabbaRide.UserManagement.GrabbaRideMembershipProvider.FindUsersByEmail(String emailToMatch, Int32 pageIndex, Int32 pageSize, Int32&amp; totalRecords) in D:\Dev\GrabbaRide\grabbaride\trunk\GrabbaRide.UserManagement\GrabbaRideMembershipProvider.cs:line 168
   at GrabbaRide.UnitTests.GrabbaRideMembershipProviderTest.FindUsersByEmailTest() in D:\Dev\GrabbaRide\grabbaride\trunk\GrabbaRide.UnitTests\GrabbaRideMembershipProviderTest.cs:line 385
</StackTrace>
        </ErrorInfo>
      </Output>
    </UnitTestResult>
    <UnitTestResult executionId="b981851a-7351-4a10-9d72-084399fd02c6" testId="2474be98-7b56-ae57-91fa-a13c443623e9" testName="DeleteUserTest" computerName="ADRIAN-LAPTOP" duration="00:00:00.0227700" startTime="2008-09-18T16:14:49.7356000+12:00" endTime="2008-09-18T16:14:49.7906000+12:00" testType="13cdc9d9-ddb5-4fa4-a97d-d965ccfc6d4b" outcome="Inconclusive" testListId="8c84fa94-04c1-424b-9868-57a2d4851a1d">
      <Output>
        <ErrorInfo>
          <Message>Assert.Inconclusive failed. Verify the correctness of this test method.</Message>
          <StackTrace>   at GrabbaRide.UnitTests.GrabbaRideMembershipProviderTest.DeleteUserTest() in D:\Dev\GrabbaRide\grabbaride\trunk\GrabbaRide.UnitTests\GrabbaRideMembershipProviderTest.cs:line 404
</StackTrace>
        </ErrorInfo>
      </Output>
    </UnitTestResult>
    <UnitTestResult executionId="fcd1592f-26c9-4454-ade7-4ac4be596ceb" testId="253c0ea7-bdf3-73a7-b608-716c64063968" testName="CreateUserTest" computerName="ADRIAN-LAPTOP" duration="00:00:00.0245831" startTime="2008-09-18T16:14:49.8056000+12:00" endTime="2008-09-18T16:14:49.8366000+12:00" testType="13cdc9d9-ddb5-4fa4-a97d-d965ccfc6d4b" outcome="Failed" testListId="8c84fa94-04c1-424b-9868-57a2d4851a1d">
      <Output>
        <ErrorInfo>
          <Message>Test method GrabbaRide.UnitTests.GrabbaRideMembershipProviderTest.CreateUserTest threw exception:  System.ArgumentException: Not a valid email address: emails must be "user@host.something".</Message>
          <StackTrace>    at GrabbaRide.Database.GrabbaRideDBDataContext.GetUserByEmail(String email) in D:\Dev\GrabbaRide\grabbaride\trunk\GrabbaRide.Database\GrabbaRideDB.cs:line 212
   at GrabbaRide.UserManagement.GrabbaRideMembershipProvider.CreateUser(String username, String password, String email, String passwordQuestion, String passwordAnswer, Boolean isApproved, Object providerUserKey, MembershipCreateStatus&amp; status) in D:\Dev\GrabbaRide\grabbaride\trunk\GrabbaRide.UserManagement\GrabbaRideMembershipProvider.cs:line 90
   at GrabbaRide.UnitTests.GrabbaRideMembershipProviderTest.CreateUserTest() in D:\Dev\GrabbaRide\grabbaride\trunk\GrabbaRide.UnitTests\GrabbaRideMembershipProviderTest.cs:line 425
</StackTrace>
        </ErrorInfo>
      </Output>
    </UnitTestResult>
    <UnitTestResult executionId="ba51902d-6d52-42fc-9f17-8c8f6c12da24" testId="3b1d2d20-cfdf-9e5d-5b64-835fec20a00a" testName="ChangePasswordQuestionAndAnswerTest" computerName="ADRIAN-LAPTOP" duration="00:00:00.0224668" startTime="2008-09-18T16:14:49.8506000+12:00" endTime="2008-09-18T16:14:49.8786000+12:00" testType="13cdc9d9-ddb5-4fa4-a97d-d965ccfc6d4b" outcome="Inconclusive" testListId="8c84fa94-04c1-424b-9868-57a2d4851a1d">
      <Output>
        <ErrorInfo>
          <Message>Assert.Inconclusive failed. Verify the correctness of this test method.</Message>
          <StackTrace>   at GrabbaRide.UnitTests.GrabbaRideMembershipProviderTest.ChangePasswordQuestionAndAnswerTest() in D:\Dev\GrabbaRide\grabbaride\trunk\GrabbaRide.UnitTests\GrabbaRideMembershipProviderTest.cs:line 446
</StackTrace>
        </ErrorInfo>
      </Output>
    </UnitTestResult>
    <UnitTestResult executionId="4b8b53e7-b80c-4670-9a62-2724462d0d5c" testId="d16d58aa-c640-5abe-a688-1a146a203f8b" testName="ChangePasswordTest" computerName="ADRIAN-LAPTOP" duration="00:00:00.0232594" startTime="2008-09-18T16:14:49.8926000+12:00" endTime="2008-09-18T16:14:49.9246000+12:00" testType="13cdc9d9-ddb5-4fa4-a97d-d965ccfc6d4b" outcome="Inconclusive" testListId="8c84fa94-04c1-424b-9868-57a2d4851a1d">
      <Output>
        <ErrorInfo>
          <Message>Assert.Inconclusive failed. Verify the correctness of this test method.</Message>
          <StackTrace>   at GrabbaRide.UnitTests.GrabbaRideMembershipProviderTest.ChangePasswordTest() in D:\Dev\GrabbaRide\grabbaride\trunk\GrabbaRide.UnitTests\GrabbaRideMembershipProviderTest.cs:line 463
</StackTrace>
        </ErrorInfo>
      </Output>
    </UnitTestResult>
    <UnitTestResult executionId="30a6fc0e-e733-4cf2-8c99-b3ad00c986ee" testId="e86237af-5c13-29a1-a872-5890d41faba6" testName="GrabbaRideMembershipProviderConstructorTest" computerName="ADRIAN-LAPTOP" duration="00:00:00.0149454" startTime="2008-09-18T16:14:49.9386000+12:00" endTime="2008-09-18T16:14:49.9596000+12:00" testType="13cdc9d9-ddb5-4fa4-a97d-d965ccfc6d4b" outcome="Inconclusive" testListId="8c84fa94-04c1-424b-9868-57a2d4851a1d">
      <Output>
        <ErrorInfo>
          <Message>Assert.Inconclusive failed. TODO: Implement code to verify target</Message>
          <StackTrace>   at GrabbaRide.UnitTests.GrabbaRideMembershipProviderTest.GrabbaRideMembershipProviderConstructorTest() in D:\Dev\GrabbaRide\grabbaride\trunk\GrabbaRide.UnitTests\GrabbaRideMembershipProviderTest.cs:line 473
</StackTrace>
        </ErrorInfo>
      </Output>
    </UnitTestResult>
    <UnitTestResult executionId="4332f56f-b4b4-4f08-b00e-b67e3865703c" testId="fe7ddfe1-020e-2c9c-4f33-ef63d1ac0d9d" testName="JourneyLengthTest" computerName="ADRIAN-LAPTOP" duration="00:00:00.0043179" startTime="2008-09-18T16:14:49.9686000+12:00" endTime="2008-09-18T16:14:49.9826000+12:00" testType="13cdc9d9-ddb5-4fa4-a97d-d965ccfc6d4b" outcome="Passed" testListId="8c84fa94-04c1-424b-9868-57a2d4851a1d">
      <Output>
      </Output>
    </UnitTestResult>
    <UnitTestResult executionId="c5b1047e-3fe6-4e1a-8639-596b2fb43577" testId="abf7a480-1a79-81c9-f364-a8f8317d4836" testName="DepartureTimeTest" computerName="ADRIAN-LAPTOP" duration="00:00:00.0013774" startTime="2008-09-18T16:14:49.9896000+12:00" endTime="2008-09-18T16:14:49.9976000+12:00" testType="13cdc9d9-ddb5-4fa4-a97d-d965ccfc6d4b" outcome="Passed" testListId="8c84fa94-04c1-424b-9868-57a2d4851a1d">
      <Output>
      </Output>
    </UnitTestResult>
    <UnitTestResult executionId="73104abd-4398-4a08-a65b-6846705907ab" testId="cae2a875-e749-96da-1b97-c01a83bdd139" testName="JourneyDistanceTest1" computerName="ADRIAN-LAPTOP" duration="00:00:00.0039838" startTime="2008-09-18T16:14:50.0046000+12:00" endTime="2008-09-18T16:14:50.0156000+12:00" testType="13cdc9d9-ddb5-4fa4-a97d-d965ccfc6d4b" outcome="Passed" testListId="8c84fa94-04c1-424b-9868-57a2d4851a1d">
      <Output>
      </Output>
    </UnitTestResult>
    <UnitTestResult executionId="ec2b6ab1-86aa-4f94-b51f-bf78a414c1ea" testId="4ba3ca4e-fbe4-8600-252a-6c0b90eed55f" testName="JourneyDistanceTest2" computerName="ADRIAN-LAPTOP" duration="00:00:00.0006054" startTime="2008-09-18T16:14:50.0236000+12:00" endTime="2008-09-18T16:14:50.0286000+12:00" testType="13cdc9d9-ddb5-4fa4-a97d-d965ccfc6d4b" outcome="Passed" testListId="8c84fa94-04c1-424b-9868-57a2d4851a1d">
      <Output>
      </Output>
    </UnitTestResult>
    <UnitTestResult executionId="9d16fc70-5225-43e0-aac5-673d27dec241" testId="aef425bd-2eab-c6f3-c07a-7e29dd0dce17" testName="RideConstructorTest" computerName="ADRIAN-LAPTOP" duration="00:00:00.0018371" startTime="2008-09-18T16:14:50.0356000+12:00" endTime="2008-09-18T16:14:50.0436000+12:00" testType="13cdc9d9-ddb5-4fa4-a97d-d965ccfc6d4b" outcome="Passed" testListId="8c84fa94-04c1-424b-9868-57a2d4851a1d">
      <Output>
      </Output>
    </UnitTestResult>
    <UnitTestResult executionId="77e5b680-b1d3-4671-a812-af0c0caf1478" testId="4016a2fc-de16-87dc-b44a-4bc17035ecd6" testName="GenerateRandomPasswordTest" computerName="ADRIAN-LAPTOP" duration="00:00:00.0037918" startTime="2008-09-18T16:14:50.0526000+12:00" endTime="2008-09-18T16:14:50.0636000+12:00" testType="13cdc9d9-ddb5-4fa4-a97d-d965ccfc6d4b" outcome="Passed" testListId="8c84fa94-04c1-424b-9868-57a2d4851a1d">
      <Output>
      </Output>
    </UnitTestResult>
    <UnitTestResult executionId="0d8f02a1-85f5-4f06-89cd-c338ee92fd56" testId="7a875a20-869e-f00b-053e-c70522bed2e4" testName="GetMembershipUserTest" computerName="ADRIAN-LAPTOP" duration="00:00:00.0500346" startTime="2008-09-18T16:14:50.0706000+12:00" endTime="2008-09-18T16:14:50.1476000+12:00" testType="13cdc9d9-ddb5-4fa4-a97d-d965ccfc6d4b" outcome="Failed" testListId="8c84fa94-04c1-424b-9868-57a2d4851a1d">
      <Output>
        <ErrorInfo>
          <Message>Test method GrabbaRide.UnitTests.UserTest.GetMembershipUserTest threw exception:  System.ArgumentException: The membership provider name specified is invalid.
Parameter name: providerName.</Message>
          <StackTrace>    at System.Web.Security.MembershipUser..ctor(String providerName, String name, Object providerUserKey, String email, String passwordQuestion, String comment, Boolean isApproved, Boolean isLockedOut, DateTime creationDate, DateTime lastLoginDate, DateTime lastActivityDate, DateTime lastPasswordChangedDate, DateTime lastLockoutDate)
   at GrabbaRide.Database.User.GetMembershipUser() in D:\Dev\GrabbaRide\grabbaride\trunk\GrabbaRide.Database\User.cs:line 42
   at GrabbaRide.UnitTests.UserTest.GetMembershipUserTest() in D:\Dev\GrabbaRide\grabbaride\trunk\GrabbaRide.UnitTests\UserTest.cs:line 85
</StackTrace>
        </ErrorInfo>
      </Output>
    </UnitTestResult>
    <UnitTestResult executionId="4c6da02b-efb1-4247-972a-91892b805a10" testId="d3e583cb-4224-e728-8d18-0d4b0930f13c" testName="UserConstructorTest" computerName="ADRIAN-LAPTOP" duration="00:00:00.0012202" startTime="2008-09-18T16:14:50.1626000+12:00" endTime="2008-09-18T16:14:50.1706000+12:00" testType="13cdc9d9-ddb5-4fa4-a97d-d965ccfc6d4b" outcome="Passed" testListId="8c84fa94-04c1-424b-9868-57a2d4851a1d">
      <Output>
      </Output>
    </UnitTestResult>
  </Results>
</TestRun>