<?xml version="1.0" encoding="UTF-8"?>
<TestRun id="43cdc42c-bfa7-47e5-9476-9308821fe2b3" name="Adrian@ADRIAN-LAPTOP 2008-09-18 17:54:36" runUser="Adrian-Laptop\Adrian" xmlns="http://microsoft.com/schemas/VisualStudio/TeamTest/2006">
  <TestRunConfiguration name="Local Test Run" id="3e618621-4ae7-42e5-8007-529530b8123e">
    <Description>This is a default test run configuration for a local test run.</Description>
    <Deployment runDeploymentRoot="D:\Dev\GrabbaRide\grabbaride\trunk\TestResults\Adrian_ADRIAN-LAPTOP 2008-09-18 17_54_36">
      <DeploymentItem filename="D:\Dev\GrabbaRide\grabbaride\trunk\GrabbaRide.UserManagement\lib\DotNetOpenId.dll" />
      <DeploymentItem filename="D:\Dev\GrabbaRide\grabbaride\trunk\GrabbaRide.UserManagement\bin\Debug\GrabbaRide.UserManagement.dll" />
      <DeploymentItem filename="D:\Dev\GrabbaRide\grabbaride\trunk\GrabbaRide.Database\bin\Debug\GrabbaRide.Database.dll" />
    </Deployment>
    <TestTypeSpecific />
  </TestRunConfiguration>
  <ResultSummary outcome="Error">
    <Counters total="68" executed="68" passed="20" error="0" failed="33" timeout="0" aborted="0" inconclusive="15" passedButRunAborted="0" notRunnable="0" notExecuted="0" disconnected="0" warning="0" completed="0" inProgress="0" pending="0" />
    <RunInfos>
      <RunInfo computerName="ADRIAN-LAPTOP" outcome="Error" timestamp="2008-09-18T17:55:03.1563812+12:00">
        <Text>Class Cleanup method GrabbaRideDBDataContextTest.MyClassCleanup failed. Error Message:  System.Data.SqlClient.SqlException: Cannot drop database "GrabbaRideTestDB" because it is currently in use.. Stack Trace:     at System.Data.SqlClient.SqlConnection.OnError(SqlException exception, Boolean breakConnection)
   at System.Data.SqlClient.SqlInternalConnection.OnError(SqlException exception, Boolean breakConnection)
   at System.Data.SqlClient.TdsParser.ThrowExceptionAndWarning(TdsParserStateObject stateObj)
   at System.Data.SqlClient.TdsParser.Run(RunBehavior runBehavior, SqlCommand cmdHandler, SqlDataReader dataStream, BulkCopySimpleResultSet bulkCopyHandler, TdsParserStateObject stateObj)
   at System.Data.SqlClient.SqlCommand.RunExecuteNonQueryTds(String methodName, Boolean async)
   at System.Data.SqlClient.SqlCommand.InternalExecuteNonQuery(DbAsyncResult result, String methodName, Boolean sendToPipe)
   at System.Data.SqlClient.SqlCommand.ExecuteNonQuery()
   at System.Data.Linq.SqlClient.SqlProvider.ExecuteCommand(String command)
   at System.Data.Linq.SqlClient.SqlProvider.System.Data.Linq.Provider.IProvider.DeleteDatabase()
   at System.Data.Linq.DataContext.DeleteDatabase()
   at GrabbaRide.UnitTests.GrabbaRideDBDataContextTest.MyClassCleanup() in D:\Dev\GrabbaRide\grabbaride\trunk\GrabbaRide.UnitTests\GrabbaRideDBDataContextTest.cs:line 81
</Text>
      </RunInfo>
    </RunInfos>
  </ResultSummary>
  <Times creation="2008-09-18T17:54:36.5115812+12:00" queuing="2008-09-18T17:54:37.1667812+12:00" start="2008-09-18T17:54:37.2915812+12:00" finish="2008-09-18T17:55:03.1719812+12:00" />
  <TestDefinitions>
    <UnitTest name="ResetPasswordTest" storage="d:\dev\grabbaride\grabbaride\trunk\grabbaride.unittests\bin\debug\grabbaride.unittests.dll" id="ce12b165-014e-77a3-5d60-7dfb938464f8">
      <Css projectStructure="" iteration="" />
      <Owners>
        <Owner name="" />
      </Owners>
      <Execution id="1f8e11e2-e474-4642-93d5-ec985162bdf1" />
      <TestMethod codeBase="D:\Dev\GrabbaRide\grabbaride\trunk\GrabbaRide.UnitTests\bin\Debug\GrabbaRide.UnitTests.dll" adapterTypeName="Microsoft.VisualStudio.TestTools.TestTypes.Unit.UnitTestAdapter, Microsoft.VisualStudio.QualityTools.Tips.UnitTest.Adapter, Version=9.0.0.0, Culture=neutral, PublicKeyToken=b03f5f7f11d50a3a" className="GrabbaRide.UnitTests.GrabbaRideMembershipProviderTest, GrabbaRide.UnitTests" name="ResetPasswordTest" />
    </UnitTest>
    <UnitTest name="PasswordFormatTest" storage="d:\dev\grabbaride\grabbaride\trunk\grabbaride.unittests\bin\debug\grabbaride.unittests.dll" id="3bf3191c-e563-4ae3-3c95-e61038a6456a">
      <Css projectStructure="" iteration="" />
      <Owners>
        <Owner name="" />
      </Owners>
      <Execution id="75ce919e-e0fe-4ef0-9b6b-39e98be66064" />
      <TestMethod codeBase="D:\Dev\GrabbaRide\grabbaride\trunk\GrabbaRide.UnitTests\bin\Debug\GrabbaRide.UnitTests.dll" adapterTypeName="Microsoft.VisualStudio.TestTools.TestTypes.Unit.UnitTestAdapter, Microsoft.VisualStudio.QualityTools.Tips.UnitTest.Adapter, Version=9.0.0.0, Culture=neutral, PublicKeyToken=b03f5f7f11d50a3a" className="GrabbaRide.UnitTests.GrabbaRideMembershipProviderTest, GrabbaRide.UnitTests" name="PasswordFormatTest" />
    </UnitTest>
    <UnitTest name="DeleteUserTest" storage="d:\dev\grabbaride\grabbaride\trunk\grabbaride.unittests\bin\debug\grabbaride.unittests.dll" id="2474be98-7b56-ae57-91fa-a13c443623e9">
      <Css projectStructure="" iteration="" />
      <Owners>
        <Owner name="" />
      </Owners>
      <Execution id="1cedd718-4ec3-4a54-a946-dc30aa3f6cd4" />
      <TestMethod codeBase="D:\Dev\GrabbaRide\grabbaride\trunk\GrabbaRide.UnitTests\bin\Debug\GrabbaRide.UnitTests.dll" adapterTypeName="Microsoft.VisualStudio.TestTools.TestTypes.Unit.UnitTestAdapter, Microsoft.VisualStudio.QualityTools.Tips.UnitTest.Adapter, Version=9.0.0.0, Culture=neutral, PublicKeyToken=b03f5f7f11d50a3a" className="GrabbaRide.UnitTests.GrabbaRideMembershipProviderTest, GrabbaRide.UnitTests" name="DeleteUserTest" />
    </UnitTest>
    <UnitTest name="DetachOpenIDTest" storage="d:\dev\grabbaride\grabbaride\trunk\grabbaride.unittests\bin\debug\grabbaride.unittests.dll" id="bcb10bfe-a6dc-2e8a-91b4-652684741806">
      <Css projectStructure="" iteration="" />
      <Owners>
        <Owner name="" />
      </Owners>
      <Execution id="3e38259b-b5ae-4722-9f34-72320dd5608b" />
      <TestMethod codeBase="D:\Dev\GrabbaRide\grabbaride\trunk\GrabbaRide.UnitTests\bin\Debug\GrabbaRide.UnitTests.dll" adapterTypeName="Microsoft.VisualStudio.TestTools.TestTypes.Unit.UnitTestAdapter, Microsoft.VisualStudio.QualityTools.Tips.UnitTest.Adapter, Version=9.0.0.0, Culture=neutral, PublicKeyToken=b03f5f7f11d50a3a" className="GrabbaRide.UnitTests.GrabbaRideDBDataContextTest, GrabbaRide.UnitTests" name="DetachOpenIDTest" />
    </UnitTest>
    <UnitTest name="MaxInvalidPasswordAttemptsTest" storage="d:\dev\grabbaride\grabbaride\trunk\grabbaride.unittests\bin\debug\grabbaride.unittests.dll" id="53174b29-3f07-ba25-3da5-a4dd26dd3d3f">
      <Css projectStructure="" iteration="" />
      <Owners>
        <Owner name="" />
      </Owners>
      <Execution id="a32f57f2-1c2e-46d2-b458-7b92bd4fda4f" />
      <TestMethod codeBase="D:\Dev\GrabbaRide\grabbaride\trunk\GrabbaRide.UnitTests\bin\Debug\GrabbaRide.UnitTests.dll" adapterTypeName="Microsoft.VisualStudio.TestTools.TestTypes.Unit.UnitTestAdapter, Microsoft.VisualStudio.QualityTools.Tips.UnitTest.Adapter, Version=9.0.0.0, Culture=neutral, PublicKeyToken=b03f5f7f11d50a3a" className="GrabbaRide.UnitTests.GrabbaRideMembershipProviderTest, GrabbaRide.UnitTests" name="MaxInvalidPasswordAttemptsTest" />
    </UnitTest>
    <UnitTest name="GetAllUsersTest" storage="d:\dev\grabbaride\grabbaride\trunk\grabbaride.unittests\bin\debug\grabbaride.unittests.dll" id="65030bed-1ba2-d923-3acc-a1a5108ed125">
      <Css projectStructure="" iteration="" />
      <Owners>
        <Owner name="" />
      </Owners>
      <Execution id="4c908d26-3337-4030-9878-5d9a58808c25" />
      <TestMethod codeBase="D:\Dev\GrabbaRide\grabbaride\trunk\GrabbaRide.UnitTests\bin\Debug\GrabbaRide.UnitTests.dll" adapterTypeName="Microsoft.VisualStudio.TestTools.TestTypes.Unit.UnitTestAdapter, Microsoft.VisualStudio.QualityTools.Tips.UnitTest.Adapter, Version=9.0.0.0, Culture=neutral, PublicKeyToken=b03f5f7f11d50a3a" className="GrabbaRide.UnitTests.GrabbaRideMembershipProviderTest, GrabbaRide.UnitTests" name="GetAllUsersTest" />
    </UnitTest>
    <UnitTest name="GetUserByIDTest2" storage="d:\dev\grabbaride\grabbaride\trunk\grabbaride.unittests\bin\debug\grabbaride.unittests.dll" id="bc903a28-a785-ad4e-9ef9-4083847aedbe">
      <Css projectStructure="" iteration="" />
      <Owners>
        <Owner name="" />
      </Owners>
      <Execution id="5eaf0c07-ca3e-400f-b223-5764e2984bb5" />
      <TestMethod codeBase="D:\Dev\GrabbaRide\grabbaride\trunk\GrabbaRide.UnitTests\bin\Debug\GrabbaRide.UnitTests.dll" adapterTypeName="Microsoft.VisualStudio.TestTools.TestTypes.Unit.UnitTestAdapter, Microsoft.VisualStudio.QualityTools.Tips.UnitTest.Adapter, Version=9.0.0.0, Culture=neutral, PublicKeyToken=b03f5f7f11d50a3a" className="GrabbaRide.UnitTests.GrabbaRideDBDataContextTest, GrabbaRide.UnitTests" name="GetUserByIDTest2" />
    </UnitTest>
    <UnitTest name="DetachRideTest" storage="d:\dev\grabbaride\grabbaride\trunk\grabbaride.unittests\bin\debug\grabbaride.unittests.dll" id="24d366f8-843e-e643-6069-5fadeb08bd33">
      <Css projectStructure="" iteration="" />
      <Owners>
        <Owner name="" />
      </Owners>
      <Execution id="7bbce113-8a00-4de1-a60f-1023b1a6afff" />
      <TestMethod codeBase="D:\Dev\GrabbaRide\grabbaride\trunk\GrabbaRide.UnitTests\bin\Debug\GrabbaRide.UnitTests.dll" adapterTypeName="Microsoft.VisualStudio.TestTools.TestTypes.Unit.UnitTestAdapter, Microsoft.VisualStudio.QualityTools.Tips.UnitTest.Adapter, Version=9.0.0.0, Culture=neutral, PublicKeyToken=b03f5f7f11d50a3a" className="GrabbaRide.UnitTests.GrabbaRideDBDataContextTest, GrabbaRide.UnitTests" name="DetachRideTest" />
    </UnitTest>
    <UnitTest name="GetUserByUsernameTest1" storage="d:\dev\grabbaride\grabbaride\trunk\grabbaride.unittests\bin\debug\grabbaride.unittests.dll" id="fa5607e9-368d-3081-794c-53cb5de13111">
      <Css projectStructure="" iteration="" />
      <Owners>
        <Owner name="" />
      </Owners>
      <Execution id="3eebd361-b15a-4cec-a3b5-e408a3003f14" />
      <TestMethod codeBase="D:\Dev\GrabbaRide\grabbaride\trunk\GrabbaRide.UnitTests\bin\Debug\GrabbaRide.UnitTests.dll" adapterTypeName="Microsoft.VisualStudio.TestTools.TestTypes.Unit.UnitTestAdapter, Microsoft.VisualStudio.QualityTools.Tips.UnitTest.Adapter, Version=9.0.0.0, Culture=neutral, PublicKeyToken=b03f5f7f11d50a3a" className="GrabbaRide.UnitTests.GrabbaRideDBDataContextTest, GrabbaRide.UnitTests" name="GetUserByUsernameTest1" />
    </UnitTest>
    <UnitTest name="GetUser_SortByUserNameTest" storage="d:\dev\grabbaride\grabbaride\trunk\grabbaride.unittests\bin\debug\grabbaride.unittests.dll" id="502725cc-885c-0248-f5c0-a44fb92b3dd0">
      <Css projectStructure="" iteration="" />
      <Owners>
        <Owner name="" />
      </Owners>
      <Execution id="05df004e-bb34-40d7-ae1b-0d99e9bb31fb" />
      <TestMethod codeBase="D:\Dev\GrabbaRide\grabbaride\trunk\GrabbaRide.UnitTests\bin\Debug\GrabbaRide.UnitTests.dll" adapterTypeName="Microsoft.VisualStudio.TestTools.TestTypes.Unit.UnitTestAdapter, Microsoft.VisualStudio.QualityTools.Tips.UnitTest.Adapter, Version=9.0.0.0, Culture=neutral, PublicKeyToken=b03f5f7f11d50a3a" className="GrabbaRide.UnitTests.GrabbaRideDBDataContextTest, GrabbaRide.UnitTests" name="GetUser_SortByUserNameTest" />
    </UnitTest>
    <UnitTest name="GetUserNameByEmailTest" storage="d:\dev\grabbaride\grabbaride\trunk\grabbaride.unittests\bin\debug\grabbaride.unittests.dll" id="1591563f-d2e9-622d-a731-62c1f3839ade">
      <Css projectStructure="" iteration="" />
      <Owners>
        <Owner name="" />
      </Owners>
      <Execution id="4c96703e-402d-4234-8a13-3559f29e4c02" />
      <TestMethod codeBase="D:\Dev\GrabbaRide\grabbaride\trunk\GrabbaRide.UnitTests\bin\Debug\GrabbaRide.UnitTests.dll" adapterTypeName="Microsoft.VisualStudio.TestTools.TestTypes.Unit.UnitTestAdapter, Microsoft.VisualStudio.QualityTools.Tips.UnitTest.Adapter, Version=9.0.0.0, Culture=neutral, PublicKeyToken=b03f5f7f11d50a3a" className="GrabbaRide.UnitTests.GrabbaRideMembershipProviderTest, GrabbaRide.UnitTests" name="GetUserNameByEmailTest" />
    </UnitTest>
    <UnitTest name="MinRequiredNonAlphanumericCharactersTest" storage="d:\dev\grabbaride\grabbaride\trunk\grabbaride.unittests\bin\debug\grabbaride.unittests.dll" id="86c5885c-7d59-4ed0-80e8-382639614930">
      <Css projectStructure="" iteration="" />
      <Owners>
        <Owner name="" />
      </Owners>
      <Execution id="fb53f2e2-a3fc-4d73-9748-b7505d2cee00" />
      <TestMethod codeBase="D:\Dev\GrabbaRide\grabbaride\trunk\GrabbaRide.UnitTests\bin\Debug\GrabbaRide.UnitTests.dll" adapterTypeName="Microsoft.VisualStudio.TestTools.TestTypes.Unit.UnitTestAdapter, Microsoft.VisualStudio.QualityTools.Tips.UnitTest.Adapter, Version=9.0.0.0, Culture=neutral, PublicKeyToken=b03f5f7f11d50a3a" className="GrabbaRide.UnitTests.GrabbaRideMembershipProviderTest, GrabbaRide.UnitTests" name="MinRequiredNonAlphanumericCharactersTest" />
    </UnitTest>
    <UnitTest name="GetOpenIDsByUserTest" storage="d:\dev\grabbaride\grabbaride\trunk\grabbaride.unittests\bin\debug\grabbaride.unittests.dll" id="5015f960-99dc-5c5b-e393-ff86eb1fbcd2">
      <Css projectStructure="" iteration="" />
      <Owners>
        <Owner name="" />
      </Owners>
      <DeploymentItems>
        <DeploymentItem filename="GrabbaRide.Database.dll" />
      </DeploymentItems>
      <Execution id="ec8ec76b-bdf1-4a9e-bf50-5eb6f1fa5a77" />
      <TestMethod codeBase="D:\Dev\GrabbaRide\grabbaride\trunk\GrabbaRide.UnitTests\bin\Debug\GrabbaRide.UnitTests.dll" adapterTypeName="Microsoft.VisualStudio.TestTools.TestTypes.Unit.UnitTestAdapter, Microsoft.VisualStudio.QualityTools.Tips.UnitTest.Adapter, Version=9.0.0.0, Culture=neutral, PublicKeyToken=b03f5f7f11d50a3a" className="GrabbaRide.UnitTests.GrabbaRideDBDataContextTest, GrabbaRide.UnitTests" name="GetOpenIDsByUserTest" />
    </UnitTest>
    <UnitTest name="ChangePasswordTest" storage="d:\dev\grabbaride\grabbaride\trunk\grabbaride.unittests\bin\debug\grabbaride.unittests.dll" id="d16d58aa-c640-5abe-a688-1a146a203f8b">
      <Css projectStructure="" iteration="" />
      <Owners>
        <Owner name="" />
      </Owners>
      <Execution id="8591ddb3-c395-40c5-9d67-51c420f4db4c" />
      <TestMethod codeBase="D:\Dev\GrabbaRide\grabbaride\trunk\GrabbaRide.UnitTests\bin\Debug\GrabbaRide.UnitTests.dll" adapterTypeName="Microsoft.VisualStudio.TestTools.TestTypes.Unit.UnitTestAdapter, Microsoft.VisualStudio.QualityTools.Tips.UnitTest.Adapter, Version=9.0.0.0, Culture=neutral, PublicKeyToken=b03f5f7f11d50a3a" className="GrabbaRide.UnitTests.GrabbaRideMembershipProviderTest, GrabbaRide.UnitTests" name="ChangePasswordTest" />
    </UnitTest>
    <UnitTest name="CreateUserTest" storage="d:\dev\grabbaride\grabbaride\trunk\grabbaride.unittests\bin\debug\grabbaride.unittests.dll" id="253c0ea7-bdf3-73a7-b608-716c64063968">
      <Css projectStructure="" iteration="" />
      <Owners>
        <Owner name="" />
      </Owners>
      <Execution id="d83d4cfb-dd3c-405e-9403-43bdb2408832" />
      <TestMethod codeBase="D:\Dev\GrabbaRide\grabbaride\trunk\GrabbaRide.UnitTests\bin\Debug\GrabbaRide.UnitTests.dll" adapterTypeName="Microsoft.VisualStudio.TestTools.TestTypes.Unit.UnitTestAdapter, Microsoft.VisualStudio.QualityTools.Tips.UnitTest.Adapter, Version=9.0.0.0, Culture=neutral, PublicKeyToken=b03f5f7f11d50a3a" className="GrabbaRide.UnitTests.GrabbaRideMembershipProviderTest, GrabbaRide.UnitTests" name="CreateUserTest" />
    </UnitTest>
    <UnitTest name="getRidesAfterDateTest" storage="d:\dev\grabbaride\grabbaride\trunk\grabbaride.unittests\bin\debug\grabbaride.unittests.dll" id="352b5c7c-65b0-9c97-7143-b449ffa0cc83">
      <Css projectStructure="" iteration="" />
      <Owners>
        <Owner name="" />
      </Owners>
      <Execution id="3fdd8dd2-31b4-42fe-a7bc-758621f01602" />
      <TestMethod codeBase="D:\Dev\GrabbaRide\grabbaride\trunk\GrabbaRide.UnitTests\bin\Debug\GrabbaRide.UnitTests.dll" adapterTypeName="Microsoft.VisualStudio.TestTools.TestTypes.Unit.UnitTestAdapter, Microsoft.VisualStudio.QualityTools.Tips.UnitTest.Adapter, Version=9.0.0.0, Culture=neutral, PublicKeyToken=b03f5f7f11d50a3a" className="GrabbaRide.UnitTests.GrabbaRideDBDataContextTest, GrabbaRide.UnitTests" name="getRidesAfterDateTest" />
    </UnitTest>
    <UnitTest name="GenerateRandomPasswordTest" storage="d:\dev\grabbaride\grabbaride\trunk\grabbaride.unittests\bin\debug\grabbaride.unittests.dll" id="4016a2fc-de16-87dc-b44a-4bc17035ecd6">
      <Css projectStructure="" iteration="" />
      <Owners>
        <Owner name="" />
      </Owners>
      <Execution id="0c4d83c5-cbdc-4f85-b495-89672a624fa3" />
      <TestMethod codeBase="D:\Dev\GrabbaRide\grabbaride\trunk\GrabbaRide.UnitTests\bin\Debug\GrabbaRide.UnitTests.dll" adapterTypeName="Microsoft.VisualStudio.TestTools.TestTypes.Unit.UnitTestAdapter, Microsoft.VisualStudio.QualityTools.Tips.UnitTest.Adapter, Version=9.0.0.0, Culture=neutral, PublicKeyToken=b03f5f7f11d50a3a" className="GrabbaRide.UnitTests.UserTest, GrabbaRide.UnitTests" name="GenerateRandomPasswordTest" />
    </UnitTest>
    <UnitTest name="RequiresUniqueEmailTest" storage="d:\dev\grabbaride\grabbaride\trunk\grabbaride.unittests\bin\debug\grabbaride.unittests.dll" id="d79d029e-c1b2-e0ec-bfed-28e9fe10a24a">
      <Css projectStructure="" iteration="" />
      <Owners>
        <Owner name="" />
      </Owners>
      <Execution id="537a1a15-462a-42c1-9a2e-8c1ca45641cf" />
      <TestMethod codeBase="D:\Dev\GrabbaRide\grabbaride\trunk\GrabbaRide.UnitTests\bin\Debug\GrabbaRide.UnitTests.dll" adapterTypeName="Microsoft.VisualStudio.TestTools.TestTypes.Unit.UnitTestAdapter, Microsoft.VisualStudio.QualityTools.Tips.UnitTest.Adapter, Version=9.0.0.0, Culture=neutral, PublicKeyToken=b03f5f7f11d50a3a" className="GrabbaRide.UnitTests.GrabbaRideMembershipProviderTest, GrabbaRide.UnitTests" name="RequiresUniqueEmailTest" />
    </UnitTest>
    <UnitTest name="OpenIDConstructorTest" storage="d:\dev\grabbaride\grabbaride\trunk\grabbaride.unittests\bin\debug\grabbaride.unittests.dll" id="4a3de6a3-67b5-706e-c492-d0bcfdfeb130">
      <Css projectStructure="" iteration="" />
      <Owners>
        <Owner name="" />
      </Owners>
      <Execution id="92ab5d41-0dd4-48a3-8ecc-6b7a56b64ef1" />
      <TestMethod codeBase="D:\Dev\GrabbaRide\grabbaride\trunk\GrabbaRide.UnitTests\bin\Debug\GrabbaRide.UnitTests.dll" adapterTypeName="Microsoft.VisualStudio.TestTools.TestTypes.Unit.UnitTestAdapter, Microsoft.VisualStudio.QualityTools.Tips.UnitTest.Adapter, Version=9.0.0.0, Culture=neutral, PublicKeyToken=b03f5f7f11d50a3a" className="GrabbaRide.UnitTests.OpenIDTest, GrabbaRide.UnitTests" name="OpenIDConstructorTest" />
    </UnitTest>
    <UnitTest name="MinRequiredPasswordLengthTest" storage="d:\dev\grabbaride\grabbaride\trunk\grabbaride.unittests\bin\debug\grabbaride.unittests.dll" id="1e223d07-860b-2b0a-9d2b-db51bcc6204c">
      <Css projectStructure="" iteration="" />
      <Owners>
        <Owner name="" />
      </Owners>
      <Execution id="15f2b235-13ae-4996-a998-c907a7d1086e" />
      <TestMethod codeBase="D:\Dev\GrabbaRide\grabbaride\trunk\GrabbaRide.UnitTests\bin\Debug\GrabbaRide.UnitTests.dll" adapterTypeName="Microsoft.VisualStudio.TestTools.TestTypes.Unit.UnitTestAdapter, Microsoft.VisualStudio.QualityTools.Tips.UnitTest.Adapter, Version=9.0.0.0, Culture=neutral, PublicKeyToken=b03f5f7f11d50a3a" className="GrabbaRide.UnitTests.GrabbaRideMembershipProviderTest, GrabbaRide.UnitTests" name="MinRequiredPasswordLengthTest" />
    </UnitTest>
    <UnitTest name="RideConstructorTest" storage="d:\dev\grabbaride\grabbaride\trunk\grabbaride.unittests\bin\debug\grabbaride.unittests.dll" id="aef425bd-2eab-c6f3-c07a-7e29dd0dce17">
      <Css projectStructure="" iteration="" />
      <Owners>
        <Owner name="" />
      </Owners>
      <Execution id="a92109fa-b5f1-4efe-8848-1a92fd4e3c02" />
      <TestMethod codeBase="D:\Dev\GrabbaRide\grabbaride\trunk\GrabbaRide.UnitTests\bin\Debug\GrabbaRide.UnitTests.dll" adapterTypeName="Microsoft.VisualStudio.TestTools.TestTypes.Unit.UnitTestAdapter, Microsoft.VisualStudio.QualityTools.Tips.UnitTest.Adapter, Version=9.0.0.0, Culture=neutral, PublicKeyToken=b03f5f7f11d50a3a" className="GrabbaRide.UnitTests.RideTest, GrabbaRide.UnitTests" name="RideConstructorTest" />
    </UnitTest>
    <UnitTest name="GrabbaRideMembershipProviderConstructorTest" storage="d:\dev\grabbaride\grabbaride\trunk\grabbaride.unittests\bin\debug\grabbaride.unittests.dll" id="e86237af-5c13-29a1-a872-5890d41faba6">
      <Css projectStructure="" iteration="" />
      <Owners>
        <Owner name="" />
      </Owners>
      <Execution id="39bb1c00-19e3-4795-9dc1-6b982c8d36a8" />
      <TestMethod codeBase="D:\Dev\GrabbaRide\grabbaride\trunk\GrabbaRide.UnitTests\bin\Debug\GrabbaRide.UnitTests.dll" adapterTypeName="Microsoft.VisualStudio.TestTools.TestTypes.Unit.UnitTestAdapter, Microsoft.VisualStudio.QualityTools.Tips.UnitTest.Adapter, Version=9.0.0.0, Culture=neutral, PublicKeyToken=b03f5f7f11d50a3a" className="GrabbaRide.UnitTests.GrabbaRideMembershipProviderTest, GrabbaRide.UnitTests" name="GrabbaRideMembershipProviderConstructorTest" />
    </UnitTest>
    <UnitTest name="EnablePasswordResetTest" storage="d:\dev\grabbaride\grabbaride\trunk\grabbaride.unittests\bin\debug\grabbaride.unittests.dll" id="b8530562-0405-7168-8fcd-5511bec549ed">
      <Css projectStructure="" iteration="" />
      <Owners>
        <Owner name="" />
      </Owners>
      <Execution id="37bb9bf5-85ee-41a7-ad18-f6715b11d0b0" />
      <TestMethod codeBase="D:\Dev\GrabbaRide\grabbaride\trunk\GrabbaRide.UnitTests\bin\Debug\GrabbaRide.UnitTests.dll" adapterTypeName="Microsoft.VisualStudio.TestTools.TestTypes.Unit.UnitTestAdapter, Microsoft.VisualStudio.QualityTools.Tips.UnitTest.Adapter, Version=9.0.0.0, Culture=neutral, PublicKeyToken=b03f5f7f11d50a3a" className="GrabbaRide.UnitTests.GrabbaRideMembershipProviderTest, GrabbaRide.UnitTests" name="EnablePasswordResetTest" />
    </UnitTest>
    <UnitTest name="ValidateUserTest" storage="d:\dev\grabbaride\grabbaride\trunk\grabbaride.unittests\bin\debug\grabbaride.unittests.dll" id="ef320c25-9519-a727-36ab-a4e14fc808ab">
      <Css projectStructure="" iteration="" />
      <Owners>
        <Owner name="" />
      </Owners>
      <Execution id="a5604207-3fd4-4522-a4de-471938d49214" />
      <TestMethod codeBase="D:\Dev\GrabbaRide\grabbaride\trunk\GrabbaRide.UnitTests\bin\Debug\GrabbaRide.UnitTests.dll" adapterTypeName="Microsoft.VisualStudio.TestTools.TestTypes.Unit.UnitTestAdapter, Microsoft.VisualStudio.QualityTools.Tips.UnitTest.Adapter, Version=9.0.0.0, Culture=neutral, PublicKeyToken=b03f5f7f11d50a3a" className="GrabbaRide.UnitTests.GrabbaRideMembershipProviderTest, GrabbaRide.UnitTests" name="ValidateUserTest" />
    </UnitTest>
    <UnitTest name="InitializeTest" storage="d:\dev\grabbaride\grabbaride\trunk\grabbaride.unittests\bin\debug\grabbaride.unittests.dll" id="91f4da68-007c-3330-d97e-1778a3c86ff6">
      <Css projectStructure="" iteration="" />
      <Owners>
        <Owner name="" />
      </Owners>
      <Execution id="bb86466b-66aa-4eff-be3e-241daceb02ba" />
      <TestMethod codeBase="D:\Dev\GrabbaRide\grabbaride\trunk\GrabbaRide.UnitTests\bin\Debug\GrabbaRide.UnitTests.dll" adapterTypeName="Microsoft.VisualStudio.TestTools.TestTypes.Unit.UnitTestAdapter, Microsoft.VisualStudio.QualityTools.Tips.UnitTest.Adapter, Version=9.0.0.0, Culture=neutral, PublicKeyToken=b03f5f7f11d50a3a" className="GrabbaRide.UnitTests.GrabbaRideMembershipProviderTest, GrabbaRide.UnitTests" name="InitializeTest" />
    </UnitTest>
    <UnitTest name="GetOpenIDsByURLTest" storage="d:\dev\grabbaride\grabbaride\trunk\grabbaride.unittests\bin\debug\grabbaride.unittests.dll" id="92ebb286-87f5-693d-e546-10272f248963">
      <Css projectStructure="" iteration="" />
      <Owners>
        <Owner name="" />
      </Owners>
      <Execution id="ce6458f1-26df-40de-ad80-6d0e3419b378" />
      <TestMethod codeBase="D:\Dev\GrabbaRide\grabbaride\trunk\GrabbaRide.UnitTests\bin\Debug\GrabbaRide.UnitTests.dll" adapterTypeName="Microsoft.VisualStudio.TestTools.TestTypes.Unit.UnitTestAdapter, Microsoft.VisualStudio.QualityTools.Tips.UnitTest.Adapter, Version=9.0.0.0, Culture=neutral, PublicKeyToken=b03f5f7f11d50a3a" className="GrabbaRide.UnitTests.GrabbaRideDBDataContextTest, GrabbaRide.UnitTests" name="GetOpenIDsByURLTest" />
    </UnitTest>
    <UnitTest name="GetOpenIDByUserTest" storage="d:\dev\grabbaride\grabbaride\trunk\grabbaride.unittests\bin\debug\grabbaride.unittests.dll" id="091a103f-e78a-3488-8eef-b0449e3b26ee">
      <Css projectStructure="" iteration="" />
      <Owners>
        <Owner name="" />
      </Owners>
      <Execution id="b77535b4-7d52-4013-898e-488cbb89de02" />
      <TestMethod codeBase="D:\Dev\GrabbaRide\grabbaride\trunk\GrabbaRide.UnitTests\bin\Debug\GrabbaRide.UnitTests.dll" adapterTypeName="Microsoft.VisualStudio.TestTools.TestTypes.Unit.UnitTestAdapter, Microsoft.VisualStudio.QualityTools.Tips.UnitTest.Adapter, Version=9.0.0.0, Culture=neutral, PublicKeyToken=b03f5f7f11d50a3a" className="GrabbaRide.UnitTests.GrabbaRideDBDataContextTest, GrabbaRide.UnitTests" name="GetOpenIDByUserTest" />
    </UnitTest>
    <UnitTest name="ChangePasswordQuestionAndAnswerTest" storage="d:\dev\grabbaride\grabbaride\trunk\grabbaride.unittests\bin\debug\grabbaride.unittests.dll" id="3b1d2d20-cfdf-9e5d-5b64-835fec20a00a">
      <Css projectStructure="" iteration="" />
      <Owners>
        <Owner name="" />
      </Owners>
      <Execution id="5f0a0a46-fd04-4a44-b527-99881029b265" />
      <TestMethod codeBase="D:\Dev\GrabbaRide\grabbaride\trunk\GrabbaRide.UnitTests\bin\Debug\GrabbaRide.UnitTests.dll" adapterTypeName="Microsoft.VisualStudio.TestTools.TestTypes.Unit.UnitTestAdapter, Microsoft.VisualStudio.QualityTools.Tips.UnitTest.Adapter, Version=9.0.0.0, Culture=neutral, PublicKeyToken=b03f5f7f11d50a3a" className="GrabbaRide.UnitTests.GrabbaRideMembershipProviderTest, GrabbaRide.UnitTests" name="ChangePasswordQuestionAndAnswerTest" />
    </UnitTest>
    <UnitTest name="JourneyDistanceTest1" storage="d:\dev\grabbaride\grabbaride\trunk\grabbaride.unittests\bin\debug\grabbaride.unittests.dll" id="cae2a875-e749-96da-1b97-c01a83bdd139">
      <Css projectStructure="" iteration="" />
      <Owners>
        <Owner name="" />
      </Owners>
      <Execution id="60fca3c3-6e0c-4226-a38a-9b1b4cbd6558" />
      <TestMethod codeBase="D:\Dev\GrabbaRide\grabbaride\trunk\GrabbaRide.UnitTests\bin\Debug\GrabbaRide.UnitTests.dll" adapterTypeName="Microsoft.VisualStudio.TestTools.TestTypes.Unit.UnitTestAdapter, Microsoft.VisualStudio.QualityTools.Tips.UnitTest.Adapter, Version=9.0.0.0, Culture=neutral, PublicKeyToken=b03f5f7f11d50a3a" className="GrabbaRide.UnitTests.RideTest, GrabbaRide.UnitTests" name="JourneyDistanceTest1" />
    </UnitTest>
    <UnitTest name="GetUserByUsernameTest2" storage="d:\dev\grabbaride\grabbaride\trunk\grabbaride.unittests\bin\debug\grabbaride.unittests.dll" id="bb4d66f5-c7df-35c7-ef81-54d6851f560d">
      <Css projectStructure="" iteration="" />
      <Owners>
        <Owner name="" />
      </Owners>
      <Execution id="3fa07377-8ef4-4be8-9d57-6521db3fa2a4" />
      <TestMethod codeBase="D:\Dev\GrabbaRide\grabbaride\trunk\GrabbaRide.UnitTests\bin\Debug\GrabbaRide.UnitTests.dll" adapterTypeName="Microsoft.VisualStudio.TestTools.TestTypes.Unit.UnitTestAdapter, Microsoft.VisualStudio.QualityTools.Tips.UnitTest.Adapter, Version=9.0.0.0, Culture=neutral, PublicKeyToken=b03f5f7f11d50a3a" className="GrabbaRide.UnitTests.GrabbaRideDBDataContextTest, GrabbaRide.UnitTests" name="GetUserByUsernameTest2" />
    </UnitTest>
    <UnitTest name="GetAllUsersTest" storage="d:\dev\grabbaride\grabbaride\trunk\grabbaride.unittests\bin\debug\grabbaride.unittests.dll" id="f4984bd3-beb6-ed47-005c-91468d9e3496">
      <Css projectStructure="" iteration="" />
      <Owners>
        <Owner name="" />
      </Owners>
      <Execution id="cc8ed5c6-2fbf-4fa9-b4c8-3a41d248dc58" />
      <TestMethod codeBase="D:\Dev\GrabbaRide\grabbaride\trunk\GrabbaRide.UnitTests\bin\Debug\GrabbaRide.UnitTests.dll" adapterTypeName="Microsoft.VisualStudio.TestTools.TestTypes.Unit.UnitTestAdapter, Microsoft.VisualStudio.QualityTools.Tips.UnitTest.Adapter, Version=9.0.0.0, Culture=neutral, PublicKeyToken=b03f5f7f11d50a3a" className="GrabbaRide.UnitTests.GrabbaRideDBDataContextTest, GrabbaRide.UnitTests" name="GetAllUsersTest" />
    </UnitTest>
    <UnitTest name="GetPasswordTest" storage="d:\dev\grabbaride\grabbaride\trunk\grabbaride.unittests\bin\debug\grabbaride.unittests.dll" id="f43f48f2-d820-adb3-6362-e0cc7620e862">
      <Css projectStructure="" iteration="" />
      <Owners>
        <Owner name="" />
      </Owners>
      <Execution id="d8c43908-ec96-445d-964e-6ebe38641833" />
      <TestMethod codeBase="D:\Dev\GrabbaRide\grabbaride\trunk\GrabbaRide.UnitTests\bin\Debug\GrabbaRide.UnitTests.dll" adapterTypeName="Microsoft.VisualStudio.TestTools.TestTypes.Unit.UnitTestAdapter, Microsoft.VisualStudio.QualityTools.Tips.UnitTest.Adapter, Version=9.0.0.0, Culture=neutral, PublicKeyToken=b03f5f7f11d50a3a" className="GrabbaRide.UnitTests.GrabbaRideMembershipProviderTest, GrabbaRide.UnitTests" name="GetPasswordTest" />
    </UnitTest>
    <UnitTest name="GetNumberOfUsersOnlineTest" storage="d:\dev\grabbaride\grabbaride\trunk\grabbaride.unittests\bin\debug\grabbaride.unittests.dll" id="55321523-1b2f-8b45-81b8-8d9e22ebd4a1">
      <Css projectStructure="" iteration="" />
      <Owners>
        <Owner name="" />
      </Owners>
      <Execution id="20992fc4-c139-4874-a8f3-e6d6bb8965c7" />
      <TestMethod codeBase="D:\Dev\GrabbaRide\grabbaride\trunk\GrabbaRide.UnitTests\bin\Debug\GrabbaRide.UnitTests.dll" adapterTypeName="Microsoft.VisualStudio.TestTools.TestTypes.Unit.UnitTestAdapter, Microsoft.VisualStudio.QualityTools.Tips.UnitTest.Adapter, Version=9.0.0.0, Culture=neutral, PublicKeyToken=b03f5f7f11d50a3a" className="GrabbaRide.UnitTests.GrabbaRideMembershipProviderTest, GrabbaRide.UnitTests" name="GetNumberOfUsersOnlineTest" />
    </UnitTest>
    <UnitTest name="getAllAvalibleRidesTest" storage="d:\dev\grabbaride\grabbaride\trunk\grabbaride.unittests\bin\debug\grabbaride.unittests.dll" id="579ad665-e5c1-101e-e9d5-ec69e8518024">
      <Css projectStructure="" iteration="" />
      <Owners>
        <Owner name="" />
      </Owners>
      <Execution id="d446e8fd-b4de-44de-a9bb-ed9599b6374b" />
      <TestMethod codeBase="D:\Dev\GrabbaRide\grabbaride\trunk\GrabbaRide.UnitTests\bin\Debug\GrabbaRide.UnitTests.dll" adapterTypeName="Microsoft.VisualStudio.TestTools.TestTypes.Unit.UnitTestAdapter, Microsoft.VisualStudio.QualityTools.Tips.UnitTest.Adapter, Version=9.0.0.0, Culture=neutral, PublicKeyToken=b03f5f7f11d50a3a" className="GrabbaRide.UnitTests.GrabbaRideDBDataContextTest, GrabbaRide.UnitTests" name="getAllAvalibleRidesTest" />
    </UnitTest>
    <UnitTest name="GetUserByIDTest1" storage="d:\dev\grabbaride\grabbaride\trunk\grabbaride.unittests\bin\debug\grabbaride.unittests.dll" id="ad1b8c78-30f4-81b2-7a0e-a067595db12f">
      <Css projectStructure="" iteration="" />
      <Owners>
        <Owner name="" />
      </Owners>
      <Execution id="3cf33b50-0da5-4809-a2fe-1d6073f14a55" />
      <TestMethod codeBase="D:\Dev\GrabbaRide\grabbaride\trunk\GrabbaRide.UnitTests\bin\Debug\GrabbaRide.UnitTests.dll" adapterTypeName="Microsoft.VisualStudio.TestTools.TestTypes.Unit.UnitTestAdapter, Microsoft.VisualStudio.QualityTools.Tips.UnitTest.Adapter, Version=9.0.0.0, Culture=neutral, PublicKeyToken=b03f5f7f11d50a3a" className="GrabbaRide.UnitTests.GrabbaRideDBDataContextTest, GrabbaRide.UnitTests" name="GetUserByIDTest1" />
    </UnitTest>
    <UnitTest name="AttachOpenIDTest" storage="d:\dev\grabbaride\grabbaride\trunk\grabbaride.unittests\bin\debug\grabbaride.unittests.dll" id="57fb32c4-354f-0c30-76d9-e700015b365e">
      <Css projectStructure="" iteration="" />
      <Owners>
        <Owner name="" />
      </Owners>
      <Execution id="c63d36b6-5780-446c-ae27-cbf3fad033c8" />
      <TestMethod codeBase="D:\Dev\GrabbaRide\grabbaride\trunk\GrabbaRide.UnitTests\bin\Debug\GrabbaRide.UnitTests.dll" adapterTypeName="Microsoft.VisualStudio.TestTools.TestTypes.Unit.UnitTestAdapter, Microsoft.VisualStudio.QualityTools.Tips.UnitTest.Adapter, Version=9.0.0.0, Culture=neutral, PublicKeyToken=b03f5f7f11d50a3a" className="GrabbaRide.UnitTests.GrabbaRideDBDataContextTest, GrabbaRide.UnitTests" name="AttachOpenIDTest" />
    </UnitTest>
    <UnitTest name="EnablePasswordRetrievalTest" storage="d:\dev\grabbaride\grabbaride\trunk\grabbaride.unittests\bin\debug\grabbaride.unittests.dll" id="225cb7b4-a287-d1d6-99a4-e6f2902bf00e">
      <Css projectStructure="" iteration="" />
      <Owners>
        <Owner name="" />
      </Owners>
      <Execution id="65b3fc96-423e-4666-b313-757cfb283976" />
      <TestMethod codeBase="D:\Dev\GrabbaRide\grabbaride\trunk\GrabbaRide.UnitTests\bin\Debug\GrabbaRide.UnitTests.dll" adapterTypeName="Microsoft.VisualStudio.TestTools.TestTypes.Unit.UnitTestAdapter, Microsoft.VisualStudio.QualityTools.Tips.UnitTest.Adapter, Version=9.0.0.0, Culture=neutral, PublicKeyToken=b03f5f7f11d50a3a" className="GrabbaRide.UnitTests.GrabbaRideMembershipProviderTest, GrabbaRide.UnitTests" name="EnablePasswordRetrievalTest" />
    </UnitTest>
    <UnitTest name="CreateDatabaseTest" storage="d:\dev\grabbaride\grabbaride\trunk\grabbaride.unittests\bin\debug\grabbaride.unittests.dll" id="bf49f69f-6742-be80-e634-61578fcbf67e">
      <Css projectStructure="" iteration="" />
      <Owners>
        <Owner name="" />
      </Owners>
      <Execution id="a73c7f5c-1bac-47b4-ac76-33d52121f9b0" />
      <TestMethod codeBase="D:\Dev\GrabbaRide\grabbaride\trunk\GrabbaRide.UnitTests\bin\Debug\GrabbaRide.UnitTests.dll" adapterTypeName="Microsoft.VisualStudio.TestTools.TestTypes.Unit.UnitTestAdapter, Microsoft.VisualStudio.QualityTools.Tips.UnitTest.Adapter, Version=9.0.0.0, Culture=neutral, PublicKeyToken=b03f5f7f11d50a3a" className="GrabbaRide.UnitTests.GrabbaRideDBDataContextTest, GrabbaRide.UnitTests" name="CreateDatabaseTest" />
    </UnitTest>
    <UnitTest name="PasswordStrengthRegularExpressionTest" storage="d:\dev\grabbaride\grabbaride\trunk\grabbaride.unittests\bin\debug\grabbaride.unittests.dll" id="8b4f7f68-213a-780b-b30e-1843e1d856e1">
      <Css projectStructure="" iteration="" />
      <Owners>
        <Owner name="" />
      </Owners>
      <Execution id="4ada0430-4f69-435c-a563-caf41d58c3fe" />
      <TestMethod codeBase="D:\Dev\GrabbaRide\grabbaride\trunk\GrabbaRide.UnitTests\bin\Debug\GrabbaRide.UnitTests.dll" adapterTypeName="Microsoft.VisualStudio.TestTools.TestTypes.Unit.UnitTestAdapter, Microsoft.VisualStudio.QualityTools.Tips.UnitTest.Adapter, Version=9.0.0.0, Culture=neutral, PublicKeyToken=b03f5f7f11d50a3a" className="GrabbaRide.UnitTests.GrabbaRideMembershipProviderTest, GrabbaRide.UnitTests" name="PasswordStrengthRegularExpressionTest" />
    </UnitTest>
    <UnitTest name="GetRideByIDTest" storage="d:\dev\grabbaride\grabbaride\trunk\grabbaride.unittests\bin\debug\grabbaride.unittests.dll" id="267f40f4-d890-2bea-12e4-ab2900de3aed">
      <Css projectStructure="" iteration="" />
      <Owners>
        <Owner name="" />
      </Owners>
      <Execution id="ea390b45-cf75-4878-bc53-7a2d0fd7dc4c" />
      <TestMethod codeBase="D:\Dev\GrabbaRide\grabbaride\trunk\GrabbaRide.UnitTests\bin\Debug\GrabbaRide.UnitTests.dll" adapterTypeName="Microsoft.VisualStudio.TestTools.TestTypes.Unit.UnitTestAdapter, Microsoft.VisualStudio.QualityTools.Tips.UnitTest.Adapter, Version=9.0.0.0, Culture=neutral, PublicKeyToken=b03f5f7f11d50a3a" className="GrabbaRide.UnitTests.GrabbaRideDBDataContextTest, GrabbaRide.UnitTests" name="GetRideByIDTest" />
    </UnitTest>
    <UnitTest name="AttachNewUserTest" storage="d:\dev\grabbaride\grabbaride\trunk\grabbaride.unittests\bin\debug\grabbaride.unittests.dll" id="9de01fac-ff5b-844e-ac10-8e278e50aefb">
      <Css projectStructure="" iteration="" />
      <Owners>
        <Owner name="" />
      </Owners>
      <Execution id="9aa818d4-cc12-4d4f-918d-66df152a1d20" />
      <TestMethod codeBase="D:\Dev\GrabbaRide\grabbaride\trunk\GrabbaRide.UnitTests\bin\Debug\GrabbaRide.UnitTests.dll" adapterTypeName="Microsoft.VisualStudio.TestTools.TestTypes.Unit.UnitTestAdapter, Microsoft.VisualStudio.QualityTools.Tips.UnitTest.Adapter, Version=9.0.0.0, Culture=neutral, PublicKeyToken=b03f5f7f11d50a3a" className="GrabbaRide.UnitTests.GrabbaRideDBDataContextTest, GrabbaRide.UnitTests" name="AttachNewUserTest" />
    </UnitTest>
    <UnitTest name="GetUser_ByOpenIDTest" storage="d:\dev\grabbaride\grabbaride\trunk\grabbaride.unittests\bin\debug\grabbaride.unittests.dll" id="ffca7e18-f793-e29f-e7a0-ae57a7ab6577">
      <Css projectStructure="" iteration="" />
      <Owners>
        <Owner name="" />
      </Owners>
      <Execution id="7a0df211-8e72-475b-a304-06de29b5dbdb" />
      <TestMethod codeBase="D:\Dev\GrabbaRide\grabbaride\trunk\GrabbaRide.UnitTests\bin\Debug\GrabbaRide.UnitTests.dll" adapterTypeName="Microsoft.VisualStudio.TestTools.TestTypes.Unit.UnitTestAdapter, Microsoft.VisualStudio.QualityTools.Tips.UnitTest.Adapter, Version=9.0.0.0, Culture=neutral, PublicKeyToken=b03f5f7f11d50a3a" className="GrabbaRide.UnitTests.GrabbaRideDBDataContextTest, GrabbaRide.UnitTests" name="GetUser_ByOpenIDTest" />
    </UnitTest>
    <UnitTest name="IsOpenIDRegisteredTest" storage="d:\dev\grabbaride\grabbaride\trunk\grabbaride.unittests\bin\debug\grabbaride.unittests.dll" id="a756099b-5da6-2ddc-9fee-f15682c2d49f">
      <Css projectStructure="" iteration="" />
      <Owners>
        <Owner name="" />
      </Owners>
      <Execution id="46311296-0398-4149-a363-25021bb95693" />
      <TestMethod codeBase="D:\Dev\GrabbaRide\grabbaride\trunk\GrabbaRide.UnitTests\bin\Debug\GrabbaRide.UnitTests.dll" adapterTypeName="Microsoft.VisualStudio.TestTools.TestTypes.Unit.UnitTestAdapter, Microsoft.VisualStudio.QualityTools.Tips.UnitTest.Adapter, Version=9.0.0.0, Culture=neutral, PublicKeyToken=b03f5f7f11d50a3a" className="GrabbaRide.UnitTests.GrabbaRideDBDataContextTest, GrabbaRide.UnitTests" name="IsOpenIDRegisteredTest" />
    </UnitTest>
    <UnitTest name="GetUserTest" storage="d:\dev\grabbaride\grabbaride\trunk\grabbaride.unittests\bin\debug\grabbaride.unittests.dll" id="a74eb90e-9d8b-f22f-e428-3053d131a224">
      <Css projectStructure="" iteration="" />
      <Owners>
        <Owner name="" />
      </Owners>
      <Execution id="2c02beda-adeb-4cf1-a853-072b7f6dc15b" />
      <TestMethod codeBase="D:\Dev\GrabbaRide\grabbaride\trunk\GrabbaRide.UnitTests\bin\Debug\GrabbaRide.UnitTests.dll" adapterTypeName="Microsoft.VisualStudio.TestTools.TestTypes.Unit.UnitTestAdapter, Microsoft.VisualStudio.QualityTools.Tips.UnitTest.Adapter, Version=9.0.0.0, Culture=neutral, PublicKeyToken=b03f5f7f11d50a3a" className="GrabbaRide.UnitTests.GrabbaRideMembershipProviderTest, GrabbaRide.UnitTests" name="GetUserTest" />
    </UnitTest>
    <UnitTest name="JourneyDistanceTest2" storage="d:\dev\grabbaride\grabbaride\trunk\grabbaride.unittests\bin\debug\grabbaride.unittests.dll" id="4ba3ca4e-fbe4-8600-252a-6c0b90eed55f">
      <Css projectStructure="" iteration="" />
      <Owners>
        <Owner name="" />
      </Owners>
      <Execution id="ea3cfe7e-aab6-49e8-a9d6-92bb4a1e4299" />
      <TestMethod codeBase="D:\Dev\GrabbaRide\grabbaride\trunk\GrabbaRide.UnitTests\bin\Debug\GrabbaRide.UnitTests.dll" adapterTypeName="Microsoft.VisualStudio.TestTools.TestTypes.Unit.UnitTestAdapter, Microsoft.VisualStudio.QualityTools.Tips.UnitTest.Adapter, Version=9.0.0.0, Culture=neutral, PublicKeyToken=b03f5f7f11d50a3a" className="GrabbaRide.UnitTests.RideTest, GrabbaRide.UnitTests" name="JourneyDistanceTest2" />
    </UnitTest>
    <UnitTest name="GetUserByEmailTest2" storage="d:\dev\grabbaride\grabbaride\trunk\grabbaride.unittests\bin\debug\grabbaride.unittests.dll" id="c3397289-c957-8cb3-7983-e26dda92f429">
      <Css projectStructure="" iteration="" />
      <Owners>
        <Owner name="" />
      </Owners>
      <Execution id="c0444574-b941-40ad-b576-4040a6fc3bba" />
      <TestMethod codeBase="D:\Dev\GrabbaRide\grabbaride\trunk\GrabbaRide.UnitTests\bin\Debug\GrabbaRide.UnitTests.dll" adapterTypeName="Microsoft.VisualStudio.TestTools.TestTypes.Unit.UnitTestAdapter, Microsoft.VisualStudio.QualityTools.Tips.UnitTest.Adapter, Version=9.0.0.0, Culture=neutral, PublicKeyToken=b03f5f7f11d50a3a" className="GrabbaRide.UnitTests.GrabbaRideDBDataContextTest, GrabbaRide.UnitTests" name="GetUserByEmailTest2" />
    </UnitTest>
    <UnitTest name="UpdateUserTest" storage="d:\dev\grabbaride\grabbaride\trunk\grabbaride.unittests\bin\debug\grabbaride.unittests.dll" id="4170c8ab-61df-00b9-5958-87fb52e53cc5">
      <Css projectStructure="" iteration="" />
      <Owners>
        <Owner name="" />
      </Owners>
      <Execution id="620b5097-706c-459c-8c97-52c0ed239872" />
      <TestMethod codeBase="D:\Dev\GrabbaRide\grabbaride\trunk\GrabbaRide.UnitTests\bin\Debug\GrabbaRide.UnitTests.dll" adapterTypeName="Microsoft.VisualStudio.TestTools.TestTypes.Unit.UnitTestAdapter, Microsoft.VisualStudio.QualityTools.Tips.UnitTest.Adapter, Version=9.0.0.0, Culture=neutral, PublicKeyToken=b03f5f7f11d50a3a" className="GrabbaRide.UnitTests.GrabbaRideMembershipProviderTest, GrabbaRide.UnitTests" name="UpdateUserTest" />
    </UnitTest>
    <UnitTest name="ApplicationNameTest" storage="d:\dev\grabbaride\grabbaride\trunk\grabbaride.unittests\bin\debug\grabbaride.unittests.dll" id="b3a57e4c-b805-a4fc-7df1-a182576f7b06">
      <Css projectStructure="" iteration="" />
      <Owners>
        <Owner name="" />
      </Owners>
      <Execution id="0cc5bbd7-2507-4e22-9c6e-8ee6336d165e" />
      <TestMethod codeBase="D:\Dev\GrabbaRide\grabbaride\trunk\GrabbaRide.UnitTests\bin\Debug\GrabbaRide.UnitTests.dll" adapterTypeName="Microsoft.VisualStudio.TestTools.TestTypes.Unit.UnitTestAdapter, Microsoft.VisualStudio.QualityTools.Tips.UnitTest.Adapter, Version=9.0.0.0, Culture=neutral, PublicKeyToken=b03f5f7f11d50a3a" className="GrabbaRide.UnitTests.GrabbaRideMembershipProviderTest, GrabbaRide.UnitTests" name="ApplicationNameTest" />
    </UnitTest>
    <UnitTest name="FindUsersByEmailTest" storage="d:\dev\grabbaride\grabbaride\trunk\grabbaride.unittests\bin\debug\grabbaride.unittests.dll" id="b5daef91-9da8-cb3b-d9ac-fd5b12ac8814">
      <Css projectStructure="" iteration="" />
      <Owners>
        <Owner name="" />
      </Owners>
      <Execution id="b445c68e-14f2-4bea-92cd-d6a029a9f67f" />
      <TestMethod codeBase="D:\Dev\GrabbaRide\grabbaride\trunk\GrabbaRide.UnitTests\bin\Debug\GrabbaRide.UnitTests.dll" adapterTypeName="Microsoft.VisualStudio.TestTools.TestTypes.Unit.UnitTestAdapter, Microsoft.VisualStudio.QualityTools.Tips.UnitTest.Adapter, Version=9.0.0.0, Culture=neutral, PublicKeyToken=b03f5f7f11d50a3a" className="GrabbaRide.UnitTests.GrabbaRideMembershipProviderTest, GrabbaRide.UnitTests" name="FindUsersByEmailTest" />
    </UnitTest>
    <UnitTest name="RequiresQuestionAndAnswerTest" storage="d:\dev\grabbaride\grabbaride\trunk\grabbaride.unittests\bin\debug\grabbaride.unittests.dll" id="49bb59da-f4b8-9b9f-7e24-cf8c575e9ef8">
      <Css projectStructure="" iteration="" />
      <Owners>
        <Owner name="" />
      </Owners>
      <Execution id="46915494-188f-4e67-a092-a0b30a7e066f" />
      <TestMethod codeBase="D:\Dev\GrabbaRide\grabbaride\trunk\GrabbaRide.UnitTests\bin\Debug\GrabbaRide.UnitTests.dll" adapterTypeName="Microsoft.VisualStudio.TestTools.TestTypes.Unit.UnitTestAdapter, Microsoft.VisualStudio.QualityTools.Tips.UnitTest.Adapter, Version=9.0.0.0, Culture=neutral, PublicKeyToken=b03f5f7f11d50a3a" className="GrabbaRide.UnitTests.GrabbaRideMembershipProviderTest, GrabbaRide.UnitTests" name="RequiresQuestionAndAnswerTest" />
    </UnitTest>
    <UnitTest name="PasswordAttemptWindowTest" storage="d:\dev\grabbaride\grabbaride\trunk\grabbaride.unittests\bin\debug\grabbaride.unittests.dll" id="ad4429b9-9475-889f-2d5d-460e64943a4d">
      <Css projectStructure="" iteration="" />
      <Owners>
        <Owner name="" />
      </Owners>
      <Execution id="e1ed58d9-922e-4a3e-bfe3-51b4b039e8d2" />
      <TestMethod codeBase="D:\Dev\GrabbaRide\grabbaride\trunk\GrabbaRide.UnitTests\bin\Debug\GrabbaRide.UnitTests.dll" adapterTypeName="Microsoft.VisualStudio.TestTools.TestTypes.Unit.UnitTestAdapter, Microsoft.VisualStudio.QualityTools.Tips.UnitTest.Adapter, Version=9.0.0.0, Culture=neutral, PublicKeyToken=b03f5f7f11d50a3a" className="GrabbaRide.UnitTests.GrabbaRideMembershipProviderTest, GrabbaRide.UnitTests" name="PasswordAttemptWindowTest" />
    </UnitTest>
    <UnitTest name="GetUser_SortByOccupationTest" storage="d:\dev\grabbaride\grabbaride\trunk\grabbaride.unittests\bin\debug\grabbaride.unittests.dll" id="c3f97a23-5c32-5c87-5c73-4e2d7f0bf981">
      <Css projectStructure="" iteration="" />
      <Owners>
        <Owner name="" />
      </Owners>
      <Execution id="a68066aa-e191-42a7-98cc-1871a0f337e2" />
      <TestMethod codeBase="D:\Dev\GrabbaRide\grabbaride\trunk\GrabbaRide.UnitTests\bin\Debug\GrabbaRide.UnitTests.dll" adapterTypeName="Microsoft.VisualStudio.TestTools.TestTypes.Unit.UnitTestAdapter, Microsoft.VisualStudio.QualityTools.Tips.UnitTest.Adapter, Version=9.0.0.0, Culture=neutral, PublicKeyToken=b03f5f7f11d50a3a" className="GrabbaRide.UnitTests.GrabbaRideDBDataContextTest, GrabbaRide.UnitTests" name="GetUser_SortByOccupationTest" />
    </UnitTest>
    <UnitTest name="DepartureTimeTest" storage="d:\dev\grabbaride\grabbaride\trunk\grabbaride.unittests\bin\debug\grabbaride.unittests.dll" id="abf7a480-1a79-81c9-f364-a8f8317d4836">
      <Css projectStructure="" iteration="" />
      <Owners>
        <Owner name="" />
      </Owners>
      <Execution id="4265f311-4c54-49de-9846-f0874c7de04e" />
      <TestMethod codeBase="D:\Dev\GrabbaRide\grabbaride\trunk\GrabbaRide.UnitTests\bin\Debug\GrabbaRide.UnitTests.dll" adapterTypeName="Microsoft.VisualStudio.TestTools.TestTypes.Unit.UnitTestAdapter, Microsoft.VisualStudio.QualityTools.Tips.UnitTest.Adapter, Version=9.0.0.0, Culture=neutral, PublicKeyToken=b03f5f7f11d50a3a" className="GrabbaRide.UnitTests.RideTest, GrabbaRide.UnitTests" name="DepartureTimeTest" />
    </UnitTest>
    <UnitTest name="FindSimilarRidesTest" storage="d:\dev\grabbaride\grabbaride\trunk\grabbaride.unittests\bin\debug\grabbaride.unittests.dll" id="73900894-df5d-78c4-fbc1-ad3eb8f3672f">
      <Css projectStructure="" iteration="" />
      <Owners>
        <Owner name="" />
      </Owners>
      <Execution id="12593929-85ad-423a-bd53-e98a0ffec6e5" />
      <TestMethod codeBase="D:\Dev\GrabbaRide\grabbaride\trunk\GrabbaRide.UnitTests\bin\Debug\GrabbaRide.UnitTests.dll" adapterTypeName="Microsoft.VisualStudio.TestTools.TestTypes.Unit.UnitTestAdapter, Microsoft.VisualStudio.QualityTools.Tips.UnitTest.Adapter, Version=9.0.0.0, Culture=neutral, PublicKeyToken=b03f5f7f11d50a3a" className="GrabbaRide.UnitTests.GrabbaRideDBDataContextTest, GrabbaRide.UnitTests" name="FindSimilarRidesTest" />
    </UnitTest>
    <UnitTest name="JourneyLengthTest" storage="d:\dev\grabbaride\grabbaride\trunk\grabbaride.unittests\bin\debug\grabbaride.unittests.dll" id="fe7ddfe1-020e-2c9c-4f33-ef63d1ac0d9d">
      <Css projectStructure="" iteration="" />
      <Owners>
        <Owner name="" />
      </Owners>
      <Execution id="dcc4c503-6bb2-47bf-9150-3f6c8771e100" />
      <TestMethod codeBase="D:\Dev\GrabbaRide\grabbaride\trunk\GrabbaRide.UnitTests\bin\Debug\GrabbaRide.UnitTests.dll" adapterTypeName="Microsoft.VisualStudio.TestTools.TestTypes.Unit.UnitTestAdapter, Microsoft.VisualStudio.QualityTools.Tips.UnitTest.Adapter, Version=9.0.0.0, Culture=neutral, PublicKeyToken=b03f5f7f11d50a3a" className="GrabbaRide.UnitTests.RideTest, GrabbaRide.UnitTests" name="JourneyLengthTest" />
    </UnitTest>
    <UnitTest name="GetUserByEmailTest1" storage="d:\dev\grabbaride\grabbaride\trunk\grabbaride.unittests\bin\debug\grabbaride.unittests.dll" id="fe5bee85-e2db-8314-d411-6b62b04b183d">
      <Css projectStructure="" iteration="" />
      <Owners>
        <Owner name="" />
      </Owners>
      <Execution id="87ec2032-8fdb-44de-810a-23b393daa643" />
      <TestMethod codeBase="D:\Dev\GrabbaRide\grabbaride\trunk\GrabbaRide.UnitTests\bin\Debug\GrabbaRide.UnitTests.dll" adapterTypeName="Microsoft.VisualStudio.TestTools.TestTypes.Unit.UnitTestAdapter, Microsoft.VisualStudio.QualityTools.Tips.UnitTest.Adapter, Version=9.0.0.0, Culture=neutral, PublicKeyToken=b03f5f7f11d50a3a" className="GrabbaRide.UnitTests.GrabbaRideDBDataContextTest, GrabbaRide.UnitTests" name="GetUserByEmailTest1" />
    </UnitTest>
    <UnitTest name="FindUsersByNameTest" storage="d:\dev\grabbaride\grabbaride\trunk\grabbaride.unittests\bin\debug\grabbaride.unittests.dll" id="2361c0a5-c424-7bf2-38c0-a8601f6ffee1">
      <Css projectStructure="" iteration="" />
      <Owners>
        <Owner name="" />
      </Owners>
      <Execution id="a9d4e64d-d670-4a53-aef5-78bb6d5c2fa9" />
      <TestMethod codeBase="D:\Dev\GrabbaRide\grabbaride\trunk\GrabbaRide.UnitTests\bin\Debug\GrabbaRide.UnitTests.dll" adapterTypeName="Microsoft.VisualStudio.TestTools.TestTypes.Unit.UnitTestAdapter, Microsoft.VisualStudio.QualityTools.Tips.UnitTest.Adapter, Version=9.0.0.0, Culture=neutral, PublicKeyToken=b03f5f7f11d50a3a" className="GrabbaRide.UnitTests.GrabbaRideMembershipProviderTest, GrabbaRide.UnitTests" name="FindUsersByNameTest" />
    </UnitTest>
    <UnitTest name="getRidesBeforeDateTest" storage="d:\dev\grabbaride\grabbaride\trunk\grabbaride.unittests\bin\debug\grabbaride.unittests.dll" id="b778f592-1820-8982-430c-d4eb1a009cf0">
      <Css projectStructure="" iteration="" />
      <Owners>
        <Owner name="" />
      </Owners>
      <Execution id="61b3edd1-348d-4654-b76c-e00f2c26758c" />
      <TestMethod codeBase="D:\Dev\GrabbaRide\grabbaride\trunk\GrabbaRide.UnitTests\bin\Debug\GrabbaRide.UnitTests.dll" adapterTypeName="Microsoft.VisualStudio.TestTools.TestTypes.Unit.UnitTestAdapter, Microsoft.VisualStudio.QualityTools.Tips.UnitTest.Adapter, Version=9.0.0.0, Culture=neutral, PublicKeyToken=b03f5f7f11d50a3a" className="GrabbaRide.UnitTests.GrabbaRideDBDataContextTest, GrabbaRide.UnitTests" name="getRidesBeforeDateTest" />
    </UnitTest>
    <UnitTest name="getRidesBetweenTest" storage="d:\dev\grabbaride\grabbaride\trunk\grabbaride.unittests\bin\debug\grabbaride.unittests.dll" id="74111dd8-f430-5bfe-b9c0-93aafd03f298">
      <Css projectStructure="" iteration="" />
      <Owners>
        <Owner name="" />
      </Owners>
      <Execution id="79927ed4-c660-4a24-acc0-d7a1f9d44775" />
      <TestMethod codeBase="D:\Dev\GrabbaRide\grabbaride\trunk\GrabbaRide.UnitTests\bin\Debug\GrabbaRide.UnitTests.dll" adapterTypeName="Microsoft.VisualStudio.TestTools.TestTypes.Unit.UnitTestAdapter, Microsoft.VisualStudio.QualityTools.Tips.UnitTest.Adapter, Version=9.0.0.0, Culture=neutral, PublicKeyToken=b03f5f7f11d50a3a" className="GrabbaRide.UnitTests.GrabbaRideDBDataContextTest, GrabbaRide.UnitTests" name="getRidesBetweenTest" />
    </UnitTest>
    <UnitTest name="getAllRidesRecurTest" storage="d:\dev\grabbaride\grabbaride\trunk\grabbaride.unittests\bin\debug\grabbaride.unittests.dll" id="4e93304a-36c4-b847-c009-097b4bbe01df">
      <Css projectStructure="" iteration="" />
      <Owners>
        <Owner name="" />
      </Owners>
      <Execution id="6d5f2edd-eef4-4da5-830c-9c9127e2a0d6" />
      <TestMethod codeBase="D:\Dev\GrabbaRide\grabbaride\trunk\GrabbaRide.UnitTests\bin\Debug\GrabbaRide.UnitTests.dll" adapterTypeName="Microsoft.VisualStudio.TestTools.TestTypes.Unit.UnitTestAdapter, Microsoft.VisualStudio.QualityTools.Tips.UnitTest.Adapter, Version=9.0.0.0, Culture=neutral, PublicKeyToken=b03f5f7f11d50a3a" className="GrabbaRide.UnitTests.GrabbaRideDBDataContextTest, GrabbaRide.UnitTests" name="getAllRidesRecurTest" />
    </UnitTest>
    <UnitTest name="GetMembershipUserTest" storage="d:\dev\grabbaride\grabbaride\trunk\grabbaride.unittests\bin\debug\grabbaride.unittests.dll" id="7a875a20-869e-f00b-053e-c70522bed2e4">
      <Css projectStructure="" iteration="" />
      <Owners>
        <Owner name="" />
      </Owners>
      <Execution id="78cbf544-7412-4990-9037-c50e6d6be6d7" />
      <TestMethod codeBase="D:\Dev\GrabbaRide\grabbaride\trunk\GrabbaRide.UnitTests\bin\Debug\GrabbaRide.UnitTests.dll" adapterTypeName="Microsoft.VisualStudio.TestTools.TestTypes.Unit.UnitTestAdapter, Microsoft.VisualStudio.QualityTools.Tips.UnitTest.Adapter, Version=9.0.0.0, Culture=neutral, PublicKeyToken=b03f5f7f11d50a3a" className="GrabbaRide.UnitTests.UserTest, GrabbaRide.UnitTests" name="GetMembershipUserTest" />
    </UnitTest>
    <UnitTest name="DetachUserTest" storage="d:\dev\grabbaride\grabbaride\trunk\grabbaride.unittests\bin\debug\grabbaride.unittests.dll" id="dc664076-ce58-7b05-4276-b8c7ad2ac945">
      <Css projectStructure="" iteration="" />
      <Owners>
        <Owner name="" />
      </Owners>
      <Execution id="1db218d6-da1e-43d1-a3bd-37d2b80e1060" />
      <TestMethod codeBase="D:\Dev\GrabbaRide\grabbaride\trunk\GrabbaRide.UnitTests\bin\Debug\GrabbaRide.UnitTests.dll" adapterTypeName="Microsoft.VisualStudio.TestTools.TestTypes.Unit.UnitTestAdapter, Microsoft.VisualStudio.QualityTools.Tips.UnitTest.Adapter, Version=9.0.0.0, Culture=neutral, PublicKeyToken=b03f5f7f11d50a3a" className="GrabbaRide.UnitTests.GrabbaRideDBDataContextTest, GrabbaRide.UnitTests" name="DetachUserTest" />
    </UnitTest>
    <UnitTest name="AttachRideTest" storage="d:\dev\grabbaride\grabbaride\trunk\grabbaride.unittests\bin\debug\grabbaride.unittests.dll" id="b779ddad-d290-bef3-b37b-6b3d1d3119b5">
      <Css projectStructure="" iteration="" />
      <Owners>
        <Owner name="" />
      </Owners>
      <Execution id="9bae364e-6819-4078-b064-bb7f2661ef38" />
      <TestMethod codeBase="D:\Dev\GrabbaRide\grabbaride\trunk\GrabbaRide.UnitTests\bin\Debug\GrabbaRide.UnitTests.dll" adapterTypeName="Microsoft.VisualStudio.TestTools.TestTypes.Unit.UnitTestAdapter, Microsoft.VisualStudio.QualityTools.Tips.UnitTest.Adapter, Version=9.0.0.0, Culture=neutral, PublicKeyToken=b03f5f7f11d50a3a" className="GrabbaRide.UnitTests.GrabbaRideDBDataContextTest, GrabbaRide.UnitTests" name="AttachRideTest" />
    </UnitTest>
    <UnitTest name="DetachOpenIDsByUserTest" storage="d:\dev\grabbaride\grabbaride\trunk\grabbaride.unittests\bin\debug\grabbaride.unittests.dll" id="e4b93963-5b1d-f292-0337-cafbec4196e3">
      <Css projectStructure="" iteration="" />
      <Owners>
        <Owner name="" />
      </Owners>
      <Execution id="1eed52ed-aa87-4840-85d6-bb04d29b3ae0" />
      <TestMethod codeBase="D:\Dev\GrabbaRide\grabbaride\trunk\GrabbaRide.UnitTests\bin\Debug\GrabbaRide.UnitTests.dll" adapterTypeName="Microsoft.VisualStudio.TestTools.TestTypes.Unit.UnitTestAdapter, Microsoft.VisualStudio.QualityTools.Tips.UnitTest.Adapter, Version=9.0.0.0, Culture=neutral, PublicKeyToken=b03f5f7f11d50a3a" className="GrabbaRide.UnitTests.GrabbaRideDBDataContextTest, GrabbaRide.UnitTests" name="DetachOpenIDsByUserTest" />
    </UnitTest>
    <UnitTest name="UserConstructorTest" storage="d:\dev\grabbaride\grabbaride\trunk\grabbaride.unittests\bin\debug\grabbaride.unittests.dll" id="d3e583cb-4224-e728-8d18-0d4b0930f13c">
      <Css projectStructure="" iteration="" />
      <Owners>
        <Owner name="" />
      </Owners>
      <Execution id="a7e9227b-7353-4d43-908e-3c71d891ac8e" />
      <TestMethod codeBase="D:\Dev\GrabbaRide\grabbaride\trunk\GrabbaRide.UnitTests\bin\Debug\GrabbaRide.UnitTests.dll" adapterTypeName="Microsoft.VisualStudio.TestTools.TestTypes.Unit.UnitTestAdapter, Microsoft.VisualStudio.QualityTools.Tips.UnitTest.Adapter, Version=9.0.0.0, Culture=neutral, PublicKeyToken=b03f5f7f11d50a3a" className="GrabbaRide.UnitTests.UserTest, GrabbaRide.UnitTests" name="UserConstructorTest" />
    </UnitTest>
    <UnitTest name="GetUserTest1" storage="d:\dev\grabbaride\grabbaride\trunk\grabbaride.unittests\bin\debug\grabbaride.unittests.dll" id="d80a6679-bda1-f7f0-639c-83286c110bf8">
      <Css projectStructure="" iteration="" />
      <Owners>
        <Owner name="" />
      </Owners>
      <Execution id="ffbc3e4e-1a08-4f30-acd2-af16f059df8a" />
      <TestMethod codeBase="D:\Dev\GrabbaRide\grabbaride\trunk\GrabbaRide.UnitTests\bin\Debug\GrabbaRide.UnitTests.dll" adapterTypeName="Microsoft.VisualStudio.TestTools.TestTypes.Unit.UnitTestAdapter, Microsoft.VisualStudio.QualityTools.Tips.UnitTest.Adapter, Version=9.0.0.0, Culture=neutral, PublicKeyToken=b03f5f7f11d50a3a" className="GrabbaRide.UnitTests.GrabbaRideMembershipProviderTest, GrabbaRide.UnitTests" name="GetUserTest1" />
    </UnitTest>
    <UnitTest name="UnlockUserTest" storage="d:\dev\grabbaride\grabbaride\trunk\grabbaride.unittests\bin\debug\grabbaride.unittests.dll" id="5ac2581e-fe0f-ca65-90c1-87a571bd8332">
      <Css projectStructure="" iteration="" />
      <Owners>
        <Owner name="" />
      </Owners>
      <Execution id="29317bc0-15e5-48b0-a7e3-0ae1a8d0253b" />
      <TestMethod codeBase="D:\Dev\GrabbaRide\grabbaride\trunk\GrabbaRide.UnitTests\bin\Debug\GrabbaRide.UnitTests.dll" adapterTypeName="Microsoft.VisualStudio.TestTools.TestTypes.Unit.UnitTestAdapter, Microsoft.VisualStudio.QualityTools.Tips.UnitTest.Adapter, Version=9.0.0.0, Culture=neutral, PublicKeyToken=b03f5f7f11d50a3a" className="GrabbaRide.UnitTests.GrabbaRideMembershipProviderTest, GrabbaRide.UnitTests" name="UnlockUserTest" />
    </UnitTest>
    <UnitTest name="GetUser_SortByLastActvityDateTest" storage="d:\dev\grabbaride\grabbaride\trunk\grabbaride.unittests\bin\debug\grabbaride.unittests.dll" id="7ece947f-42c5-8500-54c5-b20f3a93eb67">
      <Css projectStructure="" iteration="" />
      <Owners>
        <Owner name="" />
      </Owners>
      <Execution id="d2e4f8a3-fb9c-448e-89f4-85aa78aadb1d" />
      <TestMethod codeBase="D:\Dev\GrabbaRide\grabbaride\trunk\GrabbaRide.UnitTests\bin\Debug\GrabbaRide.UnitTests.dll" adapterTypeName="Microsoft.VisualStudio.TestTools.TestTypes.Unit.UnitTestAdapter, Microsoft.VisualStudio.QualityTools.Tips.UnitTest.Adapter, Version=9.0.0.0, Culture=neutral, PublicKeyToken=b03f5f7f11d50a3a" className="GrabbaRide.UnitTests.GrabbaRideDBDataContextTest, GrabbaRide.UnitTests" name="GetUser_SortByLastActvityDateTest" />
    </UnitTest>
  </TestDefinitions>
  <TestLists>
    <TestList name="Results Not in a List" id="8c84fa94-04c1-424b-9868-57a2d4851a1d" />
    <TestList name="All Loaded Results" id="19431567-8539-422a-85d7-44ee4e166bda" />
  </TestLists>
  <TestEntries>
    <TestEntry testId="091a103f-e78a-3488-8eef-b0449e3b26ee" executionId="b77535b4-7d52-4013-898e-488cbb89de02" testListId="8c84fa94-04c1-424b-9868-57a2d4851a1d" />
    <TestEntry testId="1591563f-d2e9-622d-a731-62c1f3839ade" executionId="4c96703e-402d-4234-8a13-3559f29e4c02" testListId="8c84fa94-04c1-424b-9868-57a2d4851a1d" />
    <TestEntry testId="1e223d07-860b-2b0a-9d2b-db51bcc6204c" executionId="15f2b235-13ae-4996-a998-c907a7d1086e" testListId="8c84fa94-04c1-424b-9868-57a2d4851a1d" />
    <TestEntry testId="225cb7b4-a287-d1d6-99a4-e6f2902bf00e" executionId="65b3fc96-423e-4666-b313-757cfb283976" testListId="8c84fa94-04c1-424b-9868-57a2d4851a1d" />
    <TestEntry testId="2361c0a5-c424-7bf2-38c0-a8601f6ffee1" executionId="a9d4e64d-d670-4a53-aef5-78bb6d5c2fa9" testListId="8c84fa94-04c1-424b-9868-57a2d4851a1d" />
    <TestEntry testId="2474be98-7b56-ae57-91fa-a13c443623e9" executionId="1cedd718-4ec3-4a54-a946-dc30aa3f6cd4" testListId="8c84fa94-04c1-424b-9868-57a2d4851a1d" />
    <TestEntry testId="24d366f8-843e-e643-6069-5fadeb08bd33" executionId="7bbce113-8a00-4de1-a60f-1023b1a6afff" testListId="8c84fa94-04c1-424b-9868-57a2d4851a1d" />
    <TestEntry testId="253c0ea7-bdf3-73a7-b608-716c64063968" executionId="d83d4cfb-dd3c-405e-9403-43bdb2408832" testListId="8c84fa94-04c1-424b-9868-57a2d4851a1d" />
    <TestEntry testId="267f40f4-d890-2bea-12e4-ab2900de3aed" executionId="ea390b45-cf75-4878-bc53-7a2d0fd7dc4c" testListId="8c84fa94-04c1-424b-9868-57a2d4851a1d" />
    <TestEntry testId="352b5c7c-65b0-9c97-7143-b449ffa0cc83" executionId="3fdd8dd2-31b4-42fe-a7bc-758621f01602" testListId="8c84fa94-04c1-424b-9868-57a2d4851a1d" />
    <TestEntry testId="3b1d2d20-cfdf-9e5d-5b64-835fec20a00a" executionId="5f0a0a46-fd04-4a44-b527-99881029b265" testListId="8c84fa94-04c1-424b-9868-57a2d4851a1d" />
    <TestEntry testId="3bf3191c-e563-4ae3-3c95-e61038a6456a" executionId="75ce919e-e0fe-4ef0-9b6b-39e98be66064" testListId="8c84fa94-04c1-424b-9868-57a2d4851a1d" />
    <TestEntry testId="4016a2fc-de16-87dc-b44a-4bc17035ecd6" executionId="0c4d83c5-cbdc-4f85-b495-89672a624fa3" testListId="8c84fa94-04c1-424b-9868-57a2d4851a1d" />
    <TestEntry testId="4170c8ab-61df-00b9-5958-87fb52e53cc5" executionId="620b5097-706c-459c-8c97-52c0ed239872" testListId="8c84fa94-04c1-424b-9868-57a2d4851a1d" />
    <TestEntry testId="49bb59da-f4b8-9b9f-7e24-cf8c575e9ef8" executionId="46915494-188f-4e67-a092-a0b30a7e066f" testListId="8c84fa94-04c1-424b-9868-57a2d4851a1d" />
    <TestEntry testId="4a3de6a3-67b5-706e-c492-d0bcfdfeb130" executionId="92ab5d41-0dd4-48a3-8ecc-6b7a56b64ef1" testListId="8c84fa94-04c1-424b-9868-57a2d4851a1d" />
    <TestEntry testId="4ba3ca4e-fbe4-8600-252a-6c0b90eed55f" executionId="ea3cfe7e-aab6-49e8-a9d6-92bb4a1e4299" testListId="8c84fa94-04c1-424b-9868-57a2d4851a1d" />
    <TestEntry testId="4e93304a-36c4-b847-c009-097b4bbe01df" executionId="6d5f2edd-eef4-4da5-830c-9c9127e2a0d6" testListId="8c84fa94-04c1-424b-9868-57a2d4851a1d" />
    <TestEntry testId="5015f960-99dc-5c5b-e393-ff86eb1fbcd2" executionId="ec8ec76b-bdf1-4a9e-bf50-5eb6f1fa5a77" testListId="8c84fa94-04c1-424b-9868-57a2d4851a1d" />
    <TestEntry testId="502725cc-885c-0248-f5c0-a44fb92b3dd0" executionId="05df004e-bb34-40d7-ae1b-0d99e9bb31fb" testListId="8c84fa94-04c1-424b-9868-57a2d4851a1d" />
    <TestEntry testId="53174b29-3f07-ba25-3da5-a4dd26dd3d3f" executionId="a32f57f2-1c2e-46d2-b458-7b92bd4fda4f" testListId="8c84fa94-04c1-424b-9868-57a2d4851a1d" />
    <TestEntry testId="55321523-1b2f-8b45-81b8-8d9e22ebd4a1" executionId="20992fc4-c139-4874-a8f3-e6d6bb8965c7" testListId="8c84fa94-04c1-424b-9868-57a2d4851a1d" />
    <TestEntry testId="579ad665-e5c1-101e-e9d5-ec69e8518024" executionId="d446e8fd-b4de-44de-a9bb-ed9599b6374b" testListId="8c84fa94-04c1-424b-9868-57a2d4851a1d" />
    <TestEntry testId="57fb32c4-354f-0c30-76d9-e700015b365e" executionId="c63d36b6-5780-446c-ae27-cbf3fad033c8" testListId="8c84fa94-04c1-424b-9868-57a2d4851a1d" />
    <TestEntry testId="5ac2581e-fe0f-ca65-90c1-87a571bd8332" executionId="29317bc0-15e5-48b0-a7e3-0ae1a8d0253b" testListId="8c84fa94-04c1-424b-9868-57a2d4851a1d" />
    <TestEntry testId="65030bed-1ba2-d923-3acc-a1a5108ed125" executionId="4c908d26-3337-4030-9878-5d9a58808c25" testListId="8c84fa94-04c1-424b-9868-57a2d4851a1d" />
    <TestEntry testId="73900894-df5d-78c4-fbc1-ad3eb8f3672f" executionId="12593929-85ad-423a-bd53-e98a0ffec6e5" testListId="8c84fa94-04c1-424b-9868-57a2d4851a1d" />
    <TestEntry testId="74111dd8-f430-5bfe-b9c0-93aafd03f298" executionId="79927ed4-c660-4a24-acc0-d7a1f9d44775" testListId="8c84fa94-04c1-424b-9868-57a2d4851a1d" />
    <TestEntry testId="7a875a20-869e-f00b-053e-c70522bed2e4" executionId="78cbf544-7412-4990-9037-c50e6d6be6d7" testListId="8c84fa94-04c1-424b-9868-57a2d4851a1d" />
    <TestEntry testId="7ece947f-42c5-8500-54c5-b20f3a93eb67" executionId="d2e4f8a3-fb9c-448e-89f4-85aa78aadb1d" testListId="8c84fa94-04c1-424b-9868-57a2d4851a1d" />
    <TestEntry testId="86c5885c-7d59-4ed0-80e8-382639614930" executionId="fb53f2e2-a3fc-4d73-9748-b7505d2cee00" testListId="8c84fa94-04c1-424b-9868-57a2d4851a1d" />
    <TestEntry testId="8b4f7f68-213a-780b-b30e-1843e1d856e1" executionId="4ada0430-4f69-435c-a563-caf41d58c3fe" testListId="8c84fa94-04c1-424b-9868-57a2d4851a1d" />
    <TestEntry testId="91f4da68-007c-3330-d97e-1778a3c86ff6" executionId="bb86466b-66aa-4eff-be3e-241daceb02ba" testListId="8c84fa94-04c1-424b-9868-57a2d4851a1d" />
    <TestEntry testId="92ebb286-87f5-693d-e546-10272f248963" executionId="ce6458f1-26df-40de-ad80-6d0e3419b378" testListId="8c84fa94-04c1-424b-9868-57a2d4851a1d" />
    <TestEntry testId="9de01fac-ff5b-844e-ac10-8e278e50aefb" executionId="9aa818d4-cc12-4d4f-918d-66df152a1d20" testListId="8c84fa94-04c1-424b-9868-57a2d4851a1d" />
    <TestEntry testId="a74eb90e-9d8b-f22f-e428-3053d131a224" executionId="2c02beda-adeb-4cf1-a853-072b7f6dc15b" testListId="8c84fa94-04c1-424b-9868-57a2d4851a1d" />
    <TestEntry testId="a756099b-5da6-2ddc-9fee-f15682c2d49f" executionId="46311296-0398-4149-a363-25021bb95693" testListId="8c84fa94-04c1-424b-9868-57a2d4851a1d" />
    <TestEntry testId="abf7a480-1a79-81c9-f364-a8f8317d4836" executionId="4265f311-4c54-49de-9846-f0874c7de04e" testListId="8c84fa94-04c1-424b-9868-57a2d4851a1d" />
    <TestEntry testId="ad1b8c78-30f4-81b2-7a0e-a067595db12f" executionId="3cf33b50-0da5-4809-a2fe-1d6073f14a55" testListId="8c84fa94-04c1-424b-9868-57a2d4851a1d" />
    <TestEntry testId="ad4429b9-9475-889f-2d5d-460e64943a4d" executionId="e1ed58d9-922e-4a3e-bfe3-51b4b039e8d2" testListId="8c84fa94-04c1-424b-9868-57a2d4851a1d" />
    <TestEntry testId="aef425bd-2eab-c6f3-c07a-7e29dd0dce17" executionId="a92109fa-b5f1-4efe-8848-1a92fd4e3c02" testListId="8c84fa94-04c1-424b-9868-57a2d4851a1d" />
    <TestEntry testId="b3a57e4c-b805-a4fc-7df1-a182576f7b06" executionId="0cc5bbd7-2507-4e22-9c6e-8ee6336d165e" testListId="8c84fa94-04c1-424b-9868-57a2d4851a1d" />
    <TestEntry testId="b5daef91-9da8-cb3b-d9ac-fd5b12ac8814" executionId="b445c68e-14f2-4bea-92cd-d6a029a9f67f" testListId="8c84fa94-04c1-424b-9868-57a2d4851a1d" />
    <TestEntry testId="b778f592-1820-8982-430c-d4eb1a009cf0" executionId="61b3edd1-348d-4654-b76c-e00f2c26758c" testListId="8c84fa94-04c1-424b-9868-57a2d4851a1d" />
    <TestEntry testId="b779ddad-d290-bef3-b37b-6b3d1d3119b5" executionId="9bae364e-6819-4078-b064-bb7f2661ef38" testListId="8c84fa94-04c1-424b-9868-57a2d4851a1d" />
    <TestEntry testId="b8530562-0405-7168-8fcd-5511bec549ed" executionId="37bb9bf5-85ee-41a7-ad18-f6715b11d0b0" testListId="8c84fa94-04c1-424b-9868-57a2d4851a1d" />
    <TestEntry testId="bb4d66f5-c7df-35c7-ef81-54d6851f560d" executionId="3fa07377-8ef4-4be8-9d57-6521db3fa2a4" testListId="8c84fa94-04c1-424b-9868-57a2d4851a1d" />
    <TestEntry testId="bc903a28-a785-ad4e-9ef9-4083847aedbe" executionId="5eaf0c07-ca3e-400f-b223-5764e2984bb5" testListId="8c84fa94-04c1-424b-9868-57a2d4851a1d" />
    <TestEntry testId="bcb10bfe-a6dc-2e8a-91b4-652684741806" executionId="3e38259b-b5ae-4722-9f34-72320dd5608b" testListId="8c84fa94-04c1-424b-9868-57a2d4851a1d" />
    <TestEntry testId="bf49f69f-6742-be80-e634-61578fcbf67e" executionId="a73c7f5c-1bac-47b4-ac76-33d52121f9b0" testListId="8c84fa94-04c1-424b-9868-57a2d4851a1d" />
    <TestEntry testId="c3397289-c957-8cb3-7983-e26dda92f429" executionId="c0444574-b941-40ad-b576-4040a6fc3bba" testListId="8c84fa94-04c1-424b-9868-57a2d4851a1d" />
    <TestEntry testId="c3f97a23-5c32-5c87-5c73-4e2d7f0bf981" executionId="a68066aa-e191-42a7-98cc-1871a0f337e2" testListId="8c84fa94-04c1-424b-9868-57a2d4851a1d" />
    <TestEntry testId="cae2a875-e749-96da-1b97-c01a83bdd139" executionId="60fca3c3-6e0c-4226-a38a-9b1b4cbd6558" testListId="8c84fa94-04c1-424b-9868-57a2d4851a1d" />
    <TestEntry testId="ce12b165-014e-77a3-5d60-7dfb938464f8" executionId="1f8e11e2-e474-4642-93d5-ec985162bdf1" testListId="8c84fa94-04c1-424b-9868-57a2d4851a1d" />
    <TestEntry testId="d16d58aa-c640-5abe-a688-1a146a203f8b" executionId="8591ddb3-c395-40c5-9d67-51c420f4db4c" testListId="8c84fa94-04c1-424b-9868-57a2d4851a1d" />
    <TestEntry testId="d3e583cb-4224-e728-8d18-0d4b0930f13c" executionId="a7e9227b-7353-4d43-908e-3c71d891ac8e" testListId="8c84fa94-04c1-424b-9868-57a2d4851a1d" />
    <TestEntry testId="d79d029e-c1b2-e0ec-bfed-28e9fe10a24a" executionId="537a1a15-462a-42c1-9a2e-8c1ca45641cf" testListId="8c84fa94-04c1-424b-9868-57a2d4851a1d" />
    <TestEntry testId="d80a6679-bda1-f7f0-639c-83286c110bf8" executionId="ffbc3e4e-1a08-4f30-acd2-af16f059df8a" testListId="8c84fa94-04c1-424b-9868-57a2d4851a1d" />
    <TestEntry testId="dc664076-ce58-7b05-4276-b8c7ad2ac945" executionId="1db218d6-da1e-43d1-a3bd-37d2b80e1060" testListId="8c84fa94-04c1-424b-9868-57a2d4851a1d" />
    <TestEntry testId="e4b93963-5b1d-f292-0337-cafbec4196e3" executionId="1eed52ed-aa87-4840-85d6-bb04d29b3ae0" testListId="8c84fa94-04c1-424b-9868-57a2d4851a1d" />
    <TestEntry testId="e86237af-5c13-29a1-a872-5890d41faba6" executionId="39bb1c00-19e3-4795-9dc1-6b982c8d36a8" testListId="8c84fa94-04c1-424b-9868-57a2d4851a1d" />
    <TestEntry testId="ef320c25-9519-a727-36ab-a4e14fc808ab" executionId="a5604207-3fd4-4522-a4de-471938d49214" testListId="8c84fa94-04c1-424b-9868-57a2d4851a1d" />
    <TestEntry testId="f43f48f2-d820-adb3-6362-e0cc7620e862" executionId="d8c43908-ec96-445d-964e-6ebe38641833" testListId="8c84fa94-04c1-424b-9868-57a2d4851a1d" />
    <TestEntry testId="f4984bd3-beb6-ed47-005c-91468d9e3496" executionId="cc8ed5c6-2fbf-4fa9-b4c8-3a41d248dc58" testListId="8c84fa94-04c1-424b-9868-57a2d4851a1d" />
    <TestEntry testId="fa5607e9-368d-3081-794c-53cb5de13111" executionId="3eebd361-b15a-4cec-a3b5-e408a3003f14" testListId="8c84fa94-04c1-424b-9868-57a2d4851a1d" />
    <TestEntry testId="fe5bee85-e2db-8314-d411-6b62b04b183d" executionId="87ec2032-8fdb-44de-810a-23b393daa643" testListId="8c84fa94-04c1-424b-9868-57a2d4851a1d" />
    <TestEntry testId="fe7ddfe1-020e-2c9c-4f33-ef63d1ac0d9d" executionId="dcc4c503-6bb2-47bf-9150-3f6c8771e100" testListId="8c84fa94-04c1-424b-9868-57a2d4851a1d" />
    <TestEntry testId="ffca7e18-f793-e29f-e7a0-ae57a7ab6577" executionId="7a0df211-8e72-475b-a304-06de29b5dbdb" testListId="8c84fa94-04c1-424b-9868-57a2d4851a1d" />
  </TestEntries>
  <Results>
    <UnitTestResult executionId="b77535b4-7d52-4013-898e-488cbb89de02" testId="091a103f-e78a-3488-8eef-b0449e3b26ee" testName="GetOpenIDByUserTest" computerName="ADRIAN-LAPTOP" duration="00:00:00.0376572" startTime="2008-09-18T17:54:37.3071812+12:00" endTime="2008-09-18T17:54:41.3007812+12:00" testType="13cdc9d9-ddb5-4fa4-a97d-d965ccfc6d4b" outcome="Failed" testListId="8c84fa94-04c1-424b-9868-57a2d4851a1d">
      <Output>
        <ErrorInfo>
          <Message>Test method GrabbaRide.UnitTests.GrabbaRideDBDataContextTest.GetOpenIDByUserTest threw exception:  System.InvalidOperationException: Sequence contains no elements.</Message>
          <StackTrace>    at System.Data.Linq.SqlClient.SqlProvider.Execute(Expression query, QueryInfo queryInfo, IObjectReaderFactory factory, Object[] parentArgs, Object[] userArgs, ICompiledSubQuery[] subQueries, Object lastResult)
   at System.Data.Linq.SqlClient.SqlProvider.ExecuteAll(Expression query, QueryInfo[] queryInfos, IObjectReaderFactory factory, Object[] userArguments, ICompiledSubQuery[] subQueries)
   at System.Data.Linq.SqlClient.SqlProvider.System.Data.Linq.Provider.IProvider.Execute(Expression query)
   at System.Data.Linq.DataQuery`1.System.Linq.IQueryProvider.Execute[S](Expression expression)
   at System.Linq.Queryable.Single[TSource](IQueryable`1 source)
   at GrabbaRide.Database.GrabbaRideDBDataContext.GetOpenIDByUser(Int32 user_id) in D:\Dev\GrabbaRide\grabbaride\trunk\GrabbaRide.Database\GrabbaRideDB.cs:line 318
   at GrabbaRide.UnitTests.GrabbaRideDBDataContextTest.GetOpenIDByUserTest() in D:\Dev\GrabbaRide\grabbaride\trunk\GrabbaRide.UnitTests\GrabbaRideDBDataContextTest.cs:line 390
</StackTrace>
        </ErrorInfo>
      </Output>
    </UnitTestResult>
    <UnitTestResult executionId="4c96703e-402d-4234-8a13-3559f29e4c02" testId="1591563f-d2e9-622d-a731-62c1f3839ade" testName="GetUserNameByEmailTest" computerName="ADRIAN-LAPTOP" duration="00:00:00.0259388" startTime="2008-09-18T17:54:41.3007812+12:00" endTime="2008-09-18T17:54:41.3319812+12:00" testType="13cdc9d9-ddb5-4fa4-a97d-d965ccfc6d4b" outcome="Failed" testListId="8c84fa94-04c1-424b-9868-57a2d4851a1d">
      <Output>
        <ErrorInfo>
          <Message>Test method GrabbaRide.UnitTests.GrabbaRideMembershipProviderTest.GetUserNameByEmailTest threw exception:  System.ArgumentException: Not a valid email address: emails must be "user@host.something".</Message>
          <StackTrace>    at GrabbaRide.Database.GrabbaRideDBDataContext.GetUserByEmail(String email) in D:\Dev\GrabbaRide\grabbaride\trunk\GrabbaRide.Database\GrabbaRideDB.cs:line 225
   at GrabbaRide.UserManagement.GrabbaRideMembershipProvider.GetUserNameByEmail(String email) in D:\Dev\GrabbaRide\grabbaride\trunk\GrabbaRide.UserManagement\GrabbaRideMembershipProvider.cs:line 260
   at GrabbaRide.UnitTests.GrabbaRideMembershipProviderTest.GetUserNameByEmailTest() in D:\Dev\GrabbaRide\grabbaride\trunk\GrabbaRide.UnitTests\GrabbaRideMembershipProviderTest.cs:line 265
</StackTrace>
        </ErrorInfo>
      </Output>
    </UnitTestResult>
    <UnitTestResult executionId="15f2b235-13ae-4996-a998-c907a7d1086e" testId="1e223d07-860b-2b0a-9d2b-db51bcc6204c" testName="MinRequiredPasswordLengthTest" computerName="ADRIAN-LAPTOP" duration="00:00:00.0090462" startTime="2008-09-18T17:54:41.3475812+12:00" endTime="2008-09-18T17:54:41.3631812+12:00" testType="13cdc9d9-ddb5-4fa4-a97d-d965ccfc6d4b" outcome="Passed" testListId="8c84fa94-04c1-424b-9868-57a2d4851a1d">
      <Output>
      </Output>
    </UnitTestResult>
    <UnitTestResult executionId="65b3fc96-423e-4666-b313-757cfb283976" testId="225cb7b4-a287-d1d6-99a4-e6f2902bf00e" testName="EnablePasswordRetrievalTest" computerName="ADRIAN-LAPTOP" duration="00:00:00.0119937" startTime="2008-09-18T17:54:41.3631812+12:00" endTime="2008-09-18T17:54:41.3943812+12:00" testType="13cdc9d9-ddb5-4fa4-a97d-d965ccfc6d4b" outcome="Inconclusive" testListId="8c84fa94-04c1-424b-9868-57a2d4851a1d">
      <Output>
        <ErrorInfo>
          <Message>Assert.Inconclusive failed. Verify the correctness of this test method.</Message>
          <StackTrace>   at GrabbaRide.UnitTests.GrabbaRideMembershipProviderTest.EnablePasswordRetrievalTest() in D:\Dev\GrabbaRide\grabbaride\trunk\GrabbaRide.UnitTests\GrabbaRideMembershipProviderTest.cs:line 149
</StackTrace>
        </ErrorInfo>
      </Output>
    </UnitTestResult>
    <UnitTestResult executionId="a9d4e64d-d670-4a53-aef5-78bb6d5c2fa9" testId="2361c0a5-c424-7bf2-38c0-a8601f6ffee1" testName="FindUsersByNameTest" computerName="ADRIAN-LAPTOP" duration="00:00:00.1720482" startTime="2008-09-18T17:54:41.3943812+12:00" endTime="2008-09-18T17:54:41.5659812+12:00" testType="13cdc9d9-ddb5-4fa4-a97d-d965ccfc6d4b" outcome="Failed" testListId="8c84fa94-04c1-424b-9868-57a2d4851a1d">
      <Output>
        <ErrorInfo>
          <Message>Test method GrabbaRide.UnitTests.GrabbaRideMembershipProviderTest.FindUsersByNameTest threw exception:  System.Data.SqlClient.SqlException: Invalid column name 'IsSignedIn'..</Message>
          <StackTrace>    at System.Data.SqlClient.SqlConnection.OnError(SqlException exception, Boolean breakConnection)
   at System.Data.SqlClient.SqlInternalConnection.OnError(SqlException exception, Boolean breakConnection)
   at System.Data.SqlClient.TdsParser.ThrowExceptionAndWarning(TdsParserStateObject stateObj)
   at System.Data.SqlClient.TdsParser.Run(RunBehavior runBehavior, SqlCommand cmdHandler, SqlDataReader dataStream, BulkCopySimpleResultSet bulkCopyHandler, TdsParserStateObject stateObj)
   at System.Data.SqlClient.SqlDataReader.ConsumeMetaData()
   at System.Data.SqlClient.SqlDataReader.get_MetaData()
   at System.Data.SqlClient.SqlCommand.FinishExecuteReader(SqlDataReader ds, RunBehavior runBehavior, String resetOptionsString)
   at System.Data.SqlClient.SqlCommand.RunExecuteReaderTds(CommandBehavior cmdBehavior, RunBehavior runBehavior, Boolean returnStream, Boolean async)
   at System.Data.SqlClient.SqlCommand.RunExecuteReader(CommandBehavior cmdBehavior, RunBehavior runBehavior, Boolean returnStream, String method, DbAsyncResult result)
   at System.Data.SqlClient.SqlCommand.RunExecuteReader(CommandBehavior cmdBehavior, RunBehavior runBehavior, Boolean returnStream, String method)
   at System.Data.SqlClient.SqlCommand.ExecuteReader(CommandBehavior behavior, String method)
   at System.Data.SqlClient.SqlCommand.ExecuteDbDataReader(CommandBehavior behavior)
   at System.Data.Common.DbCommand.ExecuteReader()
   at System.Data.Linq.SqlClient.SqlProvider.Execute(Expression query, QueryInfo queryInfo, IObjectReaderFactory factory, Object[] parentArgs, Object[] userArgs, ICompiledSubQuery[] subQueries, Object lastResult)
   at System.Data.Linq.SqlClient.SqlProvider.ExecuteAll(Expression query, QueryInfo[] queryInfos, IObjectReaderFactory factory, Object[] userArguments, ICompiledSubQuery[] subQueries)
   at System.Data.Linq.SqlClient.SqlProvider.System.Data.Linq.Provider.IProvider.Execute(Expression query)
   at System.Data.Linq.DataQuery`1.System.Collections.Generic.IEnumerable&lt;T&gt;.GetEnumerator()
   at GrabbaRide.UserManagement.GrabbaRideMembershipProvider.FindUsersByName(String usernameToMatch, Int32 pageIndex, Int32 pageSize, Int32&amp; totalRecords) in D:\Dev\GrabbaRide\grabbaride\trunk\GrabbaRide.UserManagement\GrabbaRideMembershipProvider.cs:line 189
   at GrabbaRide.UnitTests.GrabbaRideMembershipProviderTest.FindUsersByNameTest() in D:\Dev\GrabbaRide\grabbaride\trunk\GrabbaRide.UnitTests\GrabbaRideMembershipProviderTest.cs:line 365
</StackTrace>
        </ErrorInfo>
      </Output>
    </UnitTestResult>
    <UnitTestResult executionId="1cedd718-4ec3-4a54-a946-dc30aa3f6cd4" testId="2474be98-7b56-ae57-91fa-a13c443623e9" testName="DeleteUserTest" computerName="ADRIAN-LAPTOP" duration="00:00:00.0143830" startTime="2008-09-18T17:54:41.5815812+12:00" endTime="2008-09-18T17:54:41.5971812+12:00" testType="13cdc9d9-ddb5-4fa4-a97d-d965ccfc6d4b" outcome="Inconclusive" testListId="8c84fa94-04c1-424b-9868-57a2d4851a1d">
      <Output>
        <ErrorInfo>
          <Message>Assert.Inconclusive failed. Verify the correctness of this test method.</Message>
          <StackTrace>   at GrabbaRide.UnitTests.GrabbaRideMembershipProviderTest.DeleteUserTest() in D:\Dev\GrabbaRide\grabbaride\trunk\GrabbaRide.UnitTests\GrabbaRideMembershipProviderTest.cs:line 404
</StackTrace>
        </ErrorInfo>
      </Output>
    </UnitTestResult>
    <UnitTestResult executionId="7bbce113-8a00-4de1-a60f-1023b1a6afff" testId="24d366f8-843e-e643-6069-5fadeb08bd33" testName="DetachRideTest" computerName="ADRIAN-LAPTOP" duration="00:00:00.0026270" startTime="2008-09-18T17:54:41.5971812+12:00" endTime="2008-09-18T17:54:41.6127812+12:00" testType="13cdc9d9-ddb5-4fa4-a97d-d965ccfc6d4b" outcome="Failed" testListId="8c84fa94-04c1-424b-9868-57a2d4851a1d">
      <Output>
        <ErrorInfo>
          <Message>Test method GrabbaRide.UnitTests.GrabbaRideDBDataContextTest.DetachRideTest threw exception:  System.ArgumentNullException: Value cannot be null.
Parameter name: entity.</Message>
          <StackTrace>    at System.Data.Linq.Table`1.DeleteOnSubmit(TEntity entity)
   at GrabbaRide.Database.GrabbaRideDBDataContext.DetachRide(Ride oldRide) in D:\Dev\GrabbaRide\grabbaride\trunk\GrabbaRide.Database\GrabbaRideDB.cs:line 23
   at GrabbaRide.UnitTests.GrabbaRideDBDataContextTest.DetachRideTest() in D:\Dev\GrabbaRide\grabbaride\trunk\GrabbaRide.UnitTests\GrabbaRideDBDataContextTest.cs:line 473
</StackTrace>
        </ErrorInfo>
      </Output>
    </UnitTestResult>
    <UnitTestResult executionId="d83d4cfb-dd3c-405e-9403-43bdb2408832" testId="253c0ea7-bdf3-73a7-b608-716c64063968" testName="CreateUserTest" computerName="ADRIAN-LAPTOP" duration="00:00:00.0103340" startTime="2008-09-18T17:54:41.6127812+12:00" endTime="2008-09-18T17:54:41.6283812+12:00" testType="13cdc9d9-ddb5-4fa4-a97d-d965ccfc6d4b" outcome="Failed" testListId="8c84fa94-04c1-424b-9868-57a2d4851a1d">
      <Output>
        <ErrorInfo>
          <Message>Test method GrabbaRide.UnitTests.GrabbaRideMembershipProviderTest.CreateUserTest threw exception:  System.ArgumentException: Not a valid email address: emails must be "user@host.something".</Message>
          <StackTrace>    at GrabbaRide.Database.GrabbaRideDBDataContext.GetUserByEmail(String email) in D:\Dev\GrabbaRide\grabbaride\trunk\GrabbaRide.Database\GrabbaRideDB.cs:line 225
   at GrabbaRide.UserManagement.GrabbaRideMembershipProvider.CreateUser(String username, String password, String email, String passwordQuestion, String passwordAnswer, Boolean isApproved, Object providerUserKey, MembershipCreateStatus&amp; status) in D:\Dev\GrabbaRide\grabbaride\trunk\GrabbaRide.UserManagement\GrabbaRideMembershipProvider.cs:line 90
   at GrabbaRide.UnitTests.GrabbaRideMembershipProviderTest.CreateUserTest() in D:\Dev\GrabbaRide\grabbaride\trunk\GrabbaRide.UnitTests\GrabbaRideMembershipProviderTest.cs:line 425
</StackTrace>
        </ErrorInfo>
      </Output>
    </UnitTestResult>
    <UnitTestResult executionId="ea390b45-cf75-4878-bc53-7a2d0fd7dc4c" testId="267f40f4-d890-2bea-12e4-ab2900de3aed" testName="GetRideByIDTest" computerName="ADRIAN-LAPTOP" duration="00:00:00.0360450" startTime="2008-09-18T17:54:41.6283812+12:00" endTime="2008-09-18T17:54:41.6751812+12:00" testType="13cdc9d9-ddb5-4fa4-a97d-d965ccfc6d4b" outcome="Failed" testListId="8c84fa94-04c1-424b-9868-57a2d4851a1d">
      <Output>
        <ErrorInfo>
          <Message>Test method GrabbaRide.UnitTests.GrabbaRideDBDataContextTest.GetRideByIDTest threw exception:  System.InvalidOperationException: Sequence contains no elements.</Message>
          <StackTrace>    at System.Data.Linq.SqlClient.SqlProvider.Execute(Expression query, QueryInfo queryInfo, IObjectReaderFactory factory, Object[] parentArgs, Object[] userArgs, ICompiledSubQuery[] subQueries, Object lastResult)
   at System.Data.Linq.SqlClient.SqlProvider.ExecuteAll(Expression query, QueryInfo[] queryInfos, IObjectReaderFactory factory, Object[] userArguments, ICompiledSubQuery[] subQueries)
   at System.Data.Linq.SqlClient.SqlProvider.System.Data.Linq.Provider.IProvider.Execute(Expression query)
   at System.Data.Linq.DataQuery`1.System.Linq.IQueryProvider.Execute[S](Expression expression)
   at System.Linq.Queryable.Single[TSource](IQueryable`1 source)
   at GrabbaRide.Database.GrabbaRideDBDataContext.GetRideByID(Int32 rideID) in D:\Dev\GrabbaRide\grabbaride\trunk\GrabbaRide.Database\GrabbaRideDB.cs:line 38
   at GrabbaRide.UnitTests.GrabbaRideDBDataContextTest.GetRideByIDTest() in D:\Dev\GrabbaRide\grabbaride\trunk\GrabbaRide.UnitTests\GrabbaRideDBDataContextTest.cs:line 344
</StackTrace>
        </ErrorInfo>
      </Output>
    </UnitTestResult>
    <UnitTestResult executionId="3fdd8dd2-31b4-42fe-a7bc-758621f01602" testId="352b5c7c-65b0-9c97-7143-b449ffa0cc83" testName="getRidesAfterDateTest" computerName="ADRIAN-LAPTOP" duration="00:00:00.0123299" startTime="2008-09-18T17:54:41.6751812+12:00" endTime="2008-09-18T17:54:41.6907812+12:00" testType="13cdc9d9-ddb5-4fa4-a97d-d965ccfc6d4b" outcome="Failed" testListId="8c84fa94-04c1-424b-9868-57a2d4851a1d">
      <Output>
        <ErrorInfo>
          <Message>Assert.AreEqual failed. Expected:&lt;(null)&gt;. Actual:&lt;SELECT [t0].[RideID], [t0].[UserID], [t0].[DepartureTime] AS [DepartureTimeSrc], [t0].[JourneyLength] AS [JourneyLengthSrc], [t0].[CreationDate], [t0].[StartDate], [t0].[EndDate], [t0].[NumSeats], [t0].[RecurMon], [t0].[RecurTue], [t0].[RecurWed], [t0].[RecurThu], [t0].[RecurFri], [t0].[RecurSat], [t0].[RecurSun], [t0].[LocationFromLat], [t0].[LocationFromLong], [t0].[LocationToLat], [t0].[LocationToLong], [t0].[Available]
FROM [Rides] AS [t0]
WHERE [t0].[StartDate] &gt;= @p0
&gt;. </Message>
          <StackTrace>   at GrabbaRide.UnitTests.GrabbaRideDBDataContextTest.getRidesAfterDateTest() in D:\Dev\GrabbaRide\grabbaride\trunk\GrabbaRide.UnitTests\GrabbaRideDBDataContextTest.cs:line 330
</StackTrace>
        </ErrorInfo>
      </Output>
    </UnitTestResult>
    <UnitTestResult executionId="5f0a0a46-fd04-4a44-b527-99881029b265" testId="3b1d2d20-cfdf-9e5d-5b64-835fec20a00a" testName="ChangePasswordQuestionAndAnswerTest" computerName="ADRIAN-LAPTOP" duration="00:00:00.0100340" startTime="2008-09-18T17:54:41.6907812+12:00" endTime="2008-09-18T17:54:41.7063812+12:00" testType="13cdc9d9-ddb5-4fa4-a97d-d965ccfc6d4b" outcome="Inconclusive" testListId="8c84fa94-04c1-424b-9868-57a2d4851a1d">
      <Output>
        <ErrorInfo>
          <Message>Assert.Inconclusive failed. Verify the correctness of this test method.</Message>
          <StackTrace>   at GrabbaRide.UnitTests.GrabbaRideMembershipProviderTest.ChangePasswordQuestionAndAnswerTest() in D:\Dev\GrabbaRide\grabbaride\trunk\GrabbaRide.UnitTests\GrabbaRideMembershipProviderTest.cs:line 446
</StackTrace>
        </ErrorInfo>
      </Output>
    </UnitTestResult>
    <UnitTestResult executionId="75ce919e-e0fe-4ef0-9b6b-39e98be66064" testId="3bf3191c-e563-4ae3-3c95-e61038a6456a" testName="PasswordFormatTest" computerName="ADRIAN-LAPTOP" duration="00:00:00.0016113" startTime="2008-09-18T17:54:41.7063812+12:00" endTime="2008-09-18T17:54:41.7219812+12:00" testType="13cdc9d9-ddb5-4fa4-a97d-d965ccfc6d4b" outcome="Inconclusive" testListId="8c84fa94-04c1-424b-9868-57a2d4851a1d">
      <Output>
        <ErrorInfo>
          <Message>Assert.Inconclusive failed. Verify the correctness of this test method.</Message>
          <StackTrace>   at GrabbaRide.UnitTests.GrabbaRideMembershipProviderTest.PasswordFormatTest() in D:\Dev\GrabbaRide\grabbaride\trunk\GrabbaRide.UnitTests\GrabbaRideMembershipProviderTest.cs:line 93
</StackTrace>
        </ErrorInfo>
      </Output>
    </UnitTestResult>
    <UnitTestResult executionId="0c4d83c5-cbdc-4f85-b495-89672a624fa3" testId="4016a2fc-de16-87dc-b44a-4bc17035ecd6" testName="GenerateRandomPasswordTest" computerName="ADRIAN-LAPTOP" duration="00:00:00.0039306" startTime="2008-09-18T17:54:41.7219812+12:00" endTime="2008-09-18T17:54:41.7219812+12:00" testType="13cdc9d9-ddb5-4fa4-a97d-d965ccfc6d4b" outcome="Passed" testListId="8c84fa94-04c1-424b-9868-57a2d4851a1d">
      <Output>
      </Output>
    </UnitTestResult>
    <UnitTestResult executionId="620b5097-706c-459c-8c97-52c0ed239872" testId="4170c8ab-61df-00b9-5958-87fb52e53cc5" testName="UpdateUserTest" computerName="ADRIAN-LAPTOP" duration="00:00:00.0054061" startTime="2008-09-18T17:54:41.7375812+12:00" endTime="2008-09-18T17:54:41.7375812+12:00" testType="13cdc9d9-ddb5-4fa4-a97d-d965ccfc6d4b" outcome="Failed" testListId="8c84fa94-04c1-424b-9868-57a2d4851a1d">
      <Output>
        <ErrorInfo>
          <Message>Test method GrabbaRide.UnitTests.GrabbaRideMembershipProviderTest.UpdateUserTest threw exception:  System.NullReferenceException: Object reference not set to an instance of an object..</Message>
          <StackTrace>    at GrabbaRide.UserManagement.GrabbaRideMembershipProvider.UpdateUser(MembershipUser mUser) in D:\Dev\GrabbaRide\grabbaride\trunk\GrabbaRide.UserManagement\GrabbaRideMembershipProvider.cs:line 352
   at GrabbaRide.UnitTests.GrabbaRideMembershipProviderTest.UpdateUserTest() in D:\Dev\GrabbaRide\grabbaride\trunk\GrabbaRide.UnitTests\GrabbaRideMembershipProviderTest.cs:line 207
</StackTrace>
        </ErrorInfo>
      </Output>
    </UnitTestResult>
    <UnitTestResult executionId="46915494-188f-4e67-a092-a0b30a7e066f" testId="49bb59da-f4b8-9b9f-7e24-cf8c575e9ef8" testName="RequiresQuestionAndAnswerTest" computerName="ADRIAN-LAPTOP" duration="00:00:00.0004890" startTime="2008-09-18T17:54:41.7375812+12:00" endTime="2008-09-18T17:54:41.7531812+12:00" testType="13cdc9d9-ddb5-4fa4-a97d-d965ccfc6d4b" outcome="Passed" testListId="8c84fa94-04c1-424b-9868-57a2d4851a1d">
      <Output>
      </Output>
    </UnitTestResult>
    <UnitTestResult executionId="92ab5d41-0dd4-48a3-8ecc-6b7a56b64ef1" testId="4a3de6a3-67b5-706e-c492-d0bcfdfeb130" testName="OpenIDConstructorTest" computerName="ADRIAN-LAPTOP" duration="00:00:00.0025390" startTime="2008-09-18T17:54:41.7531812+12:00" endTime="2008-09-18T17:54:41.7687812+12:00" testType="13cdc9d9-ddb5-4fa4-a97d-d965ccfc6d4b" outcome="Passed" testListId="8c84fa94-04c1-424b-9868-57a2d4851a1d">
      <Output>
      </Output>
    </UnitTestResult>
    <UnitTestResult executionId="ea3cfe7e-aab6-49e8-a9d6-92bb4a1e4299" testId="4ba3ca4e-fbe4-8600-252a-6c0b90eed55f" testName="JourneyDistanceTest2" computerName="ADRIAN-LAPTOP" duration="00:00:00.0030739" startTime="2008-09-18T17:54:41.7687812+12:00" endTime="2008-09-18T17:54:41.7843812+12:00" testType="13cdc9d9-ddb5-4fa4-a97d-d965ccfc6d4b" outcome="Passed" testListId="8c84fa94-04c1-424b-9868-57a2d4851a1d">
      <Output>
      </Output>
    </UnitTestResult>
    <UnitTestResult executionId="6d5f2edd-eef4-4da5-830c-9c9127e2a0d6" testId="4e93304a-36c4-b847-c009-097b4bbe01df" testName="getAllRidesRecurTest" computerName="ADRIAN-LAPTOP" duration="00:00:00.0113720" startTime="2008-09-18T17:54:41.7843812+12:00" endTime="2008-09-18T17:54:41.7999812+12:00" testType="13cdc9d9-ddb5-4fa4-a97d-d965ccfc6d4b" outcome="Failed" testListId="8c84fa94-04c1-424b-9868-57a2d4851a1d">
      <Output>
        <ErrorInfo>
          <Message>Assert.AreEqual failed. Expected:&lt;(null)&gt;. Actual:&lt;SELECT [t0].[RideID], [t0].[UserID], [t0].[DepartureTime] AS [DepartureTimeSrc], [t0].[JourneyLength] AS [JourneyLengthSrc], [t0].[CreationDate], [t0].[StartDate], [t0].[EndDate], [t0].[NumSeats], [t0].[RecurMon], [t0].[RecurTue], [t0].[RecurWed], [t0].[RecurThu], [t0].[RecurFri], [t0].[RecurSat], [t0].[RecurSun], [t0].[LocationFromLat], [t0].[LocationFromLong], [t0].[LocationToLat], [t0].[LocationToLong], [t0].[Available]
FROM [Rides] AS [t0]
WHERE [t0].[RecurSun] = 1
&gt;. </Message>
          <StackTrace>   at GrabbaRide.UnitTests.GrabbaRideDBDataContextTest.getAllRidesRecurTest() in D:\Dev\GrabbaRide\grabbaride\trunk\GrabbaRide.UnitTests\GrabbaRideDBDataContextTest.cs:line 420
</StackTrace>
        </ErrorInfo>
      </Output>
    </UnitTestResult>
    <UnitTestResult executionId="ec8ec76b-bdf1-4a9e-bf50-5eb6f1fa5a77" testId="5015f960-99dc-5c5b-e393-ff86eb1fbcd2" testName="GetOpenIDsByUserTest" computerName="ADRIAN-LAPTOP" duration="00:00:00.0924289" startTime="2008-09-18T17:54:41.7999812+12:00" endTime="2008-09-18T17:54:41.8935812+12:00" testType="13cdc9d9-ddb5-4fa4-a97d-d965ccfc6d4b" outcome="Failed" testListId="8c84fa94-04c1-424b-9868-57a2d4851a1d">
      <Output>
        <ErrorInfo>
          <Message>Test method GrabbaRide.UnitTests.GrabbaRideDBDataContextTest.GetOpenIDsByUserTest threw exception:  System.InvalidOperationException: Sequence contains no elements.</Message>
          <StackTrace>    at System.Data.Linq.SqlClient.SqlProvider.Execute(Expression query, QueryInfo queryInfo, IObjectReaderFactory factory, Object[] parentArgs, Object[] userArgs, ICompiledSubQuery[] subQueries, Object lastResult)
   at System.Data.Linq.SqlClient.SqlProvider.ExecuteAll(Expression query, QueryInfo[] queryInfos, IObjectReaderFactory factory, Object[] userArguments, ICompiledSubQuery[] subQueries)
   at System.Data.Linq.SqlClient.SqlProvider.System.Data.Linq.Provider.IProvider.Execute(Expression query)
   at System.Data.Linq.DataQuery`1.System.Linq.IQueryProvider.Execute[S](Expression expression)
   at System.Linq.Queryable.Single[TSource](IQueryable`1 source)
   at GrabbaRide.Database.GrabbaRideDBDataContext.GetOpenIDsByUser(Int32 user_id) in D:\Dev\GrabbaRide\grabbaride\trunk\GrabbaRide.Database\GrabbaRideDB.cs:line 372
   at GrabbaRide.Database.GrabbaRideDBDataContext_Accessor.GetOpenIDsByUser(Int32 user_id)
   at GrabbaRide.UnitTests.GrabbaRideDBDataContextTest.GetOpenIDsByUserTest() in D:\Dev\GrabbaRide\grabbaride\trunk\GrabbaRide.UnitTests\GrabbaRideDBDataContextTest.cs:line 360
</StackTrace>
        </ErrorInfo>
      </Output>
    </UnitTestResult>
    <UnitTestResult executionId="05df004e-bb34-40d7-ae1b-0d99e9bb31fb" testId="502725cc-885c-0248-f5c0-a44fb92b3dd0" testName="GetUser_SortByUserNameTest" computerName="ADRIAN-LAPTOP" duration="00:00:00.0076757" startTime="2008-09-18T17:54:41.8935812+12:00" endTime="2008-09-18T17:54:41.9091812+12:00" testType="13cdc9d9-ddb5-4fa4-a97d-d965ccfc6d4b" outcome="Failed" testListId="8c84fa94-04c1-424b-9868-57a2d4851a1d">
      <Output>
        <ErrorInfo>
          <Message>Assert.AreEqual failed. Expected:&lt;(null)&gt;. Actual:&lt;SELECT [t0].[UserID], [t0].[FirstName], [t0].[LastName], [t0].[Gender], [t0].[DateOfBirth], [t0].[Occupation], [t0].[Username], [t0].[Password], [t0].[Email], [t0].[ApplicationName], [t0].[PasswordQuestion], [t0].[PasswordAnswer], [t0].[IsApproved], [t0].[LastActvityDate], [t0].[LastLoginDate], [t0].[LastPasswordChangedDate], [t0].[CreationDate], [t0].[IsLockedOut], [t0].[Comment], [t0].[LastLockoutDate], [t0].[Location], [t0].[IsSignedIn]
FROM [Users] AS [t0]
WHERE [t0].[ApplicationName] = @p0
ORDER BY [t0].[Username]
&gt;. </Message>
          <StackTrace>   at GrabbaRide.UnitTests.GrabbaRideDBDataContextTest.GetUser_SortByUserNameTest() in D:\Dev\GrabbaRide\grabbaride\trunk\GrabbaRide.UnitTests\GrabbaRideDBDataContextTest.cs:line 241
</StackTrace>
        </ErrorInfo>
      </Output>
    </UnitTestResult>
    <UnitTestResult executionId="a32f57f2-1c2e-46d2-b458-7b92bd4fda4f" testId="53174b29-3f07-ba25-3da5-a4dd26dd3d3f" testName="MaxInvalidPasswordAttemptsTest" computerName="ADRIAN-LAPTOP" duration="00:00:00.0019962" startTime="2008-09-18T17:54:41.9091812+12:00" endTime="2008-09-18T17:54:41.9247812+12:00" testType="13cdc9d9-ddb5-4fa4-a97d-d965ccfc6d4b" outcome="Inconclusive" testListId="8c84fa94-04c1-424b-9868-57a2d4851a1d">
      <Output>
        <ErrorInfo>
          <Message>Assert.Inconclusive failed. Verify the correctness of this test method.</Message>
          <StackTrace>   at GrabbaRide.UnitTests.GrabbaRideMembershipProviderTest.MaxInvalidPasswordAttemptsTest() in D:\Dev\GrabbaRide\grabbaride\trunk\GrabbaRide.UnitTests\GrabbaRideMembershipProviderTest.cs:line 137
</StackTrace>
        </ErrorInfo>
      </Output>
    </UnitTestResult>
    <UnitTestResult executionId="20992fc4-c139-4874-a8f3-e6d6bb8965c7" testId="55321523-1b2f-8b45-81b8-8d9e22ebd4a1" testName="GetNumberOfUsersOnlineTest" computerName="ADRIAN-LAPTOP" duration="00:00:00.0019006" startTime="2008-09-18T17:54:41.9247812+12:00" endTime="2008-09-18T17:54:41.9403812+12:00" testType="13cdc9d9-ddb5-4fa4-a97d-d965ccfc6d4b" outcome="Failed" testListId="8c84fa94-04c1-424b-9868-57a2d4851a1d">
      <Output>
        <ErrorInfo>
          <Message>Test method GrabbaRide.UnitTests.GrabbaRideMembershipProviderTest.GetNumberOfUsersOnlineTest threw exception:  System.NotImplementedException: The method or operation is not implemented..</Message>
          <StackTrace>    at GrabbaRide.UserManagement.GrabbaRideMembershipProvider.GetNumberOfUsersOnline() in D:\Dev\GrabbaRide\grabbaride\trunk\GrabbaRide.UserManagement\GrabbaRideMembershipProvider.cs:line 219
   at GrabbaRide.UnitTests.GrabbaRideMembershipProviderTest.GetNumberOfUsersOnlineTest() in D:\Dev\GrabbaRide\grabbaride\trunk\GrabbaRide.UnitTests\GrabbaRideMembershipProviderTest.cs:line 327
</StackTrace>
        </ErrorInfo>
      </Output>
    </UnitTestResult>
    <UnitTestResult executionId="d446e8fd-b4de-44de-a9bb-ed9599b6374b" testId="579ad665-e5c1-101e-e9d5-ec69e8518024" testName="getAllAvalibleRidesTest" computerName="ADRIAN-LAPTOP" duration="00:00:00.0060347" startTime="2008-09-18T17:54:41.9403812+12:00" endTime="2008-09-18T17:54:41.9559812+12:00" testType="13cdc9d9-ddb5-4fa4-a97d-d965ccfc6d4b" outcome="Failed" testListId="8c84fa94-04c1-424b-9868-57a2d4851a1d">
      <Output>
        <ErrorInfo>
          <Message>Assert.AreEqual failed. Expected:&lt;(null)&gt;. Actual:&lt;SELECT [t0].[RideID], [t0].[UserID], [t0].[DepartureTime] AS [DepartureTimeSrc], [t0].[JourneyLength] AS [JourneyLengthSrc], [t0].[CreationDate], [t0].[StartDate], [t0].[EndDate], [t0].[NumSeats], [t0].[RecurMon], [t0].[RecurTue], [t0].[RecurWed], [t0].[RecurThu], [t0].[RecurFri], [t0].[RecurSat], [t0].[RecurSun], [t0].[LocationFromLat], [t0].[LocationFromLong], [t0].[LocationToLat], [t0].[LocationToLong], [t0].[Available]
FROM [Rides] AS [t0]
WHERE ([t0].[NumSeats] &gt; @p0) AND ([t0].[Available] = 1)
&gt;. </Message>
          <StackTrace>   at GrabbaRide.UnitTests.GrabbaRideDBDataContextTest.getAllAvalibleRidesTest() in D:\Dev\GrabbaRide\grabbaride\trunk\GrabbaRide.UnitTests\GrabbaRideDBDataContextTest.cs:line 434
</StackTrace>
        </ErrorInfo>
      </Output>
    </UnitTestResult>
    <UnitTestResult executionId="c63d36b6-5780-446c-ae27-cbf3fad033c8" testId="57fb32c4-354f-0c30-76d9-e700015b365e" testName="AttachOpenIDTest" computerName="ADRIAN-LAPTOP" duration="00:00:00.0264914" startTime="2008-09-18T17:54:41.9559812+12:00" endTime="2008-09-18T17:54:41.9871812+12:00" testType="13cdc9d9-ddb5-4fa4-a97d-d965ccfc6d4b" outcome="Inconclusive" testListId="8c84fa94-04c1-424b-9868-57a2d4851a1d">
      <Output>
        <ErrorInfo>
          <Message>Assert.Inconclusive failed. A method that does not return a value cannot be verified.</Message>
          <StackTrace>   at GrabbaRide.UnitTests.GrabbaRideDBDataContextTest.AttachOpenIDTest() in D:\Dev\GrabbaRide\grabbaride\trunk\GrabbaRide.UnitTests\GrabbaRideDBDataContextTest.cs:line 524
</StackTrace>
        </ErrorInfo>
      </Output>
    </UnitTestResult>
    <UnitTestResult executionId="29317bc0-15e5-48b0-a7e3-0ae1a8d0253b" testId="5ac2581e-fe0f-ca65-90c1-87a571bd8332" testName="UnlockUserTest" computerName="ADRIAN-LAPTOP" duration="00:00:00.0088849" startTime="2008-09-18T17:54:41.9871812+12:00" endTime="2008-09-18T17:54:42.0027812+12:00" testType="13cdc9d9-ddb5-4fa4-a97d-d965ccfc6d4b" outcome="Inconclusive" testListId="8c84fa94-04c1-424b-9868-57a2d4851a1d">
      <Output>
        <ErrorInfo>
          <Message>Assert.Inconclusive failed. Verify the correctness of this test method.</Message>
          <StackTrace>   at GrabbaRide.UnitTests.GrabbaRideMembershipProviderTest.UnlockUserTest() in D:\Dev\GrabbaRide\grabbaride\trunk\GrabbaRide.UnitTests\GrabbaRideMembershipProviderTest.cs:line 223
</StackTrace>
        </ErrorInfo>
      </Output>
    </UnitTestResult>
    <UnitTestResult executionId="4c908d26-3337-4030-9878-5d9a58808c25" testId="65030bed-1ba2-d923-3acc-a1a5108ed125" testName="GetAllUsersTest" computerName="ADRIAN-LAPTOP" duration="00:00:00.0411611" startTime="2008-09-18T17:54:42.0027812+12:00" endTime="2008-09-18T17:54:42.0495812+12:00" testType="13cdc9d9-ddb5-4fa4-a97d-d965ccfc6d4b" outcome="Failed" testListId="8c84fa94-04c1-424b-9868-57a2d4851a1d">
      <Output>
        <ErrorInfo>
          <Message>Test method GrabbaRide.UnitTests.GrabbaRideMembershipProviderTest.GetAllUsersTest threw exception:  System.Data.SqlClient.SqlException: Invalid column name 'IsSignedIn'..</Message>
          <StackTrace>    at System.Data.SqlClient.SqlConnection.OnError(SqlException exception, Boolean breakConnection)
   at System.Data.SqlClient.SqlInternalConnection.OnError(SqlException exception, Boolean breakConnection)
   at System.Data.SqlClient.TdsParser.ThrowExceptionAndWarning(TdsParserStateObject stateObj)
   at System.Data.SqlClient.TdsParser.Run(RunBehavior runBehavior, SqlCommand cmdHandler, SqlDataReader dataStream, BulkCopySimpleResultSet bulkCopyHandler, TdsParserStateObject stateObj)
   at System.Data.SqlClient.SqlDataReader.ConsumeMetaData()
   at System.Data.SqlClient.SqlDataReader.get_MetaData()
   at System.Data.SqlClient.SqlCommand.FinishExecuteReader(SqlDataReader ds, RunBehavior runBehavior, String resetOptionsString)
   at System.Data.SqlClient.SqlCommand.RunExecuteReaderTds(CommandBehavior cmdBehavior, RunBehavior runBehavior, Boolean returnStream, Boolean async)
   at System.Data.SqlClient.SqlCommand.RunExecuteReader(CommandBehavior cmdBehavior, RunBehavior runBehavior, Boolean returnStream, String method, DbAsyncResult result)
   at System.Data.SqlClient.SqlCommand.RunExecuteReader(CommandBehavior cmdBehavior, RunBehavior runBehavior, Boolean returnStream, String method)
   at System.Data.SqlClient.SqlCommand.ExecuteReader(CommandBehavior behavior, String method)
   at System.Data.SqlClient.SqlCommand.ExecuteDbDataReader(CommandBehavior behavior)
   at System.Data.Common.DbCommand.ExecuteReader()
   at System.Data.Linq.SqlClient.SqlProvider.Execute(Expression query, QueryInfo queryInfo, IObjectReaderFactory factory, Object[] parentArgs, Object[] userArgs, ICompiledSubQuery[] subQueries, Object lastResult)
   at System.Data.Linq.SqlClient.SqlProvider.ExecuteAll(Expression query, QueryInfo[] queryInfos, IObjectReaderFactory factory, Object[] userArguments, ICompiledSubQuery[] subQueries)
   at System.Data.Linq.SqlClient.SqlProvider.System.Data.Linq.Provider.IProvider.Execute(Expression query)
   at System.Data.Linq.DataQuery`1.System.Collections.Generic.IEnumerable&lt;T&gt;.GetEnumerator()
   at GrabbaRide.UserManagement.GrabbaRideMembershipProvider.GetAllUsers(Int32 pageIndex, Int32 pageSize, Int32&amp; totalRecords) in D:\Dev\GrabbaRide\grabbaride\trunk\GrabbaRide.UserManagement\GrabbaRideMembershipProvider.cs:line 209
   at GrabbaRide.UnitTests.GrabbaRideMembershipProviderTest.GetAllUsersTest() in D:\Dev\GrabbaRide\grabbaride\trunk\GrabbaRide.UnitTests\GrabbaRideMembershipProviderTest.cs:line 345
</StackTrace>
        </ErrorInfo>
      </Output>
    </UnitTestResult>
    <UnitTestResult executionId="12593929-85ad-423a-bd53-e98a0ffec6e5" testId="73900894-df5d-78c4-fbc1-ad3eb8f3672f" testName="FindSimilarRidesTest" computerName="ADRIAN-LAPTOP" duration="00:00:00.0125362" startTime="2008-09-18T17:54:42.0651812+12:00" endTime="2008-09-18T17:54:42.0807812+12:00" testType="13cdc9d9-ddb5-4fa4-a97d-d965ccfc6d4b" outcome="Failed" testListId="8c84fa94-04c1-424b-9868-57a2d4851a1d">
      <Output>
        <ErrorInfo>
          <Message>Test method GrabbaRide.UnitTests.GrabbaRideDBDataContextTest.FindSimilarRidesTest threw exception:  System.NullReferenceException: Object reference not set to an instance of an object..</Message>
          <StackTrace>    at GrabbaRide.Database.GrabbaRideDBDataContext.FindSimilarRides(Ride searchedRide) in D:\Dev\GrabbaRide\grabbaride\trunk\GrabbaRide.Database\Search.cs:line 21
   at GrabbaRide.UnitTests.GrabbaRideDBDataContextTest.FindSimilarRidesTest() in D:\Dev\GrabbaRide\grabbaride\trunk\GrabbaRide.UnitTests\GrabbaRideDBDataContextTest.cs:line 448
</StackTrace>
        </ErrorInfo>
      </Output>
    </UnitTestResult>
    <UnitTestResult executionId="79927ed4-c660-4a24-acc0-d7a1f9d44775" testId="74111dd8-f430-5bfe-b9c0-93aafd03f298" testName="getRidesBetweenTest" computerName="ADRIAN-LAPTOP" duration="00:00:00.0102034" startTime="2008-09-18T17:54:42.0807812+12:00" endTime="2008-09-18T17:54:42.0963812+12:00" testType="13cdc9d9-ddb5-4fa4-a97d-d965ccfc6d4b" outcome="Failed" testListId="8c84fa94-04c1-424b-9868-57a2d4851a1d">
      <Output>
        <ErrorInfo>
          <Message>Assert.AreEqual failed. Expected:&lt;(null)&gt;. Actual:&lt;SELECT [t0].[RideID], [t0].[UserID], [t0].[DepartureTime] AS [DepartureTimeSrc], [t0].[JourneyLength] AS [JourneyLengthSrc], [t0].[CreationDate], [t0].[StartDate], [t0].[EndDate], [t0].[NumSeats], [t0].[RecurMon], [t0].[RecurTue], [t0].[RecurWed], [t0].[RecurThu], [t0].[RecurFri], [t0].[RecurSat], [t0].[RecurSun], [t0].[LocationFromLat], [t0].[LocationFromLong], [t0].[LocationToLat], [t0].[LocationToLong], [t0].[Available]
FROM [Rides] AS [t0]
WHERE ([t0].[StartDate] &gt;= @p0) AND ([t0].[EndDate] &lt;= @p1)
&gt;. </Message>
          <StackTrace>   at GrabbaRide.UnitTests.GrabbaRideDBDataContextTest.getRidesBetweenTest() in D:\Dev\GrabbaRide\grabbaride\trunk\GrabbaRide.UnitTests\GrabbaRideDBDataContextTest.cs:line 300
</StackTrace>
        </ErrorInfo>
      </Output>
    </UnitTestResult>
    <UnitTestResult executionId="78cbf544-7412-4990-9037-c50e6d6be6d7" testId="7a875a20-869e-f00b-053e-c70522bed2e4" testName="GetMembershipUserTest" computerName="ADRIAN-LAPTOP" duration="00:00:00.0289726" startTime="2008-09-18T17:54:42.0963812+12:00" endTime="2008-09-18T17:54:42.1275812+12:00" testType="13cdc9d9-ddb5-4fa4-a97d-d965ccfc6d4b" outcome="Failed" testListId="8c84fa94-04c1-424b-9868-57a2d4851a1d">
      <Output>
        <ErrorInfo>
          <Message>Test method GrabbaRide.UnitTests.UserTest.GetMembershipUserTest threw exception:  System.ArgumentException: The membership provider name specified is invalid.
Parameter name: providerName.</Message>
          <StackTrace>    at System.Web.Security.MembershipUser..ctor(String providerName, String name, Object providerUserKey, String email, String passwordQuestion, String comment, Boolean isApproved, Boolean isLockedOut, DateTime creationDate, DateTime lastLoginDate, DateTime lastActivityDate, DateTime lastPasswordChangedDate, DateTime lastLockoutDate)
   at GrabbaRide.Database.User.GetMembershipUser() in D:\Dev\GrabbaRide\grabbaride\trunk\GrabbaRide.Database\User.cs:line 40
   at GrabbaRide.UnitTests.UserTest.GetMembershipUserTest() in D:\Dev\GrabbaRide\grabbaride\trunk\GrabbaRide.UnitTests\UserTest.cs:line 54
</StackTrace>
        </ErrorInfo>
      </Output>
    </UnitTestResult>
    <UnitTestResult executionId="d2e4f8a3-fb9c-448e-89f4-85aa78aadb1d" testId="7ece947f-42c5-8500-54c5-b20f3a93eb67" testName="GetUser_SortByLastActvityDateTest" computerName="ADRIAN-LAPTOP" duration="00:00:00.0087183" startTime="2008-09-18T17:54:42.1275812+12:00" endTime="2008-09-18T17:54:42.1587812+12:00" testType="13cdc9d9-ddb5-4fa4-a97d-d965ccfc6d4b" outcome="Failed" testListId="8c84fa94-04c1-424b-9868-57a2d4851a1d">
      <Output>
        <ErrorInfo>
          <Message>Assert.AreEqual failed. Expected:&lt;(null)&gt;. Actual:&lt;SELECT [t0].[UserID], [t0].[FirstName], [t0].[LastName], [t0].[Gender], [t0].[DateOfBirth], [t0].[Occupation], [t0].[Username], [t0].[Password], [t0].[Email], [t0].[ApplicationName], [t0].[PasswordQuestion], [t0].[PasswordAnswer], [t0].[IsApproved], [t0].[LastActvityDate], [t0].[LastLoginDate], [t0].[LastPasswordChangedDate], [t0].[CreationDate], [t0].[IsLockedOut], [t0].[Comment], [t0].[LastLockoutDate], [t0].[Location], [t0].[IsSignedIn]
FROM [Users] AS [t0]
WHERE [t0].[ApplicationName] = @p0
ORDER BY [t0].[LastActvityDate]
&gt;. </Message>
          <StackTrace>   at GrabbaRide.UnitTests.GrabbaRideDBDataContextTest.GetUser_SortByLastActvityDateTest() in D:\Dev\GrabbaRide\grabbaride\trunk\GrabbaRide.UnitTests\GrabbaRideDBDataContextTest.cs:line 269
</StackTrace>
        </ErrorInfo>
      </Output>
    </UnitTestResult>
    <UnitTestResult executionId="fb53f2e2-a3fc-4d73-9748-b7505d2cee00" testId="86c5885c-7d59-4ed0-80e8-382639614930" testName="MinRequiredNonAlphanumericCharactersTest" computerName="ADRIAN-LAPTOP" duration="00:00:00.0009236" startTime="2008-09-18T17:54:42.1587812+12:00" endTime="2008-09-18T17:54:42.1743812+12:00" testType="13cdc9d9-ddb5-4fa4-a97d-d965ccfc6d4b" outcome="Passed" testListId="8c84fa94-04c1-424b-9868-57a2d4851a1d">
      <Output>
      </Output>
    </UnitTestResult>
    <UnitTestResult executionId="4ada0430-4f69-435c-a563-caf41d58c3fe" testId="8b4f7f68-213a-780b-b30e-1843e1d856e1" testName="PasswordStrengthRegularExpressionTest" computerName="ADRIAN-LAPTOP" duration="00:00:00.0013724" startTime="2008-09-18T17:54:42.1743812+12:00" endTime="2008-09-18T17:54:42.1743812+12:00" testType="13cdc9d9-ddb5-4fa4-a97d-d965ccfc6d4b" outcome="Inconclusive" testListId="8c84fa94-04c1-424b-9868-57a2d4851a1d">
      <Output>
        <ErrorInfo>
          <Message>Assert.Inconclusive failed. Verify the correctness of this test method.</Message>
          <StackTrace>   at GrabbaRide.UnitTests.GrabbaRideMembershipProviderTest.PasswordStrengthRegularExpressionTest() in D:\Dev\GrabbaRide\grabbaride\trunk\GrabbaRide.UnitTests\GrabbaRideMembershipProviderTest.cs:line 81
</StackTrace>
        </ErrorInfo>
      </Output>
    </UnitTestResult>
    <UnitTestResult executionId="bb86466b-66aa-4eff-be3e-241daceb02ba" testId="91f4da68-007c-3330-d97e-1778a3c86ff6" testName="InitializeTest" computerName="ADRIAN-LAPTOP" duration="00:00:00.0031663" startTime="2008-09-18T17:54:42.1743812+12:00" endTime="2008-09-18T17:54:42.1899812+12:00" testType="13cdc9d9-ddb5-4fa4-a97d-d965ccfc6d4b" outcome="Failed" testListId="8c84fa94-04c1-424b-9868-57a2d4851a1d">
      <Output>
        <ErrorInfo>
          <Message>Test method GrabbaRide.UnitTests.GrabbaRideMembershipProviderTest.InitializeTest threw exception:  System.NullReferenceException: Object reference not set to an instance of an object..</Message>
          <StackTrace>    at GrabbaRide.UserManagement.GrabbaRideMembershipProvider.Initialize(String name, NameValueCollection config) in D:\Dev\GrabbaRide\grabbaride\trunk\GrabbaRide.UserManagement\GrabbaRideMembershipProvider.cs:line 20
   at GrabbaRide.UnitTests.GrabbaRideMembershipProviderTest.InitializeTest() in D:\Dev\GrabbaRide\grabbaride\trunk\GrabbaRide.UnitTests\GrabbaRideMembershipProviderTest.cs:line 251
</StackTrace>
        </ErrorInfo>
      </Output>
    </UnitTestResult>
    <UnitTestResult executionId="ce6458f1-26df-40de-ad80-6d0e3419b378" testId="92ebb286-87f5-693d-e546-10272f248963" testName="GetOpenIDsByURLTest" computerName="ADRIAN-LAPTOP" duration="00:00:00.0141730" startTime="2008-09-18T17:54:42.1899812+12:00" endTime="2008-09-18T17:54:42.2055812+12:00" testType="13cdc9d9-ddb5-4fa4-a97d-d965ccfc6d4b" outcome="Failed" testListId="8c84fa94-04c1-424b-9868-57a2d4851a1d">
      <Output>
        <ErrorInfo>
          <Message>Test method GrabbaRide.UnitTests.GrabbaRideDBDataContextTest.GetOpenIDsByURLTest threw exception:  System.InvalidOperationException: Sequence contains no elements.</Message>
          <StackTrace>    at System.Data.Linq.SqlClient.SqlProvider.Execute(Expression query, QueryInfo queryInfo, IObjectReaderFactory factory, Object[] parentArgs, Object[] userArgs, ICompiledSubQuery[] subQueries, Object lastResult)
   at System.Data.Linq.SqlClient.SqlProvider.ExecuteAll(Expression query, QueryInfo[] queryInfos, IObjectReaderFactory factory, Object[] userArguments, ICompiledSubQuery[] subQueries)
   at System.Data.Linq.SqlClient.SqlProvider.System.Data.Linq.Provider.IProvider.Execute(Expression query)
   at System.Data.Linq.DataQuery`1.System.Linq.IQueryProvider.Execute[S](Expression expression)
   at System.Linq.Queryable.Single[TSource](IQueryable`1 source)
   at GrabbaRide.Database.GrabbaRideDBDataContext.GetOpenIDsByURL(String openid_url) in D:\Dev\GrabbaRide\grabbaride\trunk\GrabbaRide.Database\GrabbaRideDB.cs:line 386
   at GrabbaRide.UnitTests.GrabbaRideDBDataContextTest.GetOpenIDsByURLTest() in D:\Dev\GrabbaRide\grabbaride\trunk\GrabbaRide.UnitTests\GrabbaRideDBDataContextTest.cs:line 375
</StackTrace>
        </ErrorInfo>
      </Output>
    </UnitTestResult>
    <UnitTestResult executionId="9aa818d4-cc12-4d4f-918d-66df152a1d20" testId="9de01fac-ff5b-844e-ac10-8e278e50aefb" testName="AttachNewUserTest" computerName="ADRIAN-LAPTOP" duration="00:00:00.1564652" startTime="2008-09-18T17:54:42.2055812+12:00" endTime="2008-09-18T17:54:42.3771812+12:00" testType="13cdc9d9-ddb5-4fa4-a97d-d965ccfc6d4b" outcome="Passed" testListId="8c84fa94-04c1-424b-9868-57a2d4851a1d">
      <Output>
      </Output>
    </UnitTestResult>
    <UnitTestResult executionId="2c02beda-adeb-4cf1-a853-072b7f6dc15b" testId="a74eb90e-9d8b-f22f-e428-3053d131a224" testName="GetUserTest" computerName="ADRIAN-LAPTOP" duration="00:00:00.0031563" startTime="2008-09-18T17:54:42.3771812+12:00" endTime="2008-09-18T17:54:42.3927812+12:00" testType="13cdc9d9-ddb5-4fa4-a97d-d965ccfc6d4b" outcome="Failed" testListId="8c84fa94-04c1-424b-9868-57a2d4851a1d">
      <Output>
        <ErrorInfo>
          <Message>Test method GrabbaRide.UnitTests.GrabbaRideMembershipProviderTest.GetUserTest threw exception:  System.NullReferenceException: Object reference not set to an instance of an object..</Message>
          <StackTrace>    at GrabbaRide.UserManagement.GrabbaRideMembershipProvider.GetUser(Object providerUserKey, Boolean userIsOnline) in D:\Dev\GrabbaRide\grabbaride\trunk\GrabbaRide.UserManagement\GrabbaRideMembershipProvider.cs:line 245
   at GrabbaRide.UnitTests.GrabbaRideMembershipProviderTest.GetUserTest() in D:\Dev\GrabbaRide\grabbaride\trunk\GrabbaRide.UnitTests\GrabbaRideMembershipProviderTest.cs:line 297
</StackTrace>
        </ErrorInfo>
      </Output>
    </UnitTestResult>
    <UnitTestResult executionId="46311296-0398-4149-a363-25021bb95693" testId="a756099b-5da6-2ddc-9fee-f15682c2d49f" testName="IsOpenIDRegisteredTest" computerName="ADRIAN-LAPTOP" duration="00:00:00.0107559" startTime="2008-09-18T17:54:42.3927812+12:00" endTime="2008-09-18T17:54:42.4083812+12:00" testType="13cdc9d9-ddb5-4fa4-a97d-d965ccfc6d4b" outcome="Failed" testListId="8c84fa94-04c1-424b-9868-57a2d4851a1d">
      <Output>
        <ErrorInfo>
          <Message>Test method GrabbaRide.UnitTests.GrabbaRideDBDataContextTest.IsOpenIDRegisteredTest threw exception:  System.InvalidOperationException: Sequence contains no elements.</Message>
          <StackTrace>    at System.Data.Linq.SqlClient.SqlProvider.Execute(Expression query, QueryInfo queryInfo, IObjectReaderFactory factory, Object[] parentArgs, Object[] userArgs, ICompiledSubQuery[] subQueries, Object lastResult)
   at System.Data.Linq.SqlClient.SqlProvider.ExecuteAll(Expression query, QueryInfo[] queryInfos, IObjectReaderFactory factory, Object[] userArguments, ICompiledSubQuery[] subQueries)
   at System.Data.Linq.SqlClient.SqlProvider.System.Data.Linq.Provider.IProvider.Execute(Expression query)
   at System.Data.Linq.DataQuery`1.System.Linq.IQueryProvider.Execute[S](Expression expression)
   at System.Linq.Queryable.Single[TSource](IQueryable`1 source)
   at GrabbaRide.Database.GrabbaRideDBDataContext.GetOpenIDsByURL(String openid_url) in D:\Dev\GrabbaRide\grabbaride\trunk\GrabbaRide.Database\GrabbaRideDB.cs:line 386
   at GrabbaRide.Database.GrabbaRideDBDataContext.IsOpenIDRegistered(String url) in D:\Dev\GrabbaRide\grabbaride\trunk\GrabbaRide.Database\GrabbaRideDB.cs:line 305
   at GrabbaRide.UnitTests.GrabbaRideDBDataContextTest.IsOpenIDRegisteredTest() in D:\Dev\GrabbaRide\grabbaride\trunk\GrabbaRide.UnitTests\GrabbaRideDBDataContextTest.cs:line 116
</StackTrace>
        </ErrorInfo>
      </Output>
    </UnitTestResult>
    <UnitTestResult executionId="4265f311-4c54-49de-9846-f0874c7de04e" testId="abf7a480-1a79-81c9-f364-a8f8317d4836" testName="DepartureTimeTest" computerName="ADRIAN-LAPTOP" duration="00:00:00.0029151" startTime="2008-09-18T17:54:42.4239812+12:00" endTime="2008-09-18T17:54:42.4239812+12:00" testType="13cdc9d9-ddb5-4fa4-a97d-d965ccfc6d4b" outcome="Passed" testListId="8c84fa94-04c1-424b-9868-57a2d4851a1d">
      <Output>
      </Output>
    </UnitTestResult>
    <UnitTestResult executionId="3cf33b50-0da5-4809-a2fe-1d6073f14a55" testId="ad1b8c78-30f4-81b2-7a0e-a067595db12f" testName="GetUserByIDTest1" computerName="ADRIAN-LAPTOP" duration="00:00:00.0540864" startTime="2008-09-18T17:54:42.4395812+12:00" endTime="2008-09-18T17:54:42.5019812+12:00" testType="13cdc9d9-ddb5-4fa4-a97d-d965ccfc6d4b" outcome="Passed" testListId="8c84fa94-04c1-424b-9868-57a2d4851a1d">
      <Output>
      </Output>
    </UnitTestResult>
    <UnitTestResult executionId="e1ed58d9-922e-4a3e-bfe3-51b4b039e8d2" testId="ad4429b9-9475-889f-2d5d-460e64943a4d" testName="PasswordAttemptWindowTest" computerName="ADRIAN-LAPTOP" duration="00:00:00.0018791" startTime="2008-09-18T17:54:42.5019812+12:00" endTime="2008-09-18T17:54:42.5175812+12:00" testType="13cdc9d9-ddb5-4fa4-a97d-d965ccfc6d4b" outcome="Inconclusive" testListId="8c84fa94-04c1-424b-9868-57a2d4851a1d">
      <Output>
        <ErrorInfo>
          <Message>Assert.Inconclusive failed. Verify the correctness of this test method.</Message>
          <StackTrace>   at GrabbaRide.UnitTests.GrabbaRideMembershipProviderTest.PasswordAttemptWindowTest() in D:\Dev\GrabbaRide\grabbaride\trunk\GrabbaRide.UnitTests\GrabbaRideMembershipProviderTest.cs:line 105
</StackTrace>
        </ErrorInfo>
      </Output>
    </UnitTestResult>
    <UnitTestResult executionId="a92109fa-b5f1-4efe-8848-1a92fd4e3c02" testId="aef425bd-2eab-c6f3-c07a-7e29dd0dce17" testName="RideConstructorTest" computerName="ADRIAN-LAPTOP" duration="00:00:00.0008002" startTime="2008-09-18T17:54:42.5175812+12:00" endTime="2008-09-18T17:54:42.5175812+12:00" testType="13cdc9d9-ddb5-4fa4-a97d-d965ccfc6d4b" outcome="Passed" testListId="8c84fa94-04c1-424b-9868-57a2d4851a1d">
      <Output>
      </Output>
    </UnitTestResult>
    <UnitTestResult executionId="0cc5bbd7-2507-4e22-9c6e-8ee6336d165e" testId="b3a57e4c-b805-a4fc-7df1-a182576f7b06" testName="ApplicationNameTest" computerName="ADRIAN-LAPTOP" duration="00:00:00.0009764" startTime="2008-09-18T17:54:42.5175812+12:00" endTime="2008-09-18T17:54:42.5331812+12:00" testType="13cdc9d9-ddb5-4fa4-a97d-d965ccfc6d4b" outcome="Passed" testListId="8c84fa94-04c1-424b-9868-57a2d4851a1d">
      <Output>
      </Output>
    </UnitTestResult>
    <UnitTestResult executionId="b445c68e-14f2-4bea-92cd-d6a029a9f67f" testId="b5daef91-9da8-cb3b-d9ac-fd5b12ac8814" testName="FindUsersByEmailTest" computerName="ADRIAN-LAPTOP" duration="00:00:00.0476124" startTime="2008-09-18T17:54:42.5331812+12:00" endTime="2008-09-18T17:54:42.5799812+12:00" testType="13cdc9d9-ddb5-4fa4-a97d-d965ccfc6d4b" outcome="Failed" testListId="8c84fa94-04c1-424b-9868-57a2d4851a1d">
      <Output>
        <ErrorInfo>
          <Message>Test method GrabbaRide.UnitTests.GrabbaRideMembershipProviderTest.FindUsersByEmailTest threw exception:  System.Data.SqlClient.SqlException: Invalid column name 'IsSignedIn'..</Message>
          <StackTrace>    at System.Data.SqlClient.SqlConnection.OnError(SqlException exception, Boolean breakConnection)
   at System.Data.SqlClient.SqlInternalConnection.OnError(SqlException exception, Boolean breakConnection)
   at System.Data.SqlClient.TdsParser.ThrowExceptionAndWarning(TdsParserStateObject stateObj)
   at System.Data.SqlClient.TdsParser.Run(RunBehavior runBehavior, SqlCommand cmdHandler, SqlDataReader dataStream, BulkCopySimpleResultSet bulkCopyHandler, TdsParserStateObject stateObj)
   at System.Data.SqlClient.SqlDataReader.ConsumeMetaData()
   at System.Data.SqlClient.SqlDataReader.get_MetaData()
   at System.Data.SqlClient.SqlCommand.FinishExecuteReader(SqlDataReader ds, RunBehavior runBehavior, String resetOptionsString)
   at System.Data.SqlClient.SqlCommand.RunExecuteReaderTds(CommandBehavior cmdBehavior, RunBehavior runBehavior, Boolean returnStream, Boolean async)
   at System.Data.SqlClient.SqlCommand.RunExecuteReader(CommandBehavior cmdBehavior, RunBehavior runBehavior, Boolean returnStream, String method, DbAsyncResult result)
   at System.Data.SqlClient.SqlCommand.RunExecuteReader(CommandBehavior cmdBehavior, RunBehavior runBehavior, Boolean returnStream, String method)
   at System.Data.SqlClient.SqlCommand.ExecuteReader(CommandBehavior behavior, String method)
   at System.Data.SqlClient.SqlCommand.ExecuteDbDataReader(CommandBehavior behavior)
   at System.Data.Common.DbCommand.ExecuteReader()
   at System.Data.Linq.SqlClient.SqlProvider.Execute(Expression query, QueryInfo queryInfo, IObjectReaderFactory factory, Object[] parentArgs, Object[] userArgs, ICompiledSubQuery[] subQueries, Object lastResult)
   at System.Data.Linq.SqlClient.SqlProvider.ExecuteAll(Expression query, QueryInfo[] queryInfos, IObjectReaderFactory factory, Object[] userArguments, ICompiledSubQuery[] subQueries)
   at System.Data.Linq.SqlClient.SqlProvider.System.Data.Linq.Provider.IProvider.Execute(Expression query)
   at System.Data.Linq.DataQuery`1.System.Collections.Generic.IEnumerable&lt;T&gt;.GetEnumerator()
   at GrabbaRide.UserManagement.GrabbaRideMembershipProvider.FindUsersByEmail(String emailToMatch, Int32 pageIndex, Int32 pageSize, Int32&amp; totalRecords) in D:\Dev\GrabbaRide\grabbaride\trunk\GrabbaRide.UserManagement\GrabbaRideMembershipProvider.cs:line 168
   at GrabbaRide.UnitTests.GrabbaRideMembershipProviderTest.FindUsersByEmailTest() in D:\Dev\GrabbaRide\grabbaride\trunk\GrabbaRide.UnitTests\GrabbaRideMembershipProviderTest.cs:line 385
</StackTrace>
        </ErrorInfo>
      </Output>
    </UnitTestResult>
    <UnitTestResult executionId="61b3edd1-348d-4654-b76c-e00f2c26758c" testId="b778f592-1820-8982-430c-d4eb1a009cf0" testName="getRidesBeforeDateTest" computerName="ADRIAN-LAPTOP" duration="00:00:00.0080779" startTime="2008-09-18T17:54:42.5799812+12:00" endTime="2008-09-18T17:54:42.5955812+12:00" testType="13cdc9d9-ddb5-4fa4-a97d-d965ccfc6d4b" outcome="Failed" testListId="8c84fa94-04c1-424b-9868-57a2d4851a1d">
      <Output>
        <ErrorInfo>
          <Message>Assert.AreEqual failed. Expected:&lt;(null)&gt;. Actual:&lt;SELECT [t0].[RideID], [t0].[UserID], [t0].[DepartureTime] AS [DepartureTimeSrc], [t0].[JourneyLength] AS [JourneyLengthSrc], [t0].[CreationDate], [t0].[StartDate], [t0].[EndDate], [t0].[NumSeats], [t0].[RecurMon], [t0].[RecurTue], [t0].[RecurWed], [t0].[RecurThu], [t0].[RecurFri], [t0].[RecurSat], [t0].[RecurSun], [t0].[LocationFromLat], [t0].[LocationFromLong], [t0].[LocationToLat], [t0].[LocationToLong], [t0].[Available]
FROM [Rides] AS [t0]
WHERE [t0].[EndDate] &lt;= @p0
&gt;. </Message>
          <StackTrace>   at GrabbaRide.UnitTests.GrabbaRideDBDataContextTest.getRidesBeforeDateTest() in D:\Dev\GrabbaRide\grabbaride\trunk\GrabbaRide.UnitTests\GrabbaRideDBDataContextTest.cs:line 315
</StackTrace>
        </ErrorInfo>
      </Output>
    </UnitTestResult>
    <UnitTestResult executionId="9bae364e-6819-4078-b064-bb7f2661ef38" testId="b779ddad-d290-bef3-b37b-6b3d1d3119b5" testName="AttachRideTest" computerName="ADRIAN-LAPTOP" duration="00:00:00.0020556" startTime="2008-09-18T17:54:42.6111812+12:00" endTime="2008-09-18T17:54:42.6111812+12:00" testType="13cdc9d9-ddb5-4fa4-a97d-d965ccfc6d4b" outcome="Failed" testListId="8c84fa94-04c1-424b-9868-57a2d4851a1d">
      <Output>
        <ErrorInfo>
          <Message>Test method GrabbaRide.UnitTests.GrabbaRideDBDataContextTest.AttachRideTest threw exception:  System.ArgumentNullException: Value cannot be null.
Parameter name: entity.</Message>
          <StackTrace>    at System.Data.Linq.Table`1.Attach(TEntity entity)
   at GrabbaRide.Database.GrabbaRideDBDataContext.AttachRide(Ride newRide) in D:\Dev\GrabbaRide\grabbaride\trunk\GrabbaRide.Database\GrabbaRideDB.cs:line 17
   at GrabbaRide.UnitTests.GrabbaRideDBDataContextTest.AttachRideTest() in D:\Dev\GrabbaRide\grabbaride\trunk\GrabbaRide.UnitTests\GrabbaRideDBDataContextTest.cs:line 510
</StackTrace>
        </ErrorInfo>
      </Output>
    </UnitTestResult>
    <UnitTestResult executionId="37bb9bf5-85ee-41a7-ad18-f6715b11d0b0" testId="b8530562-0405-7168-8fcd-5511bec549ed" testName="EnablePasswordResetTest" computerName="ADRIAN-LAPTOP" duration="00:00:00.0014210" startTime="2008-09-18T17:54:42.6267812+12:00" endTime="2008-09-18T17:54:42.6267812+12:00" testType="13cdc9d9-ddb5-4fa4-a97d-d965ccfc6d4b" outcome="Inconclusive" testListId="8c84fa94-04c1-424b-9868-57a2d4851a1d">
      <Output>
        <ErrorInfo>
          <Message>Assert.Inconclusive failed. Verify the correctness of this test method.</Message>
          <StackTrace>   at GrabbaRide.UnitTests.GrabbaRideMembershipProviderTest.EnablePasswordResetTest() in D:\Dev\GrabbaRide\grabbaride\trunk\GrabbaRide.UnitTests\GrabbaRideMembershipProviderTest.cs:line 161
</StackTrace>
        </ErrorInfo>
      </Output>
    </UnitTestResult>
    <UnitTestResult executionId="3fa07377-8ef4-4be8-9d57-6521db3fa2a4" testId="bb4d66f5-c7df-35c7-ef81-54d6851f560d" testName="GetUserByUsernameTest2" computerName="ADRIAN-LAPTOP" duration="00:00:00.0098896" startTime="2008-09-18T17:54:42.6267812+12:00" endTime="2008-09-18T17:54:42.6423812+12:00" testType="13cdc9d9-ddb5-4fa4-a97d-d965ccfc6d4b" outcome="Passed" testListId="8c84fa94-04c1-424b-9868-57a2d4851a1d">
      <Output>
      </Output>
    </UnitTestResult>
    <UnitTestResult executionId="5eaf0c07-ca3e-400f-b223-5764e2984bb5" testId="bc903a28-a785-ad4e-9ef9-4083847aedbe" testName="GetUserByIDTest2" computerName="ADRIAN-LAPTOP" duration="00:00:00.0061371" startTime="2008-09-18T17:54:42.6423812+12:00" endTime="2008-09-18T17:54:42.6579812+12:00" testType="13cdc9d9-ddb5-4fa4-a97d-d965ccfc6d4b" outcome="Passed" testListId="8c84fa94-04c1-424b-9868-57a2d4851a1d">
      <Output>
      </Output>
    </UnitTestResult>
    <UnitTestResult executionId="3e38259b-b5ae-4722-9f34-72320dd5608b" testId="bcb10bfe-a6dc-2e8a-91b4-652684741806" testName="DetachOpenIDTest" computerName="ADRIAN-LAPTOP" duration="00:00:00.0115532" startTime="2008-09-18T17:54:42.6735812+12:00" endTime="2008-09-18T17:54:42.6891812+12:00" testType="13cdc9d9-ddb5-4fa4-a97d-d965ccfc6d4b" outcome="Failed" testListId="8c84fa94-04c1-424b-9868-57a2d4851a1d">
      <Output>
        <ErrorInfo>
          <Message>Test method GrabbaRide.UnitTests.GrabbaRideDBDataContextTest.DetachOpenIDTest threw exception:  System.InvalidOperationException: Sequence contains no elements.</Message>
          <StackTrace>    at System.Data.Linq.SqlClient.SqlProvider.Execute(Expression query, QueryInfo queryInfo, IObjectReaderFactory factory, Object[] parentArgs, Object[] userArgs, ICompiledSubQuery[] subQueries, Object lastResult)
   at System.Data.Linq.SqlClient.SqlProvider.ExecuteAll(Expression query, QueryInfo[] queryInfos, IObjectReaderFactory factory, Object[] userArguments, ICompiledSubQuery[] subQueries)
   at System.Data.Linq.SqlClient.SqlProvider.System.Data.Linq.Provider.IProvider.Execute(Expression query)
   at System.Data.Linq.DataQuery`1.System.Linq.IQueryProvider.Execute[S](Expression expression)
   at System.Linq.Queryable.Single[TSource](IQueryable`1 source)
   at GrabbaRide.Database.GrabbaRideDBDataContext.GetOpenIDsByURL(String openid_url) in D:\Dev\GrabbaRide\grabbaride\trunk\GrabbaRide.Database\GrabbaRideDB.cs:line 386
   at GrabbaRide.Database.GrabbaRideDBDataContext.DetachOpenID(String openid_url, Int32 user_id) in D:\Dev\GrabbaRide\grabbaride\trunk\GrabbaRide.Database\GrabbaRideDB.cs:line 352
   at GrabbaRide.UnitTests.GrabbaRideDBDataContextTest.DetachOpenIDTest() in D:\Dev\GrabbaRide\grabbaride\trunk\GrabbaRide.UnitTests\GrabbaRideDBDataContextTest.cs:line 498
</StackTrace>
        </ErrorInfo>
      </Output>
    </UnitTestResult>
    <UnitTestResult executionId="a73c7f5c-1bac-47b4-ac76-33d52121f9b0" testId="bf49f69f-6742-be80-e634-61578fcbf67e" testName="CreateDatabaseTest" computerName="ADRIAN-LAPTOP" duration="00:00:00.0029556" startTime="2008-09-18T17:54:42.6891812+12:00" endTime="2008-09-18T17:54:42.7047812+12:00" testType="13cdc9d9-ddb5-4fa4-a97d-d965ccfc6d4b" outcome="Inconclusive" testListId="8c84fa94-04c1-424b-9868-57a2d4851a1d">
      <Output>
        <ErrorInfo>
          <Message>Assert.Inconclusive failed. We can't test database creation when it already exists.</Message>
          <StackTrace>   at GrabbaRide.UnitTests.GrabbaRideDBDataContextTest.CreateDatabaseTest() in D:\Dev\GrabbaRide\grabbaride\trunk\GrabbaRide.UnitTests\GrabbaRideDBDataContextTest.cs:line 96
</StackTrace>
        </ErrorInfo>
      </Output>
    </UnitTestResult>
    <UnitTestResult executionId="c0444574-b941-40ad-b576-4040a6fc3bba" testId="c3397289-c957-8cb3-7983-e26dda92f429" testName="GetUserByEmailTest2" computerName="ADRIAN-LAPTOP" duration="00:00:00.0086984" startTime="2008-09-18T17:54:42.7047812+12:00" endTime="2008-09-18T17:54:42.7203812+12:00" testType="13cdc9d9-ddb5-4fa4-a97d-d965ccfc6d4b" outcome="Passed" testListId="8c84fa94-04c1-424b-9868-57a2d4851a1d">
      <Output>
      </Output>
    </UnitTestResult>
    <UnitTestResult executionId="a68066aa-e191-42a7-98cc-1871a0f337e2" testId="c3f97a23-5c32-5c87-5c73-4e2d7f0bf981" testName="GetUser_SortByOccupationTest" computerName="ADRIAN-LAPTOP" duration="00:00:00.0074589" startTime="2008-09-18T17:54:42.7203812+12:00" endTime="2008-09-18T17:54:42.7515812+12:00" testType="13cdc9d9-ddb5-4fa4-a97d-d965ccfc6d4b" outcome="Failed" testListId="8c84fa94-04c1-424b-9868-57a2d4851a1d">
      <Output>
        <ErrorInfo>
          <Message>Assert.AreEqual failed. Expected:&lt;(null)&gt;. Actual:&lt;SELECT [t0].[UserID], [t0].[FirstName], [t0].[LastName], [t0].[Gender], [t0].[DateOfBirth], [t0].[Occupation], [t0].[Username], [t0].[Password], [t0].[Email], [t0].[ApplicationName], [t0].[PasswordQuestion], [t0].[PasswordAnswer], [t0].[IsApproved], [t0].[LastActvityDate], [t0].[LastLoginDate], [t0].[LastPasswordChangedDate], [t0].[CreationDate], [t0].[IsLockedOut], [t0].[Comment], [t0].[LastLockoutDate], [t0].[Location], [t0].[IsSignedIn]
FROM [Users] AS [t0]
WHERE [t0].[ApplicationName] = @p0
ORDER BY [t0].[Occupation]
&gt;. </Message>
          <StackTrace>   at GrabbaRide.UnitTests.GrabbaRideDBDataContextTest.GetUser_SortByOccupationTest() in D:\Dev\GrabbaRide\grabbaride\trunk\GrabbaRide.UnitTests\GrabbaRideDBDataContextTest.cs:line 255
</StackTrace>
        </ErrorInfo>
      </Output>
    </UnitTestResult>
    <UnitTestResult executionId="60fca3c3-6e0c-4226-a38a-9b1b4cbd6558" testId="cae2a875-e749-96da-1b97-c01a83bdd139" testName="JourneyDistanceTest1" computerName="ADRIAN-LAPTOP" duration="00:00:00.0005851" startTime="2008-09-18T17:54:42.7671812+12:00" endTime="2008-09-18T17:54:42.7827812+12:00" testType="13cdc9d9-ddb5-4fa4-a97d-d965ccfc6d4b" outcome="Passed" testListId="8c84fa94-04c1-424b-9868-57a2d4851a1d">
      <Output>
      </Output>
    </UnitTestResult>
    <UnitTestResult executionId="1f8e11e2-e474-4642-93d5-ec985162bdf1" testId="ce12b165-014e-77a3-5d60-7dfb938464f8" testName="ResetPasswordTest" computerName="ADRIAN-LAPTOP" duration="00:00:00.0099629" startTime="2008-09-18T17:54:42.7827812+12:00" endTime="2008-09-18T17:54:42.7983812+12:00" testType="13cdc9d9-ddb5-4fa4-a97d-d965ccfc6d4b" outcome="Failed" testListId="8c84fa94-04c1-424b-9868-57a2d4851a1d">
      <Output>
        <ErrorInfo>
          <Message>Test method GrabbaRide.UnitTests.GrabbaRideMembershipProviderTest.ResetPasswordTest threw exception:  System.NullReferenceException: Object reference not set to an instance of an object..</Message>
          <StackTrace>    at GrabbaRide.UserManagement.GrabbaRideMembershipProvider.ResetPassword(String username, String answer) in D:\Dev\GrabbaRide\grabbaride\trunk\GrabbaRide.UserManagement\GrabbaRideMembershipProvider.cs:line 316
   at GrabbaRide.UnitTests.GrabbaRideMembershipProviderTest.ResetPasswordTest() in D:\Dev\GrabbaRide\grabbaride\trunk\GrabbaRide.UnitTests\GrabbaRideMembershipProviderTest.cs:line 237
</StackTrace>
        </ErrorInfo>
      </Output>
    </UnitTestResult>
    <UnitTestResult executionId="8591ddb3-c395-40c5-9d67-51c420f4db4c" testId="d16d58aa-c640-5abe-a688-1a146a203f8b" testName="ChangePasswordTest" computerName="ADRIAN-LAPTOP" duration="00:00:00.0093882" startTime="2008-09-18T17:54:42.8139812+12:00" endTime="2008-09-18T17:54:42.8295812+12:00" testType="13cdc9d9-ddb5-4fa4-a97d-d965ccfc6d4b" outcome="Inconclusive" testListId="8c84fa94-04c1-424b-9868-57a2d4851a1d">
      <Output>
        <ErrorInfo>
          <Message>Assert.Inconclusive failed. Verify the correctness of this test method.</Message>
          <StackTrace>   at GrabbaRide.UnitTests.GrabbaRideMembershipProviderTest.ChangePasswordTest() in D:\Dev\GrabbaRide\grabbaride\trunk\GrabbaRide.UnitTests\GrabbaRideMembershipProviderTest.cs:line 463
</StackTrace>
        </ErrorInfo>
      </Output>
    </UnitTestResult>
    <UnitTestResult executionId="a7e9227b-7353-4d43-908e-3c71d891ac8e" testId="d3e583cb-4224-e728-8d18-0d4b0930f13c" testName="UserConstructorTest" computerName="ADRIAN-LAPTOP" duration="00:00:00.0005360" startTime="2008-09-18T17:54:42.8295812+12:00" endTime="2008-09-18T17:54:42.8295812+12:00" testType="13cdc9d9-ddb5-4fa4-a97d-d965ccfc6d4b" outcome="Passed" testListId="8c84fa94-04c1-424b-9868-57a2d4851a1d">
      <Output>
      </Output>
    </UnitTestResult>
    <UnitTestResult executionId="537a1a15-462a-42c1-9a2e-8c1ca45641cf" testId="d79d029e-c1b2-e0ec-bfed-28e9fe10a24a" testName="RequiresUniqueEmailTest" computerName="ADRIAN-LAPTOP" duration="00:00:00.0004781" startTime="2008-09-18T17:54:42.8451812+12:00" endTime="2008-09-18T17:54:42.8451812+12:00" testType="13cdc9d9-ddb5-4fa4-a97d-d965ccfc6d4b" outcome="Passed" testListId="8c84fa94-04c1-424b-9868-57a2d4851a1d">
      <Output>
      </Output>
    </UnitTestResult>
    <UnitTestResult executionId="ffbc3e4e-1a08-4f30-acd2-af16f059df8a" testId="d80a6679-bda1-f7f0-639c-83286c110bf8" testName="GetUserTest1" computerName="ADRIAN-LAPTOP" duration="00:00:00.0089978" startTime="2008-09-18T17:54:42.8451812+12:00" endTime="2008-09-18T17:54:42.8607812+12:00" testType="13cdc9d9-ddb5-4fa4-a97d-d965ccfc6d4b" outcome="Inconclusive" testListId="8c84fa94-04c1-424b-9868-57a2d4851a1d">
      <Output>
        <ErrorInfo>
          <Message>Assert.Inconclusive failed. Verify the correctness of this test method.</Message>
          <StackTrace>   at GrabbaRide.UnitTests.GrabbaRideMembershipProviderTest.GetUserTest1() in D:\Dev\GrabbaRide\grabbaride\trunk\GrabbaRide.UnitTests\GrabbaRideMembershipProviderTest.cs:line 283
</StackTrace>
        </ErrorInfo>
      </Output>
    </UnitTestResult>
    <UnitTestResult executionId="1db218d6-da1e-43d1-a3bd-37d2b80e1060" testId="dc664076-ce58-7b05-4276-b8c7ad2ac945" testName="DetachUserTest" computerName="ADRIAN-LAPTOP" duration="00:00:00.0020425" startTime="2008-09-18T17:54:42.8763812+12:00" endTime="2008-09-18T17:54:42.8763812+12:00" testType="13cdc9d9-ddb5-4fa4-a97d-d965ccfc6d4b" outcome="Failed" testListId="8c84fa94-04c1-424b-9868-57a2d4851a1d">
      <Output>
        <ErrorInfo>
          <Message>Test method GrabbaRide.UnitTests.GrabbaRideDBDataContextTest.DetachUserTest threw exception:  System.ArgumentNullException: Value cannot be null.
Parameter name: entity.</Message>
          <StackTrace>    at System.Data.Linq.Table`1.DeleteOnSubmit(TEntity entity)
   at GrabbaRide.Database.GrabbaRideDBDataContext.DetachUser(User deleteUser) in D:\Dev\GrabbaRide\grabbaride\trunk\GrabbaRide.Database\GrabbaRideDB.cs:line 179
   at GrabbaRide.UnitTests.GrabbaRideDBDataContextTest.DetachUserTest() in D:\Dev\GrabbaRide\grabbaride\trunk\GrabbaRide.UnitTests\GrabbaRideDBDataContextTest.cs:line 461
</StackTrace>
        </ErrorInfo>
      </Output>
    </UnitTestResult>
    <UnitTestResult executionId="1eed52ed-aa87-4840-85d6-bb04d29b3ae0" testId="e4b93963-5b1d-f292-0337-cafbec4196e3" testName="DetachOpenIDsByUserTest" computerName="ADRIAN-LAPTOP" duration="00:00:00.0110362" startTime="2008-09-18T17:54:42.8763812+12:00" endTime="2008-09-18T17:54:42.9075812+12:00" testType="13cdc9d9-ddb5-4fa4-a97d-d965ccfc6d4b" outcome="Failed" testListId="8c84fa94-04c1-424b-9868-57a2d4851a1d">
      <Output>
        <ErrorInfo>
          <Message>Test method GrabbaRide.UnitTests.GrabbaRideDBDataContextTest.DetachOpenIDsByUserTest threw exception:  System.InvalidOperationException: Sequence contains no elements.</Message>
          <StackTrace>    at System.Data.Linq.SqlClient.SqlProvider.Execute(Expression query, QueryInfo queryInfo, IObjectReaderFactory factory, Object[] parentArgs, Object[] userArgs, ICompiledSubQuery[] subQueries, Object lastResult)
   at System.Data.Linq.SqlClient.SqlProvider.ExecuteAll(Expression query, QueryInfo[] queryInfos, IObjectReaderFactory factory, Object[] userArguments, ICompiledSubQuery[] subQueries)
   at System.Data.Linq.SqlClient.SqlProvider.System.Data.Linq.Provider.IProvider.Execute(Expression query)
   at System.Data.Linq.DataQuery`1.System.Linq.IQueryProvider.Execute[S](Expression expression)
   at System.Linq.Queryable.Single[TSource](IQueryable`1 source)
   at GrabbaRide.Database.GrabbaRideDBDataContext.GetOpenIDsByUser(Int32 user_id) in D:\Dev\GrabbaRide\grabbaride\trunk\GrabbaRide.Database\GrabbaRideDB.cs:line 372
   at GrabbaRide.Database.GrabbaRideDBDataContext.DetachOpenIDsByUser(Int32 user_id) in D:\Dev\GrabbaRide\grabbaride\trunk\GrabbaRide.Database\GrabbaRideDB.cs:line 363
   at GrabbaRide.UnitTests.GrabbaRideDBDataContextTest.DetachOpenIDsByUserTest() in D:\Dev\GrabbaRide\grabbaride\trunk\GrabbaRide.UnitTests\GrabbaRideDBDataContextTest.cs:line 485
</StackTrace>
        </ErrorInfo>
      </Output>
    </UnitTestResult>
    <UnitTestResult executionId="39bb1c00-19e3-4795-9dc1-6b982c8d36a8" testId="e86237af-5c13-29a1-a872-5890d41faba6" testName="GrabbaRideMembershipProviderConstructorTest" computerName="ADRIAN-LAPTOP" duration="00:00:00.0013774" startTime="2008-09-18T17:54:42.9075812+12:00" endTime="2008-09-18T17:54:42.9231812+12:00" testType="13cdc9d9-ddb5-4fa4-a97d-d965ccfc6d4b" outcome="Inconclusive" testListId="8c84fa94-04c1-424b-9868-57a2d4851a1d">
      <Output>
        <ErrorInfo>
          <Message>Assert.Inconclusive failed. TODO: Implement code to verify target</Message>
          <StackTrace>   at GrabbaRide.UnitTests.GrabbaRideMembershipProviderTest.GrabbaRideMembershipProviderConstructorTest() in D:\Dev\GrabbaRide\grabbaride\trunk\GrabbaRide.UnitTests\GrabbaRideMembershipProviderTest.cs:line 473
</StackTrace>
        </ErrorInfo>
      </Output>
    </UnitTestResult>
    <UnitTestResult executionId="a5604207-3fd4-4522-a4de-471938d49214" testId="ef320c25-9519-a727-36ab-a4e14fc808ab" testName="ValidateUserTest" computerName="ADRIAN-LAPTOP" duration="00:00:00.0107232" startTime="2008-09-18T17:54:42.9231812+12:00" endTime="2008-09-18T17:54:42.9387812+12:00" testType="13cdc9d9-ddb5-4fa4-a97d-d965ccfc6d4b" outcome="Inconclusive" testListId="8c84fa94-04c1-424b-9868-57a2d4851a1d">
      <Output>
        <ErrorInfo>
          <Message>Assert.Inconclusive failed. Verify the correctness of this test method.</Message>
          <StackTrace>   at GrabbaRide.UnitTests.GrabbaRideMembershipProviderTest.ValidateUserTest() in D:\Dev\GrabbaRide\grabbaride\trunk\GrabbaRide.UnitTests\GrabbaRideMembershipProviderTest.cs:line 196
</StackTrace>
        </ErrorInfo>
      </Output>
    </UnitTestResult>
    <UnitTestResult executionId="d8c43908-ec96-445d-964e-6ebe38641833" testId="f43f48f2-d820-adb3-6362-e0cc7620e862" testName="GetPasswordTest" computerName="ADRIAN-LAPTOP" duration="00:00:00.0019190" startTime="2008-09-18T17:54:42.9543812+12:00" endTime="2008-09-18T17:54:42.9543812+12:00" testType="13cdc9d9-ddb5-4fa4-a97d-d965ccfc6d4b" outcome="Failed" testListId="8c84fa94-04c1-424b-9868-57a2d4851a1d">
      <Output>
        <ErrorInfo>
          <Message>Test method GrabbaRide.UnitTests.GrabbaRideMembershipProviderTest.GetPasswordTest threw exception:  System.NotSupportedException: You cannot retrieve users' passwords, they must be reset..</Message>
          <StackTrace>    at GrabbaRide.UserManagement.GrabbaRideMembershipProvider.GetPassword(String username, String answer) in D:\Dev\GrabbaRide\grabbaride\trunk\GrabbaRide.UserManagement\GrabbaRideMembershipProvider.cs:line 224
   at GrabbaRide.UnitTests.GrabbaRideMembershipProviderTest.GetPasswordTest() in D:\Dev\GrabbaRide\grabbaride\trunk\GrabbaRide.UnitTests\GrabbaRideMembershipProviderTest.cs:line 313
</StackTrace>
        </ErrorInfo>
      </Output>
    </UnitTestResult>
    <UnitTestResult executionId="cc8ed5c6-2fbf-4fa9-b4c8-3a41d248dc58" testId="f4984bd3-beb6-ed47-005c-91468d9e3496" testName="GetAllUsersTest" computerName="ADRIAN-LAPTOP" duration="00:00:00.0058641" startTime="2008-09-18T17:54:42.9699812+12:00" endTime="2008-09-18T17:54:42.9699812+12:00" testType="13cdc9d9-ddb5-4fa4-a97d-d965ccfc6d4b" outcome="Failed" testListId="8c84fa94-04c1-424b-9868-57a2d4851a1d">
      <Output>
        <ErrorInfo>
          <Message>Assert.AreEqual failed. Expected:&lt;(null)&gt;. Actual:&lt;SELECT [t0].[UserID], [t0].[FirstName], [t0].[LastName], [t0].[Gender], [t0].[DateOfBirth], [t0].[Occupation], [t0].[Username], [t0].[Password], [t0].[Email], [t0].[ApplicationName], [t0].[PasswordQuestion], [t0].[PasswordAnswer], [t0].[IsApproved], [t0].[LastActvityDate], [t0].[LastLoginDate], [t0].[LastPasswordChangedDate], [t0].[CreationDate], [t0].[IsLockedOut], [t0].[Comment], [t0].[LastLockoutDate], [t0].[Location], [t0].[IsSignedIn]
FROM [Users] AS [t0]
WHERE [t0].[ApplicationName] = @p0
&gt;. </Message>
          <StackTrace>   at GrabbaRide.UnitTests.GrabbaRideDBDataContextTest.GetAllUsersTest() in D:\Dev\GrabbaRide\grabbaride\trunk\GrabbaRide.UnitTests\GrabbaRideDBDataContextTest.cs:line 405
</StackTrace>
        </ErrorInfo>
      </Output>
    </UnitTestResult>
    <UnitTestResult executionId="3eebd361-b15a-4cec-a3b5-e408a3003f14" testId="fa5607e9-368d-3081-794c-53cb5de13111" testName="GetUserByUsernameTest1" computerName="ADRIAN-LAPTOP" duration="00:00:00.0550552" startTime="2008-09-18T17:54:42.9699812+12:00" endTime="2008-09-18T17:54:43.0323812+12:00" testType="13cdc9d9-ddb5-4fa4-a97d-d965ccfc6d4b" outcome="Passed" testListId="8c84fa94-04c1-424b-9868-57a2d4851a1d">
      <Output>
      </Output>
    </UnitTestResult>
    <UnitTestResult executionId="87ec2032-8fdb-44de-810a-23b393daa643" testId="fe5bee85-e2db-8314-d411-6b62b04b183d" testName="GetUserByEmailTest1" computerName="ADRIAN-LAPTOP" duration="00:00:00.0521668" startTime="2008-09-18T17:54:43.0479812+12:00" endTime="2008-09-18T17:54:43.0947812+12:00" testType="13cdc9d9-ddb5-4fa4-a97d-d965ccfc6d4b" outcome="Passed" testListId="8c84fa94-04c1-424b-9868-57a2d4851a1d">
      <Output>
      </Output>
    </UnitTestResult>
    <UnitTestResult executionId="dcc4c503-6bb2-47bf-9150-3f6c8771e100" testId="fe7ddfe1-020e-2c9c-4f33-ef63d1ac0d9d" testName="JourneyLengthTest" computerName="ADRIAN-LAPTOP" duration="00:00:00.0007106" startTime="2008-09-18T17:54:43.0947812+12:00" endTime="2008-09-18T17:54:43.1103812+12:00" testType="13cdc9d9-ddb5-4fa4-a97d-d965ccfc6d4b" outcome="Passed" testListId="8c84fa94-04c1-424b-9868-57a2d4851a1d">
      <Output>
      </Output>
    </UnitTestResult>
    <UnitTestResult executionId="7a0df211-8e72-475b-a304-06de29b5dbdb" testId="ffca7e18-f793-e29f-e7a0-ae57a7ab6577" testName="GetUser_ByOpenIDTest" computerName="ADRIAN-LAPTOP" duration="00:00:00.0129474" startTime="2008-09-18T17:54:43.1103812+12:00" endTime="2008-09-18T17:54:43.1259812+12:00" testType="13cdc9d9-ddb5-4fa4-a97d-d965ccfc6d4b" outcome="Failed" testListId="8c84fa94-04c1-424b-9868-57a2d4851a1d">
      <Output>
        <ErrorInfo>
          <Message>Test method GrabbaRide.UnitTests.GrabbaRideDBDataContextTest.GetUser_ByOpenIDTest threw exception:  System.InvalidOperationException: Sequence contains no elements.</Message>
          <StackTrace>    at System.Data.Linq.SqlClient.SqlProvider.Execute(Expression query, QueryInfo queryInfo, IObjectReaderFactory factory, Object[] parentArgs, Object[] userArgs, ICompiledSubQuery[] subQueries, Object lastResult)
   at System.Data.Linq.SqlClient.SqlProvider.ExecuteAll(Expression query, QueryInfo[] queryInfos, IObjectReaderFactory factory, Object[] userArguments, ICompiledSubQuery[] subQueries)
   at System.Data.Linq.SqlClient.SqlProvider.System.Data.Linq.Provider.IProvider.Execute(Expression query)
   at System.Data.Linq.DataQuery`1.System.Linq.IQueryProvider.Execute[S](Expression expression)
   at System.Linq.Queryable.Single[TSource](IQueryable`1 source)
   at GrabbaRide.Database.GrabbaRideDBDataContext.GetOpenIDsByURL(String openid_url) in D:\Dev\GrabbaRide\grabbaride\trunk\GrabbaRide.Database\GrabbaRideDB.cs:line 386
   at GrabbaRide.Database.GrabbaRideDBDataContext.GetUser_ByOpenID(String url) in D:\Dev\GrabbaRide\grabbaride\trunk\GrabbaRide.Database\GrabbaRideDB.cs:line 268
   at GrabbaRide.UnitTests.GrabbaRideDBDataContextTest.GetUser_ByOpenIDTest() in D:\Dev\GrabbaRide\grabbaride\trunk\GrabbaRide.UnitTests\GrabbaRideDBDataContextTest.cs:line 283
</StackTrace>
        </ErrorInfo>
      </Output>
    </UnitTestResult>
  </Results>
</TestRun>