<?xml version="1.0" encoding="UTF-8"?>
<TestRun id="a838c83f-fc98-4dc1-9010-697a1763cf05" name="Adrian@ADRIAN-LAPTOP 2008-10-01 14:32:35" runUser="Adrian-Laptop\Adrian" xmlns="http://microsoft.com/schemas/VisualStudio/TeamTest/2006">
  <TestRunConfiguration name="Local Test Run" id="3e618621-4ae7-42e5-8007-529530b8123e">
    <Description>This is a default test run configuration for a local test run.</Description>
    <Deployment runDeploymentRoot="D:\Dev\GrabbaRide\grabbaride\trunk\TestResults\Adrian_ADRIAN-LAPTOP 2008-10-01 14_32_35">
      <DeploymentItem filename="D:\Dev\GrabbaRide\grabbaride\trunk\GrabbaRide.UserManagement\lib\DotNetOpenId.dll" />
      <DeploymentItem filename="D:\Dev\GrabbaRide\grabbaride\trunk\GrabbaRide.UserManagement\bin\Debug\GrabbaRide.UserManagement.dll" />
      <DeploymentItem filename="D:\Dev\GrabbaRide\grabbaride\trunk\GrabbaRide.Database\bin\Debug\GrabbaRide.Database.dll" />
    </Deployment>
    <TestTypeSpecific />
  </TestRunConfiguration>
  <ResultSummary outcome="Failed">
    <Counters total="52" executed="52" passed="27" error="0" failed="12" timeout="0" aborted="0" inconclusive="13" passedButRunAborted="0" notRunnable="0" notExecuted="0" disconnected="0" warning="0" completed="0" inProgress="0" pending="0" />
  </ResultSummary>
  <Times creation="2008-10-01T14:32:35.5120000+13:00" queuing="2008-10-01T14:32:38.1600000+13:00" start="2008-10-01T14:32:38.6100000+13:00" finish="2008-10-01T14:33:37.0880000+13:00" />
  <TestDefinitions>
    <UnitTest name="PasswordFormatTest" storage="d:\dev\grabbaride\grabbaride\trunk\grabbaride.unittests\bin\debug\grabbaride.unittests.dll" id="3bf3191c-e563-4ae3-3c95-e61038a6456a">
      <Css projectStructure="" iteration="" />
      <Owners>
        <Owner name="" />
      </Owners>
      <Execution id="45418fea-e33e-474a-b1c6-90ed3c60b90f" />
      <TestMethod codeBase="D:\Dev\GrabbaRide\grabbaride\trunk\GrabbaRide.UnitTests\bin\Debug\GrabbaRide.UnitTests.dll" adapterTypeName="Microsoft.VisualStudio.TestTools.TestTypes.Unit.UnitTestAdapter, Microsoft.VisualStudio.QualityTools.Tips.UnitTest.Adapter, Version=9.0.0.0, Culture=neutral, PublicKeyToken=b03f5f7f11d50a3a" className="GrabbaRide.UnitTests.GrabbaRideMembershipProviderTest, GrabbaRide.UnitTests" name="PasswordFormatTest" />
    </UnitTest>
    <UnitTest name="DeleteUserTest" storage="d:\dev\grabbaride\grabbaride\trunk\grabbaride.unittests\bin\debug\grabbaride.unittests.dll" id="2474be98-7b56-ae57-91fa-a13c443623e9">
      <Css projectStructure="" iteration="" />
      <Owners>
        <Owner name="" />
      </Owners>
      <Execution id="64e6bdbb-81be-4272-85fd-d14b180609ea" />
      <TestMethod codeBase="D:\Dev\GrabbaRide\grabbaride\trunk\GrabbaRide.UnitTests\bin\Debug\GrabbaRide.UnitTests.dll" adapterTypeName="Microsoft.VisualStudio.TestTools.TestTypes.Unit.UnitTestAdapter, Microsoft.VisualStudio.QualityTools.Tips.UnitTest.Adapter, Version=9.0.0.0, Culture=neutral, PublicKeyToken=b03f5f7f11d50a3a" className="GrabbaRide.UnitTests.GrabbaRideMembershipProviderTest, GrabbaRide.UnitTests" name="DeleteUserTest" />
    </UnitTest>
    <UnitTest name="GetAllUsersTest" storage="d:\dev\grabbaride\grabbaride\trunk\grabbaride.unittests\bin\debug\grabbaride.unittests.dll" id="f4984bd3-beb6-ed47-005c-91468d9e3496">
      <Css projectStructure="" iteration="" />
      <Owners>
        <Owner name="" />
      </Owners>
      <Execution id="9eeaa32f-01c0-4eec-a6fc-4745497957c6" />
      <TestMethod codeBase="D:\Dev\GrabbaRide\grabbaride\trunk\GrabbaRide.UnitTests\bin\Debug\GrabbaRide.UnitTests.dll" adapterTypeName="Microsoft.VisualStudio.TestTools.TestTypes.Unit.UnitTestAdapter, Microsoft.VisualStudio.QualityTools.Tips.UnitTest.Adapter, Version=9.0.0.0, Culture=neutral, PublicKeyToken=b03f5f7f11d50a3a" className="GrabbaRide.UnitTests.GrabbaRideDBDataContextTest, GrabbaRide.UnitTests" name="GetAllUsersTest" />
    </UnitTest>
    <UnitTest name="GetAllUsersTest" storage="d:\dev\grabbaride\grabbaride\trunk\grabbaride.unittests\bin\debug\grabbaride.unittests.dll" id="65030bed-1ba2-d923-3acc-a1a5108ed125">
      <Css projectStructure="" iteration="" />
      <Owners>
        <Owner name="" />
      </Owners>
      <Execution id="6a690276-7ace-49d7-8cf0-8c7fcea4e121" />
      <TestMethod codeBase="D:\Dev\GrabbaRide\grabbaride\trunk\GrabbaRide.UnitTests\bin\Debug\GrabbaRide.UnitTests.dll" adapterTypeName="Microsoft.VisualStudio.TestTools.TestTypes.Unit.UnitTestAdapter, Microsoft.VisualStudio.QualityTools.Tips.UnitTest.Adapter, Version=9.0.0.0, Culture=neutral, PublicKeyToken=b03f5f7f11d50a3a" className="GrabbaRide.UnitTests.GrabbaRideMembershipProviderTest, GrabbaRide.UnitTests" name="GetAllUsersTest" />
    </UnitTest>
    <UnitTest name="OpenIDConstructorTest" storage="d:\dev\grabbaride\grabbaride\trunk\grabbaride.unittests\bin\debug\grabbaride.unittests.dll" id="4a3de6a3-67b5-706e-c492-d0bcfdfeb130">
      <Css projectStructure="" iteration="" />
      <Owners>
        <Owner name="" />
      </Owners>
      <Execution id="daf2913a-adb5-4b75-8c37-5ffb884865db" />
      <TestMethod codeBase="D:\Dev\GrabbaRide\grabbaride\trunk\GrabbaRide.UnitTests\bin\Debug\GrabbaRide.UnitTests.dll" adapterTypeName="Microsoft.VisualStudio.TestTools.TestTypes.Unit.UnitTestAdapter, Microsoft.VisualStudio.QualityTools.Tips.UnitTest.Adapter, Version=9.0.0.0, Culture=neutral, PublicKeyToken=b03f5f7f11d50a3a" className="GrabbaRide.UnitTests.OpenIDTest, GrabbaRide.UnitTests" name="OpenIDConstructorTest" />
    </UnitTest>
    <UnitTest name="GetUserByEmailTestNull" storage="d:\dev\grabbaride\grabbaride\trunk\grabbaride.unittests\bin\debug\grabbaride.unittests.dll" id="f496d897-9da8-25d0-0f6c-16c7a68bcbab">
      <Css projectStructure="" iteration="" />
      <Owners>
        <Owner name="" />
      </Owners>
      <Execution id="47586485-8db3-49a8-8e51-f68d68a2df85" />
      <TestMethod codeBase="D:\Dev\GrabbaRide\grabbaride\trunk\GrabbaRide.UnitTests\bin\Debug\GrabbaRide.UnitTests.dll" adapterTypeName="Microsoft.VisualStudio.TestTools.TestTypes.Unit.UnitTestAdapter, Microsoft.VisualStudio.QualityTools.Tips.UnitTest.Adapter, Version=9.0.0.0, Culture=neutral, PublicKeyToken=b03f5f7f11d50a3a" className="GrabbaRide.UnitTests.GrabbaRideDBDataContextTest, GrabbaRide.UnitTests" name="GetUserByEmailTestNull" />
    </UnitTest>
    <UnitTest name="GetUserNameByEmailTest" storage="d:\dev\grabbaride\grabbaride\trunk\grabbaride.unittests\bin\debug\grabbaride.unittests.dll" id="1591563f-d2e9-622d-a731-62c1f3839ade">
      <Css projectStructure="" iteration="" />
      <Owners>
        <Owner name="" />
      </Owners>
      <Execution id="50a8e3ff-27ac-4e05-9833-d75ca5df68eb" />
      <TestMethod codeBase="D:\Dev\GrabbaRide\grabbaride\trunk\GrabbaRide.UnitTests\bin\Debug\GrabbaRide.UnitTests.dll" adapterTypeName="Microsoft.VisualStudio.TestTools.TestTypes.Unit.UnitTestAdapter, Microsoft.VisualStudio.QualityTools.Tips.UnitTest.Adapter, Version=9.0.0.0, Culture=neutral, PublicKeyToken=b03f5f7f11d50a3a" className="GrabbaRide.UnitTests.GrabbaRideMembershipProviderTest, GrabbaRide.UnitTests" name="GetUserNameByEmailTest" />
    </UnitTest>
    <UnitTest name="MinRequiredNonAlphanumericCharactersTest" storage="d:\dev\grabbaride\grabbaride\trunk\grabbaride.unittests\bin\debug\grabbaride.unittests.dll" id="86c5885c-7d59-4ed0-80e8-382639614930">
      <Css projectStructure="" iteration="" />
      <Owners>
        <Owner name="" />
      </Owners>
      <Execution id="593b960e-9ab3-4778-a254-55f0df92769e" />
      <TestMethod codeBase="D:\Dev\GrabbaRide\grabbaride\trunk\GrabbaRide.UnitTests\bin\Debug\GrabbaRide.UnitTests.dll" adapterTypeName="Microsoft.VisualStudio.TestTools.TestTypes.Unit.UnitTestAdapter, Microsoft.VisualStudio.QualityTools.Tips.UnitTest.Adapter, Version=9.0.0.0, Culture=neutral, PublicKeyToken=b03f5f7f11d50a3a" className="GrabbaRide.UnitTests.GrabbaRideMembershipProviderTest, GrabbaRide.UnitTests" name="MinRequiredNonAlphanumericCharactersTest" />
    </UnitTest>
    <UnitTest name="CreateUserTest" storage="d:\dev\grabbaride\grabbaride\trunk\grabbaride.unittests\bin\debug\grabbaride.unittests.dll" id="253c0ea7-bdf3-73a7-b608-716c64063968">
      <Css projectStructure="" iteration="" />
      <Owners>
        <Owner name="" />
      </Owners>
      <Execution id="916a30a1-0124-4091-adfb-d6d456b77be6" />
      <TestMethod codeBase="D:\Dev\GrabbaRide\grabbaride\trunk\GrabbaRide.UnitTests\bin\Debug\GrabbaRide.UnitTests.dll" adapterTypeName="Microsoft.VisualStudio.TestTools.TestTypes.Unit.UnitTestAdapter, Microsoft.VisualStudio.QualityTools.Tips.UnitTest.Adapter, Version=9.0.0.0, Culture=neutral, PublicKeyToken=b03f5f7f11d50a3a" className="GrabbaRide.UnitTests.GrabbaRideMembershipProviderTest, GrabbaRide.UnitTests" name="CreateUserTest" />
    </UnitTest>
    <UnitTest name="UnlockUserTest" storage="d:\dev\grabbaride\grabbaride\trunk\grabbaride.unittests\bin\debug\grabbaride.unittests.dll" id="5ac2581e-fe0f-ca65-90c1-87a571bd8332">
      <Css projectStructure="" iteration="" />
      <Owners>
        <Owner name="" />
      </Owners>
      <Execution id="e6798d6e-7857-4c83-a4dd-c3ea8dbd6b07" />
      <TestMethod codeBase="D:\Dev\GrabbaRide\grabbaride\trunk\GrabbaRide.UnitTests\bin\Debug\GrabbaRide.UnitTests.dll" adapterTypeName="Microsoft.VisualStudio.TestTools.TestTypes.Unit.UnitTestAdapter, Microsoft.VisualStudio.QualityTools.Tips.UnitTest.Adapter, Version=9.0.0.0, Culture=neutral, PublicKeyToken=b03f5f7f11d50a3a" className="GrabbaRide.UnitTests.GrabbaRideMembershipProviderTest, GrabbaRide.UnitTests" name="UnlockUserTest" />
    </UnitTest>
    <UnitTest name="RequiresUniqueEmailTest" storage="d:\dev\grabbaride\grabbaride\trunk\grabbaride.unittests\bin\debug\grabbaride.unittests.dll" id="d79d029e-c1b2-e0ec-bfed-28e9fe10a24a">
      <Css projectStructure="" iteration="" />
      <Owners>
        <Owner name="" />
      </Owners>
      <Execution id="7a4d911d-6292-4d26-94ab-029e0e3cc69b" />
      <TestMethod codeBase="D:\Dev\GrabbaRide\grabbaride\trunk\GrabbaRide.UnitTests\bin\Debug\GrabbaRide.UnitTests.dll" adapterTypeName="Microsoft.VisualStudio.TestTools.TestTypes.Unit.UnitTestAdapter, Microsoft.VisualStudio.QualityTools.Tips.UnitTest.Adapter, Version=9.0.0.0, Culture=neutral, PublicKeyToken=b03f5f7f11d50a3a" className="GrabbaRide.UnitTests.GrabbaRideMembershipProviderTest, GrabbaRide.UnitTests" name="RequiresUniqueEmailTest" />
    </UnitTest>
    <UnitTest name="AttachDetachOpenIDTest" storage="d:\dev\grabbaride\grabbaride\trunk\grabbaride.unittests\bin\debug\grabbaride.unittests.dll" id="93054e56-b043-93b6-fc6a-db850c09734e">
      <Css projectStructure="" iteration="" />
      <Owners>
        <Owner name="" />
      </Owners>
      <Execution id="194fab77-7c7f-4d7e-9d63-001a3c543d69" />
      <TestMethod codeBase="D:\Dev\GrabbaRide\grabbaride\trunk\GrabbaRide.UnitTests\bin\Debug\GrabbaRide.UnitTests.dll" adapterTypeName="Microsoft.VisualStudio.TestTools.TestTypes.Unit.UnitTestAdapter, Microsoft.VisualStudio.QualityTools.Tips.UnitTest.Adapter, Version=9.0.0.0, Culture=neutral, PublicKeyToken=b03f5f7f11d50a3a" className="GrabbaRide.UnitTests.GrabbaRideDBDataContextTest, GrabbaRide.UnitTests" name="AttachDetachOpenIDTest" />
    </UnitTest>
    <UnitTest name="PlaceFeedbackRatingTest" storage="d:\dev\grabbaride\grabbaride\trunk\grabbaride.unittests\bin\debug\grabbaride.unittests.dll" id="ccf659ba-2f9b-031e-3485-06db0ab9e7c4">
      <Css projectStructure="" iteration="" />
      <Owners>
        <Owner name="" />
      </Owners>
      <Execution id="bdc9db23-4626-4fef-8c21-81519e6d60b5" />
      <TestMethod codeBase="D:\Dev\GrabbaRide\grabbaride\trunk\GrabbaRide.UnitTests\bin\Debug\GrabbaRide.UnitTests.dll" adapterTypeName="Microsoft.VisualStudio.TestTools.TestTypes.Unit.UnitTestAdapter, Microsoft.VisualStudio.QualityTools.Tips.UnitTest.Adapter, Version=9.0.0.0, Culture=neutral, PublicKeyToken=b03f5f7f11d50a3a" className="GrabbaRide.UnitTests.GrabbaRideDBDataContextTest, GrabbaRide.UnitTests" name="PlaceFeedbackRatingTest" />
    </UnitTest>
    <UnitTest name="MinRequiredPasswordLengthTest" storage="d:\dev\grabbaride\grabbaride\trunk\grabbaride.unittests\bin\debug\grabbaride.unittests.dll" id="1e223d07-860b-2b0a-9d2b-db51bcc6204c">
      <Css projectStructure="" iteration="" />
      <Owners>
        <Owner name="" />
      </Owners>
      <Execution id="3e9b1868-888f-45df-93d7-33c5caaed032" />
      <TestMethod codeBase="D:\Dev\GrabbaRide\grabbaride\trunk\GrabbaRide.UnitTests\bin\Debug\GrabbaRide.UnitTests.dll" adapterTypeName="Microsoft.VisualStudio.TestTools.TestTypes.Unit.UnitTestAdapter, Microsoft.VisualStudio.QualityTools.Tips.UnitTest.Adapter, Version=9.0.0.0, Culture=neutral, PublicKeyToken=b03f5f7f11d50a3a" className="GrabbaRide.UnitTests.GrabbaRideMembershipProviderTest, GrabbaRide.UnitTests" name="MinRequiredPasswordLengthTest" />
    </UnitTest>
    <UnitTest name="RideConstructorTest" storage="d:\dev\grabbaride\grabbaride\trunk\grabbaride.unittests\bin\debug\grabbaride.unittests.dll" id="aef425bd-2eab-c6f3-c07a-7e29dd0dce17">
      <Css projectStructure="" iteration="" />
      <Owners>
        <Owner name="" />
      </Owners>
      <Execution id="8e88a87d-fdf0-4271-9461-4c309cb83866" />
      <TestMethod codeBase="D:\Dev\GrabbaRide\grabbaride\trunk\GrabbaRide.UnitTests\bin\Debug\GrabbaRide.UnitTests.dll" adapterTypeName="Microsoft.VisualStudio.TestTools.TestTypes.Unit.UnitTestAdapter, Microsoft.VisualStudio.QualityTools.Tips.UnitTest.Adapter, Version=9.0.0.0, Culture=neutral, PublicKeyToken=b03f5f7f11d50a3a" className="GrabbaRide.UnitTests.RideTest, GrabbaRide.UnitTests" name="RideConstructorTest" />
    </UnitTest>
    <UnitTest name="GetUserByIDTestNull" storage="d:\dev\grabbaride\grabbaride\trunk\grabbaride.unittests\bin\debug\grabbaride.unittests.dll" id="70cae2f7-85eb-1a2e-3f0c-a8253d33d6ab">
      <Css projectStructure="" iteration="" />
      <Owners>
        <Owner name="" />
      </Owners>
      <Execution id="24f9fe04-64b6-445e-b60c-5c6999a45072" />
      <TestMethod codeBase="D:\Dev\GrabbaRide\grabbaride\trunk\GrabbaRide.UnitTests\bin\Debug\GrabbaRide.UnitTests.dll" adapterTypeName="Microsoft.VisualStudio.TestTools.TestTypes.Unit.UnitTestAdapter, Microsoft.VisualStudio.QualityTools.Tips.UnitTest.Adapter, Version=9.0.0.0, Culture=neutral, PublicKeyToken=b03f5f7f11d50a3a" className="GrabbaRide.UnitTests.GrabbaRideDBDataContextTest, GrabbaRide.UnitTests" name="GetUserByIDTestNull" />
    </UnitTest>
    <UnitTest name="GrabbaRideMembershipProviderConstructorTest" storage="d:\dev\grabbaride\grabbaride\trunk\grabbaride.unittests\bin\debug\grabbaride.unittests.dll" id="e86237af-5c13-29a1-a872-5890d41faba6">
      <Css projectStructure="" iteration="" />
      <Owners>
        <Owner name="" />
      </Owners>
      <Execution id="4dd4a1fc-b1ff-4f44-97e5-f57666609300" />
      <TestMethod codeBase="D:\Dev\GrabbaRide\grabbaride\trunk\GrabbaRide.UnitTests\bin\Debug\GrabbaRide.UnitTests.dll" adapterTypeName="Microsoft.VisualStudio.TestTools.TestTypes.Unit.UnitTestAdapter, Microsoft.VisualStudio.QualityTools.Tips.UnitTest.Adapter, Version=9.0.0.0, Culture=neutral, PublicKeyToken=b03f5f7f11d50a3a" className="GrabbaRide.UnitTests.GrabbaRideMembershipProviderTest, GrabbaRide.UnitTests" name="GrabbaRideMembershipProviderConstructorTest" />
    </UnitTest>
    <UnitTest name="EnablePasswordResetTest" storage="d:\dev\grabbaride\grabbaride\trunk\grabbaride.unittests\bin\debug\grabbaride.unittests.dll" id="b8530562-0405-7168-8fcd-5511bec549ed">
      <Css projectStructure="" iteration="" />
      <Owners>
        <Owner name="" />
      </Owners>
      <Execution id="03fb32c3-7e50-468a-bdea-7e2f31615a61" />
      <TestMethod codeBase="D:\Dev\GrabbaRide\grabbaride\trunk\GrabbaRide.UnitTests\bin\Debug\GrabbaRide.UnitTests.dll" adapterTypeName="Microsoft.VisualStudio.TestTools.TestTypes.Unit.UnitTestAdapter, Microsoft.VisualStudio.QualityTools.Tips.UnitTest.Adapter, Version=9.0.0.0, Culture=neutral, PublicKeyToken=b03f5f7f11d50a3a" className="GrabbaRide.UnitTests.GrabbaRideMembershipProviderTest, GrabbaRide.UnitTests" name="EnablePasswordResetTest" />
    </UnitTest>
    <UnitTest name="ValidateUserTest" storage="d:\dev\grabbaride\grabbaride\trunk\grabbaride.unittests\bin\debug\grabbaride.unittests.dll" id="ef320c25-9519-a727-36ab-a4e14fc808ab">
      <Css projectStructure="" iteration="" />
      <Owners>
        <Owner name="" />
      </Owners>
      <Execution id="6805e6ab-a390-4631-8cd8-762add35f7a3" />
      <TestMethod codeBase="D:\Dev\GrabbaRide\grabbaride\trunk\GrabbaRide.UnitTests\bin\Debug\GrabbaRide.UnitTests.dll" adapterTypeName="Microsoft.VisualStudio.TestTools.TestTypes.Unit.UnitTestAdapter, Microsoft.VisualStudio.QualityTools.Tips.UnitTest.Adapter, Version=9.0.0.0, Culture=neutral, PublicKeyToken=b03f5f7f11d50a3a" className="GrabbaRide.UnitTests.GrabbaRideMembershipProviderTest, GrabbaRide.UnitTests" name="ValidateUserTest" />
    </UnitTest>
    <UnitTest name="InitializeTest" storage="d:\dev\grabbaride\grabbaride\trunk\grabbaride.unittests\bin\debug\grabbaride.unittests.dll" id="91f4da68-007c-3330-d97e-1778a3c86ff6">
      <Css projectStructure="" iteration="" />
      <Owners>
        <Owner name="" />
      </Owners>
      <Execution id="c222cbe5-0d4d-4bfe-ab73-b96240ec2aa5" />
      <TestMethod codeBase="D:\Dev\GrabbaRide\grabbaride\trunk\GrabbaRide.UnitTests\bin\Debug\GrabbaRide.UnitTests.dll" adapterTypeName="Microsoft.VisualStudio.TestTools.TestTypes.Unit.UnitTestAdapter, Microsoft.VisualStudio.QualityTools.Tips.UnitTest.Adapter, Version=9.0.0.0, Culture=neutral, PublicKeyToken=b03f5f7f11d50a3a" className="GrabbaRide.UnitTests.GrabbaRideMembershipProviderTest, GrabbaRide.UnitTests" name="InitializeTest" />
    </UnitTest>
    <UnitTest name="AttachDetachRideTest" storage="d:\dev\grabbaride\grabbaride\trunk\grabbaride.unittests\bin\debug\grabbaride.unittests.dll" id="65e3c915-a80a-c7a0-1073-5efcbbe1b6bf">
      <Css projectStructure="" iteration="" />
      <Owners>
        <Owner name="" />
      </Owners>
      <Execution id="6f8ebc85-16ba-4a88-a4ff-eb9c911a8e72" />
      <TestMethod codeBase="D:\Dev\GrabbaRide\grabbaride\trunk\GrabbaRide.UnitTests\bin\Debug\GrabbaRide.UnitTests.dll" adapterTypeName="Microsoft.VisualStudio.TestTools.TestTypes.Unit.UnitTestAdapter, Microsoft.VisualStudio.QualityTools.Tips.UnitTest.Adapter, Version=9.0.0.0, Culture=neutral, PublicKeyToken=b03f5f7f11d50a3a" className="GrabbaRide.UnitTests.GrabbaRideDBDataContextTest, GrabbaRide.UnitTests" name="AttachDetachRideTest" />
    </UnitTest>
    <UnitTest name="AttachDetachNewUserTest" storage="d:\dev\grabbaride\grabbaride\trunk\grabbaride.unittests\bin\debug\grabbaride.unittests.dll" id="a34f3f60-504f-3cda-d6be-f7d484d7c305">
      <Css projectStructure="" iteration="" />
      <Owners>
        <Owner name="" />
      </Owners>
      <Execution id="32c6871f-2efd-45c2-8518-85902ffbced2" />
      <TestMethod codeBase="D:\Dev\GrabbaRide\grabbaride\trunk\GrabbaRide.UnitTests\bin\Debug\GrabbaRide.UnitTests.dll" adapterTypeName="Microsoft.VisualStudio.TestTools.TestTypes.Unit.UnitTestAdapter, Microsoft.VisualStudio.QualityTools.Tips.UnitTest.Adapter, Version=9.0.0.0, Culture=neutral, PublicKeyToken=b03f5f7f11d50a3a" className="GrabbaRide.UnitTests.GrabbaRideDBDataContextTest, GrabbaRide.UnitTests" name="AttachDetachNewUserTest" />
    </UnitTest>
    <UnitTest name="UpdateUserTest" storage="d:\dev\grabbaride\grabbaride\trunk\grabbaride.unittests\bin\debug\grabbaride.unittests.dll" id="4170c8ab-61df-00b9-5958-87fb52e53cc5">
      <Css projectStructure="" iteration="" />
      <Owners>
        <Owner name="" />
      </Owners>
      <Execution id="c1ce6abe-4fa4-4d22-8ce6-e9517ebff96c" />
      <TestMethod codeBase="D:\Dev\GrabbaRide\grabbaride\trunk\GrabbaRide.UnitTests\bin\Debug\GrabbaRide.UnitTests.dll" adapterTypeName="Microsoft.VisualStudio.TestTools.TestTypes.Unit.UnitTestAdapter, Microsoft.VisualStudio.QualityTools.Tips.UnitTest.Adapter, Version=9.0.0.0, Culture=neutral, PublicKeyToken=b03f5f7f11d50a3a" className="GrabbaRide.UnitTests.GrabbaRideMembershipProviderTest, GrabbaRide.UnitTests" name="UpdateUserTest" />
    </UnitTest>
    <UnitTest name="ChangePasswordQuestionAndAnswerTest" storage="d:\dev\grabbaride\grabbaride\trunk\grabbaride.unittests\bin\debug\grabbaride.unittests.dll" id="3b1d2d20-cfdf-9e5d-5b64-835fec20a00a">
      <Css projectStructure="" iteration="" />
      <Owners>
        <Owner name="" />
      </Owners>
      <Execution id="cc1c1fce-632c-4e4a-963b-8d1d36a1ccd3" />
      <TestMethod codeBase="D:\Dev\GrabbaRide\grabbaride\trunk\GrabbaRide.UnitTests\bin\Debug\GrabbaRide.UnitTests.dll" adapterTypeName="Microsoft.VisualStudio.TestTools.TestTypes.Unit.UnitTestAdapter, Microsoft.VisualStudio.QualityTools.Tips.UnitTest.Adapter, Version=9.0.0.0, Culture=neutral, PublicKeyToken=b03f5f7f11d50a3a" className="GrabbaRide.UnitTests.GrabbaRideMembershipProviderTest, GrabbaRide.UnitTests" name="ChangePasswordQuestionAndAnswerTest" />
    </UnitTest>
    <UnitTest name="JourneyDistanceTest1" storage="d:\dev\grabbaride\grabbaride\trunk\grabbaride.unittests\bin\debug\grabbaride.unittests.dll" id="cae2a875-e749-96da-1b97-c01a83bdd139">
      <Css projectStructure="" iteration="" />
      <Owners>
        <Owner name="" />
      </Owners>
      <Execution id="5487a91a-2ba1-45bf-b0e4-4727c045dd0a" />
      <TestMethod codeBase="D:\Dev\GrabbaRide\grabbaride\trunk\GrabbaRide.UnitTests\bin\Debug\GrabbaRide.UnitTests.dll" adapterTypeName="Microsoft.VisualStudio.TestTools.TestTypes.Unit.UnitTestAdapter, Microsoft.VisualStudio.QualityTools.Tips.UnitTest.Adapter, Version=9.0.0.0, Culture=neutral, PublicKeyToken=b03f5f7f11d50a3a" className="GrabbaRide.UnitTests.RideTest, GrabbaRide.UnitTests" name="JourneyDistanceTest1" />
    </UnitTest>
    <UnitTest name="ResetPasswordTest" storage="d:\dev\grabbaride\grabbaride\trunk\grabbaride.unittests\bin\debug\grabbaride.unittests.dll" id="ce12b165-014e-77a3-5d60-7dfb938464f8">
      <Css projectStructure="" iteration="" />
      <Owners>
        <Owner name="" />
      </Owners>
      <Execution id="90b26f54-63b5-411d-be89-184a7e4aab9b" />
      <TestMethod codeBase="D:\Dev\GrabbaRide\grabbaride\trunk\GrabbaRide.UnitTests\bin\Debug\GrabbaRide.UnitTests.dll" adapterTypeName="Microsoft.VisualStudio.TestTools.TestTypes.Unit.UnitTestAdapter, Microsoft.VisualStudio.QualityTools.Tips.UnitTest.Adapter, Version=9.0.0.0, Culture=neutral, PublicKeyToken=b03f5f7f11d50a3a" className="GrabbaRide.UnitTests.GrabbaRideMembershipProviderTest, GrabbaRide.UnitTests" name="ResetPasswordTest" />
    </UnitTest>
    <UnitTest name="GetPasswordTest" storage="d:\dev\grabbaride\grabbaride\trunk\grabbaride.unittests\bin\debug\grabbaride.unittests.dll" id="f43f48f2-d820-adb3-6362-e0cc7620e862">
      <Css projectStructure="" iteration="" />
      <Owners>
        <Owner name="" />
      </Owners>
      <Execution id="8365a34d-c071-4044-844c-5e7c60cbed4d" />
      <TestMethod codeBase="D:\Dev\GrabbaRide\grabbaride\trunk\GrabbaRide.UnitTests\bin\Debug\GrabbaRide.UnitTests.dll" adapterTypeName="Microsoft.VisualStudio.TestTools.TestTypes.Unit.UnitTestAdapter, Microsoft.VisualStudio.QualityTools.Tips.UnitTest.Adapter, Version=9.0.0.0, Culture=neutral, PublicKeyToken=b03f5f7f11d50a3a" className="GrabbaRide.UnitTests.GrabbaRideMembershipProviderTest, GrabbaRide.UnitTests" name="GetPasswordTest" />
    </UnitTest>
    <UnitTest name="GetNumberOfUsersOnlineTest" storage="d:\dev\grabbaride\grabbaride\trunk\grabbaride.unittests\bin\debug\grabbaride.unittests.dll" id="55321523-1b2f-8b45-81b8-8d9e22ebd4a1">
      <Css projectStructure="" iteration="" />
      <Owners>
        <Owner name="" />
      </Owners>
      <Execution id="d25afde4-abe1-451e-86a3-e3b227b41c0e" />
      <TestMethod codeBase="D:\Dev\GrabbaRide\grabbaride\trunk\GrabbaRide.UnitTests\bin\Debug\GrabbaRide.UnitTests.dll" adapterTypeName="Microsoft.VisualStudio.TestTools.TestTypes.Unit.UnitTestAdapter, Microsoft.VisualStudio.QualityTools.Tips.UnitTest.Adapter, Version=9.0.0.0, Culture=neutral, PublicKeyToken=b03f5f7f11d50a3a" className="GrabbaRide.UnitTests.GrabbaRideMembershipProviderTest, GrabbaRide.UnitTests" name="GetNumberOfUsersOnlineTest" />
    </UnitTest>
    <UnitTest name="ChangePasswordTest" storage="d:\dev\grabbaride\grabbaride\trunk\grabbaride.unittests\bin\debug\grabbaride.unittests.dll" id="d16d58aa-c640-5abe-a688-1a146a203f8b">
      <Css projectStructure="" iteration="" />
      <Owners>
        <Owner name="" />
      </Owners>
      <Execution id="527d55e8-6caa-4fd7-82e1-56a2cfef7a6c" />
      <TestMethod codeBase="D:\Dev\GrabbaRide\grabbaride\trunk\GrabbaRide.UnitTests\bin\Debug\GrabbaRide.UnitTests.dll" adapterTypeName="Microsoft.VisualStudio.TestTools.TestTypes.Unit.UnitTestAdapter, Microsoft.VisualStudio.QualityTools.Tips.UnitTest.Adapter, Version=9.0.0.0, Culture=neutral, PublicKeyToken=b03f5f7f11d50a3a" className="GrabbaRide.UnitTests.GrabbaRideMembershipProviderTest, GrabbaRide.UnitTests" name="ChangePasswordTest" />
    </UnitTest>
    <UnitTest name="MaxInvalidPasswordAttemptsTest" storage="d:\dev\grabbaride\grabbaride\trunk\grabbaride.unittests\bin\debug\grabbaride.unittests.dll" id="53174b29-3f07-ba25-3da5-a4dd26dd3d3f">
      <Css projectStructure="" iteration="" />
      <Owners>
        <Owner name="" />
      </Owners>
      <Execution id="cfd2c6eb-356c-44fe-9ef7-9d4f1b94dc9f" />
      <TestMethod codeBase="D:\Dev\GrabbaRide\grabbaride\trunk\GrabbaRide.UnitTests\bin\Debug\GrabbaRide.UnitTests.dll" adapterTypeName="Microsoft.VisualStudio.TestTools.TestTypes.Unit.UnitTestAdapter, Microsoft.VisualStudio.QualityTools.Tips.UnitTest.Adapter, Version=9.0.0.0, Culture=neutral, PublicKeyToken=b03f5f7f11d50a3a" className="GrabbaRide.UnitTests.GrabbaRideMembershipProviderTest, GrabbaRide.UnitTests" name="MaxInvalidPasswordAttemptsTest" />
    </UnitTest>
    <UnitTest name="EnablePasswordRetrievalTest" storage="d:\dev\grabbaride\grabbaride\trunk\grabbaride.unittests\bin\debug\grabbaride.unittests.dll" id="225cb7b4-a287-d1d6-99a4-e6f2902bf00e">
      <Css projectStructure="" iteration="" />
      <Owners>
        <Owner name="" />
      </Owners>
      <Execution id="0f07eaa3-bf40-4550-9ba2-bfcb61777462" />
      <TestMethod codeBase="D:\Dev\GrabbaRide\grabbaride\trunk\GrabbaRide.UnitTests\bin\Debug\GrabbaRide.UnitTests.dll" adapterTypeName="Microsoft.VisualStudio.TestTools.TestTypes.Unit.UnitTestAdapter, Microsoft.VisualStudio.QualityTools.Tips.UnitTest.Adapter, Version=9.0.0.0, Culture=neutral, PublicKeyToken=b03f5f7f11d50a3a" className="GrabbaRide.UnitTests.GrabbaRideMembershipProviderTest, GrabbaRide.UnitTests" name="EnablePasswordRetrievalTest" />
    </UnitTest>
    <UnitTest name="SendMessageTest" storage="d:\dev\grabbaride\grabbaride\trunk\grabbaride.unittests\bin\debug\grabbaride.unittests.dll" id="82f51b2f-97fa-95f2-c4e2-ba08f86fdcdb">
      <Css projectStructure="" iteration="" />
      <Owners>
        <Owner name="" />
      </Owners>
      <Execution id="8379687d-d518-4c1f-bb51-ec26bbed43bc" />
      <TestMethod codeBase="D:\Dev\GrabbaRide\grabbaride\trunk\GrabbaRide.UnitTests\bin\Debug\GrabbaRide.UnitTests.dll" adapterTypeName="Microsoft.VisualStudio.TestTools.TestTypes.Unit.UnitTestAdapter, Microsoft.VisualStudio.QualityTools.Tips.UnitTest.Adapter, Version=9.0.0.0, Culture=neutral, PublicKeyToken=b03f5f7f11d50a3a" className="GrabbaRide.UnitTests.UserTest, GrabbaRide.UnitTests" name="SendMessageTest" />
    </UnitTest>
    <UnitTest name="PasswordStrengthRegularExpressionTest" storage="d:\dev\grabbaride\grabbaride\trunk\grabbaride.unittests\bin\debug\grabbaride.unittests.dll" id="8b4f7f68-213a-780b-b30e-1843e1d856e1">
      <Css projectStructure="" iteration="" />
      <Owners>
        <Owner name="" />
      </Owners>
      <Execution id="6ac3a276-3d4f-4325-be56-ac7375137c66" />
      <TestMethod codeBase="D:\Dev\GrabbaRide\grabbaride\trunk\GrabbaRide.UnitTests\bin\Debug\GrabbaRide.UnitTests.dll" adapterTypeName="Microsoft.VisualStudio.TestTools.TestTypes.Unit.UnitTestAdapter, Microsoft.VisualStudio.QualityTools.Tips.UnitTest.Adapter, Version=9.0.0.0, Culture=neutral, PublicKeyToken=b03f5f7f11d50a3a" className="GrabbaRide.UnitTests.GrabbaRideMembershipProviderTest, GrabbaRide.UnitTests" name="PasswordStrengthRegularExpressionTest" />
    </UnitTest>
    <UnitTest name="GetRideByIDTest" storage="d:\dev\grabbaride\grabbaride\trunk\grabbaride.unittests\bin\debug\grabbaride.unittests.dll" id="267f40f4-d890-2bea-12e4-ab2900de3aed">
      <Css projectStructure="" iteration="" />
      <Owners>
        <Owner name="" />
      </Owners>
      <Execution id="a2068905-123a-42c9-ae8e-773cca39b96b" />
      <TestMethod codeBase="D:\Dev\GrabbaRide\grabbaride\trunk\GrabbaRide.UnitTests\bin\Debug\GrabbaRide.UnitTests.dll" adapterTypeName="Microsoft.VisualStudio.TestTools.TestTypes.Unit.UnitTestAdapter, Microsoft.VisualStudio.QualityTools.Tips.UnitTest.Adapter, Version=9.0.0.0, Culture=neutral, PublicKeyToken=b03f5f7f11d50a3a" className="GrabbaRide.UnitTests.GrabbaRideDBDataContextTest, GrabbaRide.UnitTests" name="GetRideByIDTest" />
    </UnitTest>
    <UnitTest name="GetUserTest" storage="d:\dev\grabbaride\grabbaride\trunk\grabbaride.unittests\bin\debug\grabbaride.unittests.dll" id="a74eb90e-9d8b-f22f-e428-3053d131a224">
      <Css projectStructure="" iteration="" />
      <Owners>
        <Owner name="" />
      </Owners>
      <Execution id="6e9c38e4-2289-4903-8221-61e8273a1c89" />
      <TestMethod codeBase="D:\Dev\GrabbaRide\grabbaride\trunk\GrabbaRide.UnitTests\bin\Debug\GrabbaRide.UnitTests.dll" adapterTypeName="Microsoft.VisualStudio.TestTools.TestTypes.Unit.UnitTestAdapter, Microsoft.VisualStudio.QualityTools.Tips.UnitTest.Adapter, Version=9.0.0.0, Culture=neutral, PublicKeyToken=b03f5f7f11d50a3a" className="GrabbaRide.UnitTests.GrabbaRideMembershipProviderTest, GrabbaRide.UnitTests" name="GetUserTest" />
    </UnitTest>
    <UnitTest name="JourneyDistanceTest2" storage="d:\dev\grabbaride\grabbaride\trunk\grabbaride.unittests\bin\debug\grabbaride.unittests.dll" id="4ba3ca4e-fbe4-8600-252a-6c0b90eed55f">
      <Css projectStructure="" iteration="" />
      <Owners>
        <Owner name="" />
      </Owners>
      <Execution id="55cbb3b1-d0b1-48d9-93a9-102e4ca6302b" />
      <TestMethod codeBase="D:\Dev\GrabbaRide\grabbaride\trunk\GrabbaRide.UnitTests\bin\Debug\GrabbaRide.UnitTests.dll" adapterTypeName="Microsoft.VisualStudio.TestTools.TestTypes.Unit.UnitTestAdapter, Microsoft.VisualStudio.QualityTools.Tips.UnitTest.Adapter, Version=9.0.0.0, Culture=neutral, PublicKeyToken=b03f5f7f11d50a3a" className="GrabbaRide.UnitTests.RideTest, GrabbaRide.UnitTests" name="JourneyDistanceTest2" />
    </UnitTest>
    <UnitTest name="ApplicationNameTest" storage="d:\dev\grabbaride\grabbaride\trunk\grabbaride.unittests\bin\debug\grabbaride.unittests.dll" id="b3a57e4c-b805-a4fc-7df1-a182576f7b06">
      <Css projectStructure="" iteration="" />
      <Owners>
        <Owner name="" />
      </Owners>
      <Execution id="845b5716-447d-4400-af39-dfb04f8103b1" />
      <TestMethod codeBase="D:\Dev\GrabbaRide\grabbaride\trunk\GrabbaRide.UnitTests\bin\Debug\GrabbaRide.UnitTests.dll" adapterTypeName="Microsoft.VisualStudio.TestTools.TestTypes.Unit.UnitTestAdapter, Microsoft.VisualStudio.QualityTools.Tips.UnitTest.Adapter, Version=9.0.0.0, Culture=neutral, PublicKeyToken=b03f5f7f11d50a3a" className="GrabbaRide.UnitTests.GrabbaRideMembershipProviderTest, GrabbaRide.UnitTests" name="ApplicationNameTest" />
    </UnitTest>
    <UnitTest name="GenerateRandomPasswordTest" storage="d:\dev\grabbaride\grabbaride\trunk\grabbaride.unittests\bin\debug\grabbaride.unittests.dll" id="4016a2fc-de16-87dc-b44a-4bc17035ecd6">
      <Css projectStructure="" iteration="" />
      <Owners>
        <Owner name="" />
      </Owners>
      <Execution id="617670f3-88fd-4d8a-8d60-581e225171a0" />
      <TestMethod codeBase="D:\Dev\GrabbaRide\grabbaride\trunk\GrabbaRide.UnitTests\bin\Debug\GrabbaRide.UnitTests.dll" adapterTypeName="Microsoft.VisualStudio.TestTools.TestTypes.Unit.UnitTestAdapter, Microsoft.VisualStudio.QualityTools.Tips.UnitTest.Adapter, Version=9.0.0.0, Culture=neutral, PublicKeyToken=b03f5f7f11d50a3a" className="GrabbaRide.UnitTests.UserTest, GrabbaRide.UnitTests" name="GenerateRandomPasswordTest" />
    </UnitTest>
    <UnitTest name="FindUsersByEmailTest" storage="d:\dev\grabbaride\grabbaride\trunk\grabbaride.unittests\bin\debug\grabbaride.unittests.dll" id="b5daef91-9da8-cb3b-d9ac-fd5b12ac8814">
      <Css projectStructure="" iteration="" />
      <Owners>
        <Owner name="" />
      </Owners>
      <Execution id="f0be646d-079c-4d39-8423-076acfe00c24" />
      <TestMethod codeBase="D:\Dev\GrabbaRide\grabbaride\trunk\GrabbaRide.UnitTests\bin\Debug\GrabbaRide.UnitTests.dll" adapterTypeName="Microsoft.VisualStudio.TestTools.TestTypes.Unit.UnitTestAdapter, Microsoft.VisualStudio.QualityTools.Tips.UnitTest.Adapter, Version=9.0.0.0, Culture=neutral, PublicKeyToken=b03f5f7f11d50a3a" className="GrabbaRide.UnitTests.GrabbaRideMembershipProviderTest, GrabbaRide.UnitTests" name="FindUsersByEmailTest" />
    </UnitTest>
    <UnitTest name="RequiresQuestionAndAnswerTest" storage="d:\dev\grabbaride\grabbaride\trunk\grabbaride.unittests\bin\debug\grabbaride.unittests.dll" id="49bb59da-f4b8-9b9f-7e24-cf8c575e9ef8">
      <Css projectStructure="" iteration="" />
      <Owners>
        <Owner name="" />
      </Owners>
      <Execution id="5fba5e84-c955-4468-b25a-c9ac86ee6a56" />
      <TestMethod codeBase="D:\Dev\GrabbaRide\grabbaride\trunk\GrabbaRide.UnitTests\bin\Debug\GrabbaRide.UnitTests.dll" adapterTypeName="Microsoft.VisualStudio.TestTools.TestTypes.Unit.UnitTestAdapter, Microsoft.VisualStudio.QualityTools.Tips.UnitTest.Adapter, Version=9.0.0.0, Culture=neutral, PublicKeyToken=b03f5f7f11d50a3a" className="GrabbaRide.UnitTests.GrabbaRideMembershipProviderTest, GrabbaRide.UnitTests" name="RequiresQuestionAndAnswerTest" />
    </UnitTest>
    <UnitTest name="PasswordAttemptWindowTest" storage="d:\dev\grabbaride\grabbaride\trunk\grabbaride.unittests\bin\debug\grabbaride.unittests.dll" id="ad4429b9-9475-889f-2d5d-460e64943a4d">
      <Css projectStructure="" iteration="" />
      <Owners>
        <Owner name="" />
      </Owners>
      <Execution id="7c177258-181d-4f57-b9e7-c0596a821816" />
      <TestMethod codeBase="D:\Dev\GrabbaRide\grabbaride\trunk\GrabbaRide.UnitTests\bin\Debug\GrabbaRide.UnitTests.dll" adapterTypeName="Microsoft.VisualStudio.TestTools.TestTypes.Unit.UnitTestAdapter, Microsoft.VisualStudio.QualityTools.Tips.UnitTest.Adapter, Version=9.0.0.0, Culture=neutral, PublicKeyToken=b03f5f7f11d50a3a" className="GrabbaRide.UnitTests.GrabbaRideMembershipProviderTest, GrabbaRide.UnitTests" name="PasswordAttemptWindowTest" />
    </UnitTest>
    <UnitTest name="FindSimilarRidesTest" storage="d:\dev\grabbaride\grabbaride\trunk\grabbaride.unittests\bin\debug\grabbaride.unittests.dll" id="73900894-df5d-78c4-fbc1-ad3eb8f3672f">
      <Css projectStructure="" iteration="" />
      <Owners>
        <Owner name="" />
      </Owners>
      <Execution id="ff27d852-4d91-4994-873f-50df1005d043" />
      <TestMethod codeBase="D:\Dev\GrabbaRide\grabbaride\trunk\GrabbaRide.UnitTests\bin\Debug\GrabbaRide.UnitTests.dll" adapterTypeName="Microsoft.VisualStudio.TestTools.TestTypes.Unit.UnitTestAdapter, Microsoft.VisualStudio.QualityTools.Tips.UnitTest.Adapter, Version=9.0.0.0, Culture=neutral, PublicKeyToken=b03f5f7f11d50a3a" className="GrabbaRide.UnitTests.GrabbaRideDBDataContextTest, GrabbaRide.UnitTests" name="FindSimilarRidesTest" />
    </UnitTest>
    <UnitTest name="GetUserByEmailTestValid" storage="d:\dev\grabbaride\grabbaride\trunk\grabbaride.unittests\bin\debug\grabbaride.unittests.dll" id="6a015540-45c9-ed2c-6374-940c79118acc">
      <Css projectStructure="" iteration="" />
      <Owners>
        <Owner name="" />
      </Owners>
      <Execution id="c10b31d4-895b-4bef-a894-ae654d7f08d5" />
      <TestMethod codeBase="D:\Dev\GrabbaRide\grabbaride\trunk\GrabbaRide.UnitTests\bin\Debug\GrabbaRide.UnitTests.dll" adapterTypeName="Microsoft.VisualStudio.TestTools.TestTypes.Unit.UnitTestAdapter, Microsoft.VisualStudio.QualityTools.Tips.UnitTest.Adapter, Version=9.0.0.0, Culture=neutral, PublicKeyToken=b03f5f7f11d50a3a" className="GrabbaRide.UnitTests.GrabbaRideDBDataContextTest, GrabbaRide.UnitTests" name="GetUserByEmailTestValid" />
    </UnitTest>
    <UnitTest name="GetUserByUsernameTestValid" storage="d:\dev\grabbaride\grabbaride\trunk\grabbaride.unittests\bin\debug\grabbaride.unittests.dll" id="53a1c745-5495-cc99-6a21-7d65e1e29cf7">
      <Css projectStructure="" iteration="" />
      <Owners>
        <Owner name="" />
      </Owners>
      <Execution id="33f94f98-1564-4e74-a2a7-49475d841f69" />
      <TestMethod codeBase="D:\Dev\GrabbaRide\grabbaride\trunk\GrabbaRide.UnitTests\bin\Debug\GrabbaRide.UnitTests.dll" adapterTypeName="Microsoft.VisualStudio.TestTools.TestTypes.Unit.UnitTestAdapter, Microsoft.VisualStudio.QualityTools.Tips.UnitTest.Adapter, Version=9.0.0.0, Culture=neutral, PublicKeyToken=b03f5f7f11d50a3a" className="GrabbaRide.UnitTests.GrabbaRideDBDataContextTest, GrabbaRide.UnitTests" name="GetUserByUsernameTestValid" />
    </UnitTest>
    <UnitTest name="FindUsersByNameTest" storage="d:\dev\grabbaride\grabbaride\trunk\grabbaride.unittests\bin\debug\grabbaride.unittests.dll" id="2361c0a5-c424-7bf2-38c0-a8601f6ffee1">
      <Css projectStructure="" iteration="" />
      <Owners>
        <Owner name="" />
      </Owners>
      <Execution id="8378278b-71cc-4468-ab1b-8e3eff070fd7" />
      <TestMethod codeBase="D:\Dev\GrabbaRide\grabbaride\trunk\GrabbaRide.UnitTests\bin\Debug\GrabbaRide.UnitTests.dll" adapterTypeName="Microsoft.VisualStudio.TestTools.TestTypes.Unit.UnitTestAdapter, Microsoft.VisualStudio.QualityTools.Tips.UnitTest.Adapter, Version=9.0.0.0, Culture=neutral, PublicKeyToken=b03f5f7f11d50a3a" className="GrabbaRide.UnitTests.GrabbaRideMembershipProviderTest, GrabbaRide.UnitTests" name="FindUsersByNameTest" />
    </UnitTest>
    <UnitTest name="GetUserByIDTestValid" storage="d:\dev\grabbaride\grabbaride\trunk\grabbaride.unittests\bin\debug\grabbaride.unittests.dll" id="098c2df0-27bf-a596-5392-92a6a210a1e9">
      <Css projectStructure="" iteration="" />
      <Owners>
        <Owner name="" />
      </Owners>
      <Execution id="e7edf88b-2c5a-461e-91d8-70857710968f" />
      <TestMethod codeBase="D:\Dev\GrabbaRide\grabbaride\trunk\GrabbaRide.UnitTests\bin\Debug\GrabbaRide.UnitTests.dll" adapterTypeName="Microsoft.VisualStudio.TestTools.TestTypes.Unit.UnitTestAdapter, Microsoft.VisualStudio.QualityTools.Tips.UnitTest.Adapter, Version=9.0.0.0, Culture=neutral, PublicKeyToken=b03f5f7f11d50a3a" className="GrabbaRide.UnitTests.GrabbaRideDBDataContextTest, GrabbaRide.UnitTests" name="GetUserByIDTestValid" />
    </UnitTest>
    <UnitTest name="JourneyLengthTest" storage="d:\dev\grabbaride\grabbaride\trunk\grabbaride.unittests\bin\debug\grabbaride.unittests.dll" id="fe7ddfe1-020e-2c9c-4f33-ef63d1ac0d9d">
      <Css projectStructure="" iteration="" />
      <Owners>
        <Owner name="" />
      </Owners>
      <Execution id="10a1a432-f5e6-4cc8-9b7a-42c02b3a050b" />
      <TestMethod codeBase="D:\Dev\GrabbaRide\grabbaride\trunk\GrabbaRide.UnitTests\bin\Debug\GrabbaRide.UnitTests.dll" adapterTypeName="Microsoft.VisualStudio.TestTools.TestTypes.Unit.UnitTestAdapter, Microsoft.VisualStudio.QualityTools.Tips.UnitTest.Adapter, Version=9.0.0.0, Culture=neutral, PublicKeyToken=b03f5f7f11d50a3a" className="GrabbaRide.UnitTests.RideTest, GrabbaRide.UnitTests" name="JourneyLengthTest" />
    </UnitTest>
    <UnitTest name="GetAllAvalibleRidesTest" storage="d:\dev\grabbaride\grabbaride\trunk\grabbaride.unittests\bin\debug\grabbaride.unittests.dll" id="21bba794-77c4-6cd9-fc50-69847e8383f4">
      <Css projectStructure="" iteration="" />
      <Owners>
        <Owner name="" />
      </Owners>
      <Execution id="01fe6ed2-bbf2-43a6-b4cb-b96038c4496a" />
      <TestMethod codeBase="D:\Dev\GrabbaRide\grabbaride\trunk\GrabbaRide.UnitTests\bin\Debug\GrabbaRide.UnitTests.dll" adapterTypeName="Microsoft.VisualStudio.TestTools.TestTypes.Unit.UnitTestAdapter, Microsoft.VisualStudio.QualityTools.Tips.UnitTest.Adapter, Version=9.0.0.0, Culture=neutral, PublicKeyToken=b03f5f7f11d50a3a" className="GrabbaRide.UnitTests.GrabbaRideDBDataContextTest, GrabbaRide.UnitTests" name="GetAllAvalibleRidesTest" />
    </UnitTest>
    <UnitTest name="UserConstructorTest" storage="d:\dev\grabbaride\grabbaride\trunk\grabbaride.unittests\bin\debug\grabbaride.unittests.dll" id="d3e583cb-4224-e728-8d18-0d4b0930f13c">
      <Css projectStructure="" iteration="" />
      <Owners>
        <Owner name="" />
      </Owners>
      <Execution id="240216a4-8782-4d81-8391-aa1e060ff10d" />
      <TestMethod codeBase="D:\Dev\GrabbaRide\grabbaride\trunk\GrabbaRide.UnitTests\bin\Debug\GrabbaRide.UnitTests.dll" adapterTypeName="Microsoft.VisualStudio.TestTools.TestTypes.Unit.UnitTestAdapter, Microsoft.VisualStudio.QualityTools.Tips.UnitTest.Adapter, Version=9.0.0.0, Culture=neutral, PublicKeyToken=b03f5f7f11d50a3a" className="GrabbaRide.UnitTests.UserTest, GrabbaRide.UnitTests" name="UserConstructorTest" />
    </UnitTest>
    <UnitTest name="GetUserTest1" storage="d:\dev\grabbaride\grabbaride\trunk\grabbaride.unittests\bin\debug\grabbaride.unittests.dll" id="d80a6679-bda1-f7f0-639c-83286c110bf8">
      <Css projectStructure="" iteration="" />
      <Owners>
        <Owner name="" />
      </Owners>
      <Execution id="d9353db5-3b39-4807-b94c-a84cbe9772dd" />
      <TestMethod codeBase="D:\Dev\GrabbaRide\grabbaride\trunk\GrabbaRide.UnitTests\bin\Debug\GrabbaRide.UnitTests.dll" adapterTypeName="Microsoft.VisualStudio.TestTools.TestTypes.Unit.UnitTestAdapter, Microsoft.VisualStudio.QualityTools.Tips.UnitTest.Adapter, Version=9.0.0.0, Culture=neutral, PublicKeyToken=b03f5f7f11d50a3a" className="GrabbaRide.UnitTests.GrabbaRideMembershipProviderTest, GrabbaRide.UnitTests" name="GetUserTest1" />
    </UnitTest>
    <UnitTest name="GetUserByUsernameTestNull" storage="d:\dev\grabbaride\grabbaride\trunk\grabbaride.unittests\bin\debug\grabbaride.unittests.dll" id="18369f2b-22e2-f173-b796-71d00c0d148a">
      <Css projectStructure="" iteration="" />
      <Owners>
        <Owner name="" />
      </Owners>
      <Execution id="8b623357-6803-4d4c-9124-d8083e1c1e18" />
      <TestMethod codeBase="D:\Dev\GrabbaRide\grabbaride\trunk\GrabbaRide.UnitTests\bin\Debug\GrabbaRide.UnitTests.dll" adapterTypeName="Microsoft.VisualStudio.TestTools.TestTypes.Unit.UnitTestAdapter, Microsoft.VisualStudio.QualityTools.Tips.UnitTest.Adapter, Version=9.0.0.0, Culture=neutral, PublicKeyToken=b03f5f7f11d50a3a" className="GrabbaRide.UnitTests.GrabbaRideDBDataContextTest, GrabbaRide.UnitTests" name="GetUserByUsernameTestNull" />
    </UnitTest>
    <UnitTest name="DepartureTimeTest" storage="d:\dev\grabbaride\grabbaride\trunk\grabbaride.unittests\bin\debug\grabbaride.unittests.dll" id="abf7a480-1a79-81c9-f364-a8f8317d4836">
      <Css projectStructure="" iteration="" />
      <Owners>
        <Owner name="" />
      </Owners>
      <Execution id="c837f6c7-6d30-4808-9076-ad11f7a6a7b7" />
      <TestMethod codeBase="D:\Dev\GrabbaRide\grabbaride\trunk\GrabbaRide.UnitTests\bin\Debug\GrabbaRide.UnitTests.dll" adapterTypeName="Microsoft.VisualStudio.TestTools.TestTypes.Unit.UnitTestAdapter, Microsoft.VisualStudio.QualityTools.Tips.UnitTest.Adapter, Version=9.0.0.0, Culture=neutral, PublicKeyToken=b03f5f7f11d50a3a" className="GrabbaRide.UnitTests.RideTest, GrabbaRide.UnitTests" name="DepartureTimeTest" />
    </UnitTest>
  </TestDefinitions>
  <TestLists>
    <TestList name="Results Not in a List" id="8c84fa94-04c1-424b-9868-57a2d4851a1d" />
    <TestList name="All Loaded Results" id="19431567-8539-422a-85d7-44ee4e166bda" />
  </TestLists>
  <TestEntries>
    <TestEntry testId="53a1c745-5495-cc99-6a21-7d65e1e29cf7" executionId="33f94f98-1564-4e74-a2a7-49475d841f69" testListId="8c84fa94-04c1-424b-9868-57a2d4851a1d" />
    <TestEntry testId="18369f2b-22e2-f173-b796-71d00c0d148a" executionId="8b623357-6803-4d4c-9124-d8083e1c1e18" testListId="8c84fa94-04c1-424b-9868-57a2d4851a1d" />
    <TestEntry testId="098c2df0-27bf-a596-5392-92a6a210a1e9" executionId="e7edf88b-2c5a-461e-91d8-70857710968f" testListId="8c84fa94-04c1-424b-9868-57a2d4851a1d" />
    <TestEntry testId="70cae2f7-85eb-1a2e-3f0c-a8253d33d6ab" executionId="24f9fe04-64b6-445e-b60c-5c6999a45072" testListId="8c84fa94-04c1-424b-9868-57a2d4851a1d" />
    <TestEntry testId="6a015540-45c9-ed2c-6374-940c79118acc" executionId="c10b31d4-895b-4bef-a894-ae654d7f08d5" testListId="8c84fa94-04c1-424b-9868-57a2d4851a1d" />
    <TestEntry testId="f496d897-9da8-25d0-0f6c-16c7a68bcbab" executionId="47586485-8db3-49a8-8e51-f68d68a2df85" testListId="8c84fa94-04c1-424b-9868-57a2d4851a1d" />
    <TestEntry testId="267f40f4-d890-2bea-12e4-ab2900de3aed" executionId="a2068905-123a-42c9-ae8e-773cca39b96b" testListId="8c84fa94-04c1-424b-9868-57a2d4851a1d" />
    <TestEntry testId="f4984bd3-beb6-ed47-005c-91468d9e3496" executionId="9eeaa32f-01c0-4eec-a6fc-4745497957c6" testListId="8c84fa94-04c1-424b-9868-57a2d4851a1d" />
    <TestEntry testId="21bba794-77c4-6cd9-fc50-69847e8383f4" executionId="01fe6ed2-bbf2-43a6-b4cb-b96038c4496a" testListId="8c84fa94-04c1-424b-9868-57a2d4851a1d" />
    <TestEntry testId="73900894-df5d-78c4-fbc1-ad3eb8f3672f" executionId="ff27d852-4d91-4994-873f-50df1005d043" testListId="8c84fa94-04c1-424b-9868-57a2d4851a1d" />
    <TestEntry testId="65e3c915-a80a-c7a0-1073-5efcbbe1b6bf" executionId="6f8ebc85-16ba-4a88-a4ff-eb9c911a8e72" testListId="8c84fa94-04c1-424b-9868-57a2d4851a1d" />
    <TestEntry testId="93054e56-b043-93b6-fc6a-db850c09734e" executionId="194fab77-7c7f-4d7e-9d63-001a3c543d69" testListId="8c84fa94-04c1-424b-9868-57a2d4851a1d" />
    <TestEntry testId="a34f3f60-504f-3cda-d6be-f7d484d7c305" executionId="32c6871f-2efd-45c2-8518-85902ffbced2" testListId="8c84fa94-04c1-424b-9868-57a2d4851a1d" />
    <TestEntry testId="ccf659ba-2f9b-031e-3485-06db0ab9e7c4" executionId="bdc9db23-4626-4fef-8c21-81519e6d60b5" testListId="8c84fa94-04c1-424b-9868-57a2d4851a1d" />
    <TestEntry testId="d79d029e-c1b2-e0ec-bfed-28e9fe10a24a" executionId="7a4d911d-6292-4d26-94ab-029e0e3cc69b" testListId="8c84fa94-04c1-424b-9868-57a2d4851a1d" />
    <TestEntry testId="49bb59da-f4b8-9b9f-7e24-cf8c575e9ef8" executionId="5fba5e84-c955-4468-b25a-c9ac86ee6a56" testListId="8c84fa94-04c1-424b-9868-57a2d4851a1d" />
    <TestEntry testId="8b4f7f68-213a-780b-b30e-1843e1d856e1" executionId="6ac3a276-3d4f-4325-be56-ac7375137c66" testListId="8c84fa94-04c1-424b-9868-57a2d4851a1d" />
    <TestEntry testId="3bf3191c-e563-4ae3-3c95-e61038a6456a" executionId="45418fea-e33e-474a-b1c6-90ed3c60b90f" testListId="8c84fa94-04c1-424b-9868-57a2d4851a1d" />
    <TestEntry testId="ad4429b9-9475-889f-2d5d-460e64943a4d" executionId="7c177258-181d-4f57-b9e7-c0596a821816" testListId="8c84fa94-04c1-424b-9868-57a2d4851a1d" />
    <TestEntry testId="1e223d07-860b-2b0a-9d2b-db51bcc6204c" executionId="3e9b1868-888f-45df-93d7-33c5caaed032" testListId="8c84fa94-04c1-424b-9868-57a2d4851a1d" />
    <TestEntry testId="86c5885c-7d59-4ed0-80e8-382639614930" executionId="593b960e-9ab3-4778-a254-55f0df92769e" testListId="8c84fa94-04c1-424b-9868-57a2d4851a1d" />
    <TestEntry testId="53174b29-3f07-ba25-3da5-a4dd26dd3d3f" executionId="cfd2c6eb-356c-44fe-9ef7-9d4f1b94dc9f" testListId="8c84fa94-04c1-424b-9868-57a2d4851a1d" />
    <TestEntry testId="225cb7b4-a287-d1d6-99a4-e6f2902bf00e" executionId="0f07eaa3-bf40-4550-9ba2-bfcb61777462" testListId="8c84fa94-04c1-424b-9868-57a2d4851a1d" />
    <TestEntry testId="b8530562-0405-7168-8fcd-5511bec549ed" executionId="03fb32c3-7e50-468a-bdea-7e2f31615a61" testListId="8c84fa94-04c1-424b-9868-57a2d4851a1d" />
    <TestEntry testId="b3a57e4c-b805-a4fc-7df1-a182576f7b06" executionId="845b5716-447d-4400-af39-dfb04f8103b1" testListId="8c84fa94-04c1-424b-9868-57a2d4851a1d" />
    <TestEntry testId="ef320c25-9519-a727-36ab-a4e14fc808ab" executionId="6805e6ab-a390-4631-8cd8-762add35f7a3" testListId="8c84fa94-04c1-424b-9868-57a2d4851a1d" />
    <TestEntry testId="4170c8ab-61df-00b9-5958-87fb52e53cc5" executionId="c1ce6abe-4fa4-4d22-8ce6-e9517ebff96c" testListId="8c84fa94-04c1-424b-9868-57a2d4851a1d" />
    <TestEntry testId="5ac2581e-fe0f-ca65-90c1-87a571bd8332" executionId="e6798d6e-7857-4c83-a4dd-c3ea8dbd6b07" testListId="8c84fa94-04c1-424b-9868-57a2d4851a1d" />
    <TestEntry testId="ce12b165-014e-77a3-5d60-7dfb938464f8" executionId="90b26f54-63b5-411d-be89-184a7e4aab9b" testListId="8c84fa94-04c1-424b-9868-57a2d4851a1d" />
    <TestEntry testId="91f4da68-007c-3330-d97e-1778a3c86ff6" executionId="c222cbe5-0d4d-4bfe-ab73-b96240ec2aa5" testListId="8c84fa94-04c1-424b-9868-57a2d4851a1d" />
    <TestEntry testId="1591563f-d2e9-622d-a731-62c1f3839ade" executionId="50a8e3ff-27ac-4e05-9833-d75ca5df68eb" testListId="8c84fa94-04c1-424b-9868-57a2d4851a1d" />
    <TestEntry testId="d80a6679-bda1-f7f0-639c-83286c110bf8" executionId="d9353db5-3b39-4807-b94c-a84cbe9772dd" testListId="8c84fa94-04c1-424b-9868-57a2d4851a1d" />
    <TestEntry testId="a74eb90e-9d8b-f22f-e428-3053d131a224" executionId="6e9c38e4-2289-4903-8221-61e8273a1c89" testListId="8c84fa94-04c1-424b-9868-57a2d4851a1d" />
    <TestEntry testId="f43f48f2-d820-adb3-6362-e0cc7620e862" executionId="8365a34d-c071-4044-844c-5e7c60cbed4d" testListId="8c84fa94-04c1-424b-9868-57a2d4851a1d" />
    <TestEntry testId="55321523-1b2f-8b45-81b8-8d9e22ebd4a1" executionId="d25afde4-abe1-451e-86a3-e3b227b41c0e" testListId="8c84fa94-04c1-424b-9868-57a2d4851a1d" />
    <TestEntry testId="65030bed-1ba2-d923-3acc-a1a5108ed125" executionId="6a690276-7ace-49d7-8cf0-8c7fcea4e121" testListId="8c84fa94-04c1-424b-9868-57a2d4851a1d" />
    <TestEntry testId="2361c0a5-c424-7bf2-38c0-a8601f6ffee1" executionId="8378278b-71cc-4468-ab1b-8e3eff070fd7" testListId="8c84fa94-04c1-424b-9868-57a2d4851a1d" />
    <TestEntry testId="b5daef91-9da8-cb3b-d9ac-fd5b12ac8814" executionId="f0be646d-079c-4d39-8423-076acfe00c24" testListId="8c84fa94-04c1-424b-9868-57a2d4851a1d" />
    <TestEntry testId="2474be98-7b56-ae57-91fa-a13c443623e9" executionId="64e6bdbb-81be-4272-85fd-d14b180609ea" testListId="8c84fa94-04c1-424b-9868-57a2d4851a1d" />
    <TestEntry testId="253c0ea7-bdf3-73a7-b608-716c64063968" executionId="916a30a1-0124-4091-adfb-d6d456b77be6" testListId="8c84fa94-04c1-424b-9868-57a2d4851a1d" />
    <TestEntry testId="3b1d2d20-cfdf-9e5d-5b64-835fec20a00a" executionId="cc1c1fce-632c-4e4a-963b-8d1d36a1ccd3" testListId="8c84fa94-04c1-424b-9868-57a2d4851a1d" />
    <TestEntry testId="d16d58aa-c640-5abe-a688-1a146a203f8b" executionId="527d55e8-6caa-4fd7-82e1-56a2cfef7a6c" testListId="8c84fa94-04c1-424b-9868-57a2d4851a1d" />
    <TestEntry testId="e86237af-5c13-29a1-a872-5890d41faba6" executionId="4dd4a1fc-b1ff-4f44-97e5-f57666609300" testListId="8c84fa94-04c1-424b-9868-57a2d4851a1d" />
    <TestEntry testId="4a3de6a3-67b5-706e-c492-d0bcfdfeb130" executionId="daf2913a-adb5-4b75-8c37-5ffb884865db" testListId="8c84fa94-04c1-424b-9868-57a2d4851a1d" />
    <TestEntry testId="fe7ddfe1-020e-2c9c-4f33-ef63d1ac0d9d" executionId="10a1a432-f5e6-4cc8-9b7a-42c02b3a050b" testListId="8c84fa94-04c1-424b-9868-57a2d4851a1d" />
    <TestEntry testId="abf7a480-1a79-81c9-f364-a8f8317d4836" executionId="c837f6c7-6d30-4808-9076-ad11f7a6a7b7" testListId="8c84fa94-04c1-424b-9868-57a2d4851a1d" />
    <TestEntry testId="cae2a875-e749-96da-1b97-c01a83bdd139" executionId="5487a91a-2ba1-45bf-b0e4-4727c045dd0a" testListId="8c84fa94-04c1-424b-9868-57a2d4851a1d" />
    <TestEntry testId="4ba3ca4e-fbe4-8600-252a-6c0b90eed55f" executionId="55cbb3b1-d0b1-48d9-93a9-102e4ca6302b" testListId="8c84fa94-04c1-424b-9868-57a2d4851a1d" />
    <TestEntry testId="aef425bd-2eab-c6f3-c07a-7e29dd0dce17" executionId="8e88a87d-fdf0-4271-9461-4c309cb83866" testListId="8c84fa94-04c1-424b-9868-57a2d4851a1d" />
    <TestEntry testId="4016a2fc-de16-87dc-b44a-4bc17035ecd6" executionId="617670f3-88fd-4d8a-8d60-581e225171a0" testListId="8c84fa94-04c1-424b-9868-57a2d4851a1d" />
    <TestEntry testId="d3e583cb-4224-e728-8d18-0d4b0930f13c" executionId="240216a4-8782-4d81-8391-aa1e060ff10d" testListId="8c84fa94-04c1-424b-9868-57a2d4851a1d" />
    <TestEntry testId="82f51b2f-97fa-95f2-c4e2-ba08f86fdcdb" executionId="8379687d-d518-4c1f-bb51-ec26bbed43bc" testListId="8c84fa94-04c1-424b-9868-57a2d4851a1d" />
  </TestEntries>
  <Results>
    <UnitTestResult executionId="33f94f98-1564-4e74-a2a7-49475d841f69" testId="53a1c745-5495-cc99-6a21-7d65e1e29cf7" testName="GetUserByUsernameTestValid" computerName="ADRIAN-LAPTOP" duration="00:00:00.5887890" startTime="2008-10-01T14:32:38.7270000+13:00" endTime="2008-10-01T14:32:44.5010000+13:00" testType="13cdc9d9-ddb5-4fa4-a97d-d965ccfc6d4b" outcome="Passed" testListId="8c84fa94-04c1-424b-9868-57a2d4851a1d">
      <Output>
      </Output>
    </UnitTestResult>
    <UnitTestResult executionId="8b623357-6803-4d4c-9124-d8083e1c1e18" testId="18369f2b-22e2-f173-b796-71d00c0d148a" testName="GetUserByUsernameTestNull" computerName="ADRIAN-LAPTOP" duration="00:00:00.0163885" startTime="2008-10-01T14:32:44.5150000+13:00" endTime="2008-10-01T14:32:44.5640000+13:00" testType="13cdc9d9-ddb5-4fa4-a97d-d965ccfc6d4b" outcome="Passed" testListId="8c84fa94-04c1-424b-9868-57a2d4851a1d">
      <Output>
      </Output>
    </UnitTestResult>
    <UnitTestResult executionId="e7edf88b-2c5a-461e-91d8-70857710968f" testId="098c2df0-27bf-a596-5392-92a6a210a1e9" testName="GetUserByIDTestValid" computerName="ADRIAN-LAPTOP" duration="00:00:00.1343400" startTime="2008-10-01T14:32:44.5710000+13:00" endTime="2008-10-01T14:32:44.7130000+13:00" testType="13cdc9d9-ddb5-4fa4-a97d-d965ccfc6d4b" outcome="Passed" testListId="8c84fa94-04c1-424b-9868-57a2d4851a1d">
      <Output>
      </Output>
    </UnitTestResult>
    <UnitTestResult executionId="24f9fe04-64b6-445e-b60c-5c6999a45072" testId="70cae2f7-85eb-1a2e-3f0c-a8253d33d6ab" testName="GetUserByIDTestNull" computerName="ADRIAN-LAPTOP" duration="00:00:00.0132475" startTime="2008-10-01T14:32:44.7190000+13:00" endTime="2008-10-01T14:32:44.7390000+13:00" testType="13cdc9d9-ddb5-4fa4-a97d-d965ccfc6d4b" outcome="Passed" testListId="8c84fa94-04c1-424b-9868-57a2d4851a1d">
      <Output>
      </Output>
    </UnitTestResult>
    <UnitTestResult executionId="c10b31d4-895b-4bef-a894-ae654d7f08d5" testId="6a015540-45c9-ed2c-6374-940c79118acc" testName="GetUserByEmailTestValid" computerName="ADRIAN-LAPTOP" duration="00:00:00.0748811" startTime="2008-10-01T14:32:44.7470000+13:00" endTime="2008-10-01T14:32:44.8290000+13:00" testType="13cdc9d9-ddb5-4fa4-a97d-d965ccfc6d4b" outcome="Passed" testListId="8c84fa94-04c1-424b-9868-57a2d4851a1d">
      <Output>
      </Output>
    </UnitTestResult>
    <UnitTestResult executionId="47586485-8db3-49a8-8e51-f68d68a2df85" testId="f496d897-9da8-25d0-0f6c-16c7a68bcbab" testName="GetUserByEmailTestNull" computerName="ADRIAN-LAPTOP" duration="00:00:00.0140470" startTime="2008-10-01T14:32:44.8350000+13:00" endTime="2008-10-01T14:32:44.8560000+13:00" testType="13cdc9d9-ddb5-4fa4-a97d-d965ccfc6d4b" outcome="Passed" testListId="8c84fa94-04c1-424b-9868-57a2d4851a1d">
      <Output>
      </Output>
    </UnitTestResult>
    <UnitTestResult executionId="a2068905-123a-42c9-ae8e-773cca39b96b" testId="267f40f4-d890-2bea-12e4-ab2900de3aed" testName="GetRideByIDTest" computerName="ADRIAN-LAPTOP" duration="00:00:00.2662851" startTime="2008-10-01T14:32:44.8630000+13:00" endTime="2008-10-01T14:32:45.1380000+13:00" testType="13cdc9d9-ddb5-4fa4-a97d-d965ccfc6d4b" outcome="Passed" testListId="8c84fa94-04c1-424b-9868-57a2d4851a1d">
      <Output>
      </Output>
    </UnitTestResult>
    <UnitTestResult executionId="9eeaa32f-01c0-4eec-a6fc-4745497957c6" testId="f4984bd3-beb6-ed47-005c-91468d9e3496" testName="GetAllUsersTest" computerName="ADRIAN-LAPTOP" duration="00:00:00.6581007" startTime="2008-10-01T14:32:45.1460000+13:00" endTime="2008-10-01T14:32:45.8140000+13:00" testType="13cdc9d9-ddb5-4fa4-a97d-d965ccfc6d4b" outcome="Passed" testListId="8c84fa94-04c1-424b-9868-57a2d4851a1d">
      <Output>
      </Output>
    </UnitTestResult>
    <UnitTestResult executionId="01fe6ed2-bbf2-43a6-b4cb-b96038c4496a" testId="21bba794-77c4-6cd9-fc50-69847e8383f4" testName="GetAllAvalibleRidesTest" computerName="ADRIAN-LAPTOP" duration="00:00:04.5781599" startTime="2008-10-01T14:32:45.8250000+13:00" endTime="2008-10-01T14:32:50.4410000+13:00" testType="13cdc9d9-ddb5-4fa4-a97d-d965ccfc6d4b" outcome="Passed" testListId="8c84fa94-04c1-424b-9868-57a2d4851a1d">
      <Output>
      </Output>
    </UnitTestResult>
    <UnitTestResult executionId="ff27d852-4d91-4994-873f-50df1005d043" testId="73900894-df5d-78c4-fbc1-ad3eb8f3672f" testName="FindSimilarRidesTest" computerName="ADRIAN-LAPTOP" duration="00:00:00.0989501" startTime="2008-10-01T14:32:50.4500000+13:00" endTime="2008-10-01T14:32:50.5560000+13:00" testType="13cdc9d9-ddb5-4fa4-a97d-d965ccfc6d4b" outcome="Passed" testListId="8c84fa94-04c1-424b-9868-57a2d4851a1d">
      <Output>
      </Output>
    </UnitTestResult>
    <UnitTestResult executionId="6f8ebc85-16ba-4a88-a4ff-eb9c911a8e72" testId="65e3c915-a80a-c7a0-1073-5efcbbe1b6bf" testName="AttachDetachRideTest" computerName="ADRIAN-LAPTOP" duration="00:00:00.1245266" startTime="2008-10-01T14:32:50.5630000+13:00" endTime="2008-10-01T14:32:50.6940000+13:00" testType="13cdc9d9-ddb5-4fa4-a97d-d965ccfc6d4b" outcome="Passed" testListId="8c84fa94-04c1-424b-9868-57a2d4851a1d">
      <Output>
      </Output>
    </UnitTestResult>
    <UnitTestResult executionId="194fab77-7c7f-4d7e-9d63-001a3c543d69" testId="93054e56-b043-93b6-fc6a-db850c09734e" testName="AttachDetachOpenIDTest" computerName="ADRIAN-LAPTOP" duration="00:00:00.1504998" startTime="2008-10-01T14:32:50.7180000+13:00" endTime="2008-10-01T14:32:50.8840000+13:00" testType="13cdc9d9-ddb5-4fa4-a97d-d965ccfc6d4b" outcome="Passed" testListId="8c84fa94-04c1-424b-9868-57a2d4851a1d">
      <Output>
      </Output>
    </UnitTestResult>
    <UnitTestResult executionId="32c6871f-2efd-45c2-8518-85902ffbced2" testId="a34f3f60-504f-3cda-d6be-f7d484d7c305" testName="AttachDetachNewUserTest" computerName="ADRIAN-LAPTOP" duration="00:00:00.0761020" startTime="2008-10-01T14:32:50.8960000+13:00" endTime="2008-10-01T14:32:50.9800000+13:00" testType="13cdc9d9-ddb5-4fa4-a97d-d965ccfc6d4b" outcome="Passed" testListId="8c84fa94-04c1-424b-9868-57a2d4851a1d">
      <Output>
      </Output>
    </UnitTestResult>
    <UnitTestResult executionId="bdc9db23-4626-4fef-8c21-81519e6d60b5" testId="ccf659ba-2f9b-031e-3485-06db0ab9e7c4" testName="PlaceFeedbackRatingTest" computerName="ADRIAN-LAPTOP" duration="00:00:00.2431430" startTime="2008-10-01T14:32:50.9870000+13:00" endTime="2008-10-01T14:32:51.2370000+13:00" testType="13cdc9d9-ddb5-4fa4-a97d-d965ccfc6d4b" outcome="Passed" testListId="8c84fa94-04c1-424b-9868-57a2d4851a1d">
      <Output>
      </Output>
    </UnitTestResult>
    <UnitTestResult executionId="7a4d911d-6292-4d26-94ab-029e0e3cc69b" testId="d79d029e-c1b2-e0ec-bfed-28e9fe10a24a" testName="RequiresUniqueEmailTest" computerName="ADRIAN-LAPTOP" duration="00:00:00.0294413" startTime="2008-10-01T14:32:51.2420000+13:00" endTime="2008-10-01T14:32:51.2800000+13:00" testType="13cdc9d9-ddb5-4fa4-a97d-d965ccfc6d4b" outcome="Passed" testListId="8c84fa94-04c1-424b-9868-57a2d4851a1d">
      <Output>
      </Output>
    </UnitTestResult>
    <UnitTestResult executionId="5fba5e84-c955-4468-b25a-c9ac86ee6a56" testId="49bb59da-f4b8-9b9f-7e24-cf8c575e9ef8" testName="RequiresQuestionAndAnswerTest" computerName="ADRIAN-LAPTOP" duration="00:00:00.0006009" startTime="2008-10-01T14:32:51.2910000+13:00" endTime="2008-10-01T14:32:51.2990000+13:00" testType="13cdc9d9-ddb5-4fa4-a97d-d965ccfc6d4b" outcome="Passed" testListId="8c84fa94-04c1-424b-9868-57a2d4851a1d">
      <Output>
      </Output>
    </UnitTestResult>
    <UnitTestResult executionId="6ac3a276-3d4f-4325-be56-ac7375137c66" testId="8b4f7f68-213a-780b-b30e-1843e1d856e1" testName="PasswordStrengthRegularExpressionTest" computerName="ADRIAN-LAPTOP" duration="00:00:00.0422455" startTime="2008-10-01T14:32:51.3060000+13:00" endTime="2008-10-01T14:32:51.3560000+13:00" testType="13cdc9d9-ddb5-4fa4-a97d-d965ccfc6d4b" outcome="Inconclusive" testListId="8c84fa94-04c1-424b-9868-57a2d4851a1d">
      <Output>
        <ErrorInfo>
          <Message>Assert.Inconclusive failed. Verify the correctness of this test method.</Message>
          <StackTrace>   at GrabbaRide.UnitTests.GrabbaRideMembershipProviderTest.PasswordStrengthRegularExpressionTest() in D:\Dev\GrabbaRide\grabbaride\trunk\GrabbaRide.UnitTests\GrabbaRideMembershipProviderTest.cs:line 51
</StackTrace>
        </ErrorInfo>
      </Output>
    </UnitTestResult>
    <UnitTestResult executionId="45418fea-e33e-474a-b1c6-90ed3c60b90f" testId="3bf3191c-e563-4ae3-3c95-e61038a6456a" testName="PasswordFormatTest" computerName="ADRIAN-LAPTOP" duration="00:00:00.0285140" startTime="2008-10-01T14:32:51.3640000+13:00" endTime="2008-10-01T14:32:51.4090000+13:00" testType="13cdc9d9-ddb5-4fa4-a97d-d965ccfc6d4b" outcome="Inconclusive" testListId="8c84fa94-04c1-424b-9868-57a2d4851a1d">
      <Output>
        <ErrorInfo>
          <Message>Assert.Inconclusive failed. Verify the correctness of this test method.</Message>
          <StackTrace>   at GrabbaRide.UnitTests.GrabbaRideMembershipProviderTest.PasswordFormatTest() in D:\Dev\GrabbaRide\grabbaride\trunk\GrabbaRide.UnitTests\GrabbaRideMembershipProviderTest.cs:line 63
</StackTrace>
        </ErrorInfo>
      </Output>
    </UnitTestResult>
    <UnitTestResult executionId="7c177258-181d-4f57-b9e7-c0596a821816" testId="ad4429b9-9475-889f-2d5d-460e64943a4d" testName="PasswordAttemptWindowTest" computerName="ADRIAN-LAPTOP" duration="00:00:00.0154578" startTime="2008-10-01T14:32:51.4160000+13:00" endTime="2008-10-01T14:32:51.4430000+13:00" testType="13cdc9d9-ddb5-4fa4-a97d-d965ccfc6d4b" outcome="Inconclusive" testListId="8c84fa94-04c1-424b-9868-57a2d4851a1d">
      <Output>
        <ErrorInfo>
          <Message>Assert.Inconclusive failed. Verify the correctness of this test method.</Message>
          <StackTrace>   at GrabbaRide.UnitTests.GrabbaRideMembershipProviderTest.PasswordAttemptWindowTest() in D:\Dev\GrabbaRide\grabbaride\trunk\GrabbaRide.UnitTests\GrabbaRideMembershipProviderTest.cs:line 75
</StackTrace>
        </ErrorInfo>
      </Output>
    </UnitTestResult>
    <UnitTestResult executionId="3e9b1868-888f-45df-93d7-33c5caaed032" testId="1e223d07-860b-2b0a-9d2b-db51bcc6204c" testName="MinRequiredPasswordLengthTest" computerName="ADRIAN-LAPTOP" duration="00:00:00.0008368" startTime="2008-10-01T14:32:51.4510000+13:00" endTime="2008-10-01T14:32:51.4620000+13:00" testType="13cdc9d9-ddb5-4fa4-a97d-d965ccfc6d4b" outcome="Passed" testListId="8c84fa94-04c1-424b-9868-57a2d4851a1d">
      <Output>
      </Output>
    </UnitTestResult>
    <UnitTestResult executionId="593b960e-9ab3-4778-a254-55f0df92769e" testId="86c5885c-7d59-4ed0-80e8-382639614930" testName="MinRequiredNonAlphanumericCharactersTest" computerName="ADRIAN-LAPTOP" duration="00:00:00.0010384" startTime="2008-10-01T14:32:51.4690000+13:00" endTime="2008-10-01T14:32:51.4760000+13:00" testType="13cdc9d9-ddb5-4fa4-a97d-d965ccfc6d4b" outcome="Passed" testListId="8c84fa94-04c1-424b-9868-57a2d4851a1d">
      <Output>
      </Output>
    </UnitTestResult>
    <UnitTestResult executionId="cfd2c6eb-356c-44fe-9ef7-9d4f1b94dc9f" testId="53174b29-3f07-ba25-3da5-a4dd26dd3d3f" testName="MaxInvalidPasswordAttemptsTest" computerName="ADRIAN-LAPTOP" duration="00:00:00.0155514" startTime="2008-10-01T14:32:51.4820000+13:00" endTime="2008-10-01T14:32:51.5060000+13:00" testType="13cdc9d9-ddb5-4fa4-a97d-d965ccfc6d4b" outcome="Inconclusive" testListId="8c84fa94-04c1-424b-9868-57a2d4851a1d">
      <Output>
        <ErrorInfo>
          <Message>Assert.Inconclusive failed. Verify the correctness of this test method.</Message>
          <StackTrace>   at GrabbaRide.UnitTests.GrabbaRideMembershipProviderTest.MaxInvalidPasswordAttemptsTest() in D:\Dev\GrabbaRide\grabbaride\trunk\GrabbaRide.UnitTests\GrabbaRideMembershipProviderTest.cs:line 107
</StackTrace>
        </ErrorInfo>
      </Output>
    </UnitTestResult>
    <UnitTestResult executionId="0f07eaa3-bf40-4550-9ba2-bfcb61777462" testId="225cb7b4-a287-d1d6-99a4-e6f2902bf00e" testName="EnablePasswordRetrievalTest" computerName="ADRIAN-LAPTOP" duration="00:00:00.0151913" startTime="2008-10-01T14:32:51.5200000+13:00" endTime="2008-10-01T14:32:51.5420000+13:00" testType="13cdc9d9-ddb5-4fa4-a97d-d965ccfc6d4b" outcome="Inconclusive" testListId="8c84fa94-04c1-424b-9868-57a2d4851a1d">
      <Output>
        <ErrorInfo>
          <Message>Assert.Inconclusive failed. Verify the correctness of this test method.</Message>
          <StackTrace>   at GrabbaRide.UnitTests.GrabbaRideMembershipProviderTest.EnablePasswordRetrievalTest() in D:\Dev\GrabbaRide\grabbaride\trunk\GrabbaRide.UnitTests\GrabbaRideMembershipProviderTest.cs:line 119
</StackTrace>
        </ErrorInfo>
      </Output>
    </UnitTestResult>
    <UnitTestResult executionId="03fb32c3-7e50-468a-bdea-7e2f31615a61" testId="b8530562-0405-7168-8fcd-5511bec549ed" testName="EnablePasswordResetTest" computerName="ADRIAN-LAPTOP" duration="00:00:00.0153879" startTime="2008-10-01T14:32:51.5520000+13:00" endTime="2008-10-01T14:32:51.5750000+13:00" testType="13cdc9d9-ddb5-4fa4-a97d-d965ccfc6d4b" outcome="Inconclusive" testListId="8c84fa94-04c1-424b-9868-57a2d4851a1d">
      <Output>
        <ErrorInfo>
          <Message>Assert.Inconclusive failed. Verify the correctness of this test method.</Message>
          <StackTrace>   at GrabbaRide.UnitTests.GrabbaRideMembershipProviderTest.EnablePasswordResetTest() in D:\Dev\GrabbaRide\grabbaride\trunk\GrabbaRide.UnitTests\GrabbaRideMembershipProviderTest.cs:line 131
</StackTrace>
        </ErrorInfo>
      </Output>
    </UnitTestResult>
    <UnitTestResult executionId="845b5716-447d-4400-af39-dfb04f8103b1" testId="b3a57e4c-b805-a4fc-7df1-a182576f7b06" testName="ApplicationNameTest" computerName="ADRIAN-LAPTOP" duration="00:00:00.0104702" startTime="2008-10-01T14:32:51.5830000+13:00" endTime="2008-10-01T14:32:51.6030000+13:00" testType="13cdc9d9-ddb5-4fa4-a97d-d965ccfc6d4b" outcome="Passed" testListId="8c84fa94-04c1-424b-9868-57a2d4851a1d">
      <Output>
      </Output>
    </UnitTestResult>
    <UnitTestResult executionId="6805e6ab-a390-4631-8cd8-762add35f7a3" testId="ef320c25-9519-a727-36ab-a4e14fc808ab" testName="ValidateUserTest" computerName="ADRIAN-LAPTOP" duration="00:00:00.0392244" startTime="2008-10-01T14:32:51.6090000+13:00" endTime="2008-10-01T14:32:51.6550000+13:00" testType="13cdc9d9-ddb5-4fa4-a97d-d965ccfc6d4b" outcome="Inconclusive" testListId="8c84fa94-04c1-424b-9868-57a2d4851a1d">
      <Output>
        <ErrorInfo>
          <Message>Assert.Inconclusive failed. Verify the correctness of this test method.</Message>
          <StackTrace>   at GrabbaRide.UnitTests.GrabbaRideMembershipProviderTest.ValidateUserTest() in D:\Dev\GrabbaRide\grabbaride\trunk\GrabbaRide.UnitTests\GrabbaRideMembershipProviderTest.cs:line 166
</StackTrace>
        </ErrorInfo>
      </Output>
    </UnitTestResult>
    <UnitTestResult executionId="c1ce6abe-4fa4-4d22-8ce6-e9517ebff96c" testId="4170c8ab-61df-00b9-5958-87fb52e53cc5" testName="UpdateUserTest" computerName="ADRIAN-LAPTOP" duration="00:00:00.0279662" startTime="2008-10-01T14:32:51.6630000+13:00" endTime="2008-10-01T14:32:51.7010000+13:00" testType="13cdc9d9-ddb5-4fa4-a97d-d965ccfc6d4b" outcome="Failed" testListId="8c84fa94-04c1-424b-9868-57a2d4851a1d">
      <Output>
        <ErrorInfo>
          <Message>Test method GrabbaRide.UnitTests.GrabbaRideMembershipProviderTest.UpdateUserTest threw exception:  System.NullReferenceException: Object reference not set to an instance of an object..</Message>
          <StackTrace>    at GrabbaRide.UserManagement.GrabbaRideMembershipProvider.UpdateUser(MembershipUser mUser) in D:\Dev\GrabbaRide\grabbaride\trunk\GrabbaRide.UserManagement\GrabbaRideMembershipProvider.cs:line 375
   at GrabbaRide.UnitTests.GrabbaRideMembershipProviderTest.UpdateUserTest() in D:\Dev\GrabbaRide\grabbaride\trunk\GrabbaRide.UnitTests\GrabbaRideMembershipProviderTest.cs:line 177
</StackTrace>
        </ErrorInfo>
      </Output>
    </UnitTestResult>
    <UnitTestResult executionId="e6798d6e-7857-4c83-a4dd-c3ea8dbd6b07" testId="5ac2581e-fe0f-ca65-90c1-87a571bd8332" testName="UnlockUserTest" computerName="ADRIAN-LAPTOP" duration="00:00:00.0220887" startTime="2008-10-01T14:32:51.7170000+13:00" endTime="2008-10-01T14:32:51.7490000+13:00" testType="13cdc9d9-ddb5-4fa4-a97d-d965ccfc6d4b" outcome="Inconclusive" testListId="8c84fa94-04c1-424b-9868-57a2d4851a1d">
      <Output>
        <ErrorInfo>
          <Message>Assert.Inconclusive failed. Verify the correctness of this test method.</Message>
          <StackTrace>   at GrabbaRide.UnitTests.GrabbaRideMembershipProviderTest.UnlockUserTest() in D:\Dev\GrabbaRide\grabbaride\trunk\GrabbaRide.UnitTests\GrabbaRideMembershipProviderTest.cs:line 193
</StackTrace>
        </ErrorInfo>
      </Output>
    </UnitTestResult>
    <UnitTestResult executionId="90b26f54-63b5-411d-be89-184a7e4aab9b" testId="ce12b165-014e-77a3-5d60-7dfb938464f8" testName="ResetPasswordTest" computerName="ADRIAN-LAPTOP" duration="00:00:00.0240028" startTime="2008-10-01T14:32:51.7630000+13:00" endTime="2008-10-01T14:32:51.7940000+13:00" testType="13cdc9d9-ddb5-4fa4-a97d-d965ccfc6d4b" outcome="Failed" testListId="8c84fa94-04c1-424b-9868-57a2d4851a1d">
      <Output>
        <ErrorInfo>
          <Message>Test method GrabbaRide.UnitTests.GrabbaRideMembershipProviderTest.ResetPasswordTest threw exception:  System.NullReferenceException: Object reference not set to an instance of an object..</Message>
          <StackTrace>    at GrabbaRide.UserManagement.GrabbaRideMembershipProvider.ResetPassword(String username, String answer) in D:\Dev\GrabbaRide\grabbaride\trunk\GrabbaRide.UserManagement\GrabbaRideMembershipProvider.cs:line 339
   at GrabbaRide.UnitTests.GrabbaRideMembershipProviderTest.ResetPasswordTest() in D:\Dev\GrabbaRide\grabbaride\trunk\GrabbaRide.UnitTests\GrabbaRideMembershipProviderTest.cs:line 207
</StackTrace>
        </ErrorInfo>
      </Output>
    </UnitTestResult>
    <UnitTestResult executionId="c222cbe5-0d4d-4bfe-ab73-b96240ec2aa5" testId="91f4da68-007c-3330-d97e-1778a3c86ff6" testName="InitializeTest" computerName="ADRIAN-LAPTOP" duration="00:00:00.0163027" startTime="2008-10-01T14:32:51.8090000+13:00" endTime="2008-10-01T14:32:51.8380000+13:00" testType="13cdc9d9-ddb5-4fa4-a97d-d965ccfc6d4b" outcome="Failed" testListId="8c84fa94-04c1-424b-9868-57a2d4851a1d">
      <Output>
        <ErrorInfo>
          <Message>Test method GrabbaRide.UnitTests.GrabbaRideMembershipProviderTest.InitializeTest threw exception:  System.NullReferenceException: Object reference not set to an instance of an object..</Message>
          <StackTrace>    at GrabbaRide.UserManagement.GrabbaRideMembershipProvider.Initialize(String name, NameValueCollection config) in D:\Dev\GrabbaRide\grabbaride\trunk\GrabbaRide.UserManagement\GrabbaRideMembershipProvider.cs:line 43
   at GrabbaRide.UnitTests.GrabbaRideMembershipProviderTest.InitializeTest() in D:\Dev\GrabbaRide\grabbaride\trunk\GrabbaRide.UnitTests\GrabbaRideMembershipProviderTest.cs:line 221
</StackTrace>
        </ErrorInfo>
      </Output>
    </UnitTestResult>
    <UnitTestResult executionId="50a8e3ff-27ac-4e05-9833-d75ca5df68eb" testId="1591563f-d2e9-622d-a731-62c1f3839ade" testName="GetUserNameByEmailTest" computerName="ADRIAN-LAPTOP" duration="00:00:00.0182550" startTime="2008-10-01T14:32:51.8460000+13:00" endTime="2008-10-01T14:32:51.8750000+13:00" testType="13cdc9d9-ddb5-4fa4-a97d-d965ccfc6d4b" outcome="Failed" testListId="8c84fa94-04c1-424b-9868-57a2d4851a1d">
      <Output>
        <ErrorInfo>
          <Message>Test method GrabbaRide.UnitTests.GrabbaRideMembershipProviderTest.GetUserNameByEmailTest threw exception:  System.ArgumentException: Not a valid email address: emails must be "user@host.something".</Message>
          <StackTrace>    at GrabbaRide.Database.GrabbaRideDBDataContext.GetUserByEmail(String email) in D:\Dev\GrabbaRide\grabbaride\trunk\GrabbaRide.Database\GrabbaRideDB.cs:line 168
   at GrabbaRide.UserManagement.GrabbaRideMembershipProvider.GetUserNameByEmail(String email) in D:\Dev\GrabbaRide\grabbaride\trunk\GrabbaRide.UserManagement\GrabbaRideMembershipProvider.cs:line 283
   at GrabbaRide.UnitTests.GrabbaRideMembershipProviderTest.GetUserNameByEmailTest() in D:\Dev\GrabbaRide\grabbaride\trunk\GrabbaRide.UnitTests\GrabbaRideMembershipProviderTest.cs:line 235
</StackTrace>
        </ErrorInfo>
      </Output>
    </UnitTestResult>
    <UnitTestResult executionId="d9353db5-3b39-4807-b94c-a84cbe9772dd" testId="d80a6679-bda1-f7f0-639c-83286c110bf8" testName="GetUserTest1" computerName="ADRIAN-LAPTOP" duration="00:00:00.0251426" startTime="2008-10-01T14:32:51.8850000+13:00" endTime="2008-10-01T14:32:51.9180000+13:00" testType="13cdc9d9-ddb5-4fa4-a97d-d965ccfc6d4b" outcome="Inconclusive" testListId="8c84fa94-04c1-424b-9868-57a2d4851a1d">
      <Output>
        <ErrorInfo>
          <Message>Assert.Inconclusive failed. Verify the correctness of this test method.</Message>
          <StackTrace>   at GrabbaRide.UnitTests.GrabbaRideMembershipProviderTest.GetUserTest1() in D:\Dev\GrabbaRide\grabbaride\trunk\GrabbaRide.UnitTests\GrabbaRideMembershipProviderTest.cs:line 253
</StackTrace>
        </ErrorInfo>
      </Output>
    </UnitTestResult>
    <UnitTestResult executionId="6e9c38e4-2289-4903-8221-61e8273a1c89" testId="a74eb90e-9d8b-f22f-e428-3053d131a224" testName="GetUserTest" computerName="ADRIAN-LAPTOP" duration="00:00:00.0162628" startTime="2008-10-01T14:32:51.9310000+13:00" endTime="2008-10-01T14:32:51.9540000+13:00" testType="13cdc9d9-ddb5-4fa4-a97d-d965ccfc6d4b" outcome="Failed" testListId="8c84fa94-04c1-424b-9868-57a2d4851a1d">
      <Output>
        <ErrorInfo>
          <Message>Test method GrabbaRide.UnitTests.GrabbaRideMembershipProviderTest.GetUserTest threw exception:  System.NullReferenceException: Object reference not set to an instance of an object..</Message>
          <StackTrace>    at GrabbaRide.UserManagement.GrabbaRideMembershipProvider.GetUser(Object providerUserKey, Boolean userIsOnline) in D:\Dev\GrabbaRide\grabbaride\trunk\GrabbaRide.UserManagement\GrabbaRideMembershipProvider.cs:line 268
   at GrabbaRide.UnitTests.GrabbaRideMembershipProviderTest.GetUserTest() in D:\Dev\GrabbaRide\grabbaride\trunk\GrabbaRide.UnitTests\GrabbaRideMembershipProviderTest.cs:line 267
</StackTrace>
        </ErrorInfo>
      </Output>
    </UnitTestResult>
    <UnitTestResult executionId="8365a34d-c071-4044-844c-5e7c60cbed4d" testId="f43f48f2-d820-adb3-6362-e0cc7620e862" testName="GetPasswordTest" computerName="ADRIAN-LAPTOP" duration="00:00:00.0157830" startTime="2008-10-01T14:32:51.9610000+13:00" endTime="2008-10-01T14:32:51.9870000+13:00" testType="13cdc9d9-ddb5-4fa4-a97d-d965ccfc6d4b" outcome="Failed" testListId="8c84fa94-04c1-424b-9868-57a2d4851a1d">
      <Output>
        <ErrorInfo>
          <Message>Test method GrabbaRide.UnitTests.GrabbaRideMembershipProviderTest.GetPasswordTest threw exception:  System.NotSupportedException: You cannot retrieve users' passwords, they must be reset..</Message>
          <StackTrace>    at GrabbaRide.UserManagement.GrabbaRideMembershipProvider.GetPassword(String username, String answer) in D:\Dev\GrabbaRide\grabbaride\trunk\GrabbaRide.UserManagement\GrabbaRideMembershipProvider.cs:line 247
   at GrabbaRide.UnitTests.GrabbaRideMembershipProviderTest.GetPasswordTest() in D:\Dev\GrabbaRide\grabbaride\trunk\GrabbaRide.UnitTests\GrabbaRideMembershipProviderTest.cs:line 283
</StackTrace>
        </ErrorInfo>
      </Output>
    </UnitTestResult>
    <UnitTestResult executionId="d25afde4-abe1-451e-86a3-e3b227b41c0e" testId="55321523-1b2f-8b45-81b8-8d9e22ebd4a1" testName="GetNumberOfUsersOnlineTest" computerName="ADRIAN-LAPTOP" duration="00:00:00.0161909" startTime="2008-10-01T14:32:51.9970000+13:00" endTime="2008-10-01T14:32:52.0220000+13:00" testType="13cdc9d9-ddb5-4fa4-a97d-d965ccfc6d4b" outcome="Failed" testListId="8c84fa94-04c1-424b-9868-57a2d4851a1d">
      <Output>
        <ErrorInfo>
          <Message>Test method GrabbaRide.UnitTests.GrabbaRideMembershipProviderTest.GetNumberOfUsersOnlineTest threw exception:  System.NotImplementedException: The method or operation is not implemented..</Message>
          <StackTrace>    at GrabbaRide.UserManagement.GrabbaRideMembershipProvider.GetNumberOfUsersOnline() in D:\Dev\GrabbaRide\grabbaride\trunk\GrabbaRide.UserManagement\GrabbaRideMembershipProvider.cs:line 242
   at GrabbaRide.UnitTests.GrabbaRideMembershipProviderTest.GetNumberOfUsersOnlineTest() in D:\Dev\GrabbaRide\grabbaride\trunk\GrabbaRide.UnitTests\GrabbaRideMembershipProviderTest.cs:line 297
</StackTrace>
        </ErrorInfo>
      </Output>
    </UnitTestResult>
    <UnitTestResult executionId="6a690276-7ace-49d7-8cf0-8c7fcea4e121" testId="65030bed-1ba2-d923-3acc-a1a5108ed125" testName="GetAllUsersTest" computerName="ADRIAN-LAPTOP" duration="00:00:00.0576116" startTime="2008-10-01T14:32:52.0320000+13:00" endTime="2008-10-01T14:32:52.1000000+13:00" testType="13cdc9d9-ddb5-4fa4-a97d-d965ccfc6d4b" outcome="Failed" testListId="8c84fa94-04c1-424b-9868-57a2d4851a1d">
      <Output>
        <ErrorInfo>
          <Message>Assert.AreEqual failed. Expected:&lt;0&gt;. Actual:&lt;60&gt;. </Message>
          <StackTrace>   at GrabbaRide.UnitTests.GrabbaRideMembershipProviderTest.GetAllUsersTest() in D:\Dev\GrabbaRide\grabbaride\trunk\GrabbaRide.UnitTests\GrabbaRideMembershipProviderTest.cs:line 316
</StackTrace>
        </ErrorInfo>
      </Output>
    </UnitTestResult>
    <UnitTestResult executionId="8378278b-71cc-4468-ab1b-8e3eff070fd7" testId="2361c0a5-c424-7bf2-38c0-a8601f6ffee1" testName="FindUsersByNameTest" computerName="ADRIAN-LAPTOP" duration="00:00:00.0620055" startTime="2008-10-01T14:32:52.1100000+13:00" endTime="2008-10-01T14:32:52.1800000+13:00" testType="13cdc9d9-ddb5-4fa4-a97d-d965ccfc6d4b" outcome="Failed" testListId="8c84fa94-04c1-424b-9868-57a2d4851a1d">
      <Output>
        <ErrorInfo>
          <Message>Assert.AreEqual failed. Expected:&lt;0&gt;. Actual:&lt;60&gt;. </Message>
          <StackTrace>   at GrabbaRide.UnitTests.GrabbaRideMembershipProviderTest.FindUsersByNameTest() in D:\Dev\GrabbaRide\grabbaride\trunk\GrabbaRide.UnitTests\GrabbaRideMembershipProviderTest.cs:line 336
</StackTrace>
        </ErrorInfo>
      </Output>
    </UnitTestResult>
    <UnitTestResult executionId="f0be646d-079c-4d39-8423-076acfe00c24" testId="b5daef91-9da8-cb3b-d9ac-fd5b12ac8814" testName="FindUsersByEmailTest" computerName="ADRIAN-LAPTOP" duration="00:00:00.0639628" startTime="2008-10-01T14:32:52.1910000+13:00" endTime="2008-10-01T14:32:52.2650000+13:00" testType="13cdc9d9-ddb5-4fa4-a97d-d965ccfc6d4b" outcome="Failed" testListId="8c84fa94-04c1-424b-9868-57a2d4851a1d">
      <Output>
        <ErrorInfo>
          <Message>Assert.AreEqual failed. Expected:&lt;0&gt;. Actual:&lt;60&gt;. </Message>
          <StackTrace>   at GrabbaRide.UnitTests.GrabbaRideMembershipProviderTest.FindUsersByEmailTest() in D:\Dev\GrabbaRide\grabbaride\trunk\GrabbaRide.UnitTests\GrabbaRideMembershipProviderTest.cs:line 356
</StackTrace>
        </ErrorInfo>
      </Output>
    </UnitTestResult>
    <UnitTestResult executionId="64e6bdbb-81be-4272-85fd-d14b180609ea" testId="2474be98-7b56-ae57-91fa-a13c443623e9" testName="DeleteUserTest" computerName="ADRIAN-LAPTOP" duration="00:00:00.0238314" startTime="2008-10-01T14:32:52.2730000+13:00" endTime="2008-10-01T14:32:52.3060000+13:00" testType="13cdc9d9-ddb5-4fa4-a97d-d965ccfc6d4b" outcome="Inconclusive" testListId="8c84fa94-04c1-424b-9868-57a2d4851a1d">
      <Output>
        <ErrorInfo>
          <Message>Assert.Inconclusive failed. Verify the correctness of this test method.</Message>
          <StackTrace>   at GrabbaRide.UnitTests.GrabbaRideMembershipProviderTest.DeleteUserTest() in D:\Dev\GrabbaRide\grabbaride\trunk\GrabbaRide.UnitTests\GrabbaRideMembershipProviderTest.cs:line 374
</StackTrace>
        </ErrorInfo>
      </Output>
    </UnitTestResult>
    <UnitTestResult executionId="916a30a1-0124-4091-adfb-d6d456b77be6" testId="253c0ea7-bdf3-73a7-b608-716c64063968" testName="CreateUserTest" computerName="ADRIAN-LAPTOP" duration="00:00:00.0268013" startTime="2008-10-01T14:32:52.3140000+13:00" endTime="2008-10-01T14:32:52.3500000+13:00" testType="13cdc9d9-ddb5-4fa4-a97d-d965ccfc6d4b" outcome="Failed" testListId="8c84fa94-04c1-424b-9868-57a2d4851a1d">
      <Output>
        <ErrorInfo>
          <Message>Test method GrabbaRide.UnitTests.GrabbaRideMembershipProviderTest.CreateUserTest threw exception:  System.ArgumentException: Not a valid email address: emails must be "user@host.something".</Message>
          <StackTrace>    at GrabbaRide.Database.GrabbaRideDBDataContext.GetUserByEmail(String email) in D:\Dev\GrabbaRide\grabbaride\trunk\GrabbaRide.Database\GrabbaRideDB.cs:line 168
   at GrabbaRide.UserManagement.GrabbaRideMembershipProvider.CreateUser(String username, String password, String email, String passwordQuestion, String passwordAnswer, Boolean isApproved, Object providerUserKey, MembershipCreateStatus&amp; status) in D:\Dev\GrabbaRide\grabbaride\trunk\GrabbaRide.UserManagement\GrabbaRideMembershipProvider.cs:line 113
   at GrabbaRide.UnitTests.GrabbaRideMembershipProviderTest.CreateUserTest() in D:\Dev\GrabbaRide\grabbaride\trunk\GrabbaRide.UnitTests\GrabbaRideMembershipProviderTest.cs:line 395
</StackTrace>
        </ErrorInfo>
      </Output>
    </UnitTestResult>
    <UnitTestResult executionId="cc1c1fce-632c-4e4a-963b-8d1d36a1ccd3" testId="3b1d2d20-cfdf-9e5d-5b64-835fec20a00a" testName="ChangePasswordQuestionAndAnswerTest" computerName="ADRIAN-LAPTOP" duration="00:00:00.0236207" startTime="2008-10-01T14:32:52.3560000+13:00" endTime="2008-10-01T14:32:52.3960000+13:00" testType="13cdc9d9-ddb5-4fa4-a97d-d965ccfc6d4b" outcome="Inconclusive" testListId="8c84fa94-04c1-424b-9868-57a2d4851a1d">
      <Output>
        <ErrorInfo>
          <Message>Assert.Inconclusive failed. Verify the correctness of this test method.</Message>
          <StackTrace>   at GrabbaRide.UnitTests.GrabbaRideMembershipProviderTest.ChangePasswordQuestionAndAnswerTest() in D:\Dev\GrabbaRide\grabbaride\trunk\GrabbaRide.UnitTests\GrabbaRideMembershipProviderTest.cs:line 416
</StackTrace>
        </ErrorInfo>
      </Output>
    </UnitTestResult>
    <UnitTestResult executionId="527d55e8-6caa-4fd7-82e1-56a2cfef7a6c" testId="d16d58aa-c640-5abe-a688-1a146a203f8b" testName="ChangePasswordTest" computerName="ADRIAN-LAPTOP" duration="00:00:00.0228769" startTime="2008-10-01T14:32:52.4030000+13:00" endTime="2008-10-01T14:32:52.4360000+13:00" testType="13cdc9d9-ddb5-4fa4-a97d-d965ccfc6d4b" outcome="Inconclusive" testListId="8c84fa94-04c1-424b-9868-57a2d4851a1d">
      <Output>
        <ErrorInfo>
          <Message>Assert.Inconclusive failed. Verify the correctness of this test method.</Message>
          <StackTrace>   at GrabbaRide.UnitTests.GrabbaRideMembershipProviderTest.ChangePasswordTest() in D:\Dev\GrabbaRide\grabbaride\trunk\GrabbaRide.UnitTests\GrabbaRideMembershipProviderTest.cs:line 433
</StackTrace>
        </ErrorInfo>
      </Output>
    </UnitTestResult>
    <UnitTestResult executionId="4dd4a1fc-b1ff-4f44-97e5-f57666609300" testId="e86237af-5c13-29a1-a872-5890d41faba6" testName="GrabbaRideMembershipProviderConstructorTest" computerName="ADRIAN-LAPTOP" duration="00:00:00.0150130" startTime="2008-10-01T14:32:52.4450000+13:00" endTime="2008-10-01T14:32:52.4680000+13:00" testType="13cdc9d9-ddb5-4fa4-a97d-d965ccfc6d4b" outcome="Inconclusive" testListId="8c84fa94-04c1-424b-9868-57a2d4851a1d">
      <Output>
        <ErrorInfo>
          <Message>Assert.Inconclusive failed. TODO: Implement code to verify target</Message>
          <StackTrace>   at GrabbaRide.UnitTests.GrabbaRideMembershipProviderTest.GrabbaRideMembershipProviderConstructorTest() in D:\Dev\GrabbaRide\grabbaride\trunk\GrabbaRide.UnitTests\GrabbaRideMembershipProviderTest.cs:line 443
</StackTrace>
        </ErrorInfo>
      </Output>
    </UnitTestResult>
    <UnitTestResult executionId="daf2913a-adb5-4b75-8c37-5ffb884865db" testId="4a3de6a3-67b5-706e-c492-d0bcfdfeb130" testName="OpenIDConstructorTest" computerName="ADRIAN-LAPTOP" duration="00:00:00.0009510" startTime="2008-10-01T14:32:52.4800000+13:00" endTime="2008-10-01T14:32:52.4890000+13:00" testType="13cdc9d9-ddb5-4fa4-a97d-d965ccfc6d4b" outcome="Passed" testListId="8c84fa94-04c1-424b-9868-57a2d4851a1d">
      <Output>
      </Output>
    </UnitTestResult>
    <UnitTestResult executionId="10a1a432-f5e6-4cc8-9b7a-42c02b3a050b" testId="fe7ddfe1-020e-2c9c-4f33-ef63d1ac0d9d" testName="JourneyLengthTest" computerName="ADRIAN-LAPTOP" duration="00:00:00.0036663" startTime="2008-10-01T14:32:52.4950000+13:00" endTime="2008-10-01T14:32:52.5060000+13:00" testType="13cdc9d9-ddb5-4fa4-a97d-d965ccfc6d4b" outcome="Passed" testListId="8c84fa94-04c1-424b-9868-57a2d4851a1d">
      <Output>
      </Output>
    </UnitTestResult>
    <UnitTestResult executionId="c837f6c7-6d30-4808-9076-ad11f7a6a7b7" testId="abf7a480-1a79-81c9-f364-a8f8317d4836" testName="DepartureTimeTest" computerName="ADRIAN-LAPTOP" duration="00:00:00.0005634" startTime="2008-10-01T14:32:52.5120000+13:00" endTime="2008-10-01T14:32:52.5190000+13:00" testType="13cdc9d9-ddb5-4fa4-a97d-d965ccfc6d4b" outcome="Passed" testListId="8c84fa94-04c1-424b-9868-57a2d4851a1d">
      <Output>
      </Output>
    </UnitTestResult>
    <UnitTestResult executionId="5487a91a-2ba1-45bf-b0e4-4727c045dd0a" testId="cae2a875-e749-96da-1b97-c01a83bdd139" testName="JourneyDistanceTest1" computerName="ADRIAN-LAPTOP" duration="00:00:00.0023076" startTime="2008-10-01T14:32:52.5260000+13:00" endTime="2008-10-01T14:32:52.5360000+13:00" testType="13cdc9d9-ddb5-4fa4-a97d-d965ccfc6d4b" outcome="Passed" testListId="8c84fa94-04c1-424b-9868-57a2d4851a1d">
      <Output>
      </Output>
    </UnitTestResult>
    <UnitTestResult executionId="55cbb3b1-d0b1-48d9-93a9-102e4ca6302b" testId="4ba3ca4e-fbe4-8600-252a-6c0b90eed55f" testName="JourneyDistanceTest2" computerName="ADRIAN-LAPTOP" duration="00:00:00.0005520" startTime="2008-10-01T14:32:52.5410000+13:00" endTime="2008-10-01T14:32:52.5480000+13:00" testType="13cdc9d9-ddb5-4fa4-a97d-d965ccfc6d4b" outcome="Passed" testListId="8c84fa94-04c1-424b-9868-57a2d4851a1d">
      <Output>
      </Output>
    </UnitTestResult>
    <UnitTestResult executionId="8e88a87d-fdf0-4271-9461-4c309cb83866" testId="aef425bd-2eab-c6f3-c07a-7e29dd0dce17" testName="RideConstructorTest" computerName="ADRIAN-LAPTOP" duration="00:00:00.0007666" startTime="2008-10-01T14:32:52.5790000+13:00" endTime="2008-10-01T14:32:52.5870000+13:00" testType="13cdc9d9-ddb5-4fa4-a97d-d965ccfc6d4b" outcome="Passed" testListId="8c84fa94-04c1-424b-9868-57a2d4851a1d">
      <Output>
      </Output>
    </UnitTestResult>
    <UnitTestResult executionId="617670f3-88fd-4d8a-8d60-581e225171a0" testId="4016a2fc-de16-87dc-b44a-4bc17035ecd6" testName="GenerateRandomPasswordTest" computerName="ADRIAN-LAPTOP" duration="00:00:00.0036514" startTime="2008-10-01T14:32:52.5930000+13:00" endTime="2008-10-01T14:32:52.6030000+13:00" testType="13cdc9d9-ddb5-4fa4-a97d-d965ccfc6d4b" outcome="Passed" testListId="8c84fa94-04c1-424b-9868-57a2d4851a1d">
      <Output>
      </Output>
    </UnitTestResult>
    <UnitTestResult executionId="240216a4-8782-4d81-8391-aa1e060ff10d" testId="d3e583cb-4224-e728-8d18-0d4b0930f13c" testName="UserConstructorTest" computerName="ADRIAN-LAPTOP" duration="00:00:00.0005134" startTime="2008-10-01T14:32:52.6100000+13:00" endTime="2008-10-01T14:32:52.6170000+13:00" testType="13cdc9d9-ddb5-4fa4-a97d-d965ccfc6d4b" outcome="Passed" testListId="8c84fa94-04c1-424b-9868-57a2d4851a1d">
      <Output>
      </Output>
    </UnitTestResult>
    <UnitTestResult executionId="8379687d-d518-4c1f-bb51-ec26bbed43bc" testId="82f51b2f-97fa-95f2-c4e2-ba08f86fdcdb" testName="SendMessageTest" computerName="ADRIAN-LAPTOP" duration="00:00:42.7308498" startTime="2008-10-01T14:32:52.6230000+13:00" endTime="2008-10-01T14:33:35.3620000+13:00" testType="13cdc9d9-ddb5-4fa4-a97d-d965ccfc6d4b" outcome="Failed" testListId="8c84fa94-04c1-424b-9868-57a2d4851a1d">
      <Output>
        <ErrorInfo>
          <Message>Test method GrabbaRide.UnitTests.UserTest.SendMessageTest threw exception:  System.Net.Mail.SmtpException: Failure sending mail. ---&gt;  System.Net.WebException: Unable to connect to the remote server ---&gt;  System.Net.Sockets.SocketException: A connection attempt failed because the connected party did not properly respond after a period of time, or established connection failed because connected host has failed to respond 209.85.199.111:587.</Message>
          <StackTrace>    at System.Net.Sockets.Socket.DoConnect(EndPoint endPointSnapshot, SocketAddress socketAddress)
   at System.Net.Sockets.Socket.InternalConnect(EndPoint remoteEP)
   at System.Net.ServicePoint.ConnectSocketInternal(Boolean connectFailure, Socket s4, Socket s6, Socket&amp; socket, IPAddress&amp; address, ConnectSocketState state, IAsyncResult asyncResult, Int32 timeout, Exception&amp; exception)
 --- End of inner exception stack trace ---
    at System.Net.ServicePoint.GetConnection(PooledStream PooledStream, Object owner, Boolean async, IPAddress&amp; address, Socket&amp; abortSocket, Socket&amp; abortSocket6, Int32 timeout)
   at System.Net.PooledStream.Activate(Object owningObject, Boolean async, Int32 timeout, GeneralAsyncDelegate asyncCallback)
   at System.Net.PooledStream.Activate(Object owningObject, GeneralAsyncDelegate asyncCallback)
   at System.Net.ConnectionPool.GetConnection(Object owningObject, GeneralAsyncDelegate asyncCallback, Int32 creationTimeout)
   at System.Net.Mail.SmtpConnection.GetConnection(String host, Int32 port)
   at System.Net.Mail.SmtpTransport.GetConnection(String host, Int32 port)
   at System.Net.Mail.SmtpClient.GetConnection()
   at System.Net.Mail.SmtpClient.Send(MailMessage message)
 --- End of inner exception stack trace ---
    at System.Net.Mail.SmtpClient.Send(MailMessage message)
   at GrabbaRide.Database.User.SendMessage(String message, User fromUser) in D:\Dev\GrabbaRide\grabbaride\trunk\GrabbaRide.Database\User.cs:line 114
   at GrabbaRide.UnitTests.UserTest.SendMessageTest() in D:\Dev\GrabbaRide\grabbaride\trunk\GrabbaRide.UnitTests\UserTest.cs:line 70
</StackTrace>
        </ErrorInfo>
      </Output>
    </UnitTestResult>
  </Results>
</TestRun>